"20-04-2026 21:09:32","Microsoft-Windows-Security-SPP","Information","Offline downlevel migration succeeded."
"20-04-2026 21:07:33","Windows Error Reporting","Information","Fault bucket , type 0
Event Name: WUDFHostProblem2
Response: Not available
Cab Id: 0

Problem signature:
P1: HostProblem2
P2: HostTimeout
P3: 2
P4: 2.35.0
P5: 103
P6: 3
P7: 11b17
P8: ffffffffffffffff
P9: wpdmtpdr.dll
P10: 

Attached files:
\\?\C:\ProgramData\Microsoft\WDF\DriverManager_1292.mdmp
\\?\C:\ProgramData\Microsoft\WDF\DriverManager_1292Heap.hdmp
\\?\C:\ProgramData\Microsoft\Windows\WER\Temp\WER.5d5ebdd3-eab3-4583-ba5f-b82ff05c34c3.tmp.WERInternalMetadata.xml
\\?\C:\ProgramData\Microsoft\Windows\WER\ReportQueue\NonCritical_HostProblem2_c02c63a6cd789a7dfde1cb7c93869c4c9df68e_00000000_cab_8972d8be-9e91-455b-8cb7-17cfcc1f096d\WPR_initiated_DiagTrackMiniLogger_OneTrace_User_Logger_20260418_1_EC_0_inject.etl
\\?\C:\ProgramData\Microsoft\Windows\WER\Temp\WER.98e3cb19-57f6-4afd-8422-f70284608590.tmp.etl
\\?\C:\ProgramData\Microsoft\Windows\WER\ReportQueue\NonCritical_HostProblem2_c02c63a6cd789a7dfde1cb7c93869c4c9df68e_00000000_cab_8972d8be-9e91-455b-8cb7-17cfcc1f096d\WPR_initiated_DiagTrackMiniLogger_WPR System Collector_inject.etl
\\?\C:\ProgramData\Microsoft\Windows\WER\Temp\WER.e404ff0c-a14b-42da-9103-259d8ddbd26a.tmp.etl
\\?\C:\ProgramData\Microsoft\Windows\WER\Temp\WER.e54c2e55-1414-4186-85f0-5831f2674de3.tmp.csv
\\?\C:\ProgramData\Microsoft\Windows\WER\Temp\WER.453f04c2-dd4e-4c8d-aa6c-448e189547c4.tmp.txt
\\?\C:\ProgramData\Microsoft\Windows\WER\Temp\WER.f0122de0-3f05-4efe-ac26-e91ded651e16.tmp.xml

These files may be available here:
\\?\C:\ProgramData\Microsoft\Windows\WER\ReportQueue\NonCritical_HostProblem2_c02c63a6cd789a7dfde1cb7c93869c4c9df68e_00000000_cab_8972d8be-9e91-455b-8cb7-17cfcc1f096d

Analysis symbol: 
Rechecking for solution: 0
Report Id: cfec15e1-2739-4e04-b297-1d21188c3447
Report Status: 6
Hashed bucket: 
Cab Guid: 0"
"20-04-2026 21:05:28","Microsoft-Windows-Security-SPP","Information","Successfully scheduled Software Protection service for re-start at 2126-03-27T15:35:28Z. Reason: RulesEngine."
"20-04-2026 21:05:04","ELAN/Service",,
"20-04-2026 21:05:03","ELAN/Service",,
"20-04-2026 21:05:03","ELAN/Service",,
"20-04-2026 21:05:03","ELAN/Service",,
"20-04-2026 21:05:03","ELAN/Service",,
"20-04-2026 21:05:03","ELAN/Service",,
"20-04-2026 21:05:03","Microsoft-Windows-Kernel-Power","Information","The system is entering Modern Standby 

Reason: Idle Timeout."
"20-04-2026 21:05:03","Microsoft-Windows-Kernel-Power","Information","The system session has transitioned from 95 to 96.

Reason SessionUnlock 

BootId: 269"
"20-04-2026 21:05:03","ELAN/Service",,
"20-04-2026 21:05:03","Win32k","Warning","Power Manager has requested suppression of all input (INPUT_SUPPRESS_REQUEST=1)"
"20-04-2026 21:05:03","Win32k","Warning","Power Manager has requested suppression of all input (INPUT_SUPPRESS_REQUEST=1)"
"20-04-2026 21:04:58","Microsoft-Windows-Security-SPP","Information","Offline downlevel migration succeeded."
"20-04-2026 21:04:53","edgeupdate","Information","Service stopped."
"20-04-2026 21:04:44","Universal Print","Information","Initialization Successful. Enabled=false, CloudPrintSolution=Unknown, DiscoveryEndpoint=, OAuthAuthority=, OAuthClientId=, DiscoveryResourceId=, PrintResourceId="
"20-04-2026 21:04:44","Universal Print","Information","Device is neither AAD/Domain Joined or Workplace Joined."
"20-04-2026 21:04:41","Microsoft-Windows-TPM-WMI","Error","The Secure Boot update failed to update SBAT with error Unknown HResult Error code: 0x800700c1. For more information, please see https://go.microsoft.com/fwlink/?linkid=2169931"
"20-04-2026 21:04:32","HP Comm Recovery","Information","PowerEvent handled successfully by the service."
"20-04-2026 21:04:32","igccservice","Information","PowerEvent handled successfully by the service."
"20-04-2026 21:04:32","ELAN/Service",,
"20-04-2026 21:04:32","Microsoft-Windows-TPM-WMI","Information","Pre-attestation health checks confirm that the device is expected to pass attestation.
 Please see C:\WINDOWS\Logs\MeasuredBoot\0000000314-0000000003.json for detailed information on what checks were made."
"20-04-2026 21:04:32","Microsoft-Windows-TPM-WMI","Information","Pre-attestation health check detailed information: {""Version"":1,""HealthStatus"":""Attestable"",""Required"":[{""Field"":""TpmPresent"",""Value"":true,""DesiredValue"":true},{""Field"":""TpmMeetsMinimumVersion"",""Value"":true,""DesiredValue"":true},{""Field"":""TpmIsResponsive"",""Value"":true,""DesiredValue"":true},{""Field"":""EkCertIsAvailable"",""Value"":true,""DesiredValue"":true},{""Field"":""TcgLogFound"",""Value"":true,""DesiredValue"":true}],""Expected"":[{""Field"":""PcrsMatchTcgLog"",""Value"":true,""DesiredValue"":true}],""Informational"":[{""Field"":""SecureBootEnabled"",""ValueFromComputer"":true,""ValueFromTcgLog"":true,""DesiredValue"":true,""TcgValueIsVerifiable"":true},{""Field"":""VirtualSecureMemory"",""ValueFromComputer"":false,""ValueFromTcgLog"":false,""DesiredValue"":true,""TcgValueIsVerifiable"":true},{""Field"":""SecureCorePCCompliant"",""ValueFromComputer"":false,""ValueFromTcgLog"":false,""DesiredValue"":true,""TcgValueIsVerifiable"":true}{""Field"":""BootTcgLogFoundInFileSystem"",""Value"":true,""DesiredValue"":true},{""Field"":""CurrentTcgLogFoundInFileSystem"",""Value"":true,""DesiredValue"":true}]}"
"20-04-2026 21:04:32","igccservice","Information","PowerEvent handled successfully by the service."
"20-04-2026 21:04:32","HP Comm Recovery","Information","PowerEvent handled successfully by the service."
"20-04-2026 21:04:31","HP Comm Recovery","Information","Resume from Connected Standby"
"20-04-2026 21:04:31","Microsoft-Windows-Kernel-Power","Information","Power source change."
"20-04-2026 21:04:31","HP Comm Recovery","Information","PowerEvent handled successfully by the service."
"20-04-2026 21:04:31","Service Control Manager","Information","The start type of the Background Intelligent Transfer Service service was changed from demand start to auto start."
"20-04-2026 21:04:31","Microsoft-Windows-Power-Troubleshooter","Information","The system has returned from a low power state.

Sleep Time: ?2026?-?04?-?20T12:21:21.125119000Z
Wake Time: ?2026?-?04?-?20T15:34:30.844841500Z

Wake Source: Unknown"
"20-04-2026 21:04:31","ELAN/Service",,
"20-04-2026 21:04:31","ELAN/Service",,
"20-04-2026 21:04:31","ELAN/Service",,
"20-04-2026 21:04:31","ELAN/Service",,
"20-04-2026 21:04:31","igccservice","Information","PowerEvent handled successfully by the service."
"20-04-2026 21:04:31","ELAN/Service",,
"20-04-2026 21:04:31","ELAN/Service",,
"20-04-2026 21:04:30","Microsoft-Windows-NDIS","Error","Miniport Microsoft Wi-Fi Direct Virtual Adapter #2, {c3ad3885-23f4-48e2-a8d4-96acc6ad3648}, had event Fatal error: The miniport has failed a power transition to operational power"
"20-04-2026 21:04:30","Win32k","Warning","Power Manager has not requested suppression of all input (INPUT_SUPPRESS_REQUEST=0)"
"20-04-2026 21:04:30","Win32k","Warning","Power Manager has not requested suppression of all input (INPUT_SUPPRESS_REQUEST=0)"
"20-04-2026 21:04:30","Intel-SST-OED","Information","Loaded DSP FW library: \??\C:\WINDOWS\System32\DriverStore\FileRepository\intcoed_oemlibpath.inf_amd64_10e87c104e5c78d5\adl_sraudio_lib.bin, status = STATUS_SUCCESS."
"20-04-2026 21:04:30","Microsoft-Windows-Kernel-Power","Information","The system session has transitioned from 93 to 95.

Reason WinRT 

BootId: 269"
"20-04-2026 21:04:30","Microsoft-Windows-Kernel-Power","Information","The system is exiting Modern Standby 

Reason: Resume from Hibernate."
"20-04-2026 21:04:30","Intel-SST-OED","Information","Loaded DSP FW library: \??\C:\WINDOWS\System32\DriverStore\FileRepository\intcoed_oemlibpath.inf_amd64_10e87c104e5c78d5\adl_sraudio_lib.bin, status = STATUS_SUCCESS."
"20-04-2026 21:04:30","Microsoft-Windows-Kernel-Power","Information","The system is entering Modern Standby 

Reason: Sleep, Hibernate, or Shutdown."
"20-04-2026 21:04:30","Microsoft-Windows-Kernel-Power","Information","The system session has transitioned from 92 to 93.

Reason SxTransition 

BootId: 269"
"20-04-2026 21:04:30","Intel-SST-OED","Information","Loaded DSP FW library: Libs\dsp_lib_whm_adl_release.bin, status = STATUS_SUCCESS."
"20-04-2026 21:04:30","Intel-SST-OED","Information","Loaded DSP FW library: Libs\dsp_lib_intel_wov_adl_release.bin, status = STATUS_SUCCESS."
"20-04-2026 21:04:30","Microsoft-Windows-Time-Service","Warning","NtpClient was unable to set a manual peer to use as a time source because of DNS resolution error on 'time.windows.com,0x9'. NtpClient will try again in 15 minutes and double the reattempt interval thereafter. The error was: No such host is known. (0x80072AF9)"
"20-04-2026 21:04:30","Microsoft-Windows-Kernel-Boot","Information","Unable to load Pluton-Windows firmware. StatusCode: STATUS_SUCCESS, Reason: Failed to apply firmware."
"20-04-2026 21:04:30","Microsoft-Windows-Kernel-Boot","Information","The boot type was 0x2."
"20-04-2026 21:04:30","Microsoft-Windows-Kernel-Boot","Information","The boot menu policy was 0x0."
"20-04-2026 21:04:30","Microsoft-Windows-Kernel-Boot","Information","The bootmgr spent 0 ms waiting for user input."
"20-04-2026 21:04:30","Microsoft-Windows-Kernel-Boot","Information","There are 0x1 boot options on this system."
"20-04-2026 21:04:30","Microsoft-Windows-Kernel-Boot","Information","The firmware reported boot metrics."
"20-04-2026 21:04:30","Microsoft-Windows-Kernel-General","Information","The system time has changed to ?2026?-?04?-?20T15:34:30.500000000Z from ?2026?-?04?-?20T12:21:22.878491500Z.
Time Delta: 11587621 ms

Change Reason: System time synchronized with the hardware clock.
Process: '' (PID 4).

RTC time: ?2026?-?04?-?20T21:04:30.500000000Z
Current time zone bias: -330
RTC time is in UTC: false
System time was based on RTC time: false"
"20-04-2026 17:51:22","Microsoft-Windows-Kernel-Power","Information","The system has resumed from sleep."
"20-04-2026 17:51:22","Microsoft-Windows-Kernel-Power","Information","The system is entering sleep.

Sleep Reason: Hibernate from Sleep - Standby Battery Budget Exceeded"
"20-04-2026 17:51:22","Windows Error Reporting","Information","Fault bucket , type 0
Event Name: WUDFHostProblem2
Response: Not available
Cab Id: 0

Problem signature:
P1: HostProblem2
P2: HostTimeout
P3: 2
P4: 2.35.0
P5: 103
P6: 3
P7: 11b17
P8: ffffffffffffffff
P9: wpdmtpdr.dll
P10: 

Attached files:
\\?\C:\ProgramData\Microsoft\WDF\DriverManager_1292.mdmp
\\?\C:\ProgramData\Microsoft\WDF\DriverManager_1292Heap.hdmp
\\?\C:\ProgramData\Microsoft\Windows\WER\Temp\WER.5d5ebdd3-eab3-4583-ba5f-b82ff05c34c3.tmp.WERInternalMetadata.xml
\\?\C:\ProgramData\Microsoft\Windows\WER\ReportQueue\NonCritical_HostProblem2_c02c63a6cd789a7dfde1cb7c93869c4c9df68e_00000000_cab_8972d8be-9e91-455b-8cb7-17cfcc1f096d\WPR_initiated_DiagTrackMiniLogger_OneTrace_User_Logger_20260418_1_EC_0_inject.etl
\\?\C:\ProgramData\Microsoft\Windows\WER\Temp\WER.98e3cb19-57f6-4afd-8422-f70284608590.tmp.etl
\\?\C:\ProgramData\Microsoft\Windows\WER\ReportQueue\NonCritical_HostProblem2_c02c63a6cd789a7dfde1cb7c93869c4c9df68e_00000000_cab_8972d8be-9e91-455b-8cb7-17cfcc1f096d\WPR_initiated_DiagTrackMiniLogger_WPR System Collector_inject.etl
\\?\C:\ProgramData\Microsoft\Windows\WER\Temp\WER.e404ff0c-a14b-42da-9103-259d8ddbd26a.tmp.etl
\\?\C:\ProgramData\Microsoft\Windows\WER\Temp\WER.e54c2e55-1414-4186-85f0-5831f2674de3.tmp.csv
\\?\C:\ProgramData\Microsoft\Windows\WER\Temp\WER.453f04c2-dd4e-4c8d-aa6c-448e189547c4.tmp.txt
\\?\C:\ProgramData\Microsoft\Windows\WER\Temp\WER.f0122de0-3f05-4efe-ac26-e91ded651e16.tmp.xml

These files may be available here:
\\?\C:\ProgramData\Microsoft\Windows\WER\ReportQueue\NonCritical_HostProblem2_c02c63a6cd789a7dfde1cb7c93869c4c9df68e_00000000_cab_8972d8be-9e91-455b-8cb7-17cfcc1f096d

Analysis symbol: 
Rechecking for solution: 0
Report Id: cfec15e1-2739-4e04-b297-1d21188c3447
Report Status: 6
Hashed bucket: 
Cab Guid: 0"
"20-04-2026 17:51:22","Windows Error Reporting","Information","Fault bucket , type 0
Event Name: WUDFHostProblem2
Response: Not available
Cab Id: 0

Problem signature:
P1: HostProblem2
P2: HostTimeout
P3: 2
P4: 2.35.0
P5: 103
P6: 3
P7: 11b17
P8: ffffffffffffffff
P9: wpdmtpdr.dll
P10: 

Attached files:
\\?\C:\ProgramData\Microsoft\WDF\DriverManager_1292.mdmp
\\?\C:\ProgramData\Microsoft\WDF\DriverManager_1292Heap.hdmp
\\?\C:\ProgramData\Microsoft\Windows\WER\Temp\WER.5d5ebdd3-eab3-4583-ba5f-b82ff05c34c3.tmp.WERInternalMetadata.xml
\\?\C:\ProgramData\Microsoft\Windows\WER\ReportQueue\NonCritical_HostProblem2_c02c63a6cd789a7dfde1cb7c93869c4c9df68e_00000000_cab_8972d8be-9e91-455b-8cb7-17cfcc1f096d\WPR_initiated_DiagTrackMiniLogger_OneTrace_User_Logger_20260418_1_EC_0_inject.etl
\\?\C:\ProgramData\Microsoft\Windows\WER\Temp\WER.98e3cb19-57f6-4afd-8422-f70284608590.tmp.etl
\\?\C:\ProgramData\Microsoft\Windows\WER\ReportQueue\NonCritical_HostProblem2_c02c63a6cd789a7dfde1cb7c93869c4c9df68e_00000000_cab_8972d8be-9e91-455b-8cb7-17cfcc1f096d\WPR_initiated_DiagTrackMiniLogger_WPR System Collector_inject.etl
\\?\C:\ProgramData\Microsoft\Windows\WER\Temp\WER.e404ff0c-a14b-42da-9103-259d8ddbd26a.tmp.etl
\\?\C:\ProgramData\Microsoft\Windows\WER\Temp\WER.e54c2e55-1414-4186-85f0-5831f2674de3.tmp.csv
\\?\C:\ProgramData\Microsoft\Windows\WER\Temp\WER.453f04c2-dd4e-4c8d-aa6c-448e189547c4.tmp.txt
\\?\C:\ProgramData\Microsoft\Windows\WER\Temp\WER.f0122de0-3f05-4efe-ac26-e91ded651e16.tmp.xml

These files may be available here:
\\?\C:\ProgramData\Microsoft\Windows\WER\ReportQueue\NonCritical_HostProblem2_c02c63a6cd789a7dfde1cb7c93869c4c9df68e_00000000_cab_8972d8be-9e91-455b-8cb7-17cfcc1f096d

Analysis symbol: 
Rechecking for solution: 0
Report Id: cfec15e1-2739-4e04-b297-1d21188c3447
Report Status: 6
Hashed bucket: 
Cab Guid: 0"
"20-04-2026 17:51:22","HP Comm Recovery","Information","Resume from Connected Standby"
"20-04-2026 17:51:21","HP Comm Recovery","Information","PowerEvent handled successfully by the service."
"20-04-2026 17:51:21","igccservice","Information","PowerEvent handled successfully by the service."
"20-04-2026 17:51:21","Microsoft-Windows-Time-Service","Warning","NtpClient was unable to set a manual peer to use as a time source because of DNS resolution error on 'time.windows.com,0x9'. NtpClient will try again in 15 minutes and double the reattempt interval thereafter. The error was: No such host is known. (0x80072AF9)"
"20-04-2026 17:51:21","Microsoft-Windows-Kernel-Power","Information","The system session has transitioned from 91 to 92.

Reason SxTransition 

BootId: 269"
"20-04-2026 17:51:21","Microsoft-Windows-Kernel-Power","Information","The system is exiting Modern Standby 

Reason: Sleep, Hibernate, or Shutdown."
"20-04-2026 17:51:21","Microsoft-Windows-Kernel-Power","Information","Connectivity state in standby: Connected, Reason: None"
"20-04-2026 17:41:17","Microsoft-Windows-USB-USBHUB3","Warning","USB device draining system power when system is idle.             
             
USB Device: VID: 0x5AC PID: 0x12A8 REV: 0x1803             
Removal action failed: SkippedAsPersistentIoObserved"
"20-04-2026 17:40:42","Microsoft-Windows-USB-USBHUB3","Warning","USB device draining system power when system is idle.             
             
USB Device: VID: 0x5AC PID: 0x12A8 REV: 0x1803             
Removal action failed: SkippedAsPersistentIoObserved"
"20-04-2026 17:40:20","Microsoft-Windows-DistributedCOM","Error","The server {38E441FB-3D16-422F-8750-B2DACEC5CEFC} did not register with DCOM within the required timeout."
"20-04-2026 17:40:07","Microsoft-Windows-USB-USBHUB3","Warning","USB device draining system power when system is idle.             
             
USB Device: VID: 0x5AC PID: 0x12A8 REV: 0x1803             
Removal action failed: SkippedAsRecentIoObservered"
"20-04-2026 17:39:26","Microsoft-Windows-DriverFrameworks-UserMode","Critical","The device Apple iPhone (location 0000.0014.0000.004.000.000.000.000.000) is offline due to a user-mode driver crash.  Windows will attempt to restart the device 5 more times.  Please contact the device manufacturer for more information about this problem."
"20-04-2026 17:39:26","Microsoft-Windows-DriverFrameworks-UserMode","Critical","A problem has occurred with one or more user-mode drivers and the hosting process has been terminated.  This may temporarily interrupt your ability to access the devices."
"20-04-2026 17:39:26","Windows Error Reporting","Information","Fault bucket , type 0
Event Name: WUDFHostProblem2
Response: Not available
Cab Id: 0

Problem signature:
P1: HostProblem2
P2: HostTimeout
P3: 2
P4: 2.35.0
P5: 103
P6: 3
P7: 11b17
P8: ffffffffffffffff
P9: wpdmtpdr.dll
P10: 

Attached files:
\\?\C:\ProgramData\Microsoft\WDF\DriverManager_1292.mdmp
\\?\C:\ProgramData\Microsoft\WDF\DriverManager_1292Heap.hdmp
\\?\C:\ProgramData\Microsoft\Windows\WER\Temp\WER.5d5ebdd3-eab3-4583-ba5f-b82ff05c34c3.tmp.WERInternalMetadata.xml
\\?\C:\ProgramData\Microsoft\Windows\WER\ReportQueue\NonCritical_HostProblem2_c02c63a6cd789a7dfde1cb7c93869c4c9df68e_00000000_cab_8972d8be-9e91-455b-8cb7-17cfcc1f096d\WPR_initiated_DiagTrackMiniLogger_OneTrace_User_Logger_20260418_1_EC_0_inject.etl
\\?\C:\ProgramData\Microsoft\Windows\WER\Temp\WER.98e3cb19-57f6-4afd-8422-f70284608590.tmp.etl
\\?\C:\ProgramData\Microsoft\Windows\WER\ReportQueue\NonCritical_HostProblem2_c02c63a6cd789a7dfde1cb7c93869c4c9df68e_00000000_cab_8972d8be-9e91-455b-8cb7-17cfcc1f096d\WPR_initiated_DiagTrackMiniLogger_WPR System Collector_inject.etl
\\?\C:\ProgramData\Microsoft\Windows\WER\Temp\WER.e404ff0c-a14b-42da-9103-259d8ddbd26a.tmp.etl
\\?\C:\ProgramData\Microsoft\Windows\WER\Temp\WER.e54c2e55-1414-4186-85f0-5831f2674de3.tmp.csv
\\?\C:\ProgramData\Microsoft\Windows\WER\Temp\WER.453f04c2-dd4e-4c8d-aa6c-448e189547c4.tmp.txt
\\?\C:\ProgramData\Microsoft\Windows\WER\Temp\WER.f0122de0-3f05-4efe-ac26-e91ded651e16.tmp.xml

These files may be available here:
\\?\C:\ProgramData\Microsoft\Windows\WER\ReportQueue\NonCritical_HostProblem2_c02c63a6cd789a7dfde1cb7c93869c4c9df68e_00000000_cab_8972d8be-9e91-455b-8cb7-17cfcc1f096d

Analysis symbol: 
Rechecking for solution: 0
Report Id: cfec15e1-2739-4e04-b297-1d21188c3447
Report Status: 4
Hashed bucket: 
Cab Guid: 0"
"20-04-2026 17:35:09","Microsoft-Windows-Kernel-Power","Information","Connectivity state in standby: Disconnected, Reason: Policy Setting"
"20-04-2026 17:35:02","Microsoft-Windows-Kernel-Power","Information","The system session has transitioned from 90 to 91.

Reason 55 

BootId: 269"
"20-04-2026 17:34:57","HP Comm Recovery","Information","Resume from Connected Standby"
"20-04-2026 17:34:57","Microsoft-Windows-Time-Service","Warning","NtpClient was unable to set a manual peer to use as a time source because of DNS resolution error on 'time.windows.com,0x9'. NtpClient will try again in 15 minutes and double the reattempt interval thereafter. The error was: No such host is known. (0x80072AF9)"
"20-04-2026 17:34:57","Microsoft-Windows-Kernel-Power","Information","The system is entering Modern Standby 

Reason: Austerity Battery Drain Budget Exceeded."
"20-04-2026 17:34:57","Microsoft-Windows-Kernel-Power","Information","The system session has transitioned from 89 to 90.

Reason 55 

BootId: 269"
"20-04-2026 17:34:57","Microsoft-Windows-Kernel-Power","Information","The system is exiting Modern Standby 

Reason: Austerity Battery Drain Budget Exceeded."
"20-04-2026 17:34:57","Microsoft-Windows-Kernel-Power","Information","Connectivity state in standby: Connected, Reason: None"
"20-04-2026 17:28:16","Microsoft-Windows-Kernel-Power","Information","Connectivity state in standby: Disconnected, Reason: Adaptive Connected Standby"
"20-04-2026 17:28:10","ELAN/Service",,
"20-04-2026 17:28:10","HP Comm Recovery","Information","Resume from Connected Standby"
"20-04-2026 17:28:09","Microsoft-Windows-Kernel-Power","Information","The system session has transitioned from 88 to 89.

Reason PolicyChange 

BootId: 269"
"20-04-2026 17:28:09","Microsoft-Windows-Kernel-Power","Information","The system is entering Modern Standby 

Reason: Lid."
"20-04-2026 17:28:09","Microsoft-Windows-Kernel-Power","Information","The system session has transitioned from 86 to 88.

Reason PolicyChange 

BootId: 269"
"20-04-2026 17:28:09","Microsoft-Windows-Kernel-Power","Information","The system is exiting Modern Standby 

Reason: Lid."
"20-04-2026 17:28:09","ELAN/Service",,
"20-04-2026 17:28:09","ELAN/Service",,
"20-04-2026 17:28:09","ELAN/Service",,
"20-04-2026 17:28:09","ELAN/Service",,
"20-04-2026 17:28:09","ELAN/Service",,
"20-04-2026 17:28:09","ELAN/Service",,
"20-04-2026 17:28:09","Win32k","Warning","Power Manager has requested suppression of all input (INPUT_SUPPRESS_REQUEST=1)"
"20-04-2026 17:28:09","Win32k","Warning","Power Manager has requested suppression of all input (INPUT_SUPPRESS_REQUEST=1)"
"20-04-2026 17:27:16","ELAN/Service",,
"20-04-2026 17:27:15","Microsoft-Windows-Kernel-Power","Information","The system is entering Modern Standby 

Reason: Idle Timeout."
"20-04-2026 17:27:15","Microsoft-Windows-Kernel-Power","Information","The system session has transitioned from 85 to 86.

Reason SessionUnlock 

BootId: 269"
"20-04-2026 17:27:15","ELAN/Service",,
"20-04-2026 17:27:15","ELAN/Service",,
"20-04-2026 17:27:15","ELAN/Service",,
"20-04-2026 17:27:15","ELAN/Service",,
"20-04-2026 17:27:15","ELAN/Service",,
"20-04-2026 17:27:15","ELAN/Service",,
"20-04-2026 17:26:29","ELAN/Service",,
"20-04-2026 17:26:29","HP Comm Recovery","Information","Resume from Connected Standby"
"20-04-2026 17:26:28","ELAN/Service",,
"20-04-2026 17:26:28","ELAN/Service",,
"20-04-2026 17:26:28","ELAN/Service",,
"20-04-2026 17:26:28","ELAN/Service",,
"20-04-2026 17:26:28","ELAN/Service",,
"20-04-2026 17:26:28","ELAN/Service",,
"20-04-2026 17:26:28","Microsoft-Windows-Kernel-Power","Information","The system session has transitioned from 83 to 85.

Reason InputPoUserPresent 

BootId: 269"
"20-04-2026 17:26:28","Microsoft-Windows-Kernel-Power","Information","The system is exiting Modern Standby 

Reason: Input Touchpad."
"20-04-2026 17:26:05","ELAN/Service",,
"20-04-2026 17:26:04","Microsoft-Windows-Kernel-Power","Information","The system is entering Modern Standby 

Reason: Idle Timeout."
"20-04-2026 17:26:04","Microsoft-Windows-Kernel-Power","Information","The system session has transitioned from 82 to 83.

Reason SessionUnlock 

BootId: 269"
"20-04-2026 17:26:04","ELAN/Service",,
"20-04-2026 17:26:04","ELAN/Service",,
"20-04-2026 17:26:04","ELAN/Service",,
"20-04-2026 17:26:04","ELAN/Service",,
"20-04-2026 17:26:04","ELAN/Service",,
"20-04-2026 17:26:04","ELAN/Service",,
"20-04-2026 17:25:44","Microsoft-Windows-Security-SPP","Information","Successfully scheduled Software Protection service for re-start at 2126-03-27T11:55:44Z. Reason: RulesEngine."
"20-04-2026 17:25:22","ELAN/Service",,
"20-04-2026 17:25:21","HP Comm Recovery","Information","Resume from Connected Standby"
"20-04-2026 17:25:21","ELAN/Service",,
"20-04-2026 17:25:21","ELAN/Service",,
"20-04-2026 17:25:21","ELAN/Service",,
"20-04-2026 17:25:21","ELAN/Service",,
"20-04-2026 17:25:21","ELAN/Service",,
"20-04-2026 17:25:21","ELAN/Service",,
"20-04-2026 17:25:21","Microsoft-Windows-Kernel-Power","Information","The system session has transitioned from 80 to 82.

Reason InputPoUserPresent 

BootId: 269"
"20-04-2026 17:25:21","Microsoft-Windows-Kernel-Power","Information","The system is exiting Modern Standby 

Reason: Input Touchpad."
"20-04-2026 17:25:19","ELAN/Service",,
"20-04-2026 17:25:18","Microsoft-Windows-Kernel-Power","Information","The system is entering Modern Standby 

Reason: Idle Timeout."
"20-04-2026 17:25:18","Microsoft-Windows-Kernel-Power","Information","The system session has transitioned from 79 to 80.

Reason SessionUnlock 

BootId: 269"
"20-04-2026 17:25:18","ELAN/Service",,
"20-04-2026 17:25:18","ELAN/Service",,
"20-04-2026 17:25:18","ELAN/Service",,
"20-04-2026 17:25:18","ELAN/Service",,
"20-04-2026 17:25:18","ELAN/Service",,
"20-04-2026 17:25:18","ELAN/Service",,
"20-04-2026 17:24:20","ELAN/Service",,
"20-04-2026 17:24:20","HP Comm Recovery","Information","Resume from Connected Standby"
"20-04-2026 17:24:19","Microsoft-Windows-Kernel-Power","Information","The system session has transitioned from 77 to 79.

Reason InputAccelerometer 

BootId: 269"
"20-04-2026 17:24:19","Microsoft-Windows-Kernel-Power","Information","The system is exiting Modern Standby 

Reason: Input Keyboard."
"20-04-2026 17:24:19","ELAN/Service",,
"20-04-2026 17:24:19","ELAN/Service",,
"20-04-2026 17:24:19","ELAN/Service",,
"20-04-2026 17:24:19","ELAN/Service",,
"20-04-2026 17:24:19","ELAN/Service",,
"20-04-2026 17:24:19","ELAN/Service",,
"20-04-2026 17:24:13","ELAN/Service",,
"20-04-2026 17:24:12","Microsoft-Windows-Kernel-Power","Information","The system is entering Modern Standby 

Reason: Idle Timeout."
"20-04-2026 17:24:12","Microsoft-Windows-Kernel-Power","Information","The system session has transitioned from 76 to 77.

Reason SessionUnlock 

BootId: 269"
"20-04-2026 17:24:12","ELAN/Service",,
"20-04-2026 17:24:12","ELAN/Service",,
"20-04-2026 17:24:12","ELAN/Service",,
"20-04-2026 17:24:12","ELAN/Service",,
"20-04-2026 17:24:12","ELAN/Service",,
"20-04-2026 17:24:12","ELAN/Service",,
"20-04-2026 17:24:09","Microsoft-Windows-Security-SPP","Information","Offline downlevel migration succeeded."
"20-04-2026 17:23:27","ELAN/Service",,
"20-04-2026 17:23:27","HP Comm Recovery","Information","Resume from Connected Standby"
"20-04-2026 17:23:26","Microsoft-Windows-Kernel-Power","Information","The system session has transitioned from 74 to 76.

Reason InputAccelerometer 

BootId: 269"
"20-04-2026 17:23:26","Microsoft-Windows-Kernel-Power","Information","The system is exiting Modern Standby 

Reason: Input Keyboard."
"20-04-2026 17:23:26","ELAN/Service",,
"20-04-2026 17:23:26","ELAN/Service",,
"20-04-2026 17:23:26","ELAN/Service",,
"20-04-2026 17:23:26","ELAN/Service",,
"20-04-2026 17:23:26","ELAN/Service",,
"20-04-2026 17:23:26","ELAN/Service",,
"20-04-2026 17:21:00","ELAN/Service",,
"20-04-2026 17:20:59","Microsoft-Windows-Kernel-Power","Information","The system is entering Modern Standby 

Reason: Idle Timeout."
"20-04-2026 17:20:59","Microsoft-Windows-Kernel-Power","Information","The system session has transitioned from 73 to 74.

Reason SessionUnlock 

BootId: 269"
"20-04-2026 17:20:59","ELAN/Service",,
"20-04-2026 17:20:59","ELAN/Service",,
"20-04-2026 17:20:59","ELAN/Service",,
"20-04-2026 17:20:59","ELAN/Service",,
"20-04-2026 17:20:59","ELAN/Service",,
"20-04-2026 17:20:59","ELAN/Service",,
"20-04-2026 17:19:15","Microsoft-Windows-Security-SPP","Information","Successfully scheduled Software Protection service for re-start at 2126-03-27T11:49:15Z. Reason: RulesEngine."
"20-04-2026 17:18:13","Microsoft-Windows-Security-SPP","Information","Offline downlevel migration succeeded."
"20-04-2026 17:17:53","Microsoft-Windows-Security-SPP","Information","Successfully scheduled Software Protection service for re-start at 2126-03-27T11:47:53Z. Reason: RulesEngine."
"20-04-2026 17:17:46","Microsoft-Windows-Time-Service","Warning","NtpClient was unable to set a manual peer to use as a time source because of DNS resolution error on 'time.windows.com,0x9'. NtpClient will try again in 15 minutes and double the reattempt interval thereafter. The error was: No such host is known. (0x80072AF9)"
"20-04-2026 17:17:23","ELAN/Service",,
"20-04-2026 17:17:22","ELAN/Service",,
"20-04-2026 17:17:22","ELAN/Service",,
"20-04-2026 17:17:22","ELAN/Service",,
"20-04-2026 17:17:22","ELAN/Service",,
"20-04-2026 17:17:22","ELAN/Service",,
"20-04-2026 17:17:22","ELAN/Service",,
"20-04-2026 17:17:22","ELAN/Service",,
"20-04-2026 17:17:22","HP Comm Recovery","Information","Resume from Connected Standby"
"20-04-2026 17:17:22","BTHUSB","Information","Windows cannot store Bluetooth authentication codes (link keys) on the local adapter. Bluetooth keyboards might not work in the system BIOS during startup."
"20-04-2026 17:17:22","Microsoft-Windows-Kernel-Power","Information","The system session has transitioned from 72 to 73.

Reason PolicyChange 

BootId: 269"
"20-04-2026 17:17:22","Microsoft-Windows-Kernel-Power","Information","The system is exiting Modern Standby 

Reason: Lid."
"20-04-2026 17:17:21","Microsoft-Windows-Kernel-Power","Information","Connectivity state in standby: Connected, Reason: None"
"20-04-2026 17:17:21","ELAN/Service",,
"20-04-2026 17:17:21","ELAN/Service",,
"20-04-2026 17:17:21","ELAN/Service",,
"20-04-2026 17:17:21","ELAN/Service",,
"20-04-2026 17:17:21","ELAN/Service",,
"20-04-2026 17:17:21","ELAN/Service",,
"20-04-2026 17:17:21","Win32k","Warning","Power Manager has not requested suppression of all input (INPUT_SUPPRESS_REQUEST=0)"
"20-04-2026 17:17:21","Win32k","Warning","Power Manager has not requested suppression of all input (INPUT_SUPPRESS_REQUEST=0)"
"20-04-2026 17:12:20","BTHUSB","Information","Windows cannot store Bluetooth authentication codes (link keys) on the local adapter. Bluetooth keyboards might not work in the system BIOS during startup."
"20-04-2026 17:12:20","Microsoft-Windows-Kernel-Power","Information","Connectivity state in standby: Disconnected, Reason: Policy Setting"
"20-04-2026 17:12:13","Microsoft-Windows-Kernel-Power","Information","The system session has transitioned from 71 to 72.

Reason 55 

BootId: 269"
"20-04-2026 17:12:09","HP Comm Recovery","Information","Resume from Connected Standby"
"20-04-2026 17:12:08","Microsoft-Windows-Kernel-Power","Information","The system is entering Modern Standby 

Reason: Austerity Battery Drain Budget Exceeded."
"20-04-2026 17:12:08","Microsoft-Windows-Kernel-Power","Information","The system session has transitioned from 70 to 71.

Reason 55 

BootId: 269"
"20-04-2026 17:12:08","Microsoft-Windows-Kernel-Power","Information","The system is exiting Modern Standby 

Reason: Austerity Battery Drain Budget Exceeded."
"20-04-2026 17:12:08","Microsoft-Windows-Kernel-Power","Information","Connectivity state in standby: Connected, Reason: None"
"20-04-2026 17:11:06","Microsoft-Windows-Kernel-Power","Information","Connectivity state in standby: Disconnected, Reason: Adaptive Connected Standby"
"20-04-2026 17:11:00","ELAN/Service",,
"20-04-2026 17:11:00","Microsoft-Windows-Security-SPP","Information","Offline downlevel migration succeeded."
"20-04-2026 17:10:59","ELAN/Service",,
"20-04-2026 17:10:59","ELAN/Service",,
"20-04-2026 17:10:59","ELAN/Service",,
"20-04-2026 17:10:59","ELAN/Service",,
"20-04-2026 17:10:59","ELAN/Service",,
"20-04-2026 17:10:59","ELAN/Service",,
"20-04-2026 17:10:59","ELAN/Service",,
"20-04-2026 17:10:59","Microsoft-Windows-Kernel-Power","Information","The system session has transitioned from 69 to 70.

Reason PolicyChange 

BootId: 269"
"20-04-2026 17:10:59","Microsoft-Windows-Kernel-Power","Information","The system is entering Modern Standby 

Reason: Lid."
"20-04-2026 17:10:59","Microsoft-Windows-Kernel-Power","Information","The system session has transitioned from 68 to 69.

Reason PolicyChange 

BootId: 269"
"20-04-2026 17:10:59","Win32k","Warning","Power Manager has requested suppression of all input (INPUT_SUPPRESS_REQUEST=1)"
"20-04-2026 17:10:59","Win32k","Warning","Power Manager has requested suppression of all input (INPUT_SUPPRESS_REQUEST=1)"
"20-04-2026 17:10:58","ELAN/Service",,
"20-04-2026 17:10:58","ELAN/Service",,
"20-04-2026 17:10:58","ELAN/Service",,
"20-04-2026 17:10:58","ELAN/Service",,
"20-04-2026 17:10:58","ELAN/Service",,
"20-04-2026 17:10:58","ELAN/Service",,
"20-04-2026 17:10:25","HP Comm Recovery","Information","PowerEvent handled successfully by the service."
"20-04-2026 17:10:25","igccservice","Information","PowerEvent handled successfully by the service."
"20-04-2026 17:10:24","HP Comm Recovery","Information","PowerEvent handled successfully by the service."
"20-04-2026 17:10:24","igccservice","Information","PowerEvent handled successfully by the service."
"20-04-2026 17:10:24","Microsoft-Windows-Kernel-Power","Information","Power source change."
"20-04-2026 17:10:19","Microsoft-Windows-Security-SPP","Information","Successfully scheduled Software Protection service for re-start at 2126-03-27T11:40:19Z. Reason: RulesEngine."
"20-04-2026 17:09:50","HP Comm Recovery","Information","Resume from Connected Standby"
"20-04-2026 17:09:50","ELAN/Service",,
"20-04-2026 17:09:49","Microsoft-Windows-Security-SPP","Information","Offline downlevel migration succeeded."
"20-04-2026 17:09:49","edgeupdate","Information","Service stopped."
"20-04-2026 17:09:49","Microsoft-Windows-Kernel-Power","Information","The system session has transitioned from 66 to 68.

Reason Builtin Panel 

BootId: 269"
"20-04-2026 17:09:49","Microsoft-Windows-Kernel-Power","Information","The system is exiting Modern Standby 

Reason: PDC Signal: Windows Biometric Framework Fingerprint."
"20-04-2026 17:09:49","ELAN/Service",,
"20-04-2026 17:09:49","ELAN/Service",,
"20-04-2026 17:09:49","ELAN/Service",,
"20-04-2026 17:09:49","ELAN/Service",,
"20-04-2026 17:09:49","ELAN/Service",,
"20-04-2026 17:09:49","ELAN/Service",,
"20-04-2026 17:09:29","Microsoft-Windows-Security-SPP","Information","Successfully scheduled Software Protection service for re-start at 2126-03-27T11:39:29Z. Reason: RulesEngine."
"20-04-2026 17:09:04","ELAN/Service",,
"20-04-2026 17:09:03","Microsoft-Windows-Kernel-Power","Information","The system is entering Modern Standby 

Reason: Idle Timeout."
"20-04-2026 17:09:03","Microsoft-Windows-Kernel-Power","Information","The system session has transitioned from 65 to 66.

Reason SessionUnlock 

BootId: 269"
"20-04-2026 17:09:03","ELAN/Service",,
"20-04-2026 17:09:03","ELAN/Service",,
"20-04-2026 17:09:03","ELAN/Service",,
"20-04-2026 17:09:03","ELAN/Service",,
"20-04-2026 17:09:03","ELAN/Service",,
"20-04-2026 17:09:03","ELAN/Service",,
"20-04-2026 17:08:59","Microsoft-Windows-Security-SPP","Information","Offline downlevel migration succeeded."
"20-04-2026 17:07:36","Microsoft-Windows-Security-SPP","Information","Successfully scheduled Software Protection service for re-start at 2126-03-27T11:37:36Z. Reason: RulesEngine."
"20-04-2026 17:07:23","ELAN/Service",,
"20-04-2026 17:07:23","HP Comm Recovery","Information","Resume from Connected Standby"
"20-04-2026 17:07:22","ELAN/Service",,
"20-04-2026 17:07:22","ELAN/Service",,
"20-04-2026 17:07:22","ELAN/Service",,
"20-04-2026 17:07:22","ELAN/Service",,
"20-04-2026 17:07:22","ELAN/Service",,
"20-04-2026 17:07:22","ELAN/Service",,
"20-04-2026 17:07:22","Microsoft-Windows-Kernel-Power","Information","The system session has transitioned from 64 to 65.

Reason Unknown 

BootId: 269"
"20-04-2026 17:07:22","Microsoft-Windows-Kernel-Power","Information","The system is exiting Modern Standby 

Reason: Power Button."
"20-04-2026 17:07:19","ELAN/Service",,
"20-04-2026 17:07:18","Microsoft-Windows-Kernel-Power","Information","The system session has transitioned from 63 to 64.

Reason Unknown 

BootId: 269"
"20-04-2026 17:07:18","Microsoft-Windows-Kernel-Power","Information","The system is entering Modern Standby 

Reason: Power Button."
"20-04-2026 17:07:18","Microsoft-Windows-Kernel-Power","Information","The system session has transitioned from 62 to 63.

Reason Unknown 

BootId: 269"
"20-04-2026 17:07:18","ELAN/Service",,
"20-04-2026 17:07:18","ELAN/Service",,
"20-04-2026 17:07:18","ELAN/Service",,
"20-04-2026 17:07:18","ELAN/Service",,
"20-04-2026 17:07:18","ELAN/Service",,
"20-04-2026 17:07:18","ELAN/Service",,
"20-04-2026 17:07:14","ELAN/Service",,
"20-04-2026 17:07:13","HP Comm Recovery","Information","Resume from Connected Standby"
"20-04-2026 17:07:13","ELAN/Service",,
"20-04-2026 17:07:13","ELAN/Service",,
"20-04-2026 17:07:13","ELAN/Service",,
"20-04-2026 17:07:13","ELAN/Service",,
"20-04-2026 17:07:13","ELAN/Service",,
"20-04-2026 17:07:13","ELAN/Service",,
"20-04-2026 17:07:13","Microsoft-Windows-Kernel-Power","Information","The system session has transitioned from 61 to 62.

Reason Unknown 

BootId: 269"
"20-04-2026 17:07:13","Microsoft-Windows-Kernel-Power","Information","The system is exiting Modern Standby 

Reason: Power Button."
"20-04-2026 17:07:10","ELAN/Service",,
"20-04-2026 17:07:09","Microsoft-Windows-Kernel-Power","Information","The system session has transitioned from 60 to 61.

Reason Unknown 

BootId: 269"
"20-04-2026 17:07:09","ELAN/Service",,
"20-04-2026 17:07:09","ELAN/Service",,
"20-04-2026 17:07:09","ELAN/Service",,
"20-04-2026 17:07:09","ELAN/Service",,
"20-04-2026 17:07:09","ELAN/Service",,
"20-04-2026 17:07:09","ELAN/Service",,
"20-04-2026 17:07:09","Microsoft-Windows-Kernel-Power","Information","The system is entering Modern Standby 

Reason: Power Button."
"20-04-2026 17:07:09","Microsoft-Windows-Kernel-Power","Information","The system session has transitioned from 59 to 60.

Reason Unknown 

BootId: 269"
"20-04-2026 17:07:06","HP Comm Recovery","Information","Resume from Connected Standby"
"20-04-2026 17:07:06","ELAN/Service",,
"20-04-2026 17:07:05","ELAN/Service",,
"20-04-2026 17:07:05","ELAN/Service",,
"20-04-2026 17:07:05","ELAN/Service",,
"20-04-2026 17:07:05","ELAN/Service",,
"20-04-2026 17:07:05","ELAN/Service",,
"20-04-2026 17:07:05","ELAN/Service",,
"20-04-2026 17:07:05","Microsoft-Windows-Kernel-Power","Information","The system session has transitioned from 58 to 59.

Reason Unknown 

BootId: 269"
"20-04-2026 17:07:05","Microsoft-Windows-Kernel-Power","Information","The system is exiting Modern Standby 

Reason: Power Button."
"20-04-2026 17:07:04","ELAN/Service",,
"20-04-2026 17:07:03","Microsoft-Windows-Kernel-Power","Information","The system session has transitioned from 57 to 58.

Reason Unknown 

BootId: 269"
"20-04-2026 17:07:03","ELAN/Service",,
"20-04-2026 17:07:03","ELAN/Service",,
"20-04-2026 17:07:03","ELAN/Service",,
"20-04-2026 17:07:03","ELAN/Service",,
"20-04-2026 17:07:03","ELAN/Service",,
"20-04-2026 17:07:03","ELAN/Service",,
"20-04-2026 17:07:03","Microsoft-Windows-Kernel-Power","Information","The system is entering Modern Standby 

Reason: Power Button."
"20-04-2026 17:07:03","Microsoft-Windows-Kernel-Power","Information","The system session has transitioned from 56 to 57.

Reason Unknown 

BootId: 269"
"20-04-2026 17:07:03","ELAN/Service",,
"20-04-2026 17:07:02","ELAN/Service",,
"20-04-2026 17:07:02","ELAN/Service",,
"20-04-2026 17:07:02","ELAN/Service",,
"20-04-2026 17:07:02","ELAN/Service",,
"20-04-2026 17:07:02","ELAN/Service",,
"20-04-2026 17:07:02","ELAN/Service",,
"20-04-2026 17:07:02","ELAN/Service",,
"20-04-2026 17:07:02","HP Comm Recovery","Information","Resume from Connected Standby"
"20-04-2026 17:07:02","Microsoft-Windows-Kernel-Power","Information","The system session has transitioned from 55 to 56.

Reason Unknown 

BootId: 269"
"20-04-2026 17:07:02","Microsoft-Windows-Kernel-Power","Information","The system is exiting Modern Standby 

Reason: Power Button."
"20-04-2026 17:07:01","Microsoft-Windows-Kernel-Power","Information","The system session has transitioned from 54 to 55.

Reason Unknown 

BootId: 269"
"20-04-2026 17:07:01","ELAN/Service",,
"20-04-2026 17:07:01","ELAN/Service",,
"20-04-2026 17:07:01","ELAN/Service",,
"20-04-2026 17:07:01","ELAN/Service",,
"20-04-2026 17:07:01","ELAN/Service",,
"20-04-2026 17:07:01","ELAN/Service",,
"20-04-2026 17:07:01","Microsoft-Windows-Kernel-Power","Information","The system is entering Modern Standby 

Reason: Power Button."
"20-04-2026 17:07:01","Microsoft-Windows-Kernel-Power","Information","The system session has transitioned from 53 to 54.

Reason Unknown 

BootId: 269"
"20-04-2026 17:06:59","ELAN/Service",,
"20-04-2026 17:06:58","HP Comm Recovery","Information","Resume from Connected Standby"
"20-04-2026 17:06:58","ELAN/Service",,
"20-04-2026 17:06:58","ELAN/Service",,
"20-04-2026 17:06:58","ELAN/Service",,
"20-04-2026 17:06:58","ELAN/Service",,
"20-04-2026 17:06:58","ELAN/Service",,
"20-04-2026 17:06:58","ELAN/Service",,
"20-04-2026 17:06:58","Microsoft-Windows-Kernel-Power","Information","The system session has transitioned from 52 to 53.

Reason Unknown 

BootId: 269"
"20-04-2026 17:06:58","Microsoft-Windows-Kernel-Power","Information","The system is exiting Modern Standby 

Reason: Power Button."
"20-04-2026 17:06:54","ELAN/Service",,
"20-04-2026 17:06:54","Microsoft-Windows-Security-SPP","Information","Offline downlevel migration succeeded."
"20-04-2026 17:06:53","Microsoft-Windows-Kernel-Power","Information","The system session has transitioned from 51 to 52.

Reason Unknown 

BootId: 269"
"20-04-2026 17:06:53","ELAN/Service",,
"20-04-2026 17:06:53","ELAN/Service",,
"20-04-2026 17:06:53","ELAN/Service",,
"20-04-2026 17:06:53","ELAN/Service",,
"20-04-2026 17:06:53","ELAN/Service",,
"20-04-2026 17:06:53","ELAN/Service",,
"20-04-2026 17:06:53","Microsoft-Windows-Kernel-Power","Information","The system is entering Modern Standby 

Reason: Power Button."
"20-04-2026 17:06:53","Microsoft-Windows-Kernel-Power","Information","The system session has transitioned from 50 to 51.

Reason Unknown 

BootId: 269"
"20-04-2026 17:06:01","VSS","Information","The VSS service is shutting down due to idle timeout. "
"20-04-2026 17:04:27","TPM","Information","The Trusted Platform Module (TPM) hardware failed to execute a TPM command."
"20-04-2026 17:04:03","TPM","Information","The Trusted Platform Module (TPM) hardware failed to execute a TPM command."
"20-04-2026 17:03:35","edgeupdate","Information","Service stopped."
"20-04-2026 17:03:19","Microsoft-Windows-Security-SPP","Information","Successfully scheduled Software Protection service for re-start at 2126-03-27T11:33:19Z. Reason: RulesEngine."
"20-04-2026 17:03:02","HPDiagnostics","Information","Command = C:\Program Files\WindowsApps\AD2F1837.HPPCHardwareDiagnosticsWindows_3.1.0.0_x64__v10z8vjag6ke6\HpHwDiagA.dll hpdiags://SmartCheckTest/
Application = HpHwDiagA
Version = 3.1.0.0
Family = 103C_5335KV HP Pavilion
Vendor = AMI
TestName = StorageHealthMonitor
TestId = 94b6e0d7-9193-4478-95ee-63c68953e262
TestVersion = 1.2.6.0
StartTime = 2026-04-20T17:02:58.9637219+05:30
StopTime = 2026-04-20T17:03:02.2750819+05:30
UniversalStartTime = 2026-04-20T11:32:58.9637219Z
UniversalStopTime = 2026-04-20T11:33:02.2750819Z
Result = ExecutionPassed
PassId = 25818-44212-18658
FailureId = 
ErrorCode = 
"
"20-04-2026 17:03:01","HPDiagnostics","Information","Command = C:\Program Files\HP\HpHwDiag\HpHwDiagA.exe
Application = HpUefiDiags
Version = 3.1.0.0
TestName = Short DST
TestId = 98adc099-8a68-420f-a0e5-3c3ed8a00005
TestVersion = 8.5.0.0
StartTime = 2022-09-23T08:09:48.0000000
StopTime = 2022-09-23T08:11:49.0000000
UniversalStartTime = 2022-09-23T02:39:48.0000000Z
UniversalStopTime = 2022-09-23T02:41:49.0000000Z
Result = ExecutionPassed (Passed)
PassId = 21868-73110-62654
FailureId = 
ErrorCode = "
"20-04-2026 17:03:01","HPDiagnostics","Information","Command = C:\Program Files\HP\HpHwDiag\HpHwDiagA.exe
Application = HpUefiDiags
Version = 3.1.0.0
TestName = SMART Check
TestId = 98adc099-8a68-420f-a0e5-3c3ed8a00004
TestVersion = 8.5.0.0
StartTime = 2022-09-23T08:09:48.0000000
StopTime = 2022-09-23T08:09:48.0000000
UniversalStartTime = 2022-09-23T02:39:48.0000000Z
UniversalStopTime = 2022-09-23T02:39:48.0000000Z
Result = ExecutionPassed (Passed)
PassId = 21868-73110-62654
FailureId = 
ErrorCode = "
"20-04-2026 17:03:01","HPDiagnostics","Information","Command = C:\Program Files\HP\HpHwDiag\HpHwDiagA.exe
Application = HpUefiDiags
Version = 3.1.0.0
TestName = Wireless Module Check
TestId = 98adc099-8a68-420f-a0e5-3c3ed8a0000b
TestVersion = 8.5.0.0
StartTime = 2022-09-23T08:09:48.0000000
StopTime = 2022-09-23T08:09:48.0000000
UniversalStartTime = 2022-09-23T02:39:48.0000000Z
UniversalStopTime = 2022-09-23T02:39:48.0000000Z
Result = ExecutionPassed (Passed)
PassId = 21868-73110-62654
FailureId = 
ErrorCode = "
"20-04-2026 17:03:01","HPDiagnostics","Information","Command = C:\Program Files\HP\HpHwDiag\HpHwDiagA.exe
Application = HpUefiDiags
Version = 3.1.0.0
TestName = CPU Test
TestId = 98adc099-8a68-420f-a0e5-3c3ed8a0000e
TestVersion = 8.5.0.0
StartTime = 2022-09-23T08:09:44.0000000
StopTime = 2022-09-23T08:09:48.0000000
UniversalStartTime = 2022-09-23T02:39:44.0000000Z
UniversalStopTime = 2022-09-23T02:39:48.0000000Z
Result = ExecutionPassed (Passed)
PassId = 21868-73110-62654
FailureId = 
ErrorCode = "
"20-04-2026 17:02:58","Microsoft-Windows-RestartManager","Information","Ending session 0 started ?2026?-?04?-?20T11:32:56.153163800Z."
"20-04-2026 17:02:58","Microsoft-Windows-RestartManager","Information","Ending session 0 started ?2026?-?04?-?20T11:32:54.019240400Z."
"20-04-2026 17:02:58","MsiInstaller","Information","Ending a Windows Installer transaction: C:\ProgramData\Package Cache\{C550BB7C-F9A6-4F36-9E77-BD4DEE98F5A2}v1.3.214.7339\HPOneAgentInstaller.msi. Client Process Id: 15428."
"20-04-2026 17:02:58","MsiInstaller","Information","Windows Installer reconfigured the product. Product Name: HP One Agent. Product Version: 1.3.214.7339. Product Language: 1033. Manufacturer: HP Inc.. Reconfiguration success or error status: 0."
"20-04-2026 17:02:58","MsiInstaller","Information","Product: HP One Agent -- Configuration completed successfully."
"20-04-2026 17:02:56","Microsoft-Windows-RestartManager","Information","Starting session 0 - ?2026?-?04?-?20T11:32:56.153163800Z."
"20-04-2026 17:02:54","Microsoft-Windows-RestartManager","Information","Starting session 0 - ?2026?-?04?-?20T11:32:54.019240400Z."
"20-04-2026 17:02:53","MsiInstaller","Information","Beginning a Windows Installer transaction: C:\ProgramData\Package Cache\{C550BB7C-F9A6-4F36-9E77-BD4DEE98F5A2}v1.3.214.7339\HPOneAgentInstaller.msi. Client Process Id: 15428."
"20-04-2026 17:02:49","Microsoft-Windows-Security-SPP","Information","Offline downlevel migration succeeded."
"20-04-2026 17:02:49","ELAN/Service",,
"20-04-2026 17:02:49","HP Comm Recovery","Information","PowerEvent handled successfully by the service."
"20-04-2026 17:02:49","igccservice","Information","PowerEvent handled successfully by the service."
"20-04-2026 17:02:49","HP Comm Recovery","Information","PowerEvent handled successfully by the service."
"20-04-2026 17:02:49","igccservice","Information","PowerEvent handled successfully by the service."
"20-04-2026 17:02:49","Microsoft-Windows-TPM-WMI","Information","Pre-attestation health checks confirm that the device is expected to pass attestation.
 Please see C:\WINDOWS\Logs\MeasuredBoot\0000000314-0000000002.json for detailed information on what checks were made."
"20-04-2026 17:02:49","Microsoft-Windows-TPM-WMI","Information","Pre-attestation health check detailed information: {""Version"":1,""HealthStatus"":""Attestable"",""Required"":[{""Field"":""TpmPresent"",""Value"":true,""DesiredValue"":true},{""Field"":""TpmMeetsMinimumVersion"",""Value"":true,""DesiredValue"":true},{""Field"":""TpmIsResponsive"",""Value"":true,""DesiredValue"":true},{""Field"":""EkCertIsAvailable"",""Value"":true,""DesiredValue"":true},{""Field"":""TcgLogFound"",""Value"":true,""DesiredValue"":true}],""Expected"":[{""Field"":""PcrsMatchTcgLog"",""Value"":true,""DesiredValue"":true}],""Informational"":[{""Field"":""SecureBootEnabled"",""ValueFromComputer"":true,""ValueFromTcgLog"":true,""DesiredValue"":true,""TcgValueIsVerifiable"":true},{""Field"":""VirtualSecureMemory"",""ValueFromComputer"":false,""ValueFromTcgLog"":false,""DesiredValue"":true,""TcgValueIsVerifiable"":true},{""Field"":""SecureCorePCCompliant"",""ValueFromComputer"":false,""ValueFromTcgLog"":false,""DesiredValue"":true,""TcgValueIsVerifiable"":true}{""Field"":""BootTcgLogFoundInFileSystem"",""Value"":true,""DesiredValue"":true},{""Field"":""CurrentTcgLogFoundInFileSystem"",""Value"":true,""DesiredValue"":true}]}"
"20-04-2026 17:02:48","igccservice","Information","PowerEvent handled successfully by the service."
"20-04-2026 17:02:48","HP Comm Recovery","Information","PowerEvent handled successfully by the service."
"20-04-2026 17:02:48","ELAN/Service",,
"20-04-2026 17:02:48","ELAN/Service",,
"20-04-2026 17:02:48","ELAN/Service",,
"20-04-2026 17:02:48","ELAN/Service",,
"20-04-2026 17:02:48","Microsoft-Windows-Power-Troubleshooter","Information","The system has returned from a low power state.

Sleep Time: ?2026?-?04?-?20T04:41:39.539425900Z
Wake Time: ?2026?-?04?-?20T11:32:46.855015600Z

Wake Source: Unknown"
"20-04-2026 17:02:48","ELAN/Service",,
"20-04-2026 17:02:48","ELAN/Service",,
"20-04-2026 17:02:48","ELAN/Service",,
"20-04-2026 17:02:48","BTHUSB","Information","Windows cannot store Bluetooth authentication codes (link keys) on the local adapter. Bluetooth keyboards might not work in the system BIOS during startup."
"20-04-2026 17:02:48","HP Comm Recovery","Information","Resume from Connected Standby"
