"20-04-2026 17:02:47","Microsoft-Windows-Kernel-Power","Information","Power source change."
"20-04-2026 17:02:47","HP Comm Recovery","Information","PowerEvent handled successfully by the service."
"20-04-2026 17:02:47","igccservice","Information","PowerEvent handled successfully by the service."
"20-04-2026 17:02:47","ELAN/Service",,
"20-04-2026 17:02:47","ELAN/Service",,
"20-04-2026 17:02:47","ELAN/Service",,
"20-04-2026 17:02:47","ELAN/Service",,
"20-04-2026 17:02:46","ELAN/Service",,
"20-04-2026 17:02:46","Microsoft-Windows-NDIS","Error","Miniport Microsoft Wi-Fi Direct Virtual Adapter #2, {c3ad3885-23f4-48e2-a8d4-96acc6ad3648}, had event Fatal error: The miniport has failed a power transition to operational power"
"20-04-2026 17:02:46","Microsoft-Windows-Kernel-Power","Information","The system session has transitioned from 48 to 50.

Reason PolicyChange 

BootId: 269"
"20-04-2026 17:02:46","Microsoft-Windows-Kernel-Power","Information","The system is exiting Modern Standby 

Reason: Lid."
"20-04-2026 17:02:46","ELAN/Service",,
"20-04-2026 17:02:46","Intel-SST-OED","Information","Loaded DSP FW library: \??\C:\WINDOWS\System32\DriverStore\FileRepository\intcoed_oemlibpath.inf_amd64_10e87c104e5c78d5\adl_sraudio_lib.bin, status = STATUS_SUCCESS."
"20-04-2026 17:02:46","Intel-SST-OED","Information","Loaded DSP FW library: \??\C:\WINDOWS\System32\DriverStore\FileRepository\intcoed_oemlibpath.inf_amd64_10e87c104e5c78d5\adl_sraudio_lib.bin, status = STATUS_SUCCESS."
"20-04-2026 17:02:46","Intel-SST-OED","Information","Loaded DSP FW library: Libs\dsp_lib_whm_adl_release.bin, status = STATUS_SUCCESS."
"20-04-2026 17:02:46","Microsoft-Windows-Kernel-Power","Information","The system is entering Modern Standby 

Reason: Sleep, Hibernate, or Shutdown."
"20-04-2026 17:02:46","Microsoft-Windows-Kernel-Power","Information","The system session has transitioned from 47 to 48.

Reason SxTransition 

BootId: 269"
"20-04-2026 17:02:46","Intel-SST-OED","Information","Loaded DSP FW library: Libs\dsp_lib_intel_wov_adl_release.bin, status = STATUS_SUCCESS."
"20-04-2026 17:02:46","Microsoft-Windows-Time-Service","Warning","NtpClient was unable to set a manual peer to use as a time source because of DNS resolution error on 'time.windows.com,0x9'. NtpClient will try again in 15 minutes and double the reattempt interval thereafter. The error was: No such host is known. (0x80072AF9)"
"20-04-2026 17:02:46","Microsoft-Windows-Kernel-Boot","Information","Unable to load Pluton-Windows firmware. StatusCode: STATUS_SUCCESS, Reason: Failed to apply firmware."
"20-04-2026 17:02:46","Microsoft-Windows-Kernel-Boot","Information","The boot type was 0x2."
"20-04-2026 17:02:46","Microsoft-Windows-Kernel-Boot","Information","The boot menu policy was 0x0."
"20-04-2026 17:02:46","Microsoft-Windows-Kernel-Boot","Information","The bootmgr spent 0 ms waiting for user input."
"20-04-2026 17:02:46","Microsoft-Windows-Kernel-Boot","Information","There are 0x1 boot options on this system."
"20-04-2026 17:02:46","Microsoft-Windows-Kernel-Boot","Information","The firmware reported boot metrics."
"20-04-2026 17:02:46","Win32k","Warning","Power Manager has not requested suppression of all input (INPUT_SUPPRESS_REQUEST=0)"
"20-04-2026 17:02:46","Win32k","Warning","Power Manager has not requested suppression of all input (INPUT_SUPPRESS_REQUEST=0)"
"20-04-2026 17:02:46","Microsoft-Windows-Kernel-General","Information","The system time has changed to ?2026?-?04?-?20T11:32:46.500000000Z from ?2026?-?04?-?20T04:41:42.004242800Z.
Time Delta: 24664495 ms

Change Reason: System time synchronized with the hardware clock.
Process: '' (PID 4).

RTC time: ?2026?-?04?-?20T17:02:46.500000000Z
Current time zone bias: -330
RTC time is in UTC: false
System time was based on RTC time: false"
"20-04-2026 10:11:42","Microsoft-Windows-Kernel-Power","Information","The system has resumed from sleep."
"20-04-2026 17:02:46","EventLog","Information","The system uptime is 159611 seconds."
"20-04-2026 10:11:41","Microsoft-Windows-Kernel-Power","Information","The system is entering sleep.

Sleep Reason: Hibernate from Sleep - Standby Battery Budget Exceeded"
"20-04-2026 10:11:40","HP Comm Recovery","Information","PowerEvent handled successfully by the service."
"20-04-2026 10:11:40","igccservice","Information","PowerEvent handled successfully by the service."
"20-04-2026 10:11:40","BTHUSB","Information","Windows cannot store Bluetooth authentication codes (link keys) on the local adapter. Bluetooth keyboards might not work in the system BIOS during startup."
"20-04-2026 10:11:40","HP Comm Recovery","Information","Resume from Connected Standby"
"20-04-2026 10:11:39","Microsoft-Windows-Time-Service","Warning","NtpClient was unable to set a manual peer to use as a time source because of DNS resolution error on 'time.windows.com,0x9'. NtpClient will try again in 15 minutes and double the reattempt interval thereafter. The error was: No such host is known. (0x80072AF9)"
"20-04-2026 10:11:39","Microsoft-Windows-Kernel-Power","Information","The system session has transitioned from 46 to 47.

Reason SxTransition 

BootId: 269"
"20-04-2026 10:11:39","Microsoft-Windows-Kernel-Power","Information","The system is exiting Modern Standby 

Reason: Sleep, Hibernate, or Shutdown."
"20-04-2026 10:11:39","Microsoft-Windows-Kernel-Power","Information","Connectivity state in standby: Connected, Reason: None"
"20-04-2026 09:05:24","BTHUSB","Information","Windows cannot store Bluetooth authentication codes (link keys) on the local adapter. Bluetooth keyboards might not work in the system BIOS during startup."
"20-04-2026 09:05:23","Microsoft-Windows-Kernel-Power","Information","Connectivity state in standby: Disconnected, Reason: Policy Setting"
"20-04-2026 09:05:16","Microsoft-Windows-Kernel-Power","Information","The system session has transitioned from 45 to 46.

Reason 55 

BootId: 269"
"20-04-2026 09:05:16","Microsoft-Windows-TPM-WMI","Error","The Secure Boot update failed to update SBAT with error Unknown HResult Error code: 0x800700c1. For more information, please see https://go.microsoft.com/fwlink/?linkid=2169931"
"20-04-2026 09:05:12","HP Comm Recovery","Information","Resume from Connected Standby"
"20-04-2026 09:05:12","Microsoft-Windows-Security-SPP","Information","Successfully scheduled Software Protection service for re-start at 2126-03-27T03:35:12Z. Reason: RulesEngine."
"20-04-2026 09:05:12","Microsoft-Windows-Time-Service","Information","The time provider 'VMICTimeProvider' has indicated that the current hardware and operating environment is not supported and has stopped. This behavior is expected for VMICTimeProvider on non-HyperV-guest environments. This may be the expected behavior for the current provider in the current operating environment as well."
"20-04-2026 09:05:12","Microsoft-Windows-Time-Service","Warning","NtpClient was unable to set a manual peer to use as a time source because of DNS resolution error on 'time.windows.com,0x9'. NtpClient will try again in 15 minutes and double the reattempt interval thereafter. The error was: No such host is known. (0x80072AF9)"
"20-04-2026 09:05:11","Microsoft-Windows-Kernel-Power","Information","The system is entering Modern Standby 

Reason: Austerity Battery Drain Budget Exceeded."
"20-04-2026 09:05:11","Microsoft-Windows-Kernel-Power","Information","The system session has transitioned from 44 to 45.

Reason 55 

BootId: 269"
"20-04-2026 09:05:11","Microsoft-Windows-Kernel-Power","Information","The system is exiting Modern Standby 

Reason: Austerity Battery Drain Budget Exceeded."
"20-04-2026 09:05:11","Microsoft-Windows-Kernel-Power","Information","Connectivity state in standby: Connected, Reason: None"
"20-04-2026 07:38:49","Microsoft-Windows-Kernel-Power","Information","Connectivity state in standby: Disconnected, Reason: Adaptive Connected Standby"
"20-04-2026 07:38:43","Microsoft-Windows-Kernel-Power","Information","The system session has transitioned from 43 to 44.

Reason InputMouse 

BootId: 269"
"20-04-2026 07:38:42","HP Comm Recovery","Information","PowerEvent handled successfully by the service."
"20-04-2026 07:38:42","igccservice","Information","PowerEvent handled successfully by the service."
"20-04-2026 07:38:38","HP Comm Recovery","Information","PowerEvent handled successfully by the service."
"20-04-2026 07:38:38","igccservice","Information","PowerEvent handled successfully by the service."
"20-04-2026 07:38:38","HP Comm Recovery","Information","Resume from Connected Standby"
"20-04-2026 07:38:38","igccservice","Information","PowerEvent handled successfully by the service."
"20-04-2026 07:38:38","HP Comm Recovery","Information","PowerEvent handled successfully by the service."
"20-04-2026 07:38:38","Microsoft-Windows-Time-Service","Information","The time provider 'VMICTimeProvider' has indicated that the current hardware and operating environment is not supported and has stopped. This behavior is expected for VMICTimeProvider on non-HyperV-guest environments. This may be the expected behavior for the current provider in the current operating environment as well."
"20-04-2026 07:38:38","Microsoft-Windows-Kernel-Power","Information","The system is entering Modern Standby 

Reason: AC/DC Display Burst Suppressed."
"20-04-2026 07:38:38","Microsoft-Windows-Kernel-Power","Information","The system session has transitioned from 42 to 43.

Reason InputMouse 

BootId: 269"
"20-04-2026 07:38:38","Microsoft-Windows-Kernel-Power","Information","The system is exiting Modern Standby 

Reason: AC/DC Display Burst Suppressed."
"20-04-2026 07:38:37","Microsoft-Windows-Kernel-Power","Information","Power source change."
"20-04-2026 06:50:22","Microsoft-Windows-USB-USBHUB3","Information","Re-enumerating a DRIPS blocking device that was previously removed when exiting low power epoch.             
             
USB Device: VID: 0x22B8 PID: 0x2E82 REV: 0x504             
IsPortCycle: false"
"20-04-2026 06:50:22","Microsoft-Windows-USB-USBHUB3","Warning","USB device draining system power when system is idle.             
             
USB Device: VID: 0x22B8 PID: 0x2E82 REV: 0x504             
Removal action failed: QueryRemovalInitiated"
"20-04-2026 06:41:53","Microsoft-Windows-Security-SPP","Information","Offline downlevel migration succeeded."
"20-04-2026 03:43:19","Microsoft-Windows-Security-SPP","Information","Successfully scheduled Software Protection service for re-start at 2126-03-26T22:13:19Z. Reason: RulesEngine."
"20-04-2026 03:42:49","Microsoft-Windows-Security-SPP","Information","Offline downlevel migration succeeded."
"20-04-2026 03:42:46","Microsoft-Windows-Kernel-Power","Information","The system session has transitioned from 41 to 42.

Reason InputMouse 

BootId: 269"
"20-04-2026 03:42:46","HP Comm Recovery","Information","Resume from Connected Standby"
"20-04-2026 03:42:45","Microsoft-Windows-Kernel-Power","Information","The system is entering Modern Standby 

Reason: 16777220."
"20-04-2026 03:42:45","Microsoft-Windows-Kernel-Power","Information","The system session has transitioned from 40 to 41.

Reason 16777220 

BootId: 269"
"20-04-2026 03:42:45","Microsoft-Windows-Kernel-Power","Information","The system is exiting Modern Standby 

Reason: 16777220."
"20-04-2026 03:42:45","Microsoft-Windows-Time-Service","Information","The time provider 'VMICTimeProvider' has indicated that the current hardware and operating environment is not supported and has stopped. This behavior is expected for VMICTimeProvider on non-HyperV-guest environments. This may be the expected behavior for the current provider in the current operating environment as well."
"20-04-2026 02:39:06","HP Comm Recovery","Information","PowerEvent handled successfully by the service."
"20-04-2026 02:39:06","igccservice","Information","PowerEvent handled successfully by the service."
"20-04-2026 02:39:02","BROWSER","Information","The browser has forced an election on network \Device\NetBT_Tcpip_{6A15308C-4FD7-436D-B83D-274F0695A949} because a master browser was stopped."
"20-04-2026 02:37:10","VSS","Information","The VSS service is shutting down due to idle timeout. "
"20-04-2026 02:15:18","Microsoft-Windows-Security-SPP","Information","Successfully scheduled Software Protection service for re-start at 2126-03-26T20:45:18Z. Reason: RulesEngine."
"20-04-2026 02:15:09","Microsoft-Windows-DNS-Client","Warning","Name resolution for the name client.wns.windows.com timed out after none of the configured DNS servers responded. Client PID 5412."
"20-04-2026 01:19:22","Microsoft-Windows-Security-SPP","Information","Offline downlevel migration succeeded."
"19-04-2026 23:45:41","Microsoft-Windows-USB-USBHUB3","Information","Re-enumerating a DRIPS blocking device that was previously removed when exiting low power epoch.             
             
USB Device: VID: 0x22B8 PID: 0x2E82 REV: 0x504             
IsPortCycle: false"
"19-04-2026 23:45:41","Microsoft-Windows-USB-USBHUB3","Warning","USB device draining system power when system is idle.             
             
USB Device: VID: 0x22B8 PID: 0x2E82 REV: 0x504             
Removal action failed: QueryRemovalInitiated"
"19-04-2026 23:44:59","Microsoft-Windows-Kernel-Power","Information","The system session has transitioned from 39 to 40.

Reason InputMouse 

BootId: 269"
"19-04-2026 23:44:11","Microsoft-Windows-Time-Service","Information","The time provider 'VMICTimeProvider' has indicated that the current hardware and operating environment is not supported and has stopped. This behavior is expected for VMICTimeProvider on non-HyperV-guest environments. This may be the expected behavior for the current provider in the current operating environment as well."
"19-04-2026 23:43:57","HP Comm Recovery","Information","Resume from Connected Standby"
"19-04-2026 23:43:56","Microsoft-Windows-Kernel-Power","Information","The system is entering Modern Standby 

Reason: 16777220."
"19-04-2026 23:43:56","Microsoft-Windows-Kernel-Power","Information","The system session has transitioned from 38 to 39.

Reason 16777220 

BootId: 269"
"19-04-2026 23:43:56","Microsoft-Windows-Kernel-Power","Information","The system is exiting Modern Standby 

Reason: 16777220."
"19-04-2026 23:43:56","HP Comm Recovery","Information","Resume from Connected Standby"
"19-04-2026 23:43:55","Microsoft-Windows-Kernel-Power","Information","The system session has transitioned from 37 to 38.

Reason InputMouse 

BootId: 269"
"19-04-2026 23:43:55","Microsoft-Windows-Kernel-Power","Information","The system is entering Modern Standby 

Reason: 16777220."
"19-04-2026 23:43:55","Microsoft-Windows-Kernel-Power","Information","The system session has transitioned from 36 to 37.

Reason 16777220 

BootId: 269"
"19-04-2026 23:43:55","Microsoft-Windows-Kernel-Power","Information","The system is exiting Modern Standby 

Reason: 16777220."
"19-04-2026 23:43:55","HP Comm Recovery","Information","Resume from Connected Standby"
"19-04-2026 23:43:54","Microsoft-Windows-Kernel-Power","Information","The system session has transitioned from 35 to 36.

Reason InputMouse 

BootId: 269"
"19-04-2026 23:43:54","Microsoft-Windows-Kernel-Power","Information","The system is entering Modern Standby 

Reason: 16777220."
"19-04-2026 23:43:54","Microsoft-Windows-Kernel-Power","Information","The system session has transitioned from 34 to 35.

Reason 16777220 

BootId: 269"
"19-04-2026 23:43:54","Microsoft-Windows-Kernel-Power","Information","The system is exiting Modern Standby 

Reason: 16777220."
"19-04-2026 23:43:53","Microsoft-Windows-Kernel-Power","Information","The system session has transitioned from 33 to 34.

Reason InputMouse 

BootId: 269"
"19-04-2026 23:43:52","HP Comm Recovery","Information","Resume from Connected Standby"
"19-04-2026 23:43:52","Microsoft-Windows-Kernel-Power","Information","The system is entering Modern Standby 

Reason: 16777220."
"19-04-2026 23:43:52","Microsoft-Windows-Kernel-Power","Information","The system session has transitioned from 32 to 33.

Reason 16777220 

BootId: 269"
"19-04-2026 23:43:52","Microsoft-Windows-Kernel-Power","Information","The system is exiting Modern Standby 

Reason: 16777220."
"19-04-2026 23:43:51","Microsoft-Windows-Kernel-Power","Information","The system session has transitioned from 31 to 32.

Reason InputMouse 

BootId: 269"
"19-04-2026 23:43:50","Service Control Manager","Information","The start type of the Windows Modules Installer service was changed from auto start to demand start."
"19-04-2026 23:43:32","Microsoft-Windows-Security-SPP","Information","Successfully scheduled Software Protection service for re-start at 2126-03-26T18:13:32Z. Reason: RulesEngine."
"19-04-2026 23:43:01","Microsoft-Windows-Security-SPP","Information","These policies are being excluded since they are only defined with override-only attribute.
Policy Names=(Security-SPP-Reserved-EnableNotificationMode) 
App Id=55c92734-d682-4d71-983e-d6ec3f16059f
Sku Id=8a292df8-d653-4057-8133-a0701792f912"
"19-04-2026 23:43:01","Microsoft-Windows-Security-SPP","Information","Duplicate definition of policy found. Policy name=Security-SPP-WriteWauMarker  Priority=500"
"19-04-2026 23:43:01","Microsoft-Windows-Security-SPP","Information","Duplicate definition of policy found. Policy name=AAD-AddDeviceJoinUserToAdminGroup-Policy  Priority=100"
"19-04-2026 23:43:01","Microsoft-Windows-Security-SPP","Information","Offline downlevel migration succeeded."
"19-04-2026 23:33:38","SecurityCenter","Information","Updated Windows Defender status successfully to SECURITY_PRODUCT_STATE_ON."
"19-04-2026 23:32:52","Service Control Manager","Information","The start type of the Windows Modules Installer service was changed from demand start to auto start."
"19-04-2026 23:32:43","Service Control Manager","Information","The start type of the Windows Modules Installer service was changed from auto start to demand start."
"19-04-2026 23:32:43","Service Control Manager","Information","The start type of the Windows Modules Installer service was changed from demand start to auto start."
"19-04-2026 23:32:43","Service Control Manager","Information","The start type of the Windows Modules Installer service was changed from auto start to demand start."
"19-04-2026 23:31:34","Service Control Manager","Information","The start type of the Background Intelligent Transfer Service service was changed from auto start to demand start."
"19-04-2026 23:31:03","Microsoft-Windows-Security-SPP","Information","Successfully scheduled Software Protection service for re-start at 2126-03-26T18:01:02Z. Reason: RulesEngine."
"19-04-2026 23:30:47","SecurityCenter","Information","Updated Windows Defender status successfully to SECURITY_PRODUCT_STATE_ON."
"19-04-2026 23:30:45","Microsoft-Windows-Time-Service","Information","The time provider NtpClient is currently receiving valid time data from time.windows.com,0x9 (ntp.m|0x9|[::]:123->[64:ff9b::2851:5e41]:123)."
"19-04-2026 23:30:45","ESENT","Information","svchost (15012,D,50,0) DS_Token_DB: The database engine attached a database (1, C:\WINDOWS\system32\config\systemprofile\AppData\Local\DataSharing\Storage\DSTokenDB2.dat). (Time=0 seconds) 
 
Saved Cache: 1 0 
Additional Data: lgposAttach = 00000020:0006:0268,
dbv = 1568.300.620 (9620) 
 
Internal Timing Sequence: 
[1] 0.000008 +J(0) +M(C:0K, Fs:1, WS:4K # 0K, PF:0K # 0K, P:0K)
[2] 0.001363 -0.000220 (1) WT +J(0) +M(C:0K, Fs:17, WS:4K # 12K, PF:4K # 8K, P:4K)
[3] 0.004630 -0.000598 (6) WT +J(CM:0, PgRf:0, Rd:0/0, Dy:0/0, Lg:3480/2) +M(C:0K, Fs:6, WS:20K # 0K, PF:20K # 0K, P:20K)
[4] 0.001642 +J(0) +M(C:0K, Fs:1, WS:4K # 0K, PF:4K # 0K, P:4K)
[5] -
[6] 0.000503 -0.000407 (2) CM -0.000287 (2) WT +J(CM:2, PgRf:2, Rd:0/2, Dy:0/0, Lg:0/0) +M(C:0K, Fs:2, WS:8K # 0K, PF:0K # 0K, P:0K)
[7] 0.000003 +J(0)
[8] 0.000307 -0.000152 (1) CM -0.000127 (1) WT +J(CM:1, PgRf:1, Rd:4/1, Dy:0/0, Lg:0/0) +M(C:16K, Fs:25, WS:100K # 68K, PF:208K # 172K, P:208K)
[9] -
[10] -
[11] -
[12] 0.000007 +J(CM:0, PgRf:0, Rd:0/0, Dy:0/0, Lg:54/1) +M(C:0K, Fs:1, WS:4K # 4K, PF:20K # 16K, P:20K)
[13] 0.000566 -0.000387 (2) CM -0.000279 (2) WT +J(CM:2, PgRf:23, Rd:0/2, Dy:0/0, Lg:0/0) +M(C:-8K, Fs:20, WS:72K # 76K, PF:-4K # 4K, P:-4K)
[14] 0.000429 -0.000284 (2) CM -0.000180 (2) WT +J(CM:2, PgRf:40, Rd:0/2, Dy:0/0, Lg:0/0) +M(C:0K, Fs:4, WS:16K # 12K, PF:64K # 56K, P:64K)
[15] 0.000007 +J(CM:0, PgRf:1, Rd:0/0, Dy:0/0, Lg:0/0)
[16] 0.000008 +J(CM:0, PgRf:1, Rd:0/0, Dy:0/0, Lg:0/0) +M(C:0K, Fs:1, WS:4K # 4K, PF:0K # 0K, P:0K)
[17] 0.000050 +J(CM:0, PgRf:42, Rd:0/0, Dy:0/0, Lg:0/0) +M(C:0K, Fs:8, WS:32K # 32K, PF:0K # 0K, P:0K)
[18] 0.0 +J(0)
[19] 0.0 +J(0)
[20] 0.000022 +J(CM:0, PgRf:3, Rd:0/0, Dy:0/0, Lg:0/0) +M(C:0K, Fs:3, WS:12K # 12K, PF:0K # 0K, P:0K)."
"19-04-2026 23:30:45","ESENT","Information","svchost (15012,D,0,0) DS_Token_DB: The database engine started a new instance (0). (Time=0.043 seconds) 
 
Additional Data:
 lgposV2[] = 00000020:0001:0000 - 00000020:0003:0367 - 00000020:0004:0000 - 00000020:0004:0000 (00000000:0000:0000)
cReInits = 1
RBSOn = 0
 
 
Internal Timing Sequence: 
[1] 0.001024 +J(0) +M(C:0K, Fs:173, WS:668K # 668K, PF:3068K # 3068K, P:3068K)
[2] 0.000791 +J(0) +M(C:8K, Fs:252, WS:1004K # 1004K, PF:1280K # 1280K, P:1280K)
[3] 0.000027 +J(0) +M(C:0K, Fs:11, WS:36K # 36K, PF:68K # 68K, P:68K)
[4] 0.000284 +J(0) +M(C:0K, Fs:107, WS:428K # 428K, PF:192K # 192K, P:192K)
[5] 0.001624 +J(0) +M(C:0K, Fs:11, WS:44K # 44K, PF:20K # 20K, P:20K)
[6] 0.003225 +J(0) +M(C:0K, Fs:45, WS:180K # 180K, PF:12K # 12K, P:12K)
[7] 0.001529 -0.000397 (2) WT +J(0) +M(C:0K, Fs:39, WS:156K # 156K, PF:64K # 64K, P:64K)
[8] 0.014983 -0.001890 (11) WT +J(CM:0, PgRf:0, Rd:0/0, Dy:0/0, Lg:12168/8) +M(C:0K, Fs:132, WS:372K # 372K, PF:252K # 256K, P:252K)
[9] 0.000558 +J(0) +M(C:0K, Fs:13, WS:52K # 52K, PF:4K # 0K, P:4K)
[10] 0.001143 -0.000224 (1) WT +J(0) +M(C:0K, Fs:2, WS:-52K # 8K, PF:-60K # 0K, P:-60K)
[11] 0.000044 +J(CM:0, PgRf:0, Rd:0/0, Dy:0/0, Lg:49/1) +M(C:0K, Fs:4, WS:16K # 0K, PF:0K # 0K, P:0K)
[12] 0.000509 +J(0)
[13] 0.016251 -0.000343 (2) CM -0.001288 (17) WT +J(CM:2, PgRf:2, Rd:0/2, Dy:0/0, Lg:8759/5) +M(C:0K, Fs:74, WS:184K # 204K, PF:180K # 188K, P:180K)
[14] 0.000025 +J(0)
[15] 0.000015 +J(0)
[16] 0.001256 -0.000124 (1) WT +J(0) +M(C:0K, Fs:2, WS:0K # 0K, PF:0K # 0K, P:0K)."
"19-04-2026 23:30:45","ESENT","Information","svchost (15012,U,98,0) DS_Token_DB: The database engine has successfully completed recovery steps."
"19-04-2026 23:30:45","ESENT","Information","svchost (15012,R,98,0) DS_Token_DB: The database engine has finished replaying logfile C:\WINDOWS\system32\config\systemprofile\AppData\Local\DataSharing\Storage\DSS.log. 
 
Processing Stats: 
[1] 0.008760 -0.001304 (7) WT +J(CM:0, PgRf:0, Rd:0/0, Dy:0/0, Lg:12168/8) +M(C:0K, Fs:73, WS:216K # 148K, PF:156K # 92K, P:156K). 
Log record of type 'AttachDB ' was seen most frequently (1 times)"
"19-04-2026 23:30:45","Microsoft-Windows-Time-Service","Information","The time provider 'VMICTimeProvider' has indicated that the current hardware and operating environment is not supported and has stopped. This behavior is expected for VMICTimeProvider on non-HyperV-guest environments. This may be the expected behavior for the current provider in the current operating environment as well."
"19-04-2026 23:30:45","ESENT","Information","svchost (15012,R,98,0) DS_Token_DB: The database engine is initiating recovery steps."
"19-04-2026 23:30:45","ESENT","Information","svchost (15012,P,98,0) DS_Token_DB: The database engine (10.00.26200.0000) is starting a new instance (0)."
"19-04-2026 23:30:07","Service Control Manager","Information","The start type of the Windows Modules Installer service was changed from demand start to auto start."
"19-04-2026 23:30:06","Service Control Manager","Information","The start type of the Windows Modules Installer service was changed from auto start to demand start."
"19-04-2026 23:30:06","Service Control Manager","Information","The start type of the Windows Modules Installer service was changed from demand start to auto start."
"19-04-2026 23:30:05","Service Control Manager","Information","The start type of the Windows Modules Installer service was changed from auto start to demand start."
"19-04-2026 23:29:46","Service Control Manager","Information","The start type of the Windows Modules Installer service was changed from demand start to auto start."
"19-04-2026 23:29:25","HP Comm Recovery","Information","Resume from Connected Standby"
"19-04-2026 23:29:24","Microsoft-Windows-USB-USBHUB3","Information","Re-enumerating a DRIPS blocking device that was previously removed when exiting low power epoch.             
             
USB Device: VID: 0x22B8 PID: 0x2E82 REV: 0x504             
IsPortCycle: true"
"19-04-2026 23:29:24","Microsoft-Windows-Kernel-Power","Information","The system is entering Modern Standby 

Reason: 16777220."
"19-04-2026 23:29:24","Microsoft-Windows-Kernel-Power","Information","The system session has transitioned from 30 to 31.

Reason 16777220 

BootId: 269"
"19-04-2026 23:29:24","Microsoft-Windows-Kernel-Power","Information","The system is exiting Modern Standby 

Reason: 16777220."
"19-04-2026 23:29:24","HP Comm Recovery","Information","PowerEvent handled successfully by the service."
"19-04-2026 23:29:24","igccservice","Information","PowerEvent handled successfully by the service."
"19-04-2026 23:18:14","HP Comm Recovery","Information","PowerEvent handled successfully by the service."
"19-04-2026 23:18:14","igccservice","Information","PowerEvent handled successfully by the service."
"19-04-2026 23:18:14","HP Comm Recovery","Information","PowerEvent handled successfully by the service."
"19-04-2026 23:18:14","igccservice","Information","PowerEvent handled successfully by the service."
"19-04-2026 23:05:29","HP Comm Recovery","Information","PowerEvent handled successfully by the service."
"19-04-2026 23:05:29","igccservice","Information","PowerEvent handled successfully by the service."
"19-04-2026 23:05:29","Service Control Manager","Error","A timeout (30000 milliseconds) was reached while waiting for a transaction response from the hpqcaslwmiex service."
"19-04-2026 22:55:44","Microsoft-Windows-Security-SPP","Information","Offline downlevel migration succeeded."
"19-04-2026 22:50:47","Service Control Manager","Error","A timeout (30000 milliseconds) was reached while waiting for a transaction response from the hp-one-agent-service service."
"19-04-2026 22:49:56","Microsoft-Windows-USB-USBHUB3","Information","Re-enumerating a DRIPS blocking device that was previously removed when exiting low power epoch.             
             
USB Device: VID: 0x22B8 PID: 0x2E82 REV: 0x504             
IsPortCycle: false"
"19-04-2026 22:49:56","Microsoft-Windows-USB-USBHUB3","Warning","USB device draining system power when system is idle.             
             
USB Device: VID: 0x22B8 PID: 0x2E82 REV: 0x504             
Removal action failed: QueryRemovalInitiated"
"19-04-2026 22:49:56","Microsoft-Windows-USB-USBHUB3","Warning","USB device draining system power when system is idle.             
             
USB Device: VID: 0x13D3 PID: 0x3567 REV: 0x100             
Removal action failed: SkippedAsRecentIoObservered"
"19-04-2026 22:47:49","Microsoft-Windows-USB-USBHUB3","Warning","USB device draining system power when system is idle.             
             
USB Device: VID: 0x13D3 PID: 0x3567 REV: 0x100             
Removal action failed: SkippedAsRecentIoObservered"
"19-04-2026 22:43:25","Microsoft-Windows-USB-USBHUB3","Warning","USB device draining system power when system is idle.             
             
USB Device: VID: 0x13D3 PID: 0x3567 REV: 0x100             
Removal action failed: SkippedAsRecentIoObservered"
"19-04-2026 22:34:19","Microsoft-Windows-USB-USBHUB3","Information","Re-enumerating a DRIPS blocking device that was previously removed when exiting low power epoch.             
             
USB Device: VID: 0x22B8 PID: 0x2E82 REV: 0x504             
IsPortCycle: false"
"19-04-2026 22:34:19","Microsoft-Windows-USB-USBHUB3","Warning","USB device draining system power when system is idle.             
             
USB Device: VID: 0x22B8 PID: 0x2E82 REV: 0x504             
Removal action failed: QueryRemovalInitiated"
"19-04-2026 22:34:19","Microsoft-Windows-USB-USBHUB3","Warning","USB device draining system power when system is idle.             
             
USB Device: VID: 0x13D3 PID: 0x3567 REV: 0x100             
Removal action failed: SkippedAsRecentIoObservered"
"19-04-2026 22:32:32","Microsoft-Windows-WindowsUpdateClient","Information","Installation Successful: Windows successfully installed the following update: 9WZDNCRD29V9-MICROSOFT.MICROSOFTOFFICEHUB"
"19-04-2026 22:32:31","Microsoft-Windows-AppXDeploymentServer/Operational",,
"19-04-2026 22:32:31","Microsoft-Windows-AppXDeploymentServer/Operational",,
"19-04-2026 22:32:31","Microsoft-Windows-AppXDeploymentServer/Operational",,
"19-04-2026 22:32:31","Microsoft-Windows-WindowsUpdateClient","Information","Installation Started: Windows has started installing the following update: 9WZDNCRD29V9-MICROSOFT.MICROSOFTOFFICEHUB"
"19-04-2026 22:32:30","Microsoft-Windows-Kernel-General","Information","The access history in hive \??\C:\ProgramData\Microsoft\Windows\AppRepository\Packages\Microsoft.MicrosoftOfficeHub_19.2604.47041.0_x64__8wekyb3d8bbwe\ActivationStore.dat was cleared updating 0 keys and creating 0 modified pages."
"19-04-2026 22:19:18","Microsoft-Windows-Kernel-General","Information","The access history in hive \??\C:\Users\priya\AppData\Local\Packages\microsoft.windowscommunicationsapps_8wekyb3d8bbwe\Settings\settings.dat was cleared updating 37 keys and creating 6 modified pages."
"19-04-2026 22:08:17","SecurityCenter","Information","Updated Windows Defender status successfully to SECURITY_PRODUCT_STATE_ON."
"19-04-2026 22:08:15","Microsoft-Windows-WindowsUpdateClient","Information","Installation Successful: Windows successfully installed the following update: Security Intelligence Update for Microsoft Defender Antivirus - KB2267602 (Version 1.449.189.0) - Current Channel (Broad)"
"19-04-2026 22:08:08","Microsoft-Windows-WindowsUpdateClient","Information","Installation Started: Windows has started installing the following update: Security Intelligence Update for Microsoft Defender Antivirus - KB2267602 (Version 1.449.189.0) - Current Channel (Broad)"
"19-04-2026 22:07:39","Microsoft-Windows-WindowsUpdateClient","Information","Windows Update started downloading an update."
"19-04-2026 22:04:03","hpqcaslwmiex",,
"19-04-2026 22:03:43","Microsoft-Windows-Configuration-Change-Monitor","Information",
"19-04-2026 21:52:38","edgeupdate","Information","Service stopped."
"19-04-2026 21:51:12","Microsoft-Windows-WindowsUpdateClient","Information","Windows Update started downloading an update."
"19-04-2026 21:51:04","Microsoft-Windows-WindowsUpdateClient","Information","Windows Update started downloading an update."
"19-04-2026 21:51:01","Microsoft-Windows-DistributedCOM","Error","The server {338B40F9-9D68-4B53-A793-6B9AA0C5F63B} did not register with DCOM within the required timeout."
"19-04-2026 21:50:57","Microsoft-Windows-WindowsUpdateClient","Information","Windows Update started downloading an update."
"19-04-2026 21:50:52","Microsoft-Windows-WindowsUpdateClient","Information","Windows Update started downloading an update."
"19-04-2026 21:50:52","Microsoft-Windows-WindowsUpdateClient","Information","Windows Update started downloading an update."
"19-04-2026 21:50:34","Microsoft-Windows-WindowsUpdateClient","Information","Windows Update started downloading an update."
"19-04-2026 21:50:00","Microsoft-Windows-Security-SPP","Information","Successfully scheduled Software Protection service for re-start at 2126-03-26T16:20:00Z. Reason: RulesEngine."
"19-04-2026 21:49:24","ELAN/Service",,
"19-04-2026 21:49:24","ELAN/Service",,
"19-04-2026 21:49:22","Microsoft-Windows-Security-SPP","Information","Offline downlevel migration succeeded."
"19-04-2026 21:49:22","Microsoft-Windows-TPM-WMI","Error","The Secure Boot update failed to update SBAT with error Unknown HResult Error code: 0x800700c1. For more information, please see https://go.microsoft.com/fwlink/?linkid=2169931"
"19-04-2026 21:49:21","Microsoft-Windows-Kernel-Power","Information","The system session has transitioned from 29 to 30.

Reason InputMouse 

BootId: 269"
"19-04-2026 21:49:21","HP Comm Recovery","Information","Resume from Connected Standby"
"19-04-2026 21:49:21","Microsoft-Windows-Kernel-Power","Information","The system is entering Modern Standby 

Reason: 16777220."
"19-04-2026 21:49:21","Microsoft-Windows-Kernel-Power","Information","The system session has transitioned from 28 to 29.

Reason 16777220 

BootId: 269"
"19-04-2026 21:49:21","Microsoft-Windows-Kernel-Power","Information","The system is exiting Modern Standby 

Reason: 16777220."
"19-04-2026 21:49:21","Microsoft-Windows-Kernel-Power","Information","The system session has transitioned from 27 to 28.

Reason InputMouse 

BootId: 269"
"19-04-2026 21:49:19","HP Comm Recovery","Information","PowerEvent handled successfully by the service."
"19-04-2026 21:49:19","igccservice","Information","PowerEvent handled successfully by the service."
"19-04-2026 21:49:18","Microsoft-Windows-Security-SPP","Information","Successfully scheduled Software Protection service for re-start at 2126-03-26T16:19:18Z. Reason: RulesEngine."
"19-04-2026 21:49:17","HP Comm Recovery","Information","Resume from Connected Standby"
"19-04-2026 21:49:16","BTHUSB","Information","Windows cannot store Bluetooth authentication codes (link keys) on the local adapter. Bluetooth keyboards might not work in the system BIOS during startup."
"19-04-2026 21:49:16","Microsoft-Windows-Kernel-Power","Information","The system is entering Modern Standby 

Reason: AC/DC Display Burst Suppressed."
"19-04-2026 21:49:16","Microsoft-Windows-Kernel-Power","Information","The system session has transitioned from 26 to 27.

Reason InputMouse 

BootId: 269"
"19-04-2026 21:49:16","Microsoft-Windows-Kernel-Power","Information","The system is exiting Modern Standby 

Reason: AC/DC Display Burst Suppressed."
"19-04-2026 21:49:16","Microsoft-Windows-Kernel-Power","Information","Connectivity state in standby: Connected, Reason: None"
"19-04-2026 21:49:16","HP Comm Recovery","Information","PowerEvent handled successfully by the service."
"19-04-2026 21:49:16","igccservice","Information","PowerEvent handled successfully by the service."
"19-04-2026 21:49:16","Microsoft-Windows-Kernel-Power","Information","Power source change."
"19-04-2026 19:00:52","Microsoft-Windows-USB-USBHUB3","Warning","USB device draining system power when system is idle.             
             
USB Device: VID: 0x5AC PID: 0x12A8 REV: 0x1803             
Removal action failed: SkippedAsPersistentIoObserved"
"19-04-2026 19:00:17","Microsoft-Windows-USB-USBHUB3","Warning","USB device draining system power when system is idle.             
             
USB Device: VID: 0x5AC PID: 0x12A8 REV: 0x1803             
Removal action failed: SkippedAsPersistentIoObserved"
"19-04-2026 18:59:42","Microsoft-Windows-USB-USBHUB3","Warning","USB device draining system power when system is idle.             
             
USB Device: VID: 0x5AC PID: 0x12A8 REV: 0x1803             
Removal action failed: SkippedAsRecentIoObservered"
"19-04-2026 18:59:06","BTHUSB","Information","Windows cannot store Bluetooth authentication codes (link keys) on the local adapter. Bluetooth keyboards might not work in the system BIOS during startup."
"19-04-2026 18:59:06","Microsoft-Windows-Kernel-Power","Information","Connectivity state in standby: Disconnected, Reason: Policy Setting"
"19-04-2026 18:58:59","Microsoft-Windows-Kernel-Power","Information","The system session has transitioned from 25 to 26.

Reason 55 

BootId: 269"
"19-04-2026 18:58:55","HP Comm Recovery","Information","Resume from Connected Standby"
"19-04-2026 18:58:54","Microsoft-Windows-Kernel-Power","Information","The system is entering Modern Standby 

Reason: Austerity Battery Drain Budget Exceeded."
"19-04-2026 18:58:54","Microsoft-Windows-Kernel-Power","Information","The system session has transitioned from 24 to 25.

Reason 55 

BootId: 269"
"19-04-2026 18:58:54","Microsoft-Windows-Kernel-Power","Information","The system is exiting Modern Standby 

Reason: Austerity Battery Drain Budget Exceeded."
"19-04-2026 18:58:54","Microsoft-Windows-Kernel-Power","Information","Connectivity state in standby: Connected, Reason: None"
"19-04-2026 18:58:35","Microsoft-Windows-USB-USBHUB3","Warning","USB device draining system power when system is idle.             
             
USB Device: VID: 0x5AC PID: 0x12A8 REV: 0x1803             
Removal action failed: SkippedAsRecentIoObservered"
"19-04-2026 18:57:59","Microsoft-Windows-Kernel-Power","Information","Connectivity state in standby: Disconnected, Reason: Adaptive Connected Standby"
"19-04-2026 18:57:54","ELAN/Service",,
"19-04-2026 18:57:53","ELAN/Service",,
"19-04-2026 18:57:53","ELAN/Service",,
"19-04-2026 18:57:53","ELAN/Service",,
"19-04-2026 18:57:53","ELAN/Service",,
"19-04-2026 18:57:53","ELAN/Service",,
"19-04-2026 18:57:53","ELAN/Service",,
"19-04-2026 18:57:53","ELAN/Service",,
"19-04-2026 18:57:52","Microsoft-Windows-Kernel-Power","Information","The system session has transitioned from 23 to 24.

Reason PolicyChange 

BootId: 269"
"19-04-2026 18:57:52","Microsoft-Windows-Kernel-Power","Information","The system is entering Modern Standby 

Reason: Lid."
"19-04-2026 18:57:52","Microsoft-Windows-Kernel-Power","Information","The system session has transitioned from 22 to 23.

Reason PolicyChange 

BootId: 269"
"19-04-2026 18:57:52","Win32k","Warning","Power Manager has requested suppression of all input (INPUT_SUPPRESS_REQUEST=1)"
"19-04-2026 18:57:52","Win32k","Warning","Power Manager has requested suppression of all input (INPUT_SUPPRESS_REQUEST=1)"
"19-04-2026 18:57:52","ELAN/Service",,
"19-04-2026 18:57:52","ELAN/Service",,
"19-04-2026 18:57:52","ELAN/Service",,
"19-04-2026 18:57:51","ELAN/Service",,
"19-04-2026 18:57:51","ELAN/Service",,
"19-04-2026 18:57:51","ELAN/Service",,
"19-04-2026 18:57:51","Universal Print","Information","Initialization Successful. Enabled=false, CloudPrintSolution=Unknown, DiscoveryEndpoint=, OAuthAuthority=, OAuthClientId=, DiscoveryResourceId=, PrintResourceId="
"19-04-2026 18:57:51","Universal Print","Information","Device is neither AAD/Domain Joined or Workplace Joined."
"19-04-2026 18:57:46","ELAN/Service",,
"19-04-2026 18:57:46","HP Comm Recovery","Information","Resume from Connected Standby"
"19-04-2026 18:57:45","ELAN/Service",,
"19-04-2026 18:57:45","ELAN/Service",,
"19-04-2026 18:57:45","ELAN/Service",,
"19-04-2026 18:57:45","ELAN/Service",,
"19-04-2026 18:57:45","ELAN/Service",,
"19-04-2026 18:57:45","ELAN/Service",,
"19-04-2026 18:57:45","Microsoft-Windows-Kernel-Power","Information","The system session has transitioned from 20 to 22.

Reason InputPoUserPresent 

BootId: 269"
"19-04-2026 18:57:45","Microsoft-Windows-Kernel-Power","Information","The system is exiting Modern Standby 

Reason: Input Touchpad."
"19-04-2026 18:57:45","ELAN/Service",,
"19-04-2026 18:57:44","Microsoft-Windows-Kernel-Power","Information","The system is entering Modern Standby 

Reason: Idle Timeout."
"19-04-2026 18:57:44","Microsoft-Windows-Kernel-Power","Information","The system session has transitioned from 19 to 20.

Reason SessionUnlock 

BootId: 269"
"19-04-2026 18:57:44","ELAN/Service",,
"19-04-2026 18:57:44","ELAN/Service",,
"19-04-2026 18:57:44","ELAN/Service",,
"19-04-2026 18:57:44","ELAN/Service",,
"19-04-2026 18:57:44","ELAN/Service",,
"19-04-2026 18:57:44","ELAN/Service",,
"19-04-2026 18:57:41","Microsoft-Windows-Security-SPP","Information","Offline downlevel migration succeeded."
"19-04-2026 18:57:09","ELAN/Service",,
"19-04-2026 18:57:09","HP Comm Recovery","Information","Resume from Connected Standby"
"19-04-2026 18:57:08","ELAN/Service",,
"19-04-2026 18:57:08","ELAN/Service",,
"19-04-2026 18:57:08","ELAN/Service",,
"19-04-2026 18:57:08","ELAN/Service",,
"19-04-2026 18:57:08","ELAN/Service",,
"19-04-2026 18:57:08","ELAN/Service",,
"19-04-2026 18:57:08","Microsoft-Windows-Kernel-Power","Information","The system session has transitioned from 17 to 19.

Reason InputPoUserPresent 

BootId: 269"
"19-04-2026 18:57:08","Microsoft-Windows-Kernel-Power","Information","The system is exiting Modern Standby 

Reason: Input Touchpad."
"19-04-2026 18:54:46","Microsoft-Windows-Security-SPP","Information","Successfully scheduled Software Protection service for re-start at 2126-03-26T13:24:46Z. Reason: RulesEngine."
"19-04-2026 18:54:24","edgeupdate","Information","Service stopped."
"19-04-2026 18:54:05","ELAN/Service",,
"19-04-2026 18:54:04","ELAN/Service",,
"19-04-2026 18:54:04","ELAN/Service",,
"19-04-2026 18:54:04","ELAN/Service",,
"19-04-2026 18:54:04","ELAN/Service",,
"19-04-2026 18:54:04","ELAN/Service",,
"19-04-2026 18:54:04","ELAN/Service",,
"19-04-2026 18:54:04","Microsoft-Windows-Kernel-Power","Information","The system is entering Modern Standby 

Reason: Idle Timeout."
"19-04-2026 18:54:04","Microsoft-Windows-Kernel-Power","Information","The system session has transitioned from 16 to 17.

Reason SessionUnlock 

BootId: 269"
"19-04-2026 18:54:00","Microsoft-Windows-Security-SPP","Information","Offline downlevel migration succeeded."
"19-04-2026 18:53:45","Microsoft-Windows-TPM-WMI","Information","Pre-attestation health checks confirm that the device is expected to pass attestation.
 Please see C:\WINDOWS\Logs\MeasuredBoot\0000000314-0000000001.json for detailed information on what checks were made."
"19-04-2026 18:53:45","Microsoft-Windows-TPM-WMI","Information","Pre-attestation health check detailed information: {""Version"":1,""HealthStatus"":""Attestable"",""Required"":[{""Field"":""TpmPresent"",""Value"":true,""DesiredValue"":true},{""Field"":""TpmMeetsMinimumVersion"",""Value"":true,""DesiredValue"":true},{""Field"":""TpmIsResponsive"",""Value"":true,""DesiredValue"":true},{""Field"":""EkCertIsAvailable"",""Value"":true,""DesiredValue"":true},{""Field"":""TcgLogFound"",""Value"":true,""DesiredValue"":true}],""Expected"":[{""Field"":""PcrsMatchTcgLog"",""Value"":true,""DesiredValue"":true}],""Informational"":[{""Field"":""SecureBootEnabled"",""ValueFromComputer"":true,""ValueFromTcgLog"":true,""DesiredValue"":true,""TcgValueIsVerifiable"":true},{""Field"":""VirtualSecureMemory"",""ValueFromComputer"":false,""ValueFromTcgLog"":false,""DesiredValue"":true,""TcgValueIsVerifiable"":true},{""Field"":""SecureCorePCCompliant"",""ValueFromComputer"":false,""ValueFromTcgLog"":false,""DesiredValue"":true,""TcgValueIsVerifiable"":true}{""Field"":""BootTcgLogFoundInFileSystem"",""Value"":true,""DesiredValue"":true},{""Field"":""CurrentTcgLogFoundInFileSystem"",""Value"":true,""DesiredValue"":true}]}"
"19-04-2026 18:53:42","Microsoft-Windows-TPM-WMI","Error","The Secure Boot update failed to update SBAT with error Unknown HResult Error code: 0x800700c1. For more information, please see https://go.microsoft.com/fwlink/?linkid=2169931"
"19-04-2026 18:53:38","Universal Print","Information","Initialization Successful. Enabled=false, CloudPrintSolution=Unknown, DiscoveryEndpoint=, OAuthAuthority=, OAuthClientId=, DiscoveryResourceId=, PrintResourceId="
"19-04-2026 18:53:38","Universal Print","Information","Device is neither AAD/Domain Joined or Workplace Joined."
"19-04-2026 18:53:38","Universal Print","Information","Initialization Successful. Enabled=false, CloudPrintSolution=Unknown, DiscoveryEndpoint=, OAuthAuthority=, OAuthClientId=, DiscoveryResourceId=, PrintResourceId="
"19-04-2026 18:53:38","Universal Print","Information","Device is neither AAD/Domain Joined or Workplace Joined."
"19-04-2026 18:53:36","Microsoft-Windows-Kernel-General","Information","The access history in hive \??\C:\Users\priya\AppData\Local\Packages\Microsoft.AAD.BrokerPlugin_cw5n1h2txyewy\Settings\settings.dat was cleared updating 11 keys and creating 1 modified pages."
"19-04-2026 18:53:34","HP Comm Recovery","Information","PowerEvent handled successfully by the service."
"19-04-2026 18:53:34","igccservice","Information","PowerEvent handled successfully by the service."
"19-04-2026 18:53:34","HP Comm Recovery","Information","PowerEvent handled successfully by the service."
"19-04-2026 18:53:34","igccservice","Information","PowerEvent handled successfully by the service."
"19-04-2026 18:53:34","ELAN/Service",,
"19-04-2026 18:53:33","igccservice","Information","PowerEvent handled successfully by the service."
"19-04-2026 18:53:33","Microsoft-Windows-Power-Troubleshooter","Information","The system has returned from a low power state.

Sleep Time: ?2026?-?04?-?18T19:06:03.841733100Z
Wake Time: ?2026?-?04?-?19T13:23:31.006724600Z

Wake Source: Unknown"
"19-04-2026 18:53:33","BTHUSB","Information","Windows cannot store Bluetooth authentication codes (link keys) on the local adapter. Bluetooth keyboards might not work in the system BIOS during startup."
"19-04-2026 18:53:32","ELAN/Service",,
"19-04-2026 18:53:32","ELAN/Service",,
"19-04-2026 18:53:32","HP Comm Recovery","Information","Resume from Connected Standby"
"19-04-2026 18:53:32","ELAN/Service",,
"19-04-2026 18:53:32","ELAN/Service",,
"19-04-2026 18:53:32","ELAN/Service",,
"19-04-2026 18:53:32","ELAN/Service",,
"19-04-2026 18:53:32","ELAN/Service",,
"19-04-2026 18:53:32","Service Control Manager","Information","The start type of the Background Intelligent Transfer Service service was changed from demand start to auto start."
"19-04-2026 18:53:32","HP Comm Recovery","Information","PowerEvent handled successfully by the service."
"19-04-2026 18:53:31","ELAN/Service",,
"19-04-2026 18:53:31","ELAN/Service",,
"19-04-2026 18:53:31","ELAN/Service",,
"19-04-2026 18:53:31","ELAN/Service",,
"19-04-2026 18:53:31","Microsoft-Windows-Kernel-Power","Information","The system session has transitioned from 14 to 16.

Reason PolicyChange 

BootId: 269"
"19-04-2026 18:53:31","Microsoft-Windows-Kernel-Power","Information","The system is exiting Modern Standby 

Reason: Lid."
"19-04-2026 18:53:31","Microsoft-Windows-NDIS","Error","Miniport Microsoft Wi-Fi Direct Virtual Adapter #2, {c3ad3885-23f4-48e2-a8d4-96acc6ad3648}, had event Fatal error: The miniport has failed a power transition to operational power"
"19-04-2026 18:53:31","ELAN/Service",,
"19-04-2026 18:53:31","Microsoft-Windows-Kernel-Power","Information","The system is entering Modern Standby 

Reason: Sleep, Hibernate, or Shutdown."
"19-04-2026 18:53:31","Microsoft-Windows-Kernel-Power","Information","The system session has transitioned from 13 to 14.

Reason SxTransition 

BootId: 269"
"19-04-2026 18:53:30","Intel-SST-OED","Information","Loaded DSP FW library: \??\C:\WINDOWS\System32\DriverStore\FileRepository\intcoed_oemlibpath.inf_amd64_10e87c104e5c78d5\adl_sraudio_lib.bin, status = STATUS_SUCCESS."
"19-04-2026 18:53:30","Intel-SST-OED","Information","Loaded DSP FW library: \??\C:\WINDOWS\System32\DriverStore\FileRepository\intcoed_oemlibpath.inf_amd64_10e87c104e5c78d5\adl_sraudio_lib.bin, status = STATUS_SUCCESS."
"19-04-2026 18:53:30","Microsoft-Windows-Kernel-Boot","Information","Unable to load Pluton-Windows firmware. StatusCode: STATUS_SUCCESS, Reason: Failed to apply firmware."
"19-04-2026 18:53:30","Microsoft-Windows-Kernel-Boot","Information","The boot type was 0x2."
"19-04-2026 18:53:30","Microsoft-Windows-Kernel-Boot","Information","The boot menu policy was 0x0."
"19-04-2026 18:53:30","Microsoft-Windows-Kernel-Boot","Information","The bootmgr spent 0 ms waiting for user input."
"19-04-2026 18:53:30","Microsoft-Windows-Kernel-Boot","Information","There are 0x1 boot options on this system."
"19-04-2026 18:53:30","Microsoft-Windows-Kernel-Boot","Information","The firmware reported boot metrics."
"19-04-2026 18:53:30","Intel-SST-OED","Information","Loaded DSP FW library: Libs\dsp_lib_whm_adl_release.bin, status = STATUS_SUCCESS."
"19-04-2026 18:53:30","Intel-SST-OED","Information","Loaded DSP FW library: Libs\dsp_lib_intel_wov_adl_release.bin, status = STATUS_SUCCESS."
"19-04-2026 18:53:30","ELAN/Service",,
"19-04-2026 18:53:30","Win32k","Warning","Power Manager has not requested suppression of all input (INPUT_SUPPRESS_REQUEST=0)"
"19-04-2026 18:53:30","Win32k","Warning","Power Manager has not requested suppression of all input (INPUT_SUPPRESS_REQUEST=0)"
"19-04-2026 18:53:30","Microsoft-Windows-Kernel-General","Information","The system time has changed to ?2026?-?04?-?19T13:23:30.500000000Z from ?2026?-?04?-?18T19:06:06.045018800Z.
Time Delta: 65844454 ms

Change Reason: System time synchronized with the hardware clock.
Process: '' (PID 4).

RTC time: ?2026?-?04?-?19T18:53:30.500000000Z
Current time zone bias: -330
RTC time is in UTC: false
System time was based on RTC time: false"
"19-04-2026 00:36:06","Microsoft-Windows-Kernel-Power","Information","The system has resumed from sleep."
"19-04-2026 18:53:30","EventLog","Information","The system uptime is 79855 seconds."
