"21-04-2026 10:18:18","Microsoft-Windows-Security-SPP","Information","Successfully scheduled Software Protection service for re-start at 2126-03-28T04:48:18Z. Reason: RulesEngine."
"21-04-2026 10:17:40","ELAN/Service",,
"21-04-2026 10:17:40","ELAN/Service",,
"21-04-2026 10:17:37","HPDiagnostics","Information","Command = C:\Program Files\WindowsApps\AD2F1837.HPPCHardwareDiagnosticsWindows_3.1.0.0_x64__v10z8vjag6ke6\HpHwDiagA.dll hpdiags://BatteryStatusTest/
Application = HpHwDiagA
Version = 3.1.0.0
Family = 103C_5335KV HP Pavilion
Vendor = AMI
TestName = BatteryHealthMonitor
TestId = b088469f-b159-4d7e-b4f9-0f1ed77a95aa
TestVersion = 1.20.0.0
StartTime = 2026-04-21T10:17:16.5585849+05:30
StopTime = 2026-04-21T10:17:36.7849484+05:30
UniversalStartTime = 2026-04-21T04:47:16.5585849Z
UniversalStopTime = 2026-04-21T04:47:36.7849484Z
Result = ExecutionPassed
PassId = 25818-53610-18658
FailureId = 
ErrorCode = 
"
"21-04-2026 10:17:21","hpqcaslwmiex",,
"21-04-2026 10:17:19","HPDiagnostics","Information","Command = C:\Program Files\HP\HpHwDiag\HpHwDiagA.exe
Application = HpUefiDiags
Version = 3.1.0.0
TestName = Short DST
TestId = 98adc099-8a68-420f-a0e5-3c3ed8a00005
TestVersion = 8.5.0.0
StartTime = 2022-09-23T08:09:48.0000000
StopTime = 2022-09-23T08:11:49.0000000
UniversalStartTime = 2022-09-23T02:39:48.0000000Z
UniversalStopTime = 2022-09-23T02:41:49.0000000Z
Result = ExecutionPassed (Passed)
PassId = 21868-73110-62654
FailureId = 
ErrorCode = "
"21-04-2026 10:17:19","HPDiagnostics","Information","Command = C:\Program Files\HP\HpHwDiag\HpHwDiagA.exe
Application = HpUefiDiags
Version = 3.1.0.0
TestName = SMART Check
TestId = 98adc099-8a68-420f-a0e5-3c3ed8a00004
TestVersion = 8.5.0.0
StartTime = 2022-09-23T08:09:48.0000000
StopTime = 2022-09-23T08:09:48.0000000
UniversalStartTime = 2022-09-23T02:39:48.0000000Z
UniversalStopTime = 2022-09-23T02:39:48.0000000Z
Result = ExecutionPassed (Passed)
PassId = 21868-73110-62654
FailureId = 
ErrorCode = "
"21-04-2026 10:17:19","HPDiagnostics","Information","Command = C:\Program Files\HP\HpHwDiag\HpHwDiagA.exe
Application = HpUefiDiags
Version = 3.1.0.0
TestName = Wireless Module Check
TestId = 98adc099-8a68-420f-a0e5-3c3ed8a0000b
TestVersion = 8.5.0.0
StartTime = 2022-09-23T08:09:48.0000000
StopTime = 2022-09-23T08:09:48.0000000
UniversalStartTime = 2022-09-23T02:39:48.0000000Z
UniversalStopTime = 2022-09-23T02:39:48.0000000Z
Result = ExecutionPassed (Passed)
PassId = 21868-73110-62654
FailureId = 
ErrorCode = "
"21-04-2026 10:17:19","HPDiagnostics","Information","Command = C:\Program Files\HP\HpHwDiag\HpHwDiagA.exe
Application = HpUefiDiags
Version = 3.1.0.0
TestName = CPU Test
TestId = 98adc099-8a68-420f-a0e5-3c3ed8a0000e
TestVersion = 8.5.0.0
StartTime = 2022-09-23T08:09:44.0000000
StopTime = 2022-09-23T08:09:48.0000000
UniversalStartTime = 2022-09-23T02:39:44.0000000Z
UniversalStopTime = 2022-09-23T02:39:48.0000000Z
Result = ExecutionPassed (Passed)
PassId = 21868-73110-62654
FailureId = 
ErrorCode = "
"21-04-2026 10:17:15","ELAN/Service",,
"21-04-2026 10:17:15","ELAN/Service",,
"21-04-2026 10:17:06","Microsoft-Windows-Security-SPP","Information","Offline downlevel migration succeeded."
"21-04-2026 10:14:05","Service Control Manager","Information","The start type of the Background Intelligent Transfer Service service was changed from auto start to demand start."
"21-04-2026 10:13:20","Microsoft-Windows-TPM-WMI","Information","This device has updated Secure Boot CA/keys. This device signature information is included here.
DeviceAttributes: FirmwareManufacturer:AMI;FirmwareVersion:F.17;OEMModelBaseBoard:89F3;OEMManufacturerName:HP;OSArchitecture:amd64;
BucketId: 07f25a2b96458d1e79c7a41f56c3d189e8497eaf812ed9f69d3f6c84b727e339
BucketConfidenceLevel: Under Observation - More Data Needed
UpdateType: Windows UEFI CA 2023 (DB), Option ROM CA 2023 (DB), 3P UEFI CA 2023 (DB), KEK 2023, Boot Manager (2023)
For more information, please see https://go.microsoft.com/fwlink/?linkid=2301018."
"21-04-2026 10:13:20","Microsoft-Windows-TPM-WMI","Error","The Secure Boot update failed to update SBAT with error Unknown HResult Error code: 0x800700c1. For more information, please see https://go.microsoft.com/fwlink/?linkid=2169931"
"21-04-2026 10:11:59",".NET Runtime","Error",".NET Runtime version 4.0.30319.0 - There was a failure initializing profiling API attach infrastructure.  This process will not allow a profiler to attach.  HRESULT: 0x80004005.  Process ID (decimal): 2996.  Message ID: [0x2509]."
"21-04-2026 10:11:45","Microsoft-Windows-Security-SPP","Information","The Software Protection service has stopped.
"
"21-04-2026 10:11:45","Microsoft-Windows-Security-SPP","Information","Successfully scheduled Software Protection service for re-start at 2126-03-28T04:41:45Z. Reason: RulesEngine."
"21-04-2026 10:11:40",".NET Runtime","Error",".NET Runtime version 4.0.30319.0 - There was a failure initializing profiling API attach infrastructure.  This process will not allow a profiler to attach.  HRESULT: 0x80004005.  Process ID (decimal): 14160.  Message ID: [0x2509]."
"21-04-2026 10:11:37","Microsoft-Windows-Perflib","Warning","The Open procedure for service ""aspnet_state"" in DLL ""C:\Windows\System32\aspnet_counters.dll"" failed with error code The parameter is incorrect.. Performance data for this service will not be available."
"21-04-2026 10:11:37","Microsoft-Windows-Perflib","Warning","The Open procedure for service ""ASP.NET_4.0.30319"" in DLL ""C:\Windows\System32\aspnet_counters.dll"" failed with error code The parameter is incorrect.. Performance data for this service will not be available."
"21-04-2026 10:11:37","Microsoft-Windows-Perflib","Warning","The Open procedure for service ""ASP.NET"" in DLL ""C:\Windows\System32\aspnet_counters.dll"" failed with error code The parameter is incorrect.. Performance data for this service will not be available."
"21-04-2026 10:11:14","Microsoft-Windows-Security-SPP","Information","The Software Protection service has completed licensing status check.
Application Id=0ff1ce15-a989-479d-af46-f275c6370663
Licensing Status=
1: fb3540bc-a824-4c79-83da-6f6bd3ac6ccb, 1, 0 [(0 [0xC004F014, 0, 0], [(?)(?)(?)(?)(?)(?)(?)(?)])(1 )(2 )(3 )]

"
"21-04-2026 10:11:14","Microsoft-Windows-Security-SPP","Information","The Software Protection service has completed licensing status check.
Application Id=55c92734-d682-4d71-983e-d6ec3f16059f
Licensing Status=
1: ed799377-74b8-4989-a244-14d082e65972, 1, 0 [(0 [0xC004F014, 0, 0], [(?)(?)(?)(?)(?)(?)(?)(?)])(1 )(2 )(3 )]

"
"21-04-2026 10:11:14","Microsoft-Windows-Security-SPP","Information","The Software Protection service has completed licensing status check.
Application Id=55c92734-d682-4d71-983e-d6ec3f16059f
Licensing Status=
1: e371d89a-73e8-4b24-a7ff-23a3641dd18e, 1, 0 [(0 [0xC004F014, 0, 0], [(?)(?)(?)(?)(?)(?)(?)(?)])(1 )(2 )(3 )]

"
"21-04-2026 10:11:14","Microsoft-Windows-Security-SPP","Information","The Software Protection service has completed licensing status check.
Application Id=55c92734-d682-4d71-983e-d6ec3f16059f
Licensing Status=
1: da9621af-f086-4244-b563-18611e51aa1a, 1, 0 [(0 [0xC004F014, 0, 0], [(?)(?)(?)(?)(?)(?)(?)(?)])(1 )(2 )(3 )]

"
"21-04-2026 10:11:13","Microsoft-Windows-Security-SPP","Information","The Software Protection service has completed licensing status check.
Application Id=0ff1ce15-a989-479d-af46-f275c6370663
Licensing Status=
1: d7279dd0-e175-49fe-a623-8fc2fc00afc4, 1, 1 [(0 )(1 )(2 )(3 [0x00000000, 0, 0], [( 6 0xC004F009 5 0)( 1 0x00000000)( 6 0xC004F009 5 0)(?)(?)(?)( 10 0x00000000 msft:rm/algorithm/flags/1.0)( 11 0x00000000 0xC004F009)])]

"
"21-04-2026 10:11:13","Microsoft-Windows-Security-SPP","Information","The Software Protection service has completed licensing status check.
Application Id=55c92734-d682-4d71-983e-d6ec3f16059f
Licensing Status=
1: cd918a57-a41b-4c82-8dce-1a538e221a83, 1, 0 [(0 [0xC004F014, 0, 0], [(?)(?)(?)(?)(?)(?)(?)(?)])(1 )(2 )(3 )]

"
"21-04-2026 10:11:13","Microsoft-Windows-Security-SPP","Information","The Software Protection service has completed licensing status check.
Application Id=0ff1ce15-a989-479d-af46-f275c6370663
Licensing Status=
1: c85fe025-b033-4f41-936b-b121521ba1c1, 1, 0 [(0 [0xC004F014, 0, 0], [(?)(?)(?)(?)(?)(?)(?)(?)])(1 )(2 )(3 )]

"
"21-04-2026 10:11:12","Microsoft-Windows-Security-SPP","Information","The Software Protection service has completed licensing status check.
Application Id=0ff1ce15-a989-479d-af46-f275c6370663
Licensing Status=
1: b58a5943-16ea-420f-a611-7b230acd762c, 1, 0 [(0 [0xC004F014, 0, 0], [(?)(?)(?)(?)(?)(?)(?)(?)])(1 )(2 )(3 )]

"
"21-04-2026 10:11:12","Microsoft-Windows-Security-SPP","Information","The Software Protection service has completed licensing status check.
Application Id=0ff1ce15-a989-479d-af46-f275c6370663
Licensing Status=
1: b4af11be-5f94-4d8f-9844-ce0d5e0d8680, 1, 0 [(0 [0xC004F014, 0, 0], [(?)(?)(?)(?)(?)(?)(?)(?)])(1 )(2 )(3 )]

"
"21-04-2026 10:11:12","Microsoft-Windows-Security-SPP","Information","The Software Protection service has completed licensing status check.
Application Id=0ff1ce15-a989-479d-af46-f275c6370663
Licensing Status=
1: ae9d158f-9450-4a0c-8c80-dd973c58357c, 1, 0 [(0 [0xC004F014, 0, 0], [(?)(?)(?)(?)(?)(?)(?)(?)])(1 )(2 )(3 )]

"
"21-04-2026 10:11:12","Microsoft-Windows-Security-SPP","Information","The Software Protection service has completed licensing status check.
Application Id=0ff1ce15-a989-479d-af46-f275c6370663
Licensing Status=
1: a96f8dae-da54-4fad-bdc6-108da592707a, 1, 0 [(0 [0xC004F014, 0, 0], [(?)(?)(?)(?)(?)(?)(?)(?)])(1 )(2 )(3 )]

"
"21-04-2026 10:11:11","Microsoft-Windows-Security-SPP","Information","The Software Protection service has completed licensing status check.
Application Id=0ff1ce15-a989-479d-af46-f275c6370663
Licensing Status=
1: a570c5df-b1a3-485c-a8cd-b47e90787ba8, 1, 0 [(0 [0xC004F014, 0, 0], [(?)(?)(?)(?)(?)(?)(?)(?)])(1 )(2 )(3 )]

"
"21-04-2026 10:11:11","Microsoft-Windows-Security-SPP","Information","The Software Protection service has completed licensing status check.
Application Id=0ff1ce15-a989-479d-af46-f275c6370663
Licensing Status=
1: 9e7d5312-95fc-4443-a551-69c20624ec6b, 1, 0 [(0 [0xC004F014, 0, 0], [(?)(?)(?)(?)(?)(?)(?)(?)])(1 )(2 )(3 )]

"
"21-04-2026 10:11:11","Microsoft-Windows-Security-SPP","Information","The Software Protection service has completed licensing status check.
Application Id=0ff1ce15-a989-479d-af46-f275c6370663
Licensing Status=
1: 96353198-443e-479d-9e80-9a6d72fd1a99, 1, 0 [(0 [0xC004F014, 0, 0], [(?)(?)(?)(?)(?)(?)(?)(?)])(1 )(2 )(3 )]

"
"21-04-2026 10:11:11","Microsoft-Windows-Security-SPP","Information","The Software Protection service has completed licensing status check.
Application Id=0ff1ce15-a989-479d-af46-f275c6370663
Licensing Status=
1: 95820f84-6e8c-4d22-b2ce-54953e9911bc, 1, 0 [(0 [0xC004F014, 0, 0], [(?)(?)(?)(?)(?)(?)(?)(?)])(1 )(2 )(3 )]

"
"21-04-2026 10:11:10","Microsoft-Windows-Security-SPP","Information","The Software Protection service has completed licensing status check.
Application Id=0ff1ce15-a989-479d-af46-f275c6370663
Licensing Status=
1: 951c0fe6-40a8-4400-8003-eec0686ffbc4, 1, 0 [(0 [0xC004F014, 0, 0], [(?)(?)(?)(?)(?)(?)(?)(?)])(1 )(2 )(3 )]

"
"21-04-2026 10:11:10","Microsoft-Windows-Security-SPP","Information","The Software Protection service has completed licensing status check.
Application Id=55c92734-d682-4d71-983e-d6ec3f16059f
Licensing Status=
1: 8db63db6-4f8f-46d6-a448-66444faaaa72, 1, 0 [(0 [0xC004F014, 0, 0], [(?)(?)(?)(?)(?)(?)(?)(?)])(1 )(2 )(3 )]

"
"21-04-2026 10:11:10","Microsoft-Windows-Security-SPP","Information","The Software Protection service has completed licensing status check.
Application Id=55c92734-d682-4d71-983e-d6ec3f16059f
Licensing Status=
1: 8a292df8-d653-4057-8133-a0701792f912, 1, 1 [(0 )(1 )(2 [0x00000000, 1, 0], [(?)( 1 0x00000000)(?)(?)(?)(?)( 10 0x00000000 msft:rm/algorithm/flags/1.0)(?)])(3 )]

"
"21-04-2026 10:11:10","Microsoft-Windows-Security-SPP","Information","The Software Protection service has completed licensing status check.
Application Id=0ff1ce15-a989-479d-af46-f275c6370663
Licensing Status=
1: 86af9220-9d6f-4575-bef0-619a9a6aa005, 1, 0 [(0 [0xC004F014, 0, 0], [(?)(?)(?)(?)(?)(?)(?)(?)])(1 )(2 )(3 )]

"
"21-04-2026 10:11:09","Microsoft-Windows-Security-SPP","Information","The Software Protection service has completed licensing status check.
Application Id=0ff1ce15-a989-479d-af46-f275c6370663
Licensing Status=
1: 7ab38a1c-a803-4ca5-8ebb-f8786c4b4faa, 1, 0 [(0 [0xC004F014, 0, 0], [(?)(?)(?)(?)(?)(?)(?)(?)])(1 )(2 )(3 )]

"
"21-04-2026 10:11:09","Microsoft-Windows-Security-SPP","Information","The Software Protection service has completed licensing status check.
Application Id=0ff1ce15-a989-479d-af46-f275c6370663
Licensing Status=
1: 77f47589-2212-4e3b-ad27-a900ce813837, 1, 0 [(0 [0xC004F014, 0, 0], [(?)(?)(?)(?)(?)(?)(?)(?)])(1 )(2 )(3 )]

"
"21-04-2026 10:11:09","Microsoft-Windows-Security-SPP","Information","The Software Protection service has completed licensing status check.
Application Id=55c92734-d682-4d71-983e-d6ec3f16059f
Licensing Status=
1: 74436dbb-cc17-46de-867f-14906ba4a938, 1, 0 [(0 [0xC004F014, 0, 0], [(?)(?)(?)(?)(?)(?)(?)(?)])(1 )(2 )(3 )]

"
"21-04-2026 10:11:09","Microsoft-Windows-Security-SPP","Information","The Software Protection service has completed licensing status check.
Application Id=55c92734-d682-4d71-983e-d6ec3f16059f
Licensing Status=
1: 653098ee-780d-4863-8cf2-d18399ce413b, 1, 0 [(0 [0xC004F014, 0, 0], [(?)(?)(?)(?)(?)(?)(?)(?)])(1 )(2 )(3 )]

"
"21-04-2026 10:11:09","Microsoft-Windows-Security-SPP","Information","The Software Protection service has completed licensing status check.
Application Id=0ff1ce15-a989-479d-af46-f275c6370663
Licensing Status=
1: 649fb593-1aea-4f3d-9ede-6d756561a2e5, 1, 0 [(0 [0xC004F014, 0, 0], [(?)(?)(?)(?)(?)(?)(?)(?)])(1 )(2 )(3 )]

"
"21-04-2026 10:11:08","Microsoft-Windows-Security-SPP","Information","The Software Protection service has completed licensing status check.
Application Id=55c92734-d682-4d71-983e-d6ec3f16059f
Licensing Status=
1: 58e97c99-f377-4ef1-81d5-4ad5522b5fd8, 1, 0 [(0 [0xC004F014, 0, 0], [(?)(?)(?)(?)(?)(?)(?)(?)])(1 )(2 )(3 )]

"
"21-04-2026 10:11:08","Microsoft-Windows-Security-SPP","Information","The Software Protection service has completed licensing status check.
Application Id=0ff1ce15-a989-479d-af46-f275c6370663
Licensing Status=
1: 537ea5b5-7d50-4876-bd38-a53a77caca32, 1, 0 [(0 [0xC004F014, 0, 0], [(?)(?)(?)(?)(?)(?)(?)(?)])(1 )(2 )(3 )]

"
"21-04-2026 10:11:08","Microsoft-Windows-Security-SPP","Information","The Software Protection service has completed licensing status check.
Application Id=0ff1ce15-a989-479d-af46-f275c6370663
Licensing Status=
1: 52287aa3-9945-44d1-9046-7a3373666821, 1, 0 [(0 [0xC004F014, 0, 0], [(?)(?)(?)(?)(?)(?)(?)(?)])(1 )(2 )(3 )]

"
"21-04-2026 10:11:08","Microsoft-Windows-Security-SPP","Information","The Software Protection service has completed licensing status check.
Application Id=0ff1ce15-a989-479d-af46-f275c6370663
Licensing Status=
1: 4c1d1588-3088-4796-b3b2-8935f3a0d886, 1, 0 [(0 [0xC004F014, 0, 0], [(?)(?)(?)(?)(?)(?)(?)(?)])(1 )(2 )(3 )]

"
"21-04-2026 10:11:07","Microsoft-Windows-Security-SPP","Information","The Software Protection service has completed licensing status check.
Application Id=0ff1ce15-a989-479d-af46-f275c6370663
Licensing Status=
1: 44f73ee6-d2f7-4502-97d5-046e8820662e, 1, 0 [(0 [0xC004F014, 0, 0], [(?)(?)(?)(?)(?)(?)(?)(?)])(1 )(2 )(3 )]

"
"21-04-2026 10:11:07","Application","Information",
"21-04-2026 10:11:07","Microsoft-Windows-Security-SPP","Information","The Software Protection service has completed licensing status check.
Application Id=0ff1ce15-a989-479d-af46-f275c6370663
Licensing Status=
1: 436366de-5579-4f24-96db-3893e4400030, 1, 1 [(0 )(1 )(2 )(3 [0x00000000, 1, 0], [(?)( 1 0x00000000)(?)(?)(?)(?)( 10 0x00000000 msft:rm/algorithm/flags/1.0)(?)])]

"
"21-04-2026 10:11:07","Microsoft-Windows-Security-SPP","Information","The Software Protection service has completed licensing status check.
Application Id=55c92734-d682-4d71-983e-d6ec3f16059f
Licensing Status=
1: 411b3d4f-be6d-4a06-baaa-9cabfc256cae, 1, 0 [(0 [0xC004F014, 0, 0], [(?)(?)(?)(?)(?)(?)(?)(?)])(1 )(2 )(3 )]

"
"21-04-2026 10:11:06","Microsoft-Windows-Security-SPP","Information","The Software Protection service has completed licensing status check.
Application Id=55c92734-d682-4d71-983e-d6ec3f16059f
Licensing Status=
1: 4002e33a-524c-4100-8108-131a0d42c0ea, 1, 0 [(0 [0xC004F014, 0, 0], [(?)(?)(?)(?)(?)(?)(?)(?)])(1 )(2 )(3 )]

"
"21-04-2026 10:11:06","Microsoft-Windows-Security-SPP","Information","The Software Protection service has completed licensing status check.
Application Id=55c92734-d682-4d71-983e-d6ec3f16059f
Licensing Status=
1: 3ae2cc14-ab2d-41f4-972f-5e20142771dc, 1, 0 [(0 [0xC004F014, 0, 0], [(?)(?)(?)(?)(?)(?)(?)(?)])(1 )(2 )(3 )]

"
"21-04-2026 10:11:06","Microsoft-Windows-Security-SPP","Information","The Software Protection service has completed licensing status check.
Application Id=55c92734-d682-4d71-983e-d6ec3f16059f
Licensing Status=
1: 30d469c6-a78f-4476-b5c8-af78d5b6a5fb, 1, 0 [(0 [0xC004F014, 0, 0], [(?)(?)(?)(?)(?)(?)(?)(?)])(1 )(2 )(3 )]

"
"21-04-2026 10:11:06","Microsoft-Windows-Security-SPP","Information","The Software Protection service has completed licensing status check.
Application Id=0ff1ce15-a989-479d-af46-f275c6370663
Licensing Status=
1: 2fc0111c-bf0b-4bdd-900c-e3c713034746, 1, 0 [(0 [0xC004F014, 0, 0], [(?)(?)(?)(?)(?)(?)(?)(?)])(1 )(2 )(3 )]

"
"21-04-2026 10:11:05","Microsoft-Windows-Security-SPP","Information","The Software Protection service has completed licensing status check.
Application Id=0ff1ce15-a989-479d-af46-f275c6370663
Licensing Status=
1: 2f258377-738f-48dd-9397-287e43079958, 1, 0 [(0 [0xC004F014, 0, 0], [(?)(?)(?)(?)(?)(?)(?)(?)])(1 )(2 )(3 )]

"
"21-04-2026 10:11:05","Microsoft-Windows-Security-SPP","Information","The Software Protection service has completed licensing status check.
Application Id=55c92734-d682-4d71-983e-d6ec3f16059f
Licensing Status=
1: 2b1f36bb-c1cd-4306-bf5c-a0367c2d97d8, 1, 0 [(0 [0xC004F014, 0, 0], [(?)(?)(?)(?)(?)(?)(?)(?)])(1 )(2 )(3 )]

"
"21-04-2026 10:11:05","Microsoft-Windows-Security-SPP","Information","The Software Protection service has completed licensing status check.
Application Id=0ff1ce15-a989-479d-af46-f275c6370663
Licensing Status=
1: 28f64a3f-cf84-46da-b1e8-2dfa7750e491, 1, 0 [(0 [0xC004F014, 0, 0], [(?)(?)(?)(?)(?)(?)(?)(?)])(1 )(2 )(3 )]

"
"21-04-2026 10:11:05","Microsoft-Windows-Security-SPP","Information","The Software Protection service has completed licensing status check.
Application Id=55c92734-d682-4d71-983e-d6ec3f16059f
Licensing Status=
1: 1d873132-f09f-4eb2-bf5a-2e4fb48935e8, 1, 0 [(0 [0xC004F014, 0, 0], [(?)(?)(?)(?)(?)(?)(?)(?)])(1 )(2 )(3 )]

"
"21-04-2026 10:11:04","Microsoft-Windows-Security-SPP","Information","The Software Protection service has completed licensing status check.
Application Id=0ff1ce15-a989-479d-af46-f275c6370663
Licensing Status=
1: 1cac786a-7f16-4ede-b7fc-cfbce8fe24c7, 1, 0 [(0 [0xC004F014, 0, 0], [(?)(?)(?)(?)(?)(?)(?)(?)])(1 )(2 )(3 )]

"
"21-04-2026 10:11:04","Microsoft-Windows-Security-SPP","Information","The Software Protection service has completed licensing status check.
Application Id=55c92734-d682-4d71-983e-d6ec3f16059f
Licensing Status=
1: 1b750385-9fe2-49a8-ab55-149d0546395b, 1, 0 [(0 [0xC004F014, 0, 0], [(?)(?)(?)(?)(?)(?)(?)(?)])(1 )(2 )(3 )]

"
"21-04-2026 10:11:03","Microsoft-Windows-Security-SPP","Information","The Software Protection service has completed licensing status check.
Application Id=0ff1ce15-a989-479d-af46-f275c6370663
Licensing Status=
1: 112b0ed2-cf1a-42ce-a0c2-4ee20b59d267, 1, 0 [(0 [0xC004F014, 0, 0], [(?)(?)(?)(?)(?)(?)(?)(?)])(1 )(2 )(3 )]

"
"21-04-2026 10:11:03","Microsoft-Windows-Security-SPP","Information","The Software Protection service has completed licensing status check.
Application Id=0ff1ce15-a989-479d-af46-f275c6370663
Licensing Status=
1: 0cf5c9c4-62d8-42e7-8443-b2715ddae7ba, 1, 0 [(0 [0xC004F014, 0, 0], [(?)(?)(?)(?)(?)(?)(?)(?)])(1 )(2 )(3 )]

"
"21-04-2026 10:11:02","Microsoft-Windows-Security-SPP","Information","The Software Protection service has completed licensing status check.
Application Id=55c92734-d682-4d71-983e-d6ec3f16059f
Licensing Status=
1: 0567073a-7d74-403b-b2d5-6b35da372d8d, 1, 0 [(0 [0xC004F014, 0, 0], [(?)(?)(?)(?)(?)(?)(?)(?)])(1 )(2 )(3 )]

"
"21-04-2026 10:10:40","Microsoft-Windows-Perflib","Warning","The Open procedure for service ""WmiApRpl"" in DLL ""C:\WINDOWS\system32\wbem\wmiaprpl.dll"" failed with error code The device is not ready.. Performance data for this service will not be available."
"21-04-2026 10:10:39","Microsoft-Windows-Perflib","Warning","The Open procedure for service ""MSDTC"" in DLL ""C:\WINDOWS\system32\msdtcuiu.DLL"" failed with error code The system cannot find the file specified.. Performance data for this service will not be available."
"21-04-2026 10:10:39","Microsoft-Windows-Perflib","Warning","The Open procedure for service ""ESENT"" in DLL ""C:\WINDOWS\system32\esentprf.dll"" failed with error code Access is denied.. Performance data for this service will not be available."
"21-04-2026 10:10:39","Microsoft-Windows-Perflib","Warning","The Open procedure for service ""aspnet_state"" in DLL ""C:\Windows\System32\aspnet_counters.dll"" failed with error code The parameter is incorrect.. Performance data for this service will not be available."
"21-04-2026 10:10:39","Microsoft-Windows-Perflib","Warning","The Open procedure for service ""ASP.NET_4.0.30319"" in DLL ""C:\Windows\System32\aspnet_counters.dll"" failed with error code The parameter is incorrect.. Performance data for this service will not be available."
"21-04-2026 10:10:39","Microsoft-Windows-Perflib","Warning","The Open procedure for service ""ASP.NET"" in DLL ""C:\Windows\System32\aspnet_counters.dll"" failed with error code The parameter is incorrect.. Performance data for this service will not be available."
"21-04-2026 10:10:33","SecurityCenter","Information","Updated Windows Defender status successfully to SECURITY_PRODUCT_STATE_ON."
"21-04-2026 10:10:31","SecurityCenter","Information","The Windows Security Center Service has started."
"21-04-2026 10:10:31","Microsoft-Windows-DistributedCOM","Warning","The application-specific permission settings do not grant Local Launch permission for the COM Server application with CLSID 
Windows.SecurityCenter.WscDataProtection
 and APPID 
Unavailable
 to the user NT AUTHORITY\SYSTEM SID (S-1-5-18) from address LocalHost (Using LRPC) running in the application container Unavailable SID (Unavailable). This security permission can be modified using the Component Services administrative tool."
"21-04-2026 10:10:31","Microsoft-Windows-DistributedCOM","Warning","The application-specific permission settings do not grant Local Launch permission for the COM Server application with CLSID 
Windows.SecurityCenter.WscBrokerManager
 and APPID 
Unavailable
 to the user NT AUTHORITY\SYSTEM SID (S-1-5-18) from address LocalHost (Using LRPC) running in the application container Unavailable SID (Unavailable). This security permission can be modified using the Component Services administrative tool."
"21-04-2026 10:10:31","Microsoft-Windows-DistributedCOM","Warning","The application-specific permission settings do not grant Local Launch permission for the COM Server application with CLSID 
Windows.SecurityCenter.SecurityAppBroker
 and APPID 
Unavailable
 to the user NT AUTHORITY\SYSTEM SID (S-1-5-18) from address LocalHost (Using LRPC) running in the application container Unavailable SID (Unavailable). This security permission can be modified using the Component Services administrative tool."
"21-04-2026 10:10:30","Microsoft-Windows-Security-SPP","Information","The Software Protection service has started.
10.0.26100.8246"
"21-04-2026 10:10:30","Microsoft-Windows-Security-SPP","Information","The Software Protection service has completed licensing status check.
Application Id=55c92734-d682-4d71-983e-d6ec3f16059f
Licensing Status=
1: 0567073a-7d74-403b-b2d5-6b35da372d8d, 1, 0 [(0 [0xC004F014, 0, 0], [(?)(?)(?)(?)(?)(?)(?)(?)])(1 )(2 )(3 )]
2: 1b750385-9fe2-49a8-ab55-149d0546395b, 1, 0 [(0 [0xC004F014, 0, 0], [(?)(?)(?)(?)(?)(?)(?)(?)])(1 )(2 )(3 )]
3: 1d873132-f09f-4eb2-bf5a-2e4fb48935e8, 1, 0 [(0 [0xC004F014, 0, 0], [(?)(?)(?)(?)(?)(?)(?)(?)])(1 )(2 )(3 )]
4: 2b1f36bb-c1cd-4306-bf5c-a0367c2d97d8, 1, 0 [(0 [0xC004F014, 0, 0], [(?)(?)(?)(?)(?)(?)(?)(?)])(1 )(2 )(3 )]
5: 30d469c6-a78f-4476-b5c8-af78d5b6a5fb, 1, 0 [(0 [0xC004F014, 0, 0], [(?)(?)(?)(?)(?)(?)(?)(?)])(1 )(2 )(3 )]
6: 3ae2cc14-ab2d-41f4-972f-5e20142771dc, 1, 0 [(0 [0xC004F014, 0, 0], [(?)(?)(?)(?)(?)(?)(?)(?)])(1 )(2 )(3 )]
7: 4002e33a-524c-4100-8108-131a0d42c0ea, 1, 0 [(0 [0xC004F014, 0, 0], [(?)(?)(?)(?)(?)(?)(?)(?)])(1 )(2 )(3 )]
8: 411b3d4f-be6d-4a06-baaa-9cabfc256cae, 1, 0 [(0 [0xC004F014, 0, 0], [(?)(?)(?)(?)(?)(?)(?)(?)])(1 )(2 )(3 )]
9: 58e97c99-f377-4ef1-81d5-4ad5522b5fd8, 1, 0 [(0 [0xC004F014, 0, 0], [(?)(?)(?)(?)(?)(?)(?)(?)])(1 )(2 )(3 )]
10: 653098ee-780d-4863-8cf2-d18399ce413b, 1, 0 [(0 [0xC004F014, 0, 0], [(?)(?)(?)(?)(?)(?)(?)(?)])(1 )(2 )(3 )]
11: 74436dbb-cc17-46de-867f-14906ba4a938, 1, 0 [(0 [0xC004F014, 0, 0], [(?)(?)(?)(?)(?)(?)(?)(?)])(1 )(2 )(3 )]
12: 8a292df8-d653-4057-8133-a0701792f912, 1, 1 [(0 )(1 )(2 [0x00000000, 1, 0], [(?)( 1 0x00000000)(?)(?)(?)(?)( 10 0x00000000 msft:rm/algorithm/flags/1.0)(?)])(3 )]
13: 8db63db6-4f8f-46d6-a448-66444faaaa72, 1, 0 [(0 [0xC004F014, 0, 0], [(?)(?)(?)(?)(?)(?)(?)(?)])(1 )(2 )(3 )]
14: cd918a57-a41b-4c82-8dce-1a538e221a83, 1, 0 [(0 [0xC004F014, 0, 0], [(?)(?)(?)(?)(?)(?)(?)(?)])(1 )(2 )(3 )]
15: da9621af-f086-4244-b563-18611e51aa1a, 1, 0 [(0 [0xC004F014, 0, 0], [(?)(?)(?)(?)(?)(?)(?)(?)])(1 )(2 )(3 )]
16: e371d89a-73e8-4b24-a7ff-23a3641dd18e, 1, 0 [(0 [0xC004F014, 0, 0], [(?)(?)(?)(?)(?)(?)(?)(?)])(1 )(2 )(3 )]
17: ed799377-74b8-4989-a244-14d082e65972, 1, 0 [(0 [0xC004F014, 0, 0], [(?)(?)(?)(?)(?)(?)(?)(?)])(1 )(2 )(3 )]

"
"21-04-2026 10:10:30","Microsoft-Windows-Security-SPP","Information","Initialization status for service objects.
C:\WINDOWS\system32\sppwinob.dll, msft:spp/windowsfunctionality/agent/7.0, 0x00000000, 0x00000000
C:\WINDOWS\system32\sppobjs.dll, msft:rm/algorithm/inherited/1.0, 0x00000000, 0x00000000
C:\WINDOWS\system32\sppobjs.dll, msft:rm/algorithm/phone/1.0, 0x00000000, 0x00000000
C:\WINDOWS\system32\sppobjs.dll, msft:rm/algorithm/pkey/detect, 0x00000000, 0x00000000
C:\WINDOWS\system32\sppobjs.dll, msft:spp/ActionScheduler/1.0, 0x00000000, 0x00000000
C:\WINDOWS\system32\sppobjs.dll, msft:spp/TaskScheduler/1.0, 0x00000000, 0x00000000
C:\WINDOWS\system32\sppobjs.dll, msft:spp/statecollector/pkey, 0x00000000, 0x00000000
C:\WINDOWS\system32\sppobjs.dll, msft:spp/volume/services/kms/1.0, 0x00000000, 0x00000000
C:\WINDOWS\system32\sppobjs.dll, msft:spp/volume/services/kms/activationinfo/1.0, 0x00000000, 0x00000000
"
"21-04-2026 10:10:30","Microsoft-Windows-Security-SPP","Information","Offline downlevel migration succeeded."
"21-04-2026 10:10:29","Microsoft-Windows-Security-SPP","Information","The Software Protection service is starting.
Parameters:<explicit>"
"21-04-2026 10:10:29","edgeupdate","Information","Service stopped."
"21-04-2026 10:10:28","Microsoft-Windows-DistributedCOM","Warning","The application-specific permission settings do not grant Local Activation permission for the COM Server application with CLSID 
{9EA82395-E31B-41CA-8DF7-EC1CEE7194DF}
 and APPID 
{2ED83BAA-B2FD-43B1-99BF-E6149C622692}
 to the user NT AUTHORITY\NETWORK SERVICE SID (S-1-5-20) from address LocalHost (Using LRPC) running in the application container Unavailable SID (Unavailable). This security permission can be modified using the Component Services administrative tool."
"21-04-2026 10:10:16","Microsoft-Windows-DistributedCOM","Warning","The application-specific permission settings do not grant Local Launch permission for the COM Server application with CLSID 
Windows.SecurityCenter.WscCloudBackupProvider
 and APPID 
Unavailable
 to the user Priyanshu\priya SID (S-1-5-21-1258550371-3975648611-2483462874-1001) from address LocalHost (Using LRPC) running in the application container Unavailable SID (Unavailable). This security permission can be modified using the Component Services administrative tool."
"21-04-2026 10:10:14","Microsoft-Windows-DistributedCOM","Warning","The application-specific permission settings do not grant Local Launch permission for the COM Server application with CLSID 
Windows.SecurityCenter.WscCloudBackupProvider
 and APPID 
Unavailable
 to the user Priyanshu\priya SID (S-1-5-21-1258550371-3975648611-2483462874-1001) from address LocalHost (Using LRPC) running in the application container Unavailable SID (Unavailable). This security permission can be modified using the Component Services administrative tool."
"21-04-2026 10:10:12","Microsoft-Windows-DistributedCOM","Warning","The application-specific permission settings do not grant Local Launch permission for the COM Server application with CLSID 
Windows.SecurityCenter.WscCloudBackupProvider
 and APPID 
Unavailable
 to the user Priyanshu\priya SID (S-1-5-21-1258550371-3975648611-2483462874-1001) from address LocalHost (Using LRPC) running in the application container Unavailable SID (Unavailable). This security permission can be modified using the Component Services administrative tool."
"21-04-2026 10:10:08","Service Control Manager","Information","The start type of the Background Intelligent Transfer Service service was changed from demand start to auto start."
"21-04-2026 10:09:49","Microsoft-Windows-Kernel-General","Information","The access history in hive \??\C:\Users\Default\NTUSER.dat was cleared updating 40 keys and creating 10 modified pages."
"21-04-2026 10:09:49","Edge","Information","[15044:15156:0421/100949.459:INFO:chrome\browser\extensions\extension_garbage_collector.cc:188] Garbage collection for extensions on file thread is complete."
"21-04-2026 10:09:19","Microsoft-Windows-IsolatedUserMode","Information","Secure Trustlet NULL Id 0 and Pid 0 started with status STATUS_SUCCESS."
"21-04-2026 10:09:18","Microsoft-Windows-Kernel-General","Information","The access history in hive \??\C:\ProgramData\Packages\AD2F1837.OMENCommandCenter_v10z8vjag6ke6\S-1-5-21-1258550371-3975648611-2483462874-1001\SystemAppData\Helium\Cache\53cb0b1cefa1a729_COM15.dat was cleared updating 1 keys and creating 1 modified pages."
"21-04-2026 10:09:07","Microsoft-Windows-Search","Information","The Windows Search Service started.
"
"21-04-2026 10:09:03","Microsoft-Windows-Kernel-General","Information","The access history in hive \??\C:\ProgramData\Packages\MicrosoftWindows.Client.CBS_cw5n1h2txyewy\S-1-5-21-1258550371-3975648611-2483462874-1001\SystemAppData\Helium\Cache\83a2c17a63ba732b_COM15.dat was cleared updating 1 keys and creating 1 modified pages."
"21-04-2026 10:09:03","ELAN/Service",,
"21-04-2026 10:09:02","Microsoft-Windows-DistributedCOM","Warning","The application-specific permission settings do not grant Local Activation permission for the COM Server application with CLSID 
{6B3B8D23-FA8D-40B9-8DBD-B950333E2C52}
 and APPID 
{4839DDB7-58C2-48F5-8283-E1D1807D0D7D}
 to the user NT AUTHORITY\LOCAL SERVICE SID (S-1-5-19) from address LocalHost (Using LRPC) running in the application container Unavailable SID (Unavailable). This security permission can be modified using the Component Services administrative tool."
"21-04-2026 10:09:02","Microsoft-Windows-DistributedCOM","Warning","The application-specific permission settings do not grant Local Activation permission for the COM Server application with CLSID 
{6B3B8D23-FA8D-40B9-8DBD-B950333E2C52}
 and APPID 
{4839DDB7-58C2-48F5-8283-E1D1807D0D7D}
 to the user NT AUTHORITY\LOCAL SERVICE SID (S-1-5-19) from address LocalHost (Using LRPC) running in the application container Unavailable SID (Unavailable). This security permission can be modified using the Component Services administrative tool."
"21-04-2026 10:09:02","Microsoft-Windows-Winlogon","Information","The winlogon notification subscriber <SessionEnv> was unavailable to handle a notification event."
"21-04-2026 10:09:02","ELAN/Service",,
"21-04-2026 10:09:02","ELAN/Service",,
"21-04-2026 10:09:02","Microsoft-Windows-Winlogon","Information","The winlogon notification subscriber <SessionEnv> was unavailable to handle a critical notification event."
"21-04-2026 10:09:02","Microsoft-Windows-Winlogon","Information","User Logon Notification for Customer Experience Improvement Program"
"21-04-2026 10:08:49","HP Comm Recovery","Information","Version : 2.0.19.0"
"21-04-2026 10:08:31","Microsoft-Windows-TPM-WMI","Information","The TPM was successfully provisioned and is now ready for use."
"21-04-2026 10:08:30","Microsoft-Windows-TPM-WMI","Information","The TBS device identifier has been generated."
"21-04-2026 10:08:28","Microsoft-Windows-AppModel-State","Warning","Repair for operation InitializeDataChangedSignaler against package Microsoft.MicrosoftPCManager_8wekyb3d8bbwe with error -2147024894 returned Error Code: -2147024891"
"21-04-2026 10:08:28","Microsoft-Windows-AppModel-State","Warning","Triggered repair because operation InitializeDataChangedSignaler against package Microsoft.MicrosoftPCManager_8wekyb3d8bbwe hit error -2147024894."
"21-04-2026 10:08:28","Microsoft-Windows-AppModel-State","Warning","Repair of state locations for operation InitializeDataChangedSignaler against package Microsoft.MicrosoftPCManager_8wekyb3d8bbwe with error -2147024894 returned Error Code: -2147023584"
"21-04-2026 10:08:28","Microsoft-Windows-AppModel-State","Warning","Triggered repair of state locations because operation InitializeDataChangedSignaler against package Microsoft.MicrosoftPCManager_8wekyb3d8bbwe hit error -2147024894."
"21-04-2026 10:08:27","TPM","Information","This event triggers the Trusted Platform Module (TPM) provisioning/status check to run."
"21-04-2026 10:08:27","Service Control Manager","Information","The following boot-start or system-start driver(s) did not load: 
aehd"
"21-04-2026 10:08:27","Microsoft-Windows-WMI","Warning","A provider, IntelMEProv, has been registered in the Windows Management Instrumentation namespace root\Intel_ME to use the LocalSystem account. This account is privileged and the provider may cause a security violation if it does not correctly impersonate user requests."
"21-04-2026 10:08:27","Microsoft-Windows-WMI","Warning","A provider, IntelMEProv, has been registered in the Windows Management Instrumentation namespace root\Intel_ME to use the LocalSystem account. This account is privileged and the provider may cause a security violation if it does not correctly impersonate user requests."
"21-04-2026 10:08:27","Microsoft-Windows-WMI","Warning","A provider, IntelMEProv, has been registered in the Windows Management Instrumentation namespace root\Intel_ME to use the LocalSystem account. This account is privileged and the provider may cause a security violation if it does not correctly impersonate user requests."
"21-04-2026 10:08:27","Microsoft PC Manager Service","Information","Service started successfully."
"21-04-2026 10:08:27","WMIRegistrationService","Information","Intel(R) WMI Registration Service has successfully finished WMI Registration."
"21-04-2026 10:08:26","Microsoft-Windows-WLAN-AutoConfig","Information","WLAN Extensibility Module has successfully started.

Module Path: C:\WINDOWS\system32\mtkihvx.dll
"
"21-04-2026 10:08:26","Microsoft-Windows-WLAN-AutoConfig","Information","WLAN AutoConfig service has successfully started.
"
"21-04-2026 10:08:26","XTUService","Information","Service started successfully."
"21-04-2026 10:08:22","Microsoft-Windows-TPM-WMI","Information","Pre-attestation health checks confirm that the device is expected to pass attestation.
 Please see C:\WINDOWS\Logs\MeasuredBoot\0000000315-0000000000.json for detailed information on what checks were made."
"21-04-2026 10:08:22","Microsoft-Windows-TPM-WMI","Information","Pre-attestation health check detailed information: {""Version"":1,""HealthStatus"":""Attestable"",""Required"":[{""Field"":""TpmPresent"",""Value"":true,""DesiredValue"":true},{""Field"":""TpmMeetsMinimumVersion"",""Value"":true,""DesiredValue"":true},{""Field"":""TpmIsResponsive"",""Value"":true,""DesiredValue"":true},{""Field"":""EkCertIsAvailable"",""Value"":true,""DesiredValue"":true},{""Field"":""TcgLogFound"",""Value"":true,""DesiredValue"":true}],""Expected"":[{""Field"":""PcrsMatchTcgLog"",""Value"":true,""DesiredValue"":true}],""Informational"":[{""Field"":""SecureBootEnabled"",""ValueFromComputer"":true,""ValueFromTcgLog"":true,""DesiredValue"":true,""TcgValueIsVerifiable"":true},{""Field"":""VirtualSecureMemory"",""ValueFromComputer"":false,""ValueFromTcgLog"":false,""DesiredValue"":true,""TcgValueIsVerifiable"":true},{""Field"":""SecureCorePCCompliant"",""ValueFromComputer"":false,""ValueFromTcgLog"":false,""DesiredValue"":true,""TcgValueIsVerifiable"":true}{""Field"":""BootTcgLogFoundInFileSystem"",""Value"":true,""DesiredValue"":true},{""Field"":""CurrentTcgLogFoundInFileSystem"",""Value"":true,""DesiredValue"":true}]}"
"21-04-2026 10:08:21","Microsoft-Windows-WMI","Information","Windows Management Instrumentation Service subsystems initialized successfully"
"21-04-2026 10:08:21","igccservice","Information","Service started successfully."
"21-04-2026 10:08:21","ELAN/Service",,
"21-04-2026 10:08:20","Microsoft-Windows-UserModePowerService","Information","Process C:\Windows\System32\DriverStore\FileRepository\ipf_cpu.inf_amd64_cf5beef3831571d4\ipf_uf.exe (process ID:5176) reset policy scheme from {8c5e7fda-e8bf-4a96-9a85-a6e23a8c635c} to {8c5e7fda-e8bf-4a96-9a85-a6e23a8c635c}"
"21-04-2026 10:08:20","Microsoft-Windows-CAPI2","Error","The Cryptographic Services service failed to initialize the Catalog Database. The ESENT error was: -543."
"21-04-2026 10:08:19","Microsoft-Windows-WMI","Information","The Windows Management Instrumentation service has detected an inconsistent system shutdown."
"21-04-2026 10:08:20","ELAN/Service",,
"21-04-2026 10:08:20","ELAN/Service",,
"21-04-2026 10:08:20","ELAN/Service",,
"21-04-2026 10:08:20","ELAN/Service",,
"21-04-2026 10:08:20","ELAN/Service",,
"21-04-2026 10:08:20","ELAN/Service",,
"21-04-2026 10:08:19","ELAN/Service",,
"21-04-2026 10:08:19","ESENT","Error","Catalog Database (3688,R,98,0) Catalog Database: Database recovery/restore failed with unexpected error -543."
"21-04-2026 10:08:19","ESENT","Error","Catalog Database (3688,R,98,0) Catalog Database: Database C:\WINDOWS\system32\CatRoot2\{F750E6C3-38EE-11D1-85E5-00C04FC295EE}\catdb requires logfiles 52-75 (C:\WINDOWS\system32\CatRoot2\edb00034.log - C:\WINDOWS\system32\CatRoot2\edb.log) in order to recover successfully. Recovery could only locate logfiles up to 74 (C:\WINDOWS\system32\CatRoot2\edb0004A.log)."
"21-04-2026 10:08:19","ESENT","Error","Catalog Database (3688,R,98,0) Catalog Database: Database C:\WINDOWS\system32\CatRoot2\{127D0A1D-4EF2-11D1-8608-00C04FC295EE}\catdb requires logfiles 52-75 (C:\WINDOWS\system32\CatRoot2\edb00034.log - C:\WINDOWS\system32\CatRoot2\edb.log) in order to recover successfully. Recovery could only locate logfiles up to 74 (C:\WINDOWS\system32\CatRoot2\edb0004A.log)."
"21-04-2026 10:08:19","jenkins","Information","Service started successfully."
"21-04-2026 10:08:19","Microsoft-Windows-UserModePowerService","Information","Process C:\Windows\System32\DriverStore\FileRepository\ipf_cpu.inf_amd64_cf5beef3831571d4\ipf_uf.exe (process ID:5176) reset policy scheme from {8c5e7fda-e8bf-4a96-9a85-a6e23a8c635c} to {8c5e7fda-e8bf-4a96-9a85-a6e23a8c635c}"
"21-04-2026 10:08:19","Microsoft-Windows-WMI","Information","Windows Management Instrumentation Service started sucessfully"
"21-04-2026 10:08:19","jenkins","Information","Starting C:\Program Files\Java\jdk-25.0.2\\bin\java.exe -Xrs -Xmx256m -Dhudson.lifecycle=hudson.lifecycle.WindowsServiceLifecycle -jar ""C:\Program Files\Jenkins\jenkins.war"" --httpPort=8080 --webroot=""C:\ProgramData\Jenkins\war"""
"21-04-2026 10:08:19","WMIRegistrationService","Information","Intel(R) WMI Registration Service started."
"21-04-2026 10:08:19","IntelDalJhi","Information","Intel(R) Dynamic Application Loader Host Interface Service started."
"21-04-2026 10:08:19","RtkAudioUniversalService",,
"21-04-2026 10:08:19","HP Comm Recovery","Information","Service started successfully."
"21-04-2026 10:08:19","ELAN/Service",,
"21-04-2026 10:08:19","ELAN/Service",,
"21-04-2026 10:08:19","ELAN/Service",,
"21-04-2026 10:08:19","ELAN/Service",,
"21-04-2026 10:08:19","ELAN/Service",,
"21-04-2026 10:08:19","ELAN/Service",,
"21-04-2026 10:08:19","ELAN/Service",,
"21-04-2026 10:08:18","ELAN/Service",,
"21-04-2026 10:08:18","ELAN/Service",,
"21-04-2026 10:08:18","ELAN/Service",,
"21-04-2026 10:08:18","ELAN/Service",,
"21-04-2026 10:08:18","ELAN/Service",,
"21-04-2026 10:08:18","ELAN/Service",,
"21-04-2026 10:08:18","ELAN/Service",,
"21-04-2026 10:08:18","ELAN/Service",,
"21-04-2026 10:08:18","ELAN/Service",,
"21-04-2026 10:08:18","ELAN/Service",,
"21-04-2026 10:08:18","ELAN/Service",,
"21-04-2026 10:08:18","ELAN/Service",,
"21-04-2026 10:08:18","ELAN/Service",,
"21-04-2026 10:08:18","ELAN/Service",,
"21-04-2026 10:08:18","ELAN/Service",,
"21-04-2026 10:08:18","Microsoft-Windows-IsolatedUserMode","Information","Secure Trustlet \??\C:\WINDOWS\System32\NgcIso.exe Id 6 and Pid 4752 started with status STATUS_SUCCESS."
"21-04-2026 10:08:18","Microsoft-Windows-IsolatedUserMode","Information","Secure Trustlet NULL Id 0 and Pid 0 started with status STATUS_SUCCESS."
"21-04-2026 10:08:18","Win32k","Information","Touch/Touchpad Hardware Quality Assurance verification succeeded."
"21-04-2026 10:08:18","Microsoft-Windows-HttpService","Information","Attempted to reserve URL http://+:10247/apps/. Status 0x0. Process Id 0x4 Executable path , User S-1-5-18"
"21-04-2026 10:08:18","Microsoft-Windows-HttpService","Information","Attempted to reserve URL http://+:10246/MDEServer/. Status 0x0. Process Id 0x4 Executable path , User S-1-5-18"
"21-04-2026 10:08:18","Microsoft-Windows-HttpService","Information","Attempted to reserve URL https://+:443/sra_{BA195980-CD49-458b-9E23-C84EE0ADCD75}/. Status 0x0. Process Id 0x4 Executable path , User S-1-5-18"
"21-04-2026 10:08:18","Microsoft-Windows-HttpService","Information","Attempted to reserve URL https://+:3392/rdp/. Status 0x0. Process Id 0x4 Executable path , User S-1-5-18"
"21-04-2026 10:08:18","Microsoft-Windows-HttpService","Information","Attempted to reserve URL http://+:10243/WMPNSSv4/. Status 0x0. Process Id 0x4 Executable path , User S-1-5-18"
"21-04-2026 10:08:18","Microsoft-Windows-HttpService","Information","Attempted to reserve URL https://+:10245/WMPNSSv4/. Status 0x0. Process Id 0x4 Executable path , User S-1-5-18"
"21-04-2026 10:08:18","Microsoft-Windows-HttpService","Information","Attempted to reserve URL http://+:5985/wsman/. Status 0x0. Process Id 0x4 Executable path , User S-1-5-18"
"21-04-2026 10:08:18","Microsoft-Windows-HttpService","Information","Attempted to reserve URL http://+:47001/wsman/. Status 0x0. Process Id 0x4 Executable path , User S-1-5-18"
"21-04-2026 10:08:18","Microsoft-Windows-HttpService","Information","Attempted to reserve URL https://+:5986/wsman/. Status 0x0. Process Id 0x4 Executable path , User S-1-5-18"
"21-04-2026 10:08:18","Microsoft-Windows-HttpService","Information","Attempted to reserve URL http://*:2869/. Status 0x0. Process Id 0x4 Executable path , User S-1-5-18"
"21-04-2026 10:08:18","Microsoft-Windows-HttpService","Information","Attempted to reserve URL https://*:5358/. Status 0x0. Process Id 0x4 Executable path , User S-1-5-18"
"21-04-2026 10:08:18","Microsoft-Windows-HttpService","Information","Attempted to reserve URL http://+:80/Temporary_Listen_Addresses/. Status 0x0. Process Id 0x4 Executable path , User S-1-5-18"
"21-04-2026 10:08:18","Microsoft-Windows-HttpService","Information","Attempted to reserve URL http://*:5357/. Status 0x0. Process Id 0x4 Executable path , User S-1-5-18"
"21-04-2026 10:08:18","Microsoft-Windows-Hyper-V-VmSwitch","Information","vmswitch.sys build 26100.amd64.ge_release_svc_prod1, debug false, official true, 1 1"
"21-04-2026 10:08:17","HPTouchpointAnalyticsService","Information","Service started successfully."
"21-04-2026 10:08:17","HPAnalytics","Information","HpTouchpointAnalyticsRecoverySetupSuccessfully configured Failure Actions"
"21-04-2026 10:08:16","Microsoft-Windows-FilterManager","Information","File System Filter 'bindflt' (10.0, ?2081?-?10?-?18T03:04:26.000000000Z) has successfully loaded and registered with Filter Manager."
"21-04-2026 10:08:16","Microsoft-Windows-FilterManager","Information","File System Filter 'storqosflt' (10.0, ?2016?-?04?-?29T03:30:23.000000000Z) has successfully loaded and registered with Filter Manager."
"21-04-2026 10:08:16","Microsoft-Windows-FilterManager","Information","File System Filter 'UnionFS' (10.0, ?2042?-?03?-?14T07:11:09.000000000Z) has successfully loaded and registered with Filter Manager."
"21-04-2026 10:08:16","Microsoft-Windows-FilterManager","Information","File System Filter 'CldFlt' (10.0, ?2027?-?12?-?20T03:05:20.000000000Z) has successfully loaded and registered with Filter Manager."
"21-04-2026 10:08:16","Microsoft-Windows-FilterManager","Information","File System Filter 'CldFlt' (Version 10.0, ?2027?-?12?-?20T03:05:20.000000000Z) unloaded successfully."
"21-04-2026 10:08:16","Microsoft-Windows-FilterManager","Information","File System Filter 'CldFlt' (10.0, ?2027?-?12?-?20T03:05:20.000000000Z) has successfully loaded and registered with Filter Manager."
"21-04-2026 10:08:16","Microsoft-Windows-FilterManager","Information","File System Filter 'wcifs' (10.0, ?2099?-?04?-?10T19:53:15.000000000Z) has successfully loaded and registered with Filter Manager."
"21-04-2026 10:08:16","Microsoft-Windows-FilterManager","Information","File System Filter 'luafv' (10.0, ?2039?-?03?-?08T11:35:33.000000000Z) has successfully loaded and registered with Filter Manager."
"21-04-2026 10:08:16","Microsoft-Windows-FilterManager","Information","File System Filter 'bfs' (10.0, ?2026?-?06?-?10T11:58:18.000000000Z) has successfully loaded and registered with Filter Manager."
"21-04-2026 10:08:16","Microsoft-Windows-User Profiles Service","Information","The User Profile Service has started successfully.  

"
"21-04-2026 10:08:16","Microsoft-Windows-DHCPv6-Client","Information","DHCPv6 client service is started"
"21-04-2026 10:08:16","Microsoft-Windows-Dhcp-Client","Information","DHCPv4 client service is started"
"21-04-2026 10:08:16","Microsoft-Windows-Dhcp-Client","Information","DHCPv4 client registered for shutdown notification"
"21-04-2026 10:08:16","Microsoft-Windows-Dhcp-Client","Information","DHCPv4 client service is started"
"21-04-2026 10:08:15","Microsoft-Windows-Directory-Services-SAM","Information","The security account manager is now logging periodic summary events for remote clients that call legacy password change or set RPC methods.

For more information please see https://go.microsoft.com/fwlink/?linkid=2150956.
"
"21-04-2026 10:08:15","Microsoft-Windows-Directory-Services-SAM","Information","The domain is configured with the following minimum password length-related settings.

MinimumPasswordLength: 0

RelaxMinimumPasswordLengthLimits: 0

MinimumPasswordLengthAudit: -1

For more information see https://go.microsoft.com/fwlink/?LinkId=2097191.
"
"21-04-2026 10:08:15","Microsoft-Windows-Directory-Services-SAM","Information","Remote calls to the SAM database are being restricted using the default security descriptor: O:SYG:SYD:(A;;RC;;;BA).
For more information please see http://go.microsoft.com/fwlink/?LinkId=787651."
"21-04-2026 10:08:15","Microsoft-Windows-IsolatedUserMode","Information","Secure Trustlet NULL Id 0 and Pid 0 started with status STATUS_SUCCESS."
"21-04-2026 10:08:15","LsaSrv","Information","Credential Guard auto enablement status.

Hardware Requirements for Virtualization Based Security:	1
Domain Joined:	0
Azure AD Joined:	0
 Licensed for Credential Guard:	0
Domain Controller:	0"
"21-04-2026 10:08:15","Microsoft-Windows-Wininit","Information","LSASS.exe was started as a protected process with level: 4."
"21-04-2026 10:08:15","Microsoft-Windows-Wininit","Information","VBS Key Isolation was started and will protect VSM-isolated keys."
"21-04-2026 10:08:15","Microsoft-Windows-IsolatedUserMode","Information","Secure Trustlet \??\C:\WINDOWS\system32\lsaiso.exe Id 1 and Pid 1220 started with status STATUS_SUCCESS."
"21-04-2026 10:08:15","Microsoft-Windows-IsolatedUserMode","Information","Secure Trustlet NULL Id 0 and Pid 0 started with status STATUS_SUCCESS."
"21-04-2026 10:08:15","Microsoft-Windows-Wininit","Information","Credential Guard configuration:

Registry Configuration: 0x0
Test Configuration: 0
Auto Enablement: 0"
"21-04-2026 10:08:15","Microsoft-Windows-Wininit","Information","Boot App Anti-Rollback: Initialize Completed with status:
HRESULT: The operation completed successfully.
New timer needed: false
New timer waiting for system update completion: false
Previous latch timer exists but disabled by registry: false
"
