"20-04-2026 22:57:41","Microsoft-Windows-Kernel-Power","Information","The system session has transitioned from 113 to 114.

Reason InputMouse 

BootId: 269"
"20-04-2026 22:57:38","HP Comm Recovery","Information","PowerEvent handled successfully by the service."
"20-04-2026 22:57:38","igccservice","Information","PowerEvent handled successfully by the service."
"20-04-2026 22:57:38","Windows Error Reporting","Information","Fault bucket , type 0
Event Name: StoreAgentScanForUpdatesFailure0
Response: Not available
Cab Id: 0

Problem signature:
P1: Update;
P2: 8024402c
P3: 26200
P4: 8246
P5: Windows.Desktop
P6: 
P7: 
P8: 
P9: 
P10: 

Attached files:
\\?\C:\ProgramData\Microsoft\Windows\WER\Temp\WER.5b1865ad-f8c4-45cf-be01-324867445f8b.tmp.WERInternalMetadata.xml
\\?\C:\ProgramData\Microsoft\Windows\WER\ReportQueue\NonCritical_Update;_a6a270e74e74e43938701617548a88cbb8adac_00000000_cab_981a0adf-02d9-48e1-85e2-5be5d8ea7fa7\WPR_initiated_DiagTrackMiniLogger_OneTrace_User_Logger_20260418_1_EC_0_inject.etl
\\?\C:\ProgramData\Microsoft\Windows\WER\Temp\WER.fa7ebcb1-16a9-4724-a268-55a25203cb37.tmp.etl
\\?\C:\ProgramData\Microsoft\Windows\WER\ReportQueue\NonCritical_Update;_a6a270e74e74e43938701617548a88cbb8adac_00000000_cab_981a0adf-02d9-48e1-85e2-5be5d8ea7fa7\WPR_initiated_DiagTrackMiniLogger_WPR System Collector_inject.etl
\\?\C:\ProgramData\Microsoft\Windows\WER\Temp\WER.ca4048d0-d0c2-46cc-b799-6cec853b0f65.tmp.etl
\\?\C:\ProgramData\Microsoft\Windows\WER\Temp\WER.4ba5b699-b74a-4953-9c09-6bb709e0aa5e.tmp.csv
\\?\C:\ProgramData\Microsoft\Windows\WER\Temp\WER.b8f37efa-1180-4d8d-b809-9060f6920888.tmp.txt
\\?\C:\ProgramData\Microsoft\Windows\WER\Temp\WER.2d54d70b-54d5-4c12-8d2e-0a6f04f8f103.tmp.xml

These files may be available here:
\\?\C:\ProgramData\Microsoft\Windows\WER\ReportQueue\NonCritical_Update;_a6a270e74e74e43938701617548a88cbb8adac_00000000_cab_981a0adf-02d9-48e1-85e2-5be5d8ea7fa7

Analysis symbol: 
Rechecking for solution: 0
Report Id: 981a0adf-02d9-48e1-85e2-5be5d8ea7fa7
Report Status: 6
Hashed bucket: 
Cab Guid: 0"
"20-04-2026 22:57:38","Windows Error Reporting","Information","Fault bucket , type 0
Event Name: StoreAgentScanForUpdatesFailure0
Response: Not available
Cab Id: 0

Problem signature:
P1: Update;
P2: 80072efe
P3: 26200
P4: 8246
P5: Windows.Desktop
P6: 
P7: 
P8: 
P9: 
P10: 

Attached files:
\\?\C:\ProgramData\Microsoft\Windows\WER\Temp\WER.a0ecb898-5063-4879-9f13-35bfd9f9a301.tmp.WERInternalMetadata.xml
\\?\C:\ProgramData\Microsoft\Windows\WER\ReportQueue\NonCritical_Update;_ff92133d6a64beeb0c6871b8b4642f0a8cdc95f_00000000_cab_7553367b-83fa-411c-b8c3-4f4f2db99839\WPR_initiated_DiagTrackMiniLogger_OneTrace_User_Logger_20260418_1_EC_0_inject.etl
\\?\C:\ProgramData\Microsoft\Windows\WER\Temp\WER.23255868-6a71-41bd-9d21-89a5e70c172a.tmp.etl
\\?\C:\ProgramData\Microsoft\Windows\WER\ReportQueue\NonCritical_Update;_ff92133d6a64beeb0c6871b8b4642f0a8cdc95f_00000000_cab_7553367b-83fa-411c-b8c3-4f4f2db99839\WPR_initiated_DiagTrackMiniLogger_WPR System Collector_inject.etl
\\?\C:\ProgramData\Microsoft\Windows\WER\Temp\WER.c24e3cc3-dc31-4cbd-9851-70545b81bcdc.tmp.etl
\\?\C:\ProgramData\Microsoft\Windows\WER\Temp\WER.7a7ff035-7411-4f0f-93fb-5847e9e84482.tmp.csv
\\?\C:\ProgramData\Microsoft\Windows\WER\Temp\WER.e4f0968c-85aa-4652-908c-b2a086999cc2.tmp.txt
\\?\C:\ProgramData\Microsoft\Windows\WER\Temp\WER.247354b1-2069-4f25-9f36-08cf8315307a.tmp.xml

These files may be available here:
\\?\C:\ProgramData\Microsoft\Windows\WER\ReportQueue\NonCritical_Update;_ff92133d6a64beeb0c6871b8b4642f0a8cdc95f_00000000_cab_7553367b-83fa-411c-b8c3-4f4f2db99839

Analysis symbol: 
Rechecking for solution: 0
Report Id: 7553367b-83fa-411c-b8c3-4f4f2db99839
Report Status: 6
Hashed bucket: 
Cab Guid: 0"
"20-04-2026 22:57:37","HP Comm Recovery","Information","Resume from Connected Standby"
"20-04-2026 22:57:37","BTHUSB","Information","Windows cannot store Bluetooth authentication codes (link keys) on the local adapter. Bluetooth keyboards might not work in the system BIOS during startup."
"20-04-2026 22:57:36","Microsoft-Windows-Kernel-Power","Information","The system is entering Modern Standby 

Reason: AC/DC Display Burst Suppressed."
"20-04-2026 22:57:36","Microsoft-Windows-Kernel-Power","Information","The system session has transitioned from 112 to 113.

Reason InputMouse 

BootId: 269"
"20-04-2026 22:57:36","Microsoft-Windows-Kernel-Power","Information","The system is exiting Modern Standby 

Reason: AC/DC Display Burst Suppressed."
"20-04-2026 22:57:36","Microsoft-Windows-Kernel-Power","Information","Connectivity state in standby: Connected, Reason: None"
"20-04-2026 22:57:36","HP Comm Recovery","Information","PowerEvent handled successfully by the service."
"20-04-2026 22:57:36","igccservice","Information","PowerEvent handled successfully by the service."
"20-04-2026 22:57:36","Microsoft-Windows-Kernel-Power","Information","Power source change."
"20-04-2026 22:45:05","BTHUSB","Information","Windows cannot store Bluetooth authentication codes (link keys) on the local adapter. Bluetooth keyboards might not work in the system BIOS during startup."
"20-04-2026 22:45:04","Microsoft-Windows-Kernel-Power","Information","Connectivity state in standby: Disconnected, Reason: Policy Setting"
"20-04-2026 22:44:59","Microsoft-Windows-Security-SPP","Information","Successfully scheduled Software Protection service for re-start at 2126-03-27T17:14:59Z. Reason: RulesEngine."
"20-04-2026 22:44:58","Microsoft-Windows-Kernel-Power","Information","The system session has transitioned from 111 to 112.

Reason 55 

BootId: 269"
"20-04-2026 22:44:55","Universal Print","Information","Initialization Successful. Enabled=false, CloudPrintSolution=Unknown, DiscoveryEndpoint=, OAuthAuthority=, OAuthClientId=, DiscoveryResourceId=, PrintResourceId="
"20-04-2026 22:44:55","Universal Print","Information","Device is neither AAD/Domain Joined or Workplace Joined."
"20-04-2026 22:44:53","HP Comm Recovery","Information","Resume from Connected Standby"
"20-04-2026 22:44:52","Microsoft-Windows-Kernel-Power","Information","The system is entering Modern Standby 

Reason: Austerity Battery Drain Budget Exceeded."
"20-04-2026 22:44:52","Microsoft-Windows-Kernel-Power","Information","The system session has transitioned from 110 to 111.

Reason 55 

BootId: 269"
"20-04-2026 22:44:52","Microsoft-Windows-Kernel-Power","Information","The system is exiting Modern Standby 

Reason: Austerity Battery Drain Budget Exceeded."
"20-04-2026 22:44:52","Microsoft-Windows-Kernel-Power","Information","Connectivity state in standby: Connected, Reason: None"
"20-04-2026 22:44:06","Microsoft-Windows-Kernel-Power","Information","Connectivity state in standby: Disconnected, Reason: Adaptive Connected Standby"
"20-04-2026 22:44:00","Microsoft-Windows-Kernel-Power","Information","The system session has transitioned from 109 to 110.

Reason InputMouse 

BootId: 269"
"20-04-2026 22:43:59","BTHUSB","Error","The Bluetooth driver expected an HCI event with a certain size but did not receive it."
"20-04-2026 22:43:55","HP Comm Recovery","Information","PowerEvent handled successfully by the service."
"20-04-2026 22:43:55","igccservice","Information","PowerEvent handled successfully by the service."
"20-04-2026 22:43:55","HP Comm Recovery","Information","Resume from Connected Standby"
"20-04-2026 22:43:55","Microsoft-Windows-Kernel-Power","Information","The system is entering Modern Standby 

Reason: AC/DC Display Burst Suppressed."
"20-04-2026 22:43:55","Microsoft-Windows-Kernel-Power","Information","The system session has transitioned from 108 to 109.

Reason InputMouse 

BootId: 269"
"20-04-2026 22:43:55","Microsoft-Windows-Kernel-Power","Information","The system is exiting Modern Standby 

Reason: AC/DC Display Burst Suppressed."
"20-04-2026 22:43:54","HP Comm Recovery","Information","PowerEvent handled successfully by the service."
"20-04-2026 22:43:54","igccservice","Information","PowerEvent handled successfully by the service."
"20-04-2026 22:43:54","Microsoft-Windows-Kernel-Power","Information","Power source change."
"20-04-2026 22:43:21","Microsoft-Windows-Kernel-Power","Information","The system session has transitioned from 107 to 108.

Reason InputMouse 

BootId: 269"
"20-04-2026 22:43:20","HP Comm Recovery","Information","PowerEvent handled successfully by the service."
"20-04-2026 22:43:20","igccservice","Information","PowerEvent handled successfully by the service."
"20-04-2026 22:43:18","HP Comm Recovery","Information","PowerEvent handled successfully by the service."
"20-04-2026 22:43:18","igccservice","Information","PowerEvent handled successfully by the service."
"20-04-2026 22:43:17","Windows Error Reporting","Information","Fault bucket , type 0
Event Name: StoreAgentScanForUpdatesFailure0
Response: Not available
Cab Id: 0

Problem signature:
P1: Update;
P2: 8024402c
P3: 26200
P4: 8246
P5: Windows.Desktop
P6: 
P7: 
P8: 
P9: 
P10: 

Attached files:
\\?\C:\ProgramData\Microsoft\Windows\WER\Temp\WER.5b1865ad-f8c4-45cf-be01-324867445f8b.tmp.WERInternalMetadata.xml
\\?\C:\ProgramData\Microsoft\Windows\WER\ReportQueue\NonCritical_Update;_a6a270e74e74e43938701617548a88cbb8adac_00000000_cab_981a0adf-02d9-48e1-85e2-5be5d8ea7fa7\WPR_initiated_DiagTrackMiniLogger_OneTrace_User_Logger_20260418_1_EC_0_inject.etl
\\?\C:\ProgramData\Microsoft\Windows\WER\Temp\WER.fa7ebcb1-16a9-4724-a268-55a25203cb37.tmp.etl
\\?\C:\ProgramData\Microsoft\Windows\WER\ReportQueue\NonCritical_Update;_a6a270e74e74e43938701617548a88cbb8adac_00000000_cab_981a0adf-02d9-48e1-85e2-5be5d8ea7fa7\WPR_initiated_DiagTrackMiniLogger_WPR System Collector_inject.etl
\\?\C:\ProgramData\Microsoft\Windows\WER\Temp\WER.ca4048d0-d0c2-46cc-b799-6cec853b0f65.tmp.etl
\\?\C:\ProgramData\Microsoft\Windows\WER\Temp\WER.4ba5b699-b74a-4953-9c09-6bb709e0aa5e.tmp.csv
\\?\C:\ProgramData\Microsoft\Windows\WER\Temp\WER.b8f37efa-1180-4d8d-b809-9060f6920888.tmp.txt
\\?\C:\ProgramData\Microsoft\Windows\WER\Temp\WER.2d54d70b-54d5-4c12-8d2e-0a6f04f8f103.tmp.xml

These files may be available here:
\\?\C:\ProgramData\Microsoft\Windows\WER\ReportQueue\NonCritical_Update;_a6a270e74e74e43938701617548a88cbb8adac_00000000_cab_981a0adf-02d9-48e1-85e2-5be5d8ea7fa7

Analysis symbol: 
Rechecking for solution: 0
Report Id: 981a0adf-02d9-48e1-85e2-5be5d8ea7fa7
Report Status: 6
Hashed bucket: 
Cab Guid: 0"
"20-04-2026 22:43:17","Windows Error Reporting","Information","Fault bucket , type 0
Event Name: StoreAgentScanForUpdatesFailure0
Response: Not available
Cab Id: 0

Problem signature:
P1: Update;
P2: 80072efe
P3: 26200
P4: 8246
P5: Windows.Desktop
P6: 
P7: 
P8: 
P9: 
P10: 

Attached files:
\\?\C:\ProgramData\Microsoft\Windows\WER\Temp\WER.a0ecb898-5063-4879-9f13-35bfd9f9a301.tmp.WERInternalMetadata.xml
\\?\C:\ProgramData\Microsoft\Windows\WER\ReportQueue\NonCritical_Update;_ff92133d6a64beeb0c6871b8b4642f0a8cdc95f_00000000_cab_7553367b-83fa-411c-b8c3-4f4f2db99839\WPR_initiated_DiagTrackMiniLogger_OneTrace_User_Logger_20260418_1_EC_0_inject.etl
\\?\C:\ProgramData\Microsoft\Windows\WER\Temp\WER.23255868-6a71-41bd-9d21-89a5e70c172a.tmp.etl
\\?\C:\ProgramData\Microsoft\Windows\WER\ReportQueue\NonCritical_Update;_ff92133d6a64beeb0c6871b8b4642f0a8cdc95f_00000000_cab_7553367b-83fa-411c-b8c3-4f4f2db99839\WPR_initiated_DiagTrackMiniLogger_WPR System Collector_inject.etl
\\?\C:\ProgramData\Microsoft\Windows\WER\Temp\WER.c24e3cc3-dc31-4cbd-9851-70545b81bcdc.tmp.etl
\\?\C:\ProgramData\Microsoft\Windows\WER\Temp\WER.7a7ff035-7411-4f0f-93fb-5847e9e84482.tmp.csv
\\?\C:\ProgramData\Microsoft\Windows\WER\Temp\WER.e4f0968c-85aa-4652-908c-b2a086999cc2.tmp.txt
\\?\C:\ProgramData\Microsoft\Windows\WER\Temp\WER.247354b1-2069-4f25-9f36-08cf8315307a.tmp.xml

These files may be available here:
\\?\C:\ProgramData\Microsoft\Windows\WER\ReportQueue\NonCritical_Update;_ff92133d6a64beeb0c6871b8b4642f0a8cdc95f_00000000_cab_7553367b-83fa-411c-b8c3-4f4f2db99839

Analysis symbol: 
Rechecking for solution: 0
Report Id: 7553367b-83fa-411c-b8c3-4f4f2db99839
Report Status: 6
Hashed bucket: 
Cab Guid: 0"
"20-04-2026 22:43:17","HP Comm Recovery","Information","Resume from Connected Standby"
"20-04-2026 22:43:17","BTHUSB","Information","Windows cannot store Bluetooth authentication codes (link keys) on the local adapter. Bluetooth keyboards might not work in the system BIOS during startup."
"20-04-2026 22:43:16","Microsoft-Windows-Kernel-Power","Information","The system is entering Modern Standby 

Reason: AC/DC Display Burst Suppressed."
"20-04-2026 22:43:16","Microsoft-Windows-Kernel-Power","Information","The system session has transitioned from 106 to 107.

Reason InputMouse 

BootId: 269"
"20-04-2026 22:43:16","Microsoft-Windows-Kernel-Power","Information","The system is exiting Modern Standby 

Reason: AC/DC Display Burst Suppressed."
"20-04-2026 22:43:16","Microsoft-Windows-Kernel-Power","Information","Connectivity state in standby: Connected, Reason: None"
"20-04-2026 22:43:16","HP Comm Recovery","Information","PowerEvent handled successfully by the service."
"20-04-2026 22:43:16","igccservice","Information","PowerEvent handled successfully by the service."
"20-04-2026 22:43:16","Microsoft-Windows-Kernel-Power","Information","Power source change."
"20-04-2026 22:41:10","Windows Error Reporting","Information","Fault bucket , type 0
Event Name: StoreAgentScanForUpdatesFailure0
Response: Not available
Cab Id: 0

Problem signature:
P1: Update;
P2: 8024402c
P3: 26200
P4: 8246
P5: Windows.Desktop
P6: 
P7: 
P8: 
P9: 
P10: 

Attached files:
\\?\C:\ProgramData\Microsoft\Windows\WER\Temp\WER.5b1865ad-f8c4-45cf-be01-324867445f8b.tmp.WERInternalMetadata.xml
\\?\C:\ProgramData\Microsoft\Windows\WER\ReportQueue\NonCritical_Update;_a6a270e74e74e43938701617548a88cbb8adac_00000000_cab_981a0adf-02d9-48e1-85e2-5be5d8ea7fa7\WPR_initiated_DiagTrackMiniLogger_OneTrace_User_Logger_20260418_1_EC_0_inject.etl
\\?\C:\ProgramData\Microsoft\Windows\WER\Temp\WER.fa7ebcb1-16a9-4724-a268-55a25203cb37.tmp.etl
\\?\C:\ProgramData\Microsoft\Windows\WER\ReportQueue\NonCritical_Update;_a6a270e74e74e43938701617548a88cbb8adac_00000000_cab_981a0adf-02d9-48e1-85e2-5be5d8ea7fa7\WPR_initiated_DiagTrackMiniLogger_WPR System Collector_inject.etl
\\?\C:\ProgramData\Microsoft\Windows\WER\Temp\WER.ca4048d0-d0c2-46cc-b799-6cec853b0f65.tmp.etl
\\?\C:\ProgramData\Microsoft\Windows\WER\Temp\WER.4ba5b699-b74a-4953-9c09-6bb709e0aa5e.tmp.csv
\\?\C:\ProgramData\Microsoft\Windows\WER\Temp\WER.b8f37efa-1180-4d8d-b809-9060f6920888.tmp.txt
\\?\C:\ProgramData\Microsoft\Windows\WER\Temp\WER.2d54d70b-54d5-4c12-8d2e-0a6f04f8f103.tmp.xml

These files may be available here:
\\?\C:\ProgramData\Microsoft\Windows\WER\ReportQueue\NonCritical_Update;_a6a270e74e74e43938701617548a88cbb8adac_00000000_cab_981a0adf-02d9-48e1-85e2-5be5d8ea7fa7

Analysis symbol: 
Rechecking for solution: 0
Report Id: 981a0adf-02d9-48e1-85e2-5be5d8ea7fa7
Report Status: 4
Hashed bucket: 
Cab Guid: 0"
"20-04-2026 22:41:10","BTHUSB","Information","Windows cannot store Bluetooth authentication codes (link keys) on the local adapter. Bluetooth keyboards might not work in the system BIOS during startup."
"20-04-2026 22:41:09","Microsoft-Windows-Kernel-Power","Information","Connectivity state in standby: Disconnected, Reason: Policy Setting"
"20-04-2026 22:41:04","Microsoft-Windows-Defrag","Information","The storage optimizer successfully completed analysis on Windows (C:)"
"20-04-2026 22:41:03","Microsoft-Windows-Kernel-Power","Information","The system session has transitioned from 105 to 106.

Reason 55 

BootId: 269"
"20-04-2026 22:41:02","Microsoft-Windows-Security-SPP","Information","Offline downlevel migration succeeded."
"20-04-2026 22:40:58","HP Comm Recovery","Information","Resume from Connected Standby"
"20-04-2026 22:40:57","Microsoft-Windows-Kernel-Power","Information","The system is entering Modern Standby 

Reason: Austerity Battery Drain Budget Exceeded."
"20-04-2026 22:40:57","Microsoft-Windows-Kernel-Power","Information","The system session has transitioned from 104 to 105.

Reason 55 

BootId: 269"
"20-04-2026 22:40:57","Microsoft-Windows-Kernel-Power","Information","The system is exiting Modern Standby 

Reason: Austerity Battery Drain Budget Exceeded."
"20-04-2026 22:40:57","Microsoft-Windows-Kernel-Power","Information","Connectivity state in standby: Connected, Reason: None"
"20-04-2026 22:40:57","Windows Error Reporting","Information","Fault bucket , type 0
Event Name: StoreAgentScanForUpdatesFailure0
Response: Not available
Cab Id: 0

Problem signature:
P1: Update;
P2: 80072efe
P3: 26200
P4: 8246
P5: Windows.Desktop
P6: 
P7: 
P8: 
P9: 
P10: 

Attached files:
\\?\C:\ProgramData\Microsoft\Windows\WER\Temp\WER.a0ecb898-5063-4879-9f13-35bfd9f9a301.tmp.WERInternalMetadata.xml
\\?\C:\ProgramData\Microsoft\Windows\WER\ReportQueue\NonCritical_Update;_ff92133d6a64beeb0c6871b8b4642f0a8cdc95f_00000000_cab_7553367b-83fa-411c-b8c3-4f4f2db99839\WPR_initiated_DiagTrackMiniLogger_OneTrace_User_Logger_20260418_1_EC_0_inject.etl
\\?\C:\ProgramData\Microsoft\Windows\WER\Temp\WER.23255868-6a71-41bd-9d21-89a5e70c172a.tmp.etl
\\?\C:\ProgramData\Microsoft\Windows\WER\ReportQueue\NonCritical_Update;_ff92133d6a64beeb0c6871b8b4642f0a8cdc95f_00000000_cab_7553367b-83fa-411c-b8c3-4f4f2db99839\WPR_initiated_DiagTrackMiniLogger_WPR System Collector_inject.etl
\\?\C:\ProgramData\Microsoft\Windows\WER\Temp\WER.c24e3cc3-dc31-4cbd-9851-70545b81bcdc.tmp.etl
\\?\C:\ProgramData\Microsoft\Windows\WER\Temp\WER.7a7ff035-7411-4f0f-93fb-5847e9e84482.tmp.csv
\\?\C:\ProgramData\Microsoft\Windows\WER\Temp\WER.e4f0968c-85aa-4652-908c-b2a086999cc2.tmp.txt
\\?\C:\ProgramData\Microsoft\Windows\WER\Temp\WER.247354b1-2069-4f25-9f36-08cf8315307a.tmp.xml

These files may be available here:
\\?\C:\ProgramData\Microsoft\Windows\WER\ReportQueue\NonCritical_Update;_ff92133d6a64beeb0c6871b8b4642f0a8cdc95f_00000000_cab_7553367b-83fa-411c-b8c3-4f4f2db99839

Analysis symbol: 
Rechecking for solution: 0
Report Id: 7553367b-83fa-411c-b8c3-4f4f2db99839
Report Status: 4
Hashed bucket: 
Cab Guid: 0"
"20-04-2026 22:40:57","BROWSER","Information","The browser has forced an election on network \Device\NetBT_Tcpip_{6A15308C-4FD7-436D-B83D-274F0695A949} because a master browser was stopped."
"20-04-2026 22:40:56","ELAN/Service",,
"20-04-2026 22:40:56","ELAN/Service",,
"20-04-2026 22:40:49","Microsoft-Windows-Kernel-Power","Information","Connectivity state in standby: Disconnected, Reason: Adaptive Connected Standby"
"20-04-2026 22:40:44","ELAN/Service",,
"20-04-2026 22:40:44","Microsoft-Windows-Kernel-Power","Information","The system session has transitioned from 103 to 104.

Reason PolicyChange 

BootId: 269"
"20-04-2026 22:40:43","ELAN/Service",,
"20-04-2026 22:40:43","ELAN/Service",,
"20-04-2026 22:40:43","ELAN/Service",,
"20-04-2026 22:40:43","ELAN/Service",,
"20-04-2026 22:40:43","ELAN/Service",,
"20-04-2026 22:40:43","ELAN/Service",,
"20-04-2026 22:40:43","ELAN/Service",,
"20-04-2026 22:40:43","Win32k","Warning","Power Manager has requested suppression of all input (INPUT_SUPPRESS_REQUEST=1)"
"20-04-2026 22:40:43","Microsoft-Windows-Kernel-Power","Information","The system is entering Modern Standby 

Reason: Lid."
"20-04-2026 22:40:43","Microsoft-Windows-Kernel-Power","Information","The system session has transitioned from 102 to 103.

Reason PolicyChange 

BootId: 269"
"20-04-2026 22:40:43","Win32k","Warning","Power Manager has requested suppression of all input (INPUT_SUPPRESS_REQUEST=1)"
"20-04-2026 22:40:42","ELAN/Service",,
"20-04-2026 22:40:42","ELAN/Service",,
"20-04-2026 22:40:42","ELAN/Service",,
"20-04-2026 22:40:42","ELAN/Service",,
"20-04-2026 22:40:42","ELAN/Service",,
"20-04-2026 22:40:42","ELAN/Service",,
"20-04-2026 22:40:41","ELAN/Service",,
"20-04-2026 22:40:40","ELAN/Service",,
"20-04-2026 22:40:40","ELAN/Service",,
"20-04-2026 22:36:41","Microsoft-Windows-Security-SPP","Information","Successfully scheduled Software Protection service for re-start at 2126-03-27T17:06:41Z. Reason: RulesEngine."
"20-04-2026 22:36:10","Microsoft-Windows-Security-SPP","Information","Offline downlevel migration succeeded."
"20-04-2026 22:27:47","VSS","Information","The VSS service is shutting down due to idle timeout. "
"20-04-2026 22:26:18","Service Control Manager","Information","The start type of the Windows Modules Installer service was changed from auto start to demand start."
"20-04-2026 22:24:45","Chkdsk","Information","Chkdsk was executed in scan mode on a volume snapshot.  

Checking file system on C:
Volume label is Windows.

Stage 1: Examining basic file system structure ...
  2789376 file records processed.                                                        
File verification completed.
 Phase duration (File record verification): 56.41 seconds.
  57192 large file records processed.                                   
 Phase duration (Orphan file record recovery): 72.27 milliseconds.
  0 bad file records processed.                                     
 Phase duration (Bad file record checking): 0.32 milliseconds.

Stage 2: Examining file name linkage ...
  5509 reparse records processed.                                      
  3640846 index entries processed.                                                       
Index verification completed.
 Phase duration (Index verification): 2.20 minutes.

 Phase duration (Orphan reconnection): 2.08 minutes.

 Phase duration (Orphan recovery to lost and found): 3.49 milliseconds.
  5509 reparse records processed.                                      
 Phase duration (Reparse point and Object ID verification): 48.54 milliseconds.

Stage 3: Examining security descriptors ...
Security descriptor verification completed.
 Phase duration (Security descriptor verification): 1.03 seconds.
  425736 data files processed.                                           
 Phase duration (Data attribute verification): 0.29 milliseconds.
CHKDSK is verifying Usn Journal...
  40077520 USN bytes processed.                                                           
Usn Journal verification completed.
 Phase duration (USN journal verification): 353.62 milliseconds.

Windows has scanned the file system and found no problems.
No further action is required.

 498877439 KB total disk space.
 251880348 KB in 2189796 files.
   1239664 KB in 425737 indexes.
   2954839 KB in use by the system.
     65536 KB occupied by the log file.
 242802588 KB available on disk.

      4096 bytes in each allocation unit.
 124719359 total allocation units on disk.
  60700647 allocation units available on disk.
Total duration: 5.25 minutes (315395 ms).

----------------------------------------------------------------------


Stage 1: Examining basic file system structure ...

Stage 2: Examining file name linkage ...

Stage 3: Examining security descriptors ...
"
"20-04-2026 22:20:52","Windows Error Reporting","Information","Fault bucket 1626919802144036593, type 5
Event Name: RADAR_PRE_LEAK_64
Response: Not available
Cab Id: 0

Problem signature:
P1: TuneupSvc.exe
P2: 26.3.18548.0
P3: 10.0.26200.2.0.0
P4: 
P5: 
P6: 
P7: 
P8: 
P9: 
P10: 

Attached files:
\\?\C:\Users\priya\AppData\Local\Temp\RDRA4FF.tmp\empty.txt
\\?\C:\ProgramData\Microsoft\Windows\WER\Temp\WER.974d7d2a-0e47-4b14-a2ab-a98a0d2db193.tmp.WERInternalMetadata.xml
WPR_initiated_DiagTrackMiniLogger_OneTrace_User_Logger_20260418_1_EC_0_inject.etl
\\?\C:\ProgramData\Microsoft\Windows\WER\Temp\WER.30f34e67-762b-485f-9a78-158e474d8ccf.tmp.etl
WPR_initiated_DiagTrackMiniLogger_WPR System Collector_inject.etl
\\?\C:\ProgramData\Microsoft\Windows\WER\Temp\WER.620636e2-b8f8-4626-8ab9-9648448d829a.tmp.etl
\\?\C:\ProgramData\Microsoft\Windows\WER\Temp\WER.dda6bd30-a364-4f68-943e-e1c4c6ca661e.tmp.csv
\\?\C:\ProgramData\Microsoft\Windows\WER\Temp\WER.2fcb13b0-ffe5-497c-966d-b38f76ac48d8.tmp.txt
\\?\C:\ProgramData\Microsoft\Windows\WER\Temp\WER.08aa12ff-11f5-4036-b068-905f8de63330.tmp.xml

These files may be available here:
NULL

Analysis symbol: 
Rechecking for solution: 0
Report Id: 0225c563-0727-4a97-b66a-b60856e62dbb
Report Status: 268435456
Hashed bucket: f352c6ca095e25f9a693faf0b4d816f1
Cab Guid: 0"
"20-04-2026 22:19:50",".NET Runtime","Error",".NET Runtime version 4.0.30319.0 - There was a failure initializing profiling API attach infrastructure.  This process will not allow a profiler to attach.  HRESULT: 0x80004005.  Process ID (decimal): 7832.  Message ID: [0x2509]."
"20-04-2026 22:18:45","Service Control Manager","Information","The start type of the Visual Studio Installer Elevation Service service was changed from disabled to demand start."
"20-04-2026 22:18:27","MsiInstaller","Information","Ending a Windows Installer transaction: {B91110FB-33B4-468B-90C2-4D5E8AE3FAE1}. Client Process Id: 16240."
"20-04-2026 22:18:27","MsiInstaller","Information","Windows Installer removed the product. Product Name: Bonjour. Product Version: 2.0.2.0. Product Language: 1033. Manufacturer: Apple Inc.. Removal success or error status: 0."
"20-04-2026 22:18:27","MsiInstaller","Information","Product: Bonjour -- Removal completed successfully."
"20-04-2026 22:18:21","MsiInstaller","Information","Beginning a Windows Installer transaction: {B91110FB-33B4-468B-90C2-4D5E8AE3FAE1}. Client Process Id: 16240."
"20-04-2026 22:18:02","Windows Error Reporting","Information","Fault bucket 1208713387892093070, type 5
Event Name: WindowsWcpOtherFailure3
Response: Not available
Cab Id: 0

Problem signature:
P1: 10.0.26100.8247:1
P2: wcp\componentstore\scavenge.cpp
P3: ComponentStore::CRawStoreLayout::RetainFileAsVersion
P4: 1834
P5: c015001b
P6: 0x3a11cdff
P7: 
P8: 
P9: 
P10: 

Attached files:
\\?\C:\Windows\Logs\CBS\CBS.log
\\?\C:\WINDOWS\servicing\Sessions\Sessions.xml
\\?\C:\WINDOWS\WinSxs\poqexec.log
\\?\C:\WINDOWS\Logs\Cbs\FilterList.log
\\?\C:\ProgramData\Microsoft\Windows\WER\Temp\WER.b1032245-714d-4bd3-b5f1-69cb4169e790.tmp.WERInternalMetadata.xml
\\?\C:\ProgramData\Microsoft\Windows\WER\ReportQueue\Critical_10.0.26100.8247__6e41ace63abff77d342c231c6eb44472a3f2f3b_00000000_cab_09281017-557b-4d87-aad0-f0c2bc46170d\WPR_initiated_DiagTrackMiniLogger_OneTrace_User_Logger_20260418_1_EC_0_inject.etl
\\?\C:\ProgramData\Microsoft\Windows\WER\Temp\WER.e663b784-ca0a-490d-88de-0abb31064834.tmp.etl
\\?\C:\ProgramData\Microsoft\Windows\WER\ReportQueue\Critical_10.0.26100.8247__6e41ace63abff77d342c231c6eb44472a3f2f3b_00000000_cab_09281017-557b-4d87-aad0-f0c2bc46170d\WPR_initiated_DiagTrackMiniLogger_WPR System Collector_inject.etl
\\?\C:\ProgramData\Microsoft\Windows\WER\Temp\WER.b9f92bdc-8e99-4d34-864a-c0b2df966475.tmp.etl
\\?\C:\ProgramData\Microsoft\Windows\WER\Temp\WER.231a9427-d760-4878-aae5-7c2d02434c15.tmp.csv
\\?\C:\ProgramData\Microsoft\Windows\WER\Temp\WER.ef6db98a-0b38-4fa9-b129-f679371e6a8d.tmp.txt
\\?\C:\ProgramData\Microsoft\Windows\WER\Temp\WER.ee0bb547-59a5-452e-afc2-8f5ac5b4c2da.tmp.xml
\\?\C:\ProgramData\Microsoft\Windows\WER\Temp\WER.78aeb2c7-5ba9-4ca5-b5c9-2ff8e31e9856.tmp.mdmp
\\?\C:\ProgramData\Microsoft\Windows\WER\ReportQueue\Critical_10.0.26100.8247__6e41ace63abff77d342c231c6eb44472a3f2f3b_00000000_cab_09281017-557b-4d87-aad0-f0c2bc46170d\memory.hdmp
\\?\C:\Windows\SystemTemp\WER.63d641de-6daa-4f3e-88bb-93e02fbc635b.tmp.WERDataCollectionStatus.txt

These files may be available here:
\\?\C:\ProgramData\Microsoft\Windows\WER\ReportArchive\Critical_10.0.26100.8247__6e41ace63abff77d342c231c6eb44472a3f2f3b_00000000_09281017-557b-4d87-aad0-f0c2bc46170d

Analysis symbol: 
Rechecking for solution: 0
Report Id: 09281017-557b-4d87-aad0-f0c2bc46170d
Report Status: 268435456
Hashed bucket: 241267ce19f8f21d90c6366c1891308e
Cab Guid: 0"
"20-04-2026 22:17:58","Windows Error Reporting","Information","Fault bucket , type 0
Event Name: WindowsWcpOtherFailure3
Response: Not available
Cab Id: 0

Problem signature:
P1: 10.0.26100.8247:1
P2: wcp\componentstore\scavenge.cpp
P3: ComponentStore::CRawStoreLayout::RetainFileAsVersion
P4: 1834
P5: c015001b
P6: 0x3a11cdff
P7: 
P8: 
P9: 
P10: 

Attached files:
\\?\C:\Windows\Logs\CBS\CBS.log
\\?\C:\WINDOWS\servicing\Sessions\Sessions.xml
\\?\C:\WINDOWS\WinSxs\poqexec.log
\\?\C:\WINDOWS\Logs\Cbs\FilterList.log

These files may be available here:
NULL

Analysis symbol: 
Rechecking for solution: 0
Report Id: 09281017-557b-4d87-aad0-f0c2bc46170d
Report Status: 262148
Hashed bucket: 
Cab Guid: 0"
"20-04-2026 22:17:58","Windows Error Reporting","Information","Fault bucket , type 0
Event Name: WindowsWcpOtherFailure3
Response: Not available
Cab Id: 0

Problem signature:
P1: 10.0.26100.8247:1
P2: wcp\componentstore\scavenge.cpp
P3: ComponentStore::CRawStoreLayout::RetainFileAsVersion
P4: 1834
P5: c015001b
P6: 0x3a11cdff
P7: 
P8: 
P9: 
P10: 

Attached files:
\\?\C:\Windows\Logs\CBS\CBS.log
\\?\C:\WINDOWS\servicing\Sessions\Sessions.xml
\\?\C:\WINDOWS\WinSxs\poqexec.log
\\?\C:\WINDOWS\Logs\Cbs\FilterList.log
\\?\C:\ProgramData\Microsoft\Windows\WER\Temp\WER.b1032245-714d-4bd3-b5f1-69cb4169e790.tmp.WERInternalMetadata.xml
\\?\C:\ProgramData\Microsoft\Windows\WER\ReportQueue\Critical_10.0.26100.8247__6e41ace63abff77d342c231c6eb44472a3f2f3b_00000000_cab_09281017-557b-4d87-aad0-f0c2bc46170d\WPR_initiated_DiagTrackMiniLogger_OneTrace_User_Logger_20260418_1_EC_0_inject.etl
\\?\C:\ProgramData\Microsoft\Windows\WER\Temp\WER.e663b784-ca0a-490d-88de-0abb31064834.tmp.etl
\\?\C:\ProgramData\Microsoft\Windows\WER\ReportQueue\Critical_10.0.26100.8247__6e41ace63abff77d342c231c6eb44472a3f2f3b_00000000_cab_09281017-557b-4d87-aad0-f0c2bc46170d\WPR_initiated_DiagTrackMiniLogger_WPR System Collector_inject.etl
\\?\C:\ProgramData\Microsoft\Windows\WER\Temp\WER.b9f92bdc-8e99-4d34-864a-c0b2df966475.tmp.etl
\\?\C:\ProgramData\Microsoft\Windows\WER\Temp\WER.231a9427-d760-4878-aae5-7c2d02434c15.tmp.csv
\\?\C:\ProgramData\Microsoft\Windows\WER\Temp\WER.ef6db98a-0b38-4fa9-b129-f679371e6a8d.tmp.txt
\\?\C:\ProgramData\Microsoft\Windows\WER\Temp\WER.ee0bb547-59a5-452e-afc2-8f5ac5b4c2da.tmp.xml
\\?\C:\ProgramData\Microsoft\Windows\WER\Temp\WER.78aeb2c7-5ba9-4ca5-b5c9-2ff8e31e9856.tmp.mdmp
\\?\C:\ProgramData\Microsoft\Windows\WER\ReportQueue\Critical_10.0.26100.8247__6e41ace63abff77d342c231c6eb44472a3f2f3b_00000000_cab_09281017-557b-4d87-aad0-f0c2bc46170d\memory.hdmp
\\?\C:\Windows\SystemTemp\WER.63d641de-6daa-4f3e-88bb-93e02fbc635b.tmp.WERDataCollectionStatus.txt

These files may be available here:
\\?\C:\ProgramData\Microsoft\Windows\WER\ReportQueue\Critical_10.0.26100.8247__6e41ace63abff77d342c231c6eb44472a3f2f3b_00000000_cab_09281017-557b-4d87-aad0-f0c2bc46170d

Analysis symbol: 
Rechecking for solution: 0
Report Id: 09281017-557b-4d87-aad0-f0c2bc46170d
Report Status: 4
Hashed bucket: 
Cab Guid: 0"
"20-04-2026 22:17:44","Service Control Manager","Information","The start type of the Visual Studio Installer Elevation Service service was changed from demand start to disabled."
"20-04-2026 22:17:21","Service Control Manager","Information","The start type of the Bonjour Service service was changed from auto start to disabled."
"20-04-2026 22:17:20","Bonjour Service",,
"20-04-2026 22:17:12","Service Control Manager","Information","The start type of the HP One Agent Service service was changed from auto start to disabled."
"20-04-2026 22:13:40","Service Control Manager","Information","The start type of the Windows Modules Installer service was changed from demand start to auto start."
"20-04-2026 22:13:39","VSS","Information","The VSS service is shutting down due to idle timeout. "
"20-04-2026 22:11:33","Microsoft-Windows-Defrag","Information","The storage optimizer successfully completed analysis on Windows (C:)"
"20-04-2026 22:10:22","Service Control Manager","Information","A service was installed in the system.

Service Name:  Avast Cleanup service
Service File Name:  ""C:\Program Files\Avast Software\Cleanup\TuneupSvc.exe""
Service Type:  user mode service
Service Start Type:  auto start
Service Account:  LocalSystem"
"20-04-2026 22:08:31","Service Control Manager","Information","The start type of the Background Intelligent Transfer Service service was changed from auto start to demand start."
"20-04-2026 22:02:13","Service Control Manager","Information","The start type of the Background Intelligent Transfer Service service was changed from demand start to auto start."
"20-04-2026 22:01:45","Service Control Manager","Information","The start type of the Background Intelligent Transfer Service service was changed from auto start to demand start."
"20-04-2026 21:58:05","Microsoft-Windows-Security-SPP","Information","Successfully scheduled Software Protection service for re-start at 2126-03-27T16:28:05Z. Reason: RulesEngine."
"20-04-2026 21:57:34","Microsoft-Windows-Security-SPP","Information","Offline downlevel migration succeeded."
"20-04-2026 21:52:46",".NET Runtime","Error",".NET Runtime version 4.0.30319.0 - There was a failure initializing profiling API attach infrastructure.  This process will not allow a profiler to attach.  HRESULT: 0x80004005.  Process ID (decimal): 29208.  Message ID: [0x2509]."
"20-04-2026 21:49:24","Microsoft-Windows-DistributedCOM","Warning","The application-specific permission settings do not grant Local Activation permission for the COM Server application with CLSID 
{2593F8B9-4EAF-457C-B68A-50F6B8EA6B54}
 and APPID 
{15C20B67-12E7-4BB6-92BB-7AFF07997402}
 to the user Priyanshu\priya SID (S-1-5-21-1258550371-3975648611-2483462874-1001) from address LocalHost (Using LRPC) running in the application container Unavailable SID (Unavailable). This security permission can be modified using the Component Services administrative tool."
"20-04-2026 21:48:26","Microsoft-Windows-DistributedCOM","Warning","The application-specific permission settings do not grant Local Activation permission for the COM Server application with CLSID 
{8BC3F05E-D86B-11D0-A075-00C04FB68820}
 and APPID 
{8BC3F05E-D86B-11D0-A075-00C04FB68820}
 to the user Priyanshu\priya SID (S-1-5-21-1258550371-3975648611-2483462874-1001) from address LocalHost (Using LRPC) running in the application container Unavailable SID (S-1-15-2-3603324674-2760441096-3183017355-394247582-2966534247-3057207505-2945788474). This security permission can be modified using the Component Services administrative tool."
"20-04-2026 21:47:34","Microsoft-Windows-Security-SPP","Information","Successfully scheduled Software Protection service for re-start at 2126-03-27T16:17:34Z. Reason: RulesEngine."
"20-04-2026 21:46:50","Microsoft-Windows-Kernel-General","Information","The system time has changed to ?2026?-?04?-?20T16:16:48.985080800Z from ?2026?-?04?-?20T16:16:48.984839800Z.
Time Delta: 0 ms

Change Reason: An application or system component changed the time.
Process: '\Device\HarddiskVolume3\Windows\System32\svchost.exe' (PID 24396).

RTC time: ?2026?-?04?-?20T21:46:48.985080800Z
Current time zone bias: -330
RTC time is in UTC: false
System time was based on RTC time: false"
"20-04-2026 21:46:50","Microsoft-Windows-HAL","Error","The hardware real-time clock was not set because evaluation of the ACPI Time and Alarm Device method failed.  Status: 0xC0000001."
"20-04-2026 21:46:48","Microsoft-Windows-Kernel-General","Information","The time zone information was refreshed with exit reason 0. Current time zone bias is -330."
"20-04-2026 21:46:48","Microsoft-Windows-Time-Service","Information","The time service is now synchronizing the system time with the time source time.windows.com,0x9 (ntp.m|0x9|[::]:123->[64:ff9b::2851:5e41]:123) with reference id 3611644667. Current local stratum number is 4."
"20-04-2026 21:46:47","Microsoft-Windows-Security-SPP","Information","Offline downlevel migration succeeded."
"20-04-2026 21:46:46","Microsoft-Windows-Security-SPP","Information","Successfully scheduled Software Protection service for re-start at 2126-03-27T16:16:46Z. Reason: RulesEngine."
"20-04-2026 21:46:33","Microsoft-Windows-Time-Service","Information","The time provider NtpClient is currently receiving valid time data from time.windows.com,0x9 (ntp.m|0x9|[::]:123->[64:ff9b::2851:5e41]:123)."
"20-04-2026 21:46:05","Universal Print","Information","Initialization Successful. Enabled=false, CloudPrintSolution=Unknown, DiscoveryEndpoint=, OAuthAuthority=, OAuthClientId=, DiscoveryResourceId=, PrintResourceId="
"20-04-2026 21:46:05","Universal Print","Information","Device is neither AAD/Domain Joined or Workplace Joined."
"20-04-2026 21:46:03","ELAN/Service",,
"20-04-2026 21:46:02","ELAN/Service",,
"20-04-2026 21:46:02","ELAN/Service",,
"20-04-2026 21:45:58","Microsoft-Windows-Kernel-General","Information","The access history in hive \??\C:\Users\WsiAccount\NTUSER.DAT was cleared updating 652 keys and creating 120 modified pages."
"20-04-2026 21:45:56","Windows Error Reporting","Information","Fault bucket 1237008490351825174, type 5
Event Name: WUDFHostProblem2
Response: Not available
Cab Id: 0

Problem signature:
P1: HostProblem2
P2: HostTimeout
P3: 2
P4: 2.35.0
P5: 103
P6: 3
P7: 11b17
P8: ffffffffffffffff
P9: wpdmtpdr.dll
P10: 

Attached files:
\\?\C:\ProgramData\Microsoft\WDF\DriverManager_1292.mdmp
\\?\C:\ProgramData\Microsoft\WDF\DriverManager_1292Heap.hdmp
\\?\C:\ProgramData\Microsoft\Windows\WER\Temp\WER.5d5ebdd3-eab3-4583-ba5f-b82ff05c34c3.tmp.WERInternalMetadata.xml
\\?\C:\ProgramData\Microsoft\Windows\WER\ReportQueue\NonCritical_HostProblem2_c02c63a6cd789a7dfde1cb7c93869c4c9df68e_00000000_cab_8972d8be-9e91-455b-8cb7-17cfcc1f096d\WPR_initiated_DiagTrackMiniLogger_OneTrace_User_Logger_20260418_1_EC_0_inject.etl
\\?\C:\ProgramData\Microsoft\Windows\WER\Temp\WER.98e3cb19-57f6-4afd-8422-f70284608590.tmp.etl
\\?\C:\ProgramData\Microsoft\Windows\WER\ReportQueue\NonCritical_HostProblem2_c02c63a6cd789a7dfde1cb7c93869c4c9df68e_00000000_cab_8972d8be-9e91-455b-8cb7-17cfcc1f096d\WPR_initiated_DiagTrackMiniLogger_WPR System Collector_inject.etl
\\?\C:\ProgramData\Microsoft\Windows\WER\Temp\WER.e404ff0c-a14b-42da-9103-259d8ddbd26a.tmp.etl
\\?\C:\ProgramData\Microsoft\Windows\WER\Temp\WER.e54c2e55-1414-4186-85f0-5831f2674de3.tmp.csv
\\?\C:\ProgramData\Microsoft\Windows\WER\Temp\WER.453f04c2-dd4e-4c8d-aa6c-448e189547c4.tmp.txt
\\?\C:\ProgramData\Microsoft\Windows\WER\Temp\WER.f0122de0-3f05-4efe-ac26-e91ded651e16.tmp.xml

These files may be available here:
\\?\C:\ProgramData\Microsoft\Windows\WER\ReportArchive\NonCritical_HostProblem2_c02c63a6cd789a7dfde1cb7c93869c4c9df68e_00000000_8972d8be-9e91-455b-8cb7-17cfcc1f096d

Analysis symbol: 
Rechecking for solution: 0
Report Id: cfec15e1-2739-4e04-b297-1d21188c3447
Report Status: 268435462
Hashed bucket: 635f3ca0292fd977b12abcab03901116
Cab Guid: 0"
"20-04-2026 21:45:52","BTHUSB","Information","Windows cannot store Bluetooth authentication codes (link keys) on the local adapter. Bluetooth keyboards might not work in the system BIOS during startup."
"20-04-2026 21:45:51","Microsoft-Windows-Security-SPP","Information","Offline downlevel migration succeeded."
"20-04-2026 21:45:48","Service Control Manager","Information","The start type of the Background Intelligent Transfer Service service was changed from demand start to auto start."
"20-04-2026 21:45:47","ELAN/Service",,
"20-04-2026 21:45:46","ELAN/Service",,
"20-04-2026 21:45:46","ELAN/Service",,
"20-04-2026 21:45:46","ELAN/Service",,
"20-04-2026 21:45:46","ELAN/Service",,
"20-04-2026 21:45:46","ELAN/Service",,
"20-04-2026 21:45:46","ELAN/Service",,
"20-04-2026 21:45:46","ELAN/Service",,
"20-04-2026 21:45:46","HP Comm Recovery","Information","Resume from Connected Standby"
"20-04-2026 21:45:46","Microsoft-Windows-Kernel-Power","Information","The system session has transitioned from 101 to 102.

Reason PolicyChange 

BootId: 269"
"20-04-2026 21:45:46","Microsoft-Windows-Kernel-Power","Information","The system is exiting Modern Standby 

Reason: Lid."
"20-04-2026 21:45:45","Microsoft-Windows-Kernel-Power","Information","Connectivity state in standby: Connected, Reason: None"
"20-04-2026 21:45:45","ELAN/Service",,
"20-04-2026 21:45:45","ELAN/Service",,
"20-04-2026 21:45:45","ELAN/Service",,
"20-04-2026 21:45:45","ELAN/Service",,
"20-04-2026 21:45:45","ELAN/Service",,
"20-04-2026 21:45:45","ELAN/Service",,
"20-04-2026 21:45:45","Win32k","Warning","Power Manager has not requested suppression of all input (INPUT_SUPPRESS_REQUEST=0)"
"20-04-2026 21:45:45","Win32k","Warning","Power Manager has not requested suppression of all input (INPUT_SUPPRESS_REQUEST=0)"
"20-04-2026 21:45:02","Microsoft-Windows-USB-USBHUB3","Warning","USB device draining system power when system is idle.             
             
USB Device: VID: 0x18D1 PID: 0x4EE1 REV: 0x510             
Removal action failed: SkippedAsRecentIoObservered"
"20-04-2026 21:43:35","Microsoft-Windows-Kernel-Power","Information","Connectivity state in standby: Disconnected, Reason: Adaptive Connected Standby"
"20-04-2026 21:43:28","Microsoft-Windows-Kernel-Power","Information","The system session has transitioned from 100 to 101.

Reason InputMouse 

BootId: 269"
"20-04-2026 21:43:24","Windows Error Reporting","Information","Fault bucket , type 0
Event Name: WUDFHostProblem2
Response: Not available
Cab Id: 0

Problem signature:
P1: HostProblem2
P2: HostTimeout
P3: 2
P4: 2.35.0
P5: 103
P6: 3
P7: 11b17
P8: ffffffffffffffff
P9: wpdmtpdr.dll
P10: 

Attached files:
\\?\C:\ProgramData\Microsoft\WDF\DriverManager_1292.mdmp
\\?\C:\ProgramData\Microsoft\WDF\DriverManager_1292Heap.hdmp
\\?\C:\ProgramData\Microsoft\Windows\WER\Temp\WER.5d5ebdd3-eab3-4583-ba5f-b82ff05c34c3.tmp.WERInternalMetadata.xml
\\?\C:\ProgramData\Microsoft\Windows\WER\ReportQueue\NonCritical_HostProblem2_c02c63a6cd789a7dfde1cb7c93869c4c9df68e_00000000_cab_8972d8be-9e91-455b-8cb7-17cfcc1f096d\WPR_initiated_DiagTrackMiniLogger_OneTrace_User_Logger_20260418_1_EC_0_inject.etl
\\?\C:\ProgramData\Microsoft\Windows\WER\Temp\WER.98e3cb19-57f6-4afd-8422-f70284608590.tmp.etl
\\?\C:\ProgramData\Microsoft\Windows\WER\ReportQueue\NonCritical_HostProblem2_c02c63a6cd789a7dfde1cb7c93869c4c9df68e_00000000_cab_8972d8be-9e91-455b-8cb7-17cfcc1f096d\WPR_initiated_DiagTrackMiniLogger_WPR System Collector_inject.etl
\\?\C:\ProgramData\Microsoft\Windows\WER\Temp\WER.e404ff0c-a14b-42da-9103-259d8ddbd26a.tmp.etl
\\?\C:\ProgramData\Microsoft\Windows\WER\Temp\WER.e54c2e55-1414-4186-85f0-5831f2674de3.tmp.csv
\\?\C:\ProgramData\Microsoft\Windows\WER\Temp\WER.453f04c2-dd4e-4c8d-aa6c-448e189547c4.tmp.txt
\\?\C:\ProgramData\Microsoft\Windows\WER\Temp\WER.f0122de0-3f05-4efe-ac26-e91ded651e16.tmp.xml

These files may be available here:
\\?\C:\ProgramData\Microsoft\Windows\WER\ReportQueue\NonCritical_HostProblem2_c02c63a6cd789a7dfde1cb7c93869c4c9df68e_00000000_cab_8972d8be-9e91-455b-8cb7-17cfcc1f096d

Analysis symbol: 
Rechecking for solution: 0
Report Id: cfec15e1-2739-4e04-b297-1d21188c3447
Report Status: 6
Hashed bucket: 
Cab Guid: 0"
"20-04-2026 21:43:24","HP Comm Recovery","Information","PowerEvent handled successfully by the service."
"20-04-2026 21:43:24","igccservice","Information","PowerEvent handled successfully by the service."
"20-04-2026 21:43:24","HP Comm Recovery","Information","Resume from Connected Standby"
"20-04-2026 21:43:23","Microsoft-Windows-Time-Service","Warning","NtpClient was unable to set a manual peer to use as a time source because of DNS resolution error on 'time.windows.com,0x9'. NtpClient will try again in 15 minutes and double the reattempt interval thereafter. The error was: No such host is known. (0x80072AF9)"
"20-04-2026 21:43:23","Microsoft-Windows-USB-USBHUB3","Information","Re-enumerating a DRIPS blocking device that was previously removed when exiting low power epoch.             
             
USB Device: VID: 0x22B8 PID: 0x2E82 REV: 0x504             
IsPortCycle: true"
"20-04-2026 21:43:23","Microsoft-Windows-Kernel-Power","Information","The system is entering Modern Standby 

Reason: AC/DC Display Burst Suppressed."
"20-04-2026 21:43:23","Microsoft-Windows-Kernel-Power","Information","The system session has transitioned from 99 to 100.

Reason InputMouse 

BootId: 269"
"20-04-2026 21:43:23","Microsoft-Windows-Kernel-Power","Information","The system is exiting Modern Standby 

Reason: AC/DC Display Burst Suppressed."
"20-04-2026 21:43:23","HP Comm Recovery","Information","PowerEvent handled successfully by the service."
"20-04-2026 21:43:23","igccservice","Information","PowerEvent handled successfully by the service."
"20-04-2026 21:43:23","Microsoft-Windows-Kernel-Power","Information","Power source change."
"20-04-2026 21:21:50","Microsoft-Windows-DistributedCOM","Error","The server {AB8902B4-09CA-4BB6-B78D-A8F59079A8D5} did not register with DCOM within the required timeout."
"20-04-2026 21:20:20","Microsoft-Windows-Time-Service","Warning","NtpClient was unable to set a manual peer to use as a time source because of DNS resolution error on 'time.windows.com,0x9'. NtpClient will try again in 15 minutes and double the reattempt interval thereafter. The error was: No such host is known. (0x80072AF9)"
"20-04-2026 21:20:20","Microsoft-Windows-DistributedCOM","Error","The server {AB8902B4-09CA-4BB6-B78D-A8F59079A8D5} did not register with DCOM within the required timeout."
"20-04-2026 21:17:23","Service Control Manager","Error","A timeout (30000 milliseconds) was reached while waiting for a transaction response from the hp-one-agent-service service."
"20-04-2026 21:16:40","Microsoft-Windows-USB-USBHUB3","Information","Re-enumerating a DRIPS blocking device that was previously removed when exiting low power epoch.             
             
USB Device: VID: 0x22B8 PID: 0x2E82 REV: 0x504             
IsPortCycle: false"
"20-04-2026 21:16:40","Microsoft-Windows-USB-USBHUB3","Warning","USB device draining system power when system is idle.             
             
USB Device: VID: 0x22B8 PID: 0x2E82 REV: 0x504             
Removal action failed: QueryRemovalInitiated"
"20-04-2026 21:15:58","Microsoft-Windows-Kernel-Power","Information","The system session has transitioned from 98 to 99.

Reason SessionUnlock 

BootId: 269"
"20-04-2026 21:15:02","SecurityCenter","Information","Updated Windows Defender status successfully to SECURITY_PRODUCT_STATE_ON."
"20-04-2026 21:15:00","SecurityCenter","Information","Updated Windows Defender status successfully to SECURITY_PRODUCT_STATE_ON."
"20-04-2026 21:14:59","HP Comm Recovery","Information","Resume from Connected Standby"
"20-04-2026 21:14:58","Microsoft-Windows-Kernel-Power","Information","The system is entering Modern Standby 

Reason: 16777220."
"20-04-2026 21:14:58","Microsoft-Windows-Kernel-Power","Information","The system session has transitioned from 97 to 98.

Reason 16777220 

BootId: 269"
"20-04-2026 21:14:58","Microsoft-Windows-Kernel-Power","Information","The system is exiting Modern Standby 

Reason: 16777220."
"20-04-2026 21:14:57","Microsoft-Windows-Kernel-Power","Information","The system session has transitioned from 96 to 97.

Reason SessionUnlock 

BootId: 269"
"20-04-2026 21:10:40","Universal Print","Information","Initialization Successful. Enabled=false, CloudPrintSolution=Unknown, DiscoveryEndpoint=, OAuthAuthority=, OAuthClientId=, DiscoveryResourceId=, PrintResourceId="
"20-04-2026 21:10:40","Universal Print","Information","Device is neither AAD/Domain Joined or Workplace Joined."
"20-04-2026 21:10:26","Service Control Manager","Information","The start type of the Background Intelligent Transfer Service service was changed from auto start to demand start."
"20-04-2026 21:10:02","Microsoft-Windows-Security-SPP","Information","Successfully scheduled Software Protection service for re-start at 2126-03-27T15:40:02Z. Reason: RulesEngine."
