"21-04-2026 16:36:05","Microsoft-Windows-Security-SPP","Information","Successfully scheduled Software Protection service for re-start at 2126-03-28T11:06:05Z. Reason: RulesEngine."
"21-04-2026 16:35:35","Microsoft-Windows-Security-SPP","Information","Offline downlevel migration succeeded."
"21-04-2026 16:34:36","HP Comm Recovery","Information","PowerEvent handled successfully by the service."
"21-04-2026 16:34:36","igccservice","Information","PowerEvent handled successfully by the service."
"21-04-2026 16:15:56","Microsoft-Windows-Security-SPP","Information","Successfully scheduled Software Protection service for re-start at 2126-03-28T10:45:56Z. Reason: RulesEngine."
"21-04-2026 16:15:25","Microsoft-Windows-Security-SPP","Information","Offline downlevel migration succeeded."
"21-04-2026 16:14:35","Microsoft-Windows-Security-SPP","Information","Successfully scheduled Software Protection service for re-start at 2126-03-28T10:44:35Z. Reason: RulesEngine."
"21-04-2026 16:14:05","Microsoft-Windows-Security-SPP","Information","Offline downlevel migration succeeded."
"21-04-2026 16:09:28","Microsoft-Windows-DistributedCOM","Warning","The application-specific permission settings do not grant Local Activation permission for the COM Server application with CLSID 
{8BC3F05E-D86B-11D0-A075-00C04FB68820}
 and APPID 
{8BC3F05E-D86B-11D0-A075-00C04FB68820}
 to the user Priyanshu\priya SID (S-1-5-21-1258550371-3975648611-2483462874-1001) from address LocalHost (Using LRPC) running in the application container Unavailable SID (S-1-15-2-1443680574-3098133750-1975908614-1434001824-3807293601-1513568136-65318424). This security permission can be modified using the Component Services administrative tool."
"21-04-2026 16:09:10","Microsoft-Windows-DistributedCOM","Warning","The application-specific permission settings do not grant Local Activation permission for the COM Server application with CLSID 
{2593F8B9-4EAF-457C-B68A-50F6B8EA6B54}
 and APPID 
{15C20B67-12E7-4BB6-92BB-7AFF07997402}
 to the user Priyanshu\priya SID (S-1-5-21-1258550371-3975648611-2483462874-1001) from address LocalHost (Using LRPC) running in the application container Unavailable SID (Unavailable). This security permission can be modified using the Component Services administrative tool."
"21-04-2026 16:06:26","ELAN/Service",,
"21-04-2026 16:06:25","ELAN/Service",,
"21-04-2026 16:06:25","ELAN/Service",,
"21-04-2026 16:06:23","HP Comm Recovery","Information","PowerEvent handled successfully by the service."
"21-04-2026 16:06:23","igccservice","Information","PowerEvent handled successfully by the service."
"21-04-2026 16:06:22","ELAN/Service",,
"21-04-2026 16:06:21","HP Comm Recovery","Information","Resume from Connected Standby"
"21-04-2026 16:06:21","ELAN/Service",,
"21-04-2026 16:06:21","ELAN/Service",,
"21-04-2026 16:06:21","ELAN/Service",,
"21-04-2026 16:06:21","ELAN/Service",,
"21-04-2026 16:06:20","ELAN/Service",,
"21-04-2026 16:06:20","ELAN/Service",,
"21-04-2026 16:06:20","Microsoft-Windows-Kernel-Power","Information","The system session has transitioned from 40 to 41.

Reason AcDcBurst 

BootId: 270"
"21-04-2026 16:06:20","Microsoft-Windows-Kernel-Power","Information","The system is exiting Modern Standby 

Reason: AC/DC Display Burst."
"21-04-2026 16:06:20","HP Comm Recovery","Information","PowerEvent handled successfully by the service."
"21-04-2026 16:06:20","igccservice","Information","PowerEvent handled successfully by the service."
"21-04-2026 16:06:20","Microsoft-Windows-Kernel-Power","Information","Power source change."
"21-04-2026 16:06:18","Microsoft-Windows-Kernel-Power","Information","The system session has transitioned from 39 to 40.

Reason SessionUnlock 

BootId: 270"
"21-04-2026 16:05:52","ELAN/Service",,
"21-04-2026 16:05:51","ELAN/Service",,
"21-04-2026 16:05:51","ELAN/Service",,
"21-04-2026 16:05:51","ELAN/Service",,
"21-04-2026 16:05:50","ELAN/Service",,
"21-04-2026 16:05:50","ELAN/Service",,
"21-04-2026 16:05:50","ELAN/Service",,
"21-04-2026 16:05:50","ELAN/Service",,
"21-04-2026 16:05:50","ELAN/Service",,
"21-04-2026 16:05:50","ELAN/Service",,
"21-04-2026 16:05:50","ELAN/Service",,
"21-04-2026 16:05:50","Microsoft-Windows-Kernel-Power","Information","The system is entering Modern Standby 

Reason: Idle Timeout."
"21-04-2026 16:05:50","Microsoft-Windows-Kernel-Power","Information","The system session has transitioned from 38 to 39.

Reason SessionUnlock 

BootId: 270"
"21-04-2026 16:05:49","HP Comm Recovery","Information","PowerEvent handled successfully by the service."
"21-04-2026 16:05:49","igccservice","Information","PowerEvent handled successfully by the service."
"21-04-2026 16:05:49","ELAN/Service",,
"21-04-2026 16:05:49","ELAN/Service",,
"21-04-2026 16:05:49","ELAN/Service",,
"21-04-2026 16:05:49","ELAN/Service",,
"21-04-2026 16:05:49","ELAN/Service",,
"21-04-2026 16:05:49","ELAN/Service",,
"21-04-2026 16:05:48","HP Comm Recovery","Information","PowerEvent handled successfully by the service."
"21-04-2026 16:05:48","igccservice","Information","PowerEvent handled successfully by the service."
"21-04-2026 16:05:48","Microsoft-Windows-Kernel-Power","Information","Power source change."
"21-04-2026 15:52:05","ELAN/Service",,
"21-04-2026 15:52:04","ELAN/Service",,
"21-04-2026 15:52:04","ELAN/Service",,
"21-04-2026 15:52:00","ELAN/Service",,
"21-04-2026 15:52:00","HP Comm Recovery","Information","Resume from Connected Standby"
"21-04-2026 15:51:59","ELAN/Service",,
"21-04-2026 15:51:59","ELAN/Service",,
"21-04-2026 15:51:59","ELAN/Service",,
"21-04-2026 15:51:59","ELAN/Service",,
"21-04-2026 15:51:59","ELAN/Service",,
"21-04-2026 15:51:59","ELAN/Service",,
"21-04-2026 15:51:59","Microsoft-Windows-Kernel-Power","Information","The system session has transitioned from 37 to 38.

Reason InputPoUserPresent 

BootId: 270"
"21-04-2026 15:51:59","Microsoft-Windows-Kernel-Power","Information","The system is exiting Modern Standby 

Reason: Input Touchpad."
"21-04-2026 15:51:48","Microsoft-Windows-Kernel-Power","Information","The system session has transitioned from 36 to 37.

Reason SessionUnlock 

BootId: 270"
"21-04-2026 15:51:42","ELAN/Service",,
"21-04-2026 15:51:41","ELAN/Service",,
"21-04-2026 15:51:41","ELAN/Service",,
"21-04-2026 15:51:41","ELAN/Service",,
"21-04-2026 15:51:40","Microsoft-Windows-Kernel-Power","Information","The system is entering Modern Standby 

Reason: Idle Timeout."
"21-04-2026 15:51:40","Microsoft-Windows-Kernel-Power","Information","The system session has transitioned from 35 to 36.

Reason SessionUnlock 

BootId: 270"
"21-04-2026 15:51:40","ELAN/Service",,
"21-04-2026 15:51:40","ELAN/Service",,
"21-04-2026 15:51:40","ELAN/Service",,
"21-04-2026 15:51:40","ELAN/Service",,
"21-04-2026 15:51:40","ELAN/Service",,
"21-04-2026 15:51:40","ELAN/Service",,
"21-04-2026 15:51:26","ELAN/Service",,
"21-04-2026 15:51:25","ELAN/Service",,
"21-04-2026 15:51:25","ELAN/Service",,
"21-04-2026 15:51:25","ELAN/Service",,
"21-04-2026 15:51:25","ELAN/Service",,
"21-04-2026 15:51:25","ELAN/Service",,
"21-04-2026 15:51:25","ELAN/Service",,
"21-04-2026 15:41:41","ELAN/Service",,
"21-04-2026 15:41:40","ELAN/Service",,
"21-04-2026 15:41:40","ELAN/Service",,
"21-04-2026 15:41:40","ELAN/Service",,
"21-04-2026 15:41:40","ELAN/Service",,
"21-04-2026 15:41:40","ELAN/Service",,
"21-04-2026 15:41:40","ELAN/Service",,
"21-04-2026 15:41:39","ELAN/Service",,
"21-04-2026 15:41:38","ELAN/Service",,
"21-04-2026 15:41:38","ELAN/Service",,
"21-04-2026 15:41:38","ELAN/Service",,
"21-04-2026 15:41:38","ELAN/Service",,
"21-04-2026 15:41:38","ELAN/Service",,
"21-04-2026 15:41:38","ELAN/Service",,
"21-04-2026 15:30:30","Universal Print","Information","Initialization Successful. Enabled=false, CloudPrintSolution=Unknown, DiscoveryEndpoint=, OAuthAuthority=, OAuthClientId=, DiscoveryResourceId=, PrintResourceId="
"21-04-2026 15:30:30","Universal Print","Information","Device is neither AAD/Domain Joined or Workplace Joined."
"21-04-2026 15:19:03","Microsoft-Windows-Security-SPP","Information","Successfully scheduled Software Protection service for re-start at 2126-03-28T09:49:03Z. Reason: RulesEngine."
"21-04-2026 15:18:33","Microsoft-Windows-Security-SPP","Information","Offline downlevel migration succeeded."
"21-04-2026 15:15:36","Service Control Manager","Information","The start type of the Background Intelligent Transfer Service service was changed from auto start to demand start."
"21-04-2026 15:13:46","Edge","Information","[21176:22748:0421/151346.837:INFO:chrome\browser\extensions\extension_garbage_collector.cc:188] Garbage collection for extensions on file thread is complete."
"21-04-2026 15:13:22","Service Control Manager","Information","The start type of the Background Intelligent Transfer Service service was changed from demand start to auto start."
"21-04-2026 15:13:16","Microsoft-Windows-IsolatedUserMode","Information","Secure Trustlet NULL Id 0 and Pid 0 started with status STATUS_SUCCESS."
"21-04-2026 15:13:16","Microsoft-Windows-IsolatedUserMode","Information","Secure Trustlet Id 0 and Pid 0 stopped with status STATUS_SUCCESS."
"21-04-2026 15:12:54","Microsoft-Windows-Security-SPP","Information","Successfully scheduled Software Protection service for re-start at 2126-03-28T09:42:54Z. Reason: RulesEngine."
"21-04-2026 15:12:24","Microsoft-Windows-Security-SPP","Information","Offline downlevel migration succeeded."
"21-04-2026 15:11:41","Service Control Manager","Information","The start type of the Background Intelligent Transfer Service service was changed from auto start to demand start."
"21-04-2026 15:10:49","Microsoft-Windows-Security-SPP","Information","Successfully scheduled Software Protection service for re-start at 2126-03-28T09:40:49Z. Reason: RulesEngine."
"21-04-2026 15:10:18","Microsoft-Windows-Security-SPP","Information","The Software Protection service has completed licensing status check.
Application Id=0ff1ce15-a989-479d-af46-f275c6370663
Licensing Status=
1: fb3540bc-a824-4c79-83da-6f6bd3ac6ccb, 1, 0 [(0 [0xC004F014, 0, 0], [(?)(?)(?)(?)(?)(?)(?)(?)])(1 )(2 )(3 )]

"
"21-04-2026 15:10:18","Microsoft-Windows-Security-SPP","Information","The Software Protection service has completed licensing status check.
Application Id=55c92734-d682-4d71-983e-d6ec3f16059f
Licensing Status=
1: ed799377-74b8-4989-a244-14d082e65972, 1, 0 [(0 [0xC004F014, 0, 0], [(?)(?)(?)(?)(?)(?)(?)(?)])(1 )(2 )(3 )]

"
"21-04-2026 15:10:18","Microsoft-Windows-Security-SPP","Information","The Software Protection service has completed licensing status check.
Application Id=55c92734-d682-4d71-983e-d6ec3f16059f
Licensing Status=
1: e371d89a-73e8-4b24-a7ff-23a3641dd18e, 1, 0 [(0 [0xC004F014, 0, 0], [(?)(?)(?)(?)(?)(?)(?)(?)])(1 )(2 )(3 )]

"
"21-04-2026 15:10:17","Microsoft-Windows-Security-SPP","Information","The Software Protection service has completed licensing status check.
Application Id=55c92734-d682-4d71-983e-d6ec3f16059f
Licensing Status=
1: da9621af-f086-4244-b563-18611e51aa1a, 1, 0 [(0 [0xC004F014, 0, 0], [(?)(?)(?)(?)(?)(?)(?)(?)])(1 )(2 )(3 )]

"
"21-04-2026 15:10:17","Microsoft-Windows-Security-SPP","Information","The Software Protection service has completed licensing status check.
Application Id=0ff1ce15-a989-479d-af46-f275c6370663
Licensing Status=
1: d7279dd0-e175-49fe-a623-8fc2fc00afc4, 1, 1 [(0 )(1 )(2 )(3 [0x00000000, 0, 0], [( 6 0xC004F009 5 0)( 1 0x00000000)( 6 0xC004F009 5 0)(?)(?)(?)( 10 0x00000000 msft:rm/algorithm/flags/1.0)( 11 0x00000000 0xC004F009)])]

"
"21-04-2026 15:10:17","Microsoft-Windows-Security-SPP","Information","The Software Protection service has completed licensing status check.
Application Id=55c92734-d682-4d71-983e-d6ec3f16059f
Licensing Status=
1: cd918a57-a41b-4c82-8dce-1a538e221a83, 1, 0 [(0 [0xC004F014, 0, 0], [(?)(?)(?)(?)(?)(?)(?)(?)])(1 )(2 )(3 )]

"
"21-04-2026 15:10:16","Microsoft-Windows-Security-SPP","Information","The Software Protection service has completed licensing status check.
Application Id=0ff1ce15-a989-479d-af46-f275c6370663
Licensing Status=
1: c85fe025-b033-4f41-936b-b121521ba1c1, 1, 0 [(0 [0xC004F014, 0, 0], [(?)(?)(?)(?)(?)(?)(?)(?)])(1 )(2 )(3 )]

"
"21-04-2026 15:10:16","Microsoft-Windows-Security-SPP","Information","The Software Protection service has completed licensing status check.
Application Id=0ff1ce15-a989-479d-af46-f275c6370663
Licensing Status=
1: b58a5943-16ea-420f-a611-7b230acd762c, 1, 0 [(0 [0xC004F014, 0, 0], [(?)(?)(?)(?)(?)(?)(?)(?)])(1 )(2 )(3 )]

"
"21-04-2026 15:10:15","Microsoft-Windows-Security-SPP","Information","The Software Protection service has completed licensing status check.
Application Id=0ff1ce15-a989-479d-af46-f275c6370663
Licensing Status=
1: b4af11be-5f94-4d8f-9844-ce0d5e0d8680, 1, 0 [(0 [0xC004F014, 0, 0], [(?)(?)(?)(?)(?)(?)(?)(?)])(1 )(2 )(3 )]

"
"21-04-2026 15:10:15","Microsoft-Windows-Security-SPP","Information","The Software Protection service has completed licensing status check.
Application Id=0ff1ce15-a989-479d-af46-f275c6370663
Licensing Status=
1: ae9d158f-9450-4a0c-8c80-dd973c58357c, 1, 0 [(0 [0xC004F014, 0, 0], [(?)(?)(?)(?)(?)(?)(?)(?)])(1 )(2 )(3 )]

"
"21-04-2026 15:10:14","Microsoft-Windows-Security-SPP","Information","The Software Protection service has completed licensing status check.
Application Id=0ff1ce15-a989-479d-af46-f275c6370663
Licensing Status=
1: a96f8dae-da54-4fad-bdc6-108da592707a, 1, 0 [(0 [0xC004F014, 0, 0], [(?)(?)(?)(?)(?)(?)(?)(?)])(1 )(2 )(3 )]

"
"21-04-2026 15:10:14","Microsoft-Windows-Security-SPP","Information","The Software Protection service has completed licensing status check.
Application Id=0ff1ce15-a989-479d-af46-f275c6370663
Licensing Status=
1: a570c5df-b1a3-485c-a8cd-b47e90787ba8, 1, 0 [(0 [0xC004F014, 0, 0], [(?)(?)(?)(?)(?)(?)(?)(?)])(1 )(2 )(3 )]

"
"21-04-2026 15:10:13","Microsoft-Windows-Security-SPP","Information","The Software Protection service has completed licensing status check.
Application Id=0ff1ce15-a989-479d-af46-f275c6370663
Licensing Status=
1: 9e7d5312-95fc-4443-a551-69c20624ec6b, 1, 0 [(0 [0xC004F014, 0, 0], [(?)(?)(?)(?)(?)(?)(?)(?)])(1 )(2 )(3 )]

"
"21-04-2026 15:10:13","Microsoft-Windows-Security-SPP","Information","The Software Protection service has completed licensing status check.
Application Id=0ff1ce15-a989-479d-af46-f275c6370663
Licensing Status=
1: 96353198-443e-479d-9e80-9a6d72fd1a99, 1, 0 [(0 [0xC004F014, 0, 0], [(?)(?)(?)(?)(?)(?)(?)(?)])(1 )(2 )(3 )]

"
"21-04-2026 15:10:12","Microsoft-Windows-Security-SPP","Information","The Software Protection service has completed licensing status check.
Application Id=0ff1ce15-a989-479d-af46-f275c6370663
Licensing Status=
1: 95820f84-6e8c-4d22-b2ce-54953e9911bc, 1, 0 [(0 [0xC004F014, 0, 0], [(?)(?)(?)(?)(?)(?)(?)(?)])(1 )(2 )(3 )]

"
"21-04-2026 15:10:12","Microsoft-Windows-Security-SPP","Information","The Software Protection service has completed licensing status check.
Application Id=0ff1ce15-a989-479d-af46-f275c6370663
Licensing Status=
1: 951c0fe6-40a8-4400-8003-eec0686ffbc4, 1, 0 [(0 [0xC004F014, 0, 0], [(?)(?)(?)(?)(?)(?)(?)(?)])(1 )(2 )(3 )]

"
"21-04-2026 15:10:12","Microsoft-Windows-Security-SPP","Information","The Software Protection service has completed licensing status check.
Application Id=55c92734-d682-4d71-983e-d6ec3f16059f
Licensing Status=
1: 8db63db6-4f8f-46d6-a448-66444faaaa72, 1, 0 [(0 [0xC004F014, 0, 0], [(?)(?)(?)(?)(?)(?)(?)(?)])(1 )(2 )(3 )]

"
"21-04-2026 15:10:12","Microsoft-Windows-Security-SPP","Information","The Software Protection service has completed licensing status check.
Application Id=55c92734-d682-4d71-983e-d6ec3f16059f
Licensing Status=
1: 8a292df8-d653-4057-8133-a0701792f912, 1, 1 [(0 )(1 )(2 [0x00000000, 1, 0], [(?)( 1 0x00000000)(?)(?)(?)(?)( 10 0x00000000 msft:rm/algorithm/flags/1.0)(?)])(3 )]

"
"21-04-2026 15:10:11","Microsoft-Windows-Security-SPP","Information","The Software Protection service has completed licensing status check.
Application Id=0ff1ce15-a989-479d-af46-f275c6370663
Licensing Status=
1: 86af9220-9d6f-4575-bef0-619a9a6aa005, 1, 0 [(0 [0xC004F014, 0, 0], [(?)(?)(?)(?)(?)(?)(?)(?)])(1 )(2 )(3 )]

"
"21-04-2026 15:10:11","Microsoft-Windows-Security-SPP","Information","The Software Protection service has completed licensing status check.
Application Id=0ff1ce15-a989-479d-af46-f275c6370663
Licensing Status=
1: 7ab38a1c-a803-4ca5-8ebb-f8786c4b4faa, 1, 0 [(0 [0xC004F014, 0, 0], [(?)(?)(?)(?)(?)(?)(?)(?)])(1 )(2 )(3 )]

"
"21-04-2026 15:10:11","Microsoft-Windows-Security-SPP","Information","The Software Protection service has completed licensing status check.
Application Id=0ff1ce15-a989-479d-af46-f275c6370663
Licensing Status=
1: 77f47589-2212-4e3b-ad27-a900ce813837, 1, 0 [(0 [0xC004F014, 0, 0], [(?)(?)(?)(?)(?)(?)(?)(?)])(1 )(2 )(3 )]

"
"21-04-2026 15:10:10","Microsoft-Windows-Security-SPP","Information","The Software Protection service has completed licensing status check.
Application Id=55c92734-d682-4d71-983e-d6ec3f16059f
Licensing Status=
1: 74436dbb-cc17-46de-867f-14906ba4a938, 1, 0 [(0 [0xC004F014, 0, 0], [(?)(?)(?)(?)(?)(?)(?)(?)])(1 )(2 )(3 )]

"
"21-04-2026 15:10:10","Microsoft-Windows-Security-SPP","Information","The Software Protection service has completed licensing status check.
Application Id=55c92734-d682-4d71-983e-d6ec3f16059f
Licensing Status=
1: 653098ee-780d-4863-8cf2-d18399ce413b, 1, 0 [(0 [0xC004F014, 0, 0], [(?)(?)(?)(?)(?)(?)(?)(?)])(1 )(2 )(3 )]

"
"21-04-2026 15:10:10","Microsoft-Windows-Security-SPP","Information","The Software Protection service has completed licensing status check.
Application Id=0ff1ce15-a989-479d-af46-f275c6370663
Licensing Status=
1: 649fb593-1aea-4f3d-9ede-6d756561a2e5, 1, 0 [(0 [0xC004F014, 0, 0], [(?)(?)(?)(?)(?)(?)(?)(?)])(1 )(2 )(3 )]

"
"21-04-2026 15:10:10","Microsoft-Windows-Security-SPP","Information","The Software Protection service has completed licensing status check.
Application Id=55c92734-d682-4d71-983e-d6ec3f16059f
Licensing Status=
1: 58e97c99-f377-4ef1-81d5-4ad5522b5fd8, 1, 0 [(0 [0xC004F014, 0, 0], [(?)(?)(?)(?)(?)(?)(?)(?)])(1 )(2 )(3 )]

"
"21-04-2026 15:10:10","Microsoft-Windows-Security-SPP","Information","The Software Protection service has completed licensing status check.
Application Id=0ff1ce15-a989-479d-af46-f275c6370663
Licensing Status=
1: 537ea5b5-7d50-4876-bd38-a53a77caca32, 1, 0 [(0 [0xC004F014, 0, 0], [(?)(?)(?)(?)(?)(?)(?)(?)])(1 )(2 )(3 )]

"
"21-04-2026 15:10:09","Microsoft-Windows-Security-SPP","Information","The Software Protection service has completed licensing status check.
Application Id=0ff1ce15-a989-479d-af46-f275c6370663
Licensing Status=
1: 52287aa3-9945-44d1-9046-7a3373666821, 1, 0 [(0 [0xC004F014, 0, 0], [(?)(?)(?)(?)(?)(?)(?)(?)])(1 )(2 )(3 )]

"
"21-04-2026 15:10:09","Microsoft-Windows-Security-SPP","Information","The Software Protection service has completed licensing status check.
Application Id=0ff1ce15-a989-479d-af46-f275c6370663
Licensing Status=
1: 4c1d1588-3088-4796-b3b2-8935f3a0d886, 1, 0 [(0 [0xC004F014, 0, 0], [(?)(?)(?)(?)(?)(?)(?)(?)])(1 )(2 )(3 )]

"
"21-04-2026 15:10:09","Microsoft-Windows-Security-SPP","Information","The Software Protection service has completed licensing status check.
Application Id=0ff1ce15-a989-479d-af46-f275c6370663
Licensing Status=
1: 44f73ee6-d2f7-4502-97d5-046e8820662e, 1, 0 [(0 [0xC004F014, 0, 0], [(?)(?)(?)(?)(?)(?)(?)(?)])(1 )(2 )(3 )]

"
"21-04-2026 15:10:08","Microsoft-Windows-Security-SPP","Information","The Software Protection service has completed licensing status check.
Application Id=0ff1ce15-a989-479d-af46-f275c6370663
Licensing Status=
1: 436366de-5579-4f24-96db-3893e4400030, 1, 1 [(0 )(1 )(2 )(3 [0x00000000, 1, 0], [(?)( 1 0x00000000)(?)(?)(?)(?)( 10 0x00000000 msft:rm/algorithm/flags/1.0)(?)])]

"
"21-04-2026 15:10:08","Microsoft-Windows-Security-SPP","Information","The Software Protection service has completed licensing status check.
Application Id=55c92734-d682-4d71-983e-d6ec3f16059f
Licensing Status=
1: 411b3d4f-be6d-4a06-baaa-9cabfc256cae, 1, 0 [(0 [0xC004F014, 0, 0], [(?)(?)(?)(?)(?)(?)(?)(?)])(1 )(2 )(3 )]

"
"21-04-2026 15:10:08","Microsoft-Windows-Security-SPP","Information","The Software Protection service has completed licensing status check.
Application Id=55c92734-d682-4d71-983e-d6ec3f16059f
Licensing Status=
1: 4002e33a-524c-4100-8108-131a0d42c0ea, 1, 0 [(0 [0xC004F014, 0, 0], [(?)(?)(?)(?)(?)(?)(?)(?)])(1 )(2 )(3 )]

"
"21-04-2026 15:10:08","Microsoft-Windows-Security-SPP","Information","The Software Protection service has completed licensing status check.
Application Id=55c92734-d682-4d71-983e-d6ec3f16059f
Licensing Status=
1: 3ae2cc14-ab2d-41f4-972f-5e20142771dc, 1, 0 [(0 [0xC004F014, 0, 0], [(?)(?)(?)(?)(?)(?)(?)(?)])(1 )(2 )(3 )]

"
"21-04-2026 15:10:07","Microsoft-Windows-Security-SPP","Information","The Software Protection service has completed licensing status check.
Application Id=55c92734-d682-4d71-983e-d6ec3f16059f
Licensing Status=
1: 30d469c6-a78f-4476-b5c8-af78d5b6a5fb, 1, 0 [(0 [0xC004F014, 0, 0], [(?)(?)(?)(?)(?)(?)(?)(?)])(1 )(2 )(3 )]

"
"21-04-2026 15:10:07","Microsoft-Windows-Security-SPP","Information","The Software Protection service has completed licensing status check.
Application Id=0ff1ce15-a989-479d-af46-f275c6370663
Licensing Status=
1: 2fc0111c-bf0b-4bdd-900c-e3c713034746, 1, 0 [(0 [0xC004F014, 0, 0], [(?)(?)(?)(?)(?)(?)(?)(?)])(1 )(2 )(3 )]

"
"21-04-2026 15:10:07","Microsoft-Windows-Security-SPP","Information","The Software Protection service has completed licensing status check.
Application Id=0ff1ce15-a989-479d-af46-f275c6370663
Licensing Status=
1: 2f258377-738f-48dd-9397-287e43079958, 1, 0 [(0 [0xC004F014, 0, 0], [(?)(?)(?)(?)(?)(?)(?)(?)])(1 )(2 )(3 )]

"
"21-04-2026 15:10:07","Microsoft-Windows-Security-SPP","Information","The Software Protection service has completed licensing status check.
Application Id=55c92734-d682-4d71-983e-d6ec3f16059f
Licensing Status=
1: 2b1f36bb-c1cd-4306-bf5c-a0367c2d97d8, 1, 0 [(0 [0xC004F014, 0, 0], [(?)(?)(?)(?)(?)(?)(?)(?)])(1 )(2 )(3 )]

"
"21-04-2026 15:10:06","Microsoft-Windows-Security-SPP","Information","The Software Protection service has completed licensing status check.
Application Id=0ff1ce15-a989-479d-af46-f275c6370663
Licensing Status=
1: 28f64a3f-cf84-46da-b1e8-2dfa7750e491, 1, 0 [(0 [0xC004F014, 0, 0], [(?)(?)(?)(?)(?)(?)(?)(?)])(1 )(2 )(3 )]

"
"21-04-2026 15:10:06","Microsoft-Windows-Security-SPP","Information","The Software Protection service has completed licensing status check.
Application Id=55c92734-d682-4d71-983e-d6ec3f16059f
Licensing Status=
1: 1d873132-f09f-4eb2-bf5a-2e4fb48935e8, 1, 0 [(0 [0xC004F014, 0, 0], [(?)(?)(?)(?)(?)(?)(?)(?)])(1 )(2 )(3 )]

"
"21-04-2026 15:10:06","Microsoft-Windows-Security-SPP","Information","The Software Protection service has completed licensing status check.
Application Id=0ff1ce15-a989-479d-af46-f275c6370663
Licensing Status=
1: 1cac786a-7f16-4ede-b7fc-cfbce8fe24c7, 1, 0 [(0 [0xC004F014, 0, 0], [(?)(?)(?)(?)(?)(?)(?)(?)])(1 )(2 )(3 )]

"
"21-04-2026 15:10:06","Microsoft-Windows-Security-SPP","Information","The Software Protection service has completed licensing status check.
Application Id=55c92734-d682-4d71-983e-d6ec3f16059f
Licensing Status=
1: 1b750385-9fe2-49a8-ab55-149d0546395b, 1, 0 [(0 [0xC004F014, 0, 0], [(?)(?)(?)(?)(?)(?)(?)(?)])(1 )(2 )(3 )]

"
"21-04-2026 15:10:05","Microsoft-Windows-Security-SPP","Information","The Software Protection service has completed licensing status check.
Application Id=0ff1ce15-a989-479d-af46-f275c6370663
Licensing Status=
1: 112b0ed2-cf1a-42ce-a0c2-4ee20b59d267, 1, 0 [(0 [0xC004F014, 0, 0], [(?)(?)(?)(?)(?)(?)(?)(?)])(1 )(2 )(3 )]

"
"21-04-2026 15:10:05","Microsoft-Windows-Security-SPP","Information","The Software Protection service has completed licensing status check.
Application Id=0ff1ce15-a989-479d-af46-f275c6370663
Licensing Status=
1: 0cf5c9c4-62d8-42e7-8443-b2715ddae7ba, 1, 0 [(0 [0xC004F014, 0, 0], [(?)(?)(?)(?)(?)(?)(?)(?)])(1 )(2 )(3 )]

"
"21-04-2026 15:10:05","Microsoft-Windows-Security-SPP","Information","The Software Protection service has completed licensing status check.
Application Id=55c92734-d682-4d71-983e-d6ec3f16059f
Licensing Status=
1: 0567073a-7d74-403b-b2d5-6b35da372d8d, 1, 0 [(0 [0xC004F014, 0, 0], [(?)(?)(?)(?)(?)(?)(?)(?)])(1 )(2 )(3 )]

"
"21-04-2026 15:10:04","Microsoft-Windows-Security-SPP","Information","Offline downlevel migration succeeded."
"21-04-2026 15:09:58","Application","Information",
"21-04-2026 15:09:43","Microsoft-Windows-Kernel-General","Information","The access history in hive \??\C:\ProgramData\Packages\Microsoft.WindowsNotepad_8wekyb3d8bbwe\S-1-5-21-1258550371-3975648611-2483462874-1001\SystemAppData\Helium\Cache\3d56189ca0992cbe_COM15.dat was cleared updating 1 keys and creating 1 modified pages."
"21-04-2026 15:09:43","Microsoft-Windows-Kernel-General","Information","The access history in hive \??\C:\Users\priya\AppData\Local\Packages\Microsoft.WindowsNotepad_8wekyb3d8bbwe\SystemAppData\Helium\UserClasses.dat was cleared updating 10 keys and creating 2 modified pages."
"21-04-2026 15:09:43","Microsoft-Windows-Kernel-General","Information","The access history in hive \??\C:\Users\priya\AppData\Local\Packages\Microsoft.WindowsNotepad_8wekyb3d8bbwe\SystemAppData\Helium\User.dat was cleared updating 12 keys and creating 4 modified pages."
"21-04-2026 15:09:41","Microsoft-Windows-Perflib","Warning","The Open procedure for service ""WmiApRpl"" in DLL ""C:\WINDOWS\system32\wbem\wmiaprpl.dll"" failed with error code The device is not ready.. Performance data for this service will not be available."
"21-04-2026 15:09:40","Microsoft-Windows-Perflib","Warning","The Open procedure for service ""MSDTC"" in DLL ""C:\WINDOWS\system32\msdtcuiu.DLL"" failed with error code The system cannot find the file specified.. Performance data for this service will not be available."
"21-04-2026 15:09:40","Microsoft-Windows-Perflib","Warning","The Open procedure for service ""ESENT"" in DLL ""C:\WINDOWS\system32\esentprf.dll"" failed with error code Access is denied.. Performance data for this service will not be available."
"21-04-2026 15:09:06","Service Control Manager","Information","The start type of the Background Intelligent Transfer Service service was changed from demand start to auto start."
"21-04-2026 15:08:46","Edge","Information","[17720:14064:0421/150846.226:INFO:chrome\browser\extensions\extension_garbage_collector.cc:188] Garbage collection for extensions on file thread is complete."
"21-04-2026 15:08:43","Universal Print","Information","Initialization Successful. Enabled=false, CloudPrintSolution=Unknown, DiscoveryEndpoint=, OAuthAuthority=, OAuthClientId=, DiscoveryResourceId=, PrintResourceId="
"21-04-2026 15:08:43","Universal Print","Information","Device is neither AAD/Domain Joined or Workplace Joined."
"21-04-2026 15:08:16","Microsoft-Windows-IsolatedUserMode","Information","Secure Trustlet NULL Id 0 and Pid 0 started with status STATUS_SUCCESS."
"21-04-2026 15:08:00","ELAN/Service",,
"21-04-2026 15:07:59","Microsoft-Windows-DistributedCOM","Warning","The application-specific permission settings do not grant Local Activation permission for the COM Server application with CLSID 
{6B3B8D23-FA8D-40B9-8DBD-B950333E2C52}
 and APPID 
{4839DDB7-58C2-48F5-8283-E1D1807D0D7D}
 to the user NT AUTHORITY\LOCAL SERVICE SID (S-1-5-19) from address LocalHost (Using LRPC) running in the application container Unavailable SID (Unavailable). This security permission can be modified using the Component Services administrative tool."
"21-04-2026 15:07:59","Microsoft-Windows-DistributedCOM","Warning","The application-specific permission settings do not grant Local Activation permission for the COM Server application with CLSID 
{6B3B8D23-FA8D-40B9-8DBD-B950333E2C52}
 and APPID 
{4839DDB7-58C2-48F5-8283-E1D1807D0D7D}
 to the user NT AUTHORITY\LOCAL SERVICE SID (S-1-5-19) from address LocalHost (Using LRPC) running in the application container Unavailable SID (Unavailable). This security permission can be modified using the Component Services administrative tool."
"21-04-2026 15:07:59","Microsoft-Windows-Winlogon","Information","The winlogon notification subscriber <SessionEnv> was unavailable to handle a notification event."
"21-04-2026 15:07:59","ELAN/Service",,
"21-04-2026 15:07:59","ELAN/Service",,
"21-04-2026 15:07:59","Microsoft-Windows-Winlogon","Information","The winlogon notification subscriber <SessionEnv> was unavailable to handle a critical notification event."
"21-04-2026 15:07:59","Microsoft-Windows-Winlogon","Information","User Logon Notification for Customer Experience Improvement Program"
"21-04-2026 15:07:25","ELAN/Service",,
"21-04-2026 15:07:24","ELAN/Service",,
"21-04-2026 15:07:24","ELAN/Service",,
"21-04-2026 15:07:24","ELAN/Service",,
"21-04-2026 15:07:24","ELAN/Service",,
"21-04-2026 15:07:24","ELAN/Service",,
"21-04-2026 15:07:24","ELAN/Service",,
"21-04-2026 15:07:23","ELAN/Service",,
"21-04-2026 15:07:23","BTHUSB","Information","Windows cannot store Bluetooth authentication codes (link keys) on the local adapter. Bluetooth keyboards might not work in the system BIOS during startup."
"21-04-2026 15:07:23","ELAN/Service",,
"21-04-2026 15:07:23","ELAN/Service",,
"21-04-2026 15:07:22","Microsoft-Windows-Power-Troubleshooter","Information","The system has returned from a low power state.

Sleep Time: ?2026?-?04?-?21T09:08:47.454498100Z
Wake Time: ?2026?-?04?-?21T09:37:21.914478500Z

Wake Source: Unknown"
"21-04-2026 15:07:22","HP Comm Recovery","Information","PowerEvent handled successfully by the service."
"21-04-2026 15:07:22","igccservice","Information","PowerEvent handled successfully by the service."
"21-04-2026 15:07:22","ELAN/Service",,
"21-04-2026 15:07:22","ELAN/Service",,
"21-04-2026 15:07:22","ELAN/Service",,
"21-04-2026 15:07:22","ELAN/Service",,
"21-04-2026 15:07:22","ELAN/Service",,
"21-04-2026 15:07:22","ELAN/Service",,
"21-04-2026 15:07:22","HP Comm Recovery","Information","PowerEvent handled successfully by the service."
"21-04-2026 15:07:22","igccservice","Information","PowerEvent handled successfully by the service."
"21-04-2026 15:07:22","Microsoft-Windows-TPM-WMI","Information","Pre-attestation health checks confirm that the device is expected to pass attestation.
 Please see C:\WINDOWS\Logs\MeasuredBoot\0000000315-0000000002.json for detailed information on what checks were made."
"21-04-2026 15:07:22","Microsoft-Windows-TPM-WMI","Information","Pre-attestation health check detailed information: {""Version"":1,""HealthStatus"":""Attestable"",""Required"":[{""Field"":""TpmPresent"",""Value"":true,""DesiredValue"":true},{""Field"":""TpmMeetsMinimumVersion"",""Value"":true,""DesiredValue"":true},{""Field"":""TpmIsResponsive"",""Value"":true,""DesiredValue"":true},{""Field"":""EkCertIsAvailable"",""Value"":true,""DesiredValue"":true},{""Field"":""TcgLogFound"",""Value"":true,""DesiredValue"":true}],""Expected"":[{""Field"":""PcrsMatchTcgLog"",""Value"":true,""DesiredValue"":true}],""Informational"":[{""Field"":""SecureBootEnabled"",""ValueFromComputer"":true,""ValueFromTcgLog"":true,""DesiredValue"":true,""TcgValueIsVerifiable"":true},{""Field"":""VirtualSecureMemory"",""ValueFromComputer"":false,""ValueFromTcgLog"":false,""DesiredValue"":true,""TcgValueIsVerifiable"":true},{""Field"":""SecureCorePCCompliant"",""ValueFromComputer"":false,""ValueFromTcgLog"":false,""DesiredValue"":true,""TcgValueIsVerifiable"":true}{""Field"":""BootTcgLogFoundInFileSystem"",""Value"":true,""DesiredValue"":true},{""Field"":""CurrentTcgLogFoundInFileSystem"",""Value"":true,""DesiredValue"":true}]}"
"21-04-2026 15:07:23","BROWSER","Information","The browser has forced an election on network \Device\NetBT_Tcpip_{6A15308C-4FD7-436D-B83D-274F0695A949} because a master browser was stopped."
"21-04-2026 15:07:22","igccservice","Information","PowerEvent handled successfully by the service."
"21-04-2026 15:07:22","HP Comm Recovery","Information","PowerEvent handled successfully by the service."
"21-04-2026 15:07:22","HP Comm Recovery","Information","Resume from Connected Standby"
"21-04-2026 15:07:22","Microsoft-Windows-Kernel-Power","Information","The system session has transitioned from 33 to 35.

Reason PolicyChange 

BootId: 270"
"21-04-2026 15:07:22","Microsoft-Windows-Kernel-Power","Information","The system is exiting Modern Standby 

Reason: Lid."
"21-04-2026 15:07:22","Intel-SST-OED","Information","Loaded DSP FW library: \??\C:\WINDOWS\System32\DriverStore\FileRepository\intcoed_oemlibpath.inf_amd64_10e87c104e5c78d5\adl_sraudio_lib.bin, status = STATUS_SUCCESS."
"21-04-2026 15:07:22","Intel-SST-OED","Information","Loaded DSP FW library: \??\C:\WINDOWS\System32\DriverStore\FileRepository\intcoed_oemlibpath.inf_amd64_10e87c104e5c78d5\adl_sraudio_lib.bin, status = STATUS_SUCCESS."
"21-04-2026 15:07:21","Intel-SST-OED","Information","Loaded DSP FW library: Libs\dsp_lib_whm_adl_release.bin, status = STATUS_SUCCESS."
"21-04-2026 15:07:21","Intel-SST-OED","Information","Loaded DSP FW library: Libs\dsp_lib_intel_wov_adl_release.bin, status = STATUS_SUCCESS."
"21-04-2026 15:07:21","Microsoft-Windows-Kernel-Power","Information","The system is entering Modern Standby 

Reason: Sleep, Hibernate, or Shutdown."
"21-04-2026 15:07:21","Microsoft-Windows-Kernel-Power","Information","The system session has transitioned from 32 to 33.

Reason SxTransition 

BootId: 270"
"21-04-2026 15:07:21","Microsoft-Windows-Kernel-Power","Information","Power source change."
"21-04-2026 15:07:21","Win32k","Information","Touch/Touchpad Hardware Quality Assurance verification succeeded."
"21-04-2026 15:07:21","Microsoft-Windows-Kernel-Boot","Information","Unable to load Pluton-Windows firmware. StatusCode: STATUS_SUCCESS, Reason: Failed to apply firmware."
"21-04-2026 15:07:21","Microsoft-Windows-Kernel-Boot","Information","The boot type was 0x1."
"21-04-2026 15:07:21","Microsoft-Windows-Kernel-Boot","Information","The boot menu policy was 0x1."
"21-04-2026 15:07:21","Microsoft-Windows-Kernel-Boot","Information","The bootmgr spent 0 ms waiting for user input."
"21-04-2026 15:07:21","Microsoft-Windows-Kernel-Boot","Information","There are 0x1 boot options on this system."
"21-04-2026 15:07:21","Microsoft-Windows-Kernel-Boot","Information","The firmware reported boot metrics."
"21-04-2026 15:07:21","ELAN/Service",,
"21-04-2026 15:07:21","ELAN/Service",,
"21-04-2026 15:07:21","Win32k","Warning","Power Manager has not requested suppression of all input (INPUT_SUPPRESS_REQUEST=0)"
"21-04-2026 15:07:21","Win32k","Warning","Power Manager has not requested suppression of all input (INPUT_SUPPRESS_REQUEST=0)"
"21-04-2026 15:07:21","Microsoft-Windows-Kernel-General","Information","The system time has changed to ?2026?-?04?-?21T09:37:21.500000000Z from ?2026?-?04?-?21T09:08:49.943357700Z.
Time Delta: 1711556 ms

Change Reason: System time synchronized with the hardware clock.
Process: '' (PID 4).

RTC time: ?2026?-?04?-?21T15:07:21.500000000Z
Current time zone bias: -330
RTC time is in UTC: false
System time was based on RTC time: false"
"21-04-2026 14:38:49","Microsoft-Windows-Kernel-Power","Information","The system has resumed from sleep."
"21-04-2026 14:38:49","ELAN/Service",,
"21-04-2026 14:38:49","ELAN/Service",,
"21-04-2026 14:38:49","ELAN/Service",,
"21-04-2026 14:38:48","ELAN/Service",,
"21-04-2026 14:38:48","HPTouchpointAnalyticsService","Information","User Logon event fired"
"21-04-2026 14:38:48","ELAN/Service",,
"21-04-2026 14:38:48","ELAN/Service",,
"21-04-2026 14:38:48","Microsoft-Windows-Kernel-Power","Information","The system is entering sleep.

Sleep Reason: Application API"
"21-04-2026 14:38:47","HP Comm Recovery","Information","PowerEvent handled successfully by the service."
"21-04-2026 14:38:47","igccservice","Information","PowerEvent handled successfully by the service."
"21-04-2026 14:38:47","Microsoft-Windows-Kernel-Power","Information","The system session has transitioned from 31 to 32.

Reason InputAccelerometer 

BootId: 270"
"21-04-2026 14:38:47","Microsoft-Windows-Kernel-Power","Information","User-mode process attempted to change the system state by calling SetSuspendState or SetSystemPowerState APIs."
"21-04-2026 14:38:47","Microsoft-Windows-Winlogon","Information","User Logoff Notification for Customer Experience Improvement Program"
"21-04-2026 14:38:47","Microsoft-Windows-Winlogon","Information","The winlogon notification subscriber <SessionEnv> was unavailable to handle a notification event."
"21-04-2026 14:38:47","Microsoft-Windows-Winlogon","Information","The winlogon notification subscriber <WSearch> was unavailable to handle a notification event."
"21-04-2026 14:38:47","ELAN/Service",,
"21-04-2026 14:38:47","ELAN/Service",,
"21-04-2026 14:38:47","ELAN/Service",,
"21-04-2026 14:38:47","ELAN/Service",,
"21-04-2026 14:38:47","ELAN/Service",,
"21-04-2026 14:38:47","ELAN/Service",,
"21-04-2026 14:38:47","Win32k","Warning","Power Manager has requested suppression of all input (INPUT_SUPPRESS_REQUEST=1)"
"21-04-2026 14:38:47","Win32k","Warning","Power Manager has requested suppression of all input (INPUT_SUPPRESS_REQUEST=1)"
"21-04-2026 14:38:47","Win32k","Warning","Power Manager has requested suppression of all input (INPUT_SUPPRESS_REQUEST=1)"
"21-04-2026 14:38:46",".NET Runtime","Error",".NET Runtime version 4.0.30319.0 - There was a failure initializing profiling API attach infrastructure.  This process will not allow a profiler to attach.  HRESULT: 0x80004005.  Process ID (decimal): 18484.  Message ID: [0x2509]."
"21-04-2026 14:38:45","ELAN/Service",,
"21-04-2026 14:38:44","Microsoft-Windows-IsolatedUserMode","Information","Secure Trustlet Id 0 and Pid 0 stopped with status STATUS_SUCCESS."
"21-04-2026 14:38:44","ELAN/Service",,
"21-04-2026 14:38:44","ELAN/Service",,
"21-04-2026 14:38:44","ELAN/Service",,
"21-04-2026 14:38:44","ELAN/Service",,
"21-04-2026 14:38:44","ELAN/Service",,
"21-04-2026 14:38:44","ELAN/Service",,
"21-04-2026 14:38:43","Microsoft-Windows-Winsrv","Information","The following application attempted to veto the shutdown: PowerToys.MouseWithoutBorders.exe."
"21-04-2026 14:38:42","ELAN/Service",,
"21-04-2026 14:38:42","ELAN/Service",,
"21-04-2026 14:38:41","User32","Information","The process Explorer.EXE has initiated the power off of computer PRIYANSHU on behalf of user Priyanshu\priya for the following reason: Other (Unplanned)
 Reason Code: 0x0
 Shutdown Type: power off
 Comment: "
"21-04-2026 14:38:39","Microsoft-Windows-IsolatedUserMode","Information","Secure Trustlet NULL Id 0 and Pid 0 started with status STATUS_SUCCESS."
"21-04-2026 14:38:39","Microsoft-Windows-IsolatedUserMode","Information","Secure Trustlet Id 0 and Pid 0 stopped with status STATUS_SUCCESS."
"21-04-2026 14:27:56","Microsoft-Windows-Security-SPP","Information","Successfully scheduled Software Protection service for re-start at 2126-03-28T08:57:56Z. Reason: RulesEngine."
"21-04-2026 14:27:26","Microsoft-Windows-Security-SPP","Information","Offline downlevel migration succeeded."
"21-04-2026 14:24:47","Service Control Manager","Information","The start type of the Background Intelligent Transfer Service service was changed from auto start to demand start."
"21-04-2026 14:22:42","Service Control Manager","Information","The start type of the Background Intelligent Transfer Service service was changed from demand start to auto start."
"21-04-2026 14:13:26","ELAN/Service",,
"21-04-2026 14:13:25","ELAN/Service",,
"21-04-2026 14:13:25","ELAN/Service",,
"21-04-2026 14:13:18","Universal Print","Information","Initialization Successful. Enabled=false, CloudPrintSolution=Unknown, DiscoveryEndpoint=, OAuthAuthority=, OAuthClientId=, DiscoveryResourceId=, PrintResourceId="
"21-04-2026 14:13:18","Universal Print","Information","Device is neither AAD/Domain Joined or Workplace Joined."
"21-04-2026 14:13:13","ELAN/Service",,
"21-04-2026 14:13:13","HP Comm Recovery","Information","Resume from Connected Standby"
"21-04-2026 14:13:13","BTHUSB","Information","Windows cannot store Bluetooth authentication codes (link keys) on the local adapter. Bluetooth keyboards might not work in the system BIOS during startup."
"21-04-2026 14:13:12","ELAN/Service",,
"21-04-2026 14:13:12","ELAN/Service",,
"21-04-2026 14:13:12","ELAN/Service",,
"21-04-2026 14:13:12","ELAN/Service",,
"21-04-2026 14:13:12","ELAN/Service",,
"21-04-2026 14:13:12","ELAN/Service",,
"21-04-2026 14:13:12","Microsoft-Windows-Kernel-Power","Information","The system session has transitioned from 30 to 31.

Reason InputAccelerometer 

BootId: 270"
"21-04-2026 14:13:12","Microsoft-Windows-Kernel-Power","Information","The system is exiting Modern Standby 

Reason: Input Keyboard."
"21-04-2026 14:13:12","Microsoft-Windows-Kernel-Power","Information","Connectivity state in standby: Connected, Reason: None"
"21-04-2026 14:13:01","BTHUSB","Information","Windows cannot store Bluetooth authentication codes (link keys) on the local adapter. Bluetooth keyboards might not work in the system BIOS during startup."
"21-04-2026 14:13:00","Microsoft-Windows-Kernel-Power","Information","Connectivity state in standby: Disconnected, Reason: Policy Setting"
"21-04-2026 14:13:00","BROWSER","Information","The browser has forced an election on network \Device\NetBT_Tcpip_{6A15308C-4FD7-436D-B83D-274F0695A949} because a master browser was stopped."
"21-04-2026 14:12:54","Microsoft-Windows-Kernel-Power","Information","The system session has transitioned from 29 to 30.

Reason 55 

BootId: 270"
"21-04-2026 14:12:49","HP Comm Recovery","Information","Resume from Connected Standby"
"21-04-2026 14:12:49","Microsoft-Windows-Kernel-Power","Information","The system is entering Modern Standby 

Reason: Austerity Battery Drain Budget Exceeded."
"21-04-2026 14:12:49","Microsoft-Windows-Kernel-Power","Information","The system session has transitioned from 28 to 29.

Reason 55 

BootId: 270"
"21-04-2026 14:12:49","Microsoft-Windows-Kernel-Power","Information","The system is exiting Modern Standby 

Reason: Austerity Battery Drain Budget Exceeded."
"21-04-2026 14:12:49","Microsoft-Windows-Kernel-Power","Information","Connectivity state in standby: Connected, Reason: None"
"21-04-2026 14:12:46","Microsoft-Windows-Kernel-Power","Information","Connectivity state in standby: Disconnected, Reason: Adaptive Connected Standby"
"21-04-2026 14:12:40","Microsoft-Windows-Kernel-Power","Information","The system session has transitioned from 27 to 28.

Reason SessionUnlock 

BootId: 270"
"21-04-2026 14:09:08","ELAN/Service",,
"21-04-2026 14:09:07","Microsoft-Windows-Kernel-Power","Information","The system is entering Modern Standby 

Reason: Idle Timeout."
"21-04-2026 14:09:07","Microsoft-Windows-Kernel-Power","Information","The system session has transitioned from 26 to 27.

Reason SessionUnlock 

BootId: 270"
"21-04-2026 14:09:07","ELAN/Service",,
"21-04-2026 14:09:07","ELAN/Service",,
"21-04-2026 14:09:07","ELAN/Service",,
"21-04-2026 14:09:07","ELAN/Service",,
"21-04-2026 14:09:07","ELAN/Service",,
"21-04-2026 14:09:07","ELAN/Service",,
"21-04-2026 14:08:36","ELAN/Service",,
"21-04-2026 14:08:35","ELAN/Service",,
"21-04-2026 14:08:35","ELAN/Service",,
"21-04-2026 14:08:34","Universal Print","Information","Initialization Successful. Enabled=false, CloudPrintSolution=Unknown, DiscoveryEndpoint=, OAuthAuthority=, OAuthClientId=, DiscoveryResourceId=, PrintResourceId="
"21-04-2026 14:08:34","Universal Print","Information","Device is neither AAD/Domain Joined or Workplace Joined."
"21-04-2026 14:08:27","ELAN/Service",,
"21-04-2026 14:08:26","ELAN/Service",,
"21-04-2026 14:08:26","ELAN/Service",,
"21-04-2026 14:08:24","ELAN/Service",,
"21-04-2026 14:08:23","HP Comm Recovery","Information","Resume from Connected Standby"
"21-04-2026 14:08:23","ELAN/Service",,
"21-04-2026 14:08:23","ELAN/Service",,
"21-04-2026 14:08:23","ELAN/Service",,
"21-04-2026 14:08:23","ELAN/Service",,
"21-04-2026 14:08:23","ELAN/Service",,
"21-04-2026 14:08:23","ELAN/Service",,
"21-04-2026 14:08:23","Microsoft-Windows-Kernel-Power","Information","The system session has transitioned from 25 to 26.

Reason InputAccelerometer 

BootId: 270"
"21-04-2026 14:08:23","Microsoft-Windows-Kernel-Power","Information","The system is exiting Modern Standby 

Reason: Input Keyboard."
"21-04-2026 14:08:22","Microsoft-Windows-Kernel-Power","Information","Connectivity state in standby: Connected, Reason: None"
"21-04-2026 14:06:46","Microsoft-Windows-Kernel-Power","Information","Connectivity state in standby: Disconnected, Reason: Adaptive Connected Standby"
"21-04-2026 14:06:39","Microsoft-Windows-Kernel-Power","Information","The system session has transitioned from 24 to 25.

Reason SessionUnlock 

BootId: 270"
"21-04-2026 14:03:05","ELAN/Service",,
"21-04-2026 14:03:04","Microsoft-Windows-Kernel-Power","Information","The system is entering Modern Standby 

Reason: Idle Timeout."
"21-04-2026 14:03:04","Microsoft-Windows-Kernel-Power","Information","The system session has transitioned from 23 to 24.

Reason SessionUnlock 

BootId: 270"
"21-04-2026 14:03:04","ELAN/Service",,
"21-04-2026 14:03:04","ELAN/Service",,
"21-04-2026 14:03:04","ELAN/Service",,
"21-04-2026 14:03:04","ELAN/Service",,
"21-04-2026 14:03:04","ELAN/Service",,
"21-04-2026 14:03:04","ELAN/Service",,
"21-04-2026 14:02:33","ELAN/Service",,
"21-04-2026 14:02:32","ELAN/Service",,
"21-04-2026 14:02:32","ELAN/Service",,
"21-04-2026 13:58:49","ELAN/Service",,
"21-04-2026 13:58:48","ELAN/Service",,
"21-04-2026 13:58:48","ELAN/Service",,
"21-04-2026 13:58:46","ELAN/Service",,
"21-04-2026 13:58:46","HP Comm Recovery","Information","Resume from Connected Standby"
"21-04-2026 13:58:45","ELAN/Service",,
"21-04-2026 13:58:45","ELAN/Service",,
"21-04-2026 13:58:45","ELAN/Service",,
"21-04-2026 13:58:45","ELAN/Service",,
"21-04-2026 13:58:45","ELAN/Service",,
"21-04-2026 13:58:45","ELAN/Service",,
"21-04-2026 13:58:45","Microsoft-Windows-Kernel-Power","Information","The system session has transitioned from 21 to 23.

Reason InputAccelerometer 

BootId: 270"
"21-04-2026 13:58:45","Microsoft-Windows-Kernel-Power","Information","The system is exiting Modern Standby 

Reason: Input Keyboard."
"21-04-2026 13:56:17","ELAN/Service",,
"21-04-2026 13:56:16","Microsoft-Windows-Kernel-Power","Information","The system is entering Modern Standby 

Reason: Idle Timeout."
"21-04-2026 13:56:16","Microsoft-Windows-Kernel-Power","Information","The system session has transitioned from 20 to 21.

Reason SessionUnlock 

BootId: 270"
"21-04-2026 13:56:16","ELAN/Service",,
"21-04-2026 13:56:16","ELAN/Service",,
"21-04-2026 13:56:16","ELAN/Service",,
"21-04-2026 13:56:16","ELAN/Service",,
"21-04-2026 13:56:16","ELAN/Service",,
"21-04-2026 13:56:16","ELAN/Service",,
"21-04-2026 13:55:45","ELAN/Service",,
"21-04-2026 13:55:44","ELAN/Service",,
"21-04-2026 13:55:44","ELAN/Service",,
"21-04-2026 13:53:41","Universal Print","Information","Initialization Successful. Enabled=false, CloudPrintSolution=Unknown, DiscoveryEndpoint=, OAuthAuthority=, OAuthClientId=, DiscoveryResourceId=, PrintResourceId="
"21-04-2026 13:53:41","Universal Print","Information","Device is neither AAD/Domain Joined or Workplace Joined."
"21-04-2026 13:53:36","ELAN/Service",,
"21-04-2026 13:53:35","ELAN/Service",,
"21-04-2026 13:53:35","ELAN/Service",,
"21-04-2026 13:53:33","ELAN/Service",,
"21-04-2026 13:53:32","BTHUSB","Information","Windows cannot store Bluetooth authentication codes (link keys) on the local adapter. Bluetooth keyboards might not work in the system BIOS during startup."
"21-04-2026 13:53:32","ELAN/Service",,
"21-04-2026 13:53:32","HP Comm Recovery","Information","Resume from Connected Standby"
"21-04-2026 13:53:32","ELAN/Service",,
"21-04-2026 13:53:32","ELAN/Service",,
"21-04-2026 13:53:32","ELAN/Service",,
"21-04-2026 13:53:32","ELAN/Service",,
"21-04-2026 13:53:32","ELAN/Service",,
"21-04-2026 13:53:32","Microsoft-Windows-Kernel-Power","Information","The system session has transitioned from 19 to 20.

Reason InputAccelerometer 

BootId: 270"
"21-04-2026 13:53:32","Microsoft-Windows-Kernel-Power","Information","The system is exiting Modern Standby 

Reason: Input Keyboard."
"21-04-2026 13:53:32","Microsoft-Windows-Kernel-Power","Information","Connectivity state in standby: Connected, Reason: None"
"21-04-2026 13:52:12","BTHUSB","Information","Windows cannot store Bluetooth authentication codes (link keys) on the local adapter. Bluetooth keyboards might not work in the system BIOS during startup."
"21-04-2026 13:52:11","Microsoft-Windows-Kernel-Power","Information","Connectivity state in standby: Disconnected, Reason: Policy Setting"
"21-04-2026 13:52:11","BROWSER","Information","The browser has forced an election on network \Device\NetBT_Tcpip_{6A15308C-4FD7-436D-B83D-274F0695A949} because a master browser was stopped."
"21-04-2026 13:52:05","Microsoft-Windows-Kernel-Power","Information","The system session has transitioned from 18 to 19.

Reason 55 

BootId: 270"
"21-04-2026 13:52:01","HP Comm Recovery","Information","Resume from Connected Standby"
"21-04-2026 13:52:00","Microsoft-Windows-Kernel-Power","Information","The system is entering Modern Standby 

Reason: Austerity Battery Drain Budget Exceeded."
"21-04-2026 13:52:00","Microsoft-Windows-Kernel-Power","Information","The system session has transitioned from 17 to 18.

Reason 55 

BootId: 270"
