"24-04-2026 10:42:59","Microsoft-Windows-HttpService","Information","Attempted to reserve URL https://+:5986/wsman/. Status 0x0. Process Id 0x4 Executable path , User S-1-5-18"
"24-04-2026 10:42:59","Microsoft-Windows-HttpService","Information","Attempted to reserve URL http://*:2869/. Status 0x0. Process Id 0x4 Executable path , User S-1-5-18"
"24-04-2026 10:42:59","Microsoft-Windows-HttpService","Information","Attempted to reserve URL https://*:5358/. Status 0x0. Process Id 0x4 Executable path , User S-1-5-18"
"24-04-2026 10:42:59","Microsoft-Windows-HttpService","Information","Attempted to reserve URL http://+:80/Temporary_Listen_Addresses/. Status 0x0. Process Id 0x4 Executable path , User S-1-5-18"
"24-04-2026 10:42:59","Microsoft-Windows-HttpService","Information","Attempted to reserve URL http://*:5357/. Status 0x0. Process Id 0x4 Executable path , User S-1-5-18"
"24-04-2026 10:42:59","Microsoft-Windows-Hyper-V-VmSwitch","Information","vmswitch.sys build 26100.amd64.ge_release_svc_prod1, debug false, official true, 1 1"
"24-04-2026 10:42:58","HPTouchpointAnalyticsService","Information","Service started successfully."
"24-04-2026 10:42:58","HPAnalytics","Information","HpTouchpointAnalyticsRecoverySetupSuccessfully configured Failure Actions"
"24-04-2026 10:42:58","Win32k","Information","Touch/Touchpad Hardware Quality Assurance verification succeeded."
"24-04-2026 10:42:58","Microsoft-Windows-Kernel-General","Information","The access history in hive \SystemRoot\System32\Config\bbimigrate\BBI was cleared updating 1 keys and creating 1 modified pages."
"24-04-2026 10:42:58","Microsoft-Windows-FilterManager","Information","File System Filter 'bindflt' (10.0, ?2081?-?10?-?18T03:04:26.000000000Z) has successfully loaded and registered with Filter Manager."
"24-04-2026 10:42:58","Microsoft-Windows-FilterManager","Information","File System Filter 'storqosflt' (10.0, ?2016?-?04?-?29T03:30:23.000000000Z) has successfully loaded and registered with Filter Manager."
"24-04-2026 10:42:58","Microsoft-Windows-FilterManager","Information","File System Filter 'UnionFS' (10.0, ?2042?-?03?-?14T07:11:09.000000000Z) has successfully loaded and registered with Filter Manager."
"24-04-2026 10:42:58","Microsoft-Windows-FilterManager","Information","File System Filter 'CldFlt' (10.0, ?2027?-?12?-?20T03:05:20.000000000Z) has successfully loaded and registered with Filter Manager."
"24-04-2026 10:42:58","Microsoft-Windows-FilterManager","Information","File System Filter 'CldFlt' (Version 10.0, ?2027?-?12?-?20T03:05:20.000000000Z) unloaded successfully."
"24-04-2026 10:42:58","Microsoft-Windows-FilterManager","Information","File System Filter 'CldFlt' (10.0, ?2027?-?12?-?20T03:05:20.000000000Z) has successfully loaded and registered with Filter Manager."
"24-04-2026 10:42:58","Microsoft-Windows-FilterManager","Information","File System Filter 'luafv' (10.0, ?2039?-?03?-?08T11:35:33.000000000Z) has successfully loaded and registered with Filter Manager."
"24-04-2026 10:42:58","Microsoft-Windows-FilterManager","Information","File System Filter 'wcifs' (10.0, ?2099?-?04?-?10T19:53:15.000000000Z) has successfully loaded and registered with Filter Manager."
"24-04-2026 10:42:58","Microsoft-Windows-FilterManager","Information","File System Filter 'bfs' (10.0, ?2026?-?06?-?10T11:58:18.000000000Z) has successfully loaded and registered with Filter Manager."
"24-04-2026 10:42:58","Microsoft-Windows-User Profiles Service","Information","The User Profile Service has started successfully.  

"
"24-04-2026 10:42:58","Microsoft-Windows-DHCPv6-Client","Information","DHCPv6 client service is started"
"24-04-2026 10:42:58","Microsoft-Windows-Dhcp-Client","Information","DHCPv4 client service is started"
"24-04-2026 10:42:58","Microsoft-Windows-Dhcp-Client","Information","DHCPv4 client registered for shutdown notification"
"24-04-2026 10:42:58","Microsoft-Windows-Dhcp-Client","Information","DHCPv4 client service is started"
"24-04-2026 10:42:58","Microsoft-Windows-Kernel-General","Information","The access history in hive \SystemRoot\System32\Config\BBI was cleared updating 671 keys and creating 211 modified pages."
"24-04-2026 10:42:57","Microsoft-Windows-Kernel-General","Information","The access history in hive \??\C:\WINDOWS\ServiceProfiles\NetworkService\NTUSER.DAT was cleared updating 126 keys and creating 17 modified pages."
"24-04-2026 10:42:57","Microsoft-Windows-Kernel-General","Information","The access history in hive \??\C:\WINDOWS\ServiceProfiles\LocalService\NTUSER.DAT was cleared updating 147 keys and creating 30 modified pages."
"24-04-2026 10:42:57","Microsoft-Windows-Directory-Services-SAM","Information","The security account manager is now logging periodic summary events for remote clients that call legacy password change or set RPC methods.

For more information please see https://go.microsoft.com/fwlink/?linkid=2150956.
"
"24-04-2026 10:42:57","Microsoft-Windows-Directory-Services-SAM","Information","The domain is configured with the following minimum password length-related settings.

MinimumPasswordLength: 0

RelaxMinimumPasswordLengthLimits: 0

MinimumPasswordLengthAudit: -1

For more information see https://go.microsoft.com/fwlink/?LinkId=2097191.
"
"24-04-2026 10:42:57","Microsoft-Windows-Directory-Services-SAM","Information","Remote calls to the SAM database are being restricted using the default security descriptor: O:SYG:SYD:(A;;RC;;;BA).
For more information please see http://go.microsoft.com/fwlink/?LinkId=787651."
"24-04-2026 10:42:57","Microsoft-Windows-IsolatedUserMode","Information","Secure Trustlet NULL Id 0 and Pid 0 started with status STATUS_SUCCESS."
"24-04-2026 10:42:57","LsaSrv","Information","Credential Guard auto enablement status.

Hardware Requirements for Virtualization Based Security:	1
Domain Joined:	0
Azure AD Joined:	0
 Licensed for Credential Guard:	0
Domain Controller:	0"
"24-04-2026 10:42:57","Microsoft-Windows-Wininit","Information","LSASS.exe was started as a protected process with level: 4."
"24-04-2026 10:42:57","Microsoft-Windows-Wininit","Information","VBS Key Isolation was started and will protect VSM-isolated keys."
"24-04-2026 10:42:57","Microsoft-Windows-IsolatedUserMode","Information","Secure Trustlet \??\C:\WINDOWS\system32\lsaiso.exe Id 1 and Pid 1232 started with status STATUS_SUCCESS."
"24-04-2026 10:42:57","Microsoft-Windows-IsolatedUserMode","Information","Secure Trustlet NULL Id 0 and Pid 0 started with status STATUS_SUCCESS."
"24-04-2026 10:42:57","Microsoft-Windows-Wininit","Information","Credential Guard configuration:

Registry Configuration: 0x0
Test Configuration: 0
Auto Enablement: 0"
"24-04-2026 10:42:57","Microsoft-Windows-Wininit","Information","Boot App Anti-Rollback: Initialize Completed with status:
HRESULT: The operation completed successfully.
New timer needed: false
New timer waiting for system update completion: false
Previous latch timer exists but disabled by registry: false
"
"24-04-2026 10:42:57","Microsoft-Windows-Wininit","Information","Boot App Anti-Rollback: Previous timer resumed with status:

HRESULT: The operation completed successfully.
Previous timer present: true
Start time: ?2026?-?04?-?03T07:37:32.937211100Z
Grace period: 51840000000000
Attempted recovery enforcement succeeded: false
"
"24-04-2026 10:42:57","Microsoft-Windows-Wininit","Information","Boot App Anti-Rollback: Timer start completed with status:

Win32Error: 0
Start time: ?2026?-?04?-?03T07:37:32.937211100Z
Grace period: 51840000000000
Due time: ?2026?-?06?-?02T07:37:32.937211100Z
"
"24-04-2026 10:42:57","Microsoft-Windows-Wininit","Information","Virtualization Based Security new timer creation status

HRESULT: The operation completed successfully.
New latch timer needed: false
New latch timer waiting for system update completion: false
Previous latch timer exists but disabled by registry: false
Policy file exists: false
"
"24-04-2026 10:42:55","BTHUSB","Information","Windows cannot store Bluetooth authentication codes (link keys) on the local adapter. Bluetooth keyboards might not work in the system BIOS during startup."
"24-04-2026 10:42:53","Microsoft-Windows-Kernel-PnP","Warning","The driver \Driver\WUDFRd failed to load.
Device: {DD8E82AE-334B-49A2-AEAE-AEB0FD5C40DD}\DetectionVerification\5&216c48f3&0&0
Status: 0xC0000365"
"24-04-2026 10:42:53","Microsoft-Windows-DriverFrameworks-UserMode","Information","UMDF reflector is unable to connect to service control manager (SCM). This is expected during boot, when SCM has not started yet. Will retry when it starts."
"24-04-2026 10:42:53","Intel-SST-OED","Information","Loaded DSP FW library: \??\C:\WINDOWS\System32\DriverStore\FileRepository\intcoed_oemlibpath.inf_amd64_10e87c104e5c78d5\adl_sraudio_lib.bin, status = STATUS_SUCCESS."
"24-04-2026 10:42:53","Intel-SST-OED","Information","Loaded DSP FW library: \??\C:\WINDOWS\System32\DriverStore\FileRepository\intcoed_oemlibpath.inf_amd64_10e87c104e5c78d5\adl_sraudio_lib.bin, status = STATUS_SUCCESS."
"24-04-2026 10:42:53","Intel-SST-OED","Information","Loaded DSP FW library: Libs\dsp_lib_whm_adl_release.bin, status = STATUS_SUCCESS."
"24-04-2026 10:42:53","Intel-SST-OED","Information","Loaded DSP FW library: Libs\dsp_lib_intel_wov_adl_release.bin, status = STATUS_SUCCESS."
"24-04-2026 10:42:53","Intel-SST-OED","Information","Library is not supported in BIOS: \??\C:\WINDOWS\System32\DriverStore\FileRepository\intcoed_oemlibpath.inf_amd64_10e87c104e5c78d5\adl_rtksep481_lib.bin, status = The request is not supported.."
"24-04-2026 10:42:53","Intel-SST-OED","Information","FX module is not supported in BIOS:  {7aa4db02-6b41-4bc3-a712-80a2dde29e11} from \??\C:\WINDOWS\System32\DriverStore\FileRepository\intcoed_oemlibpath.inf_amd64_10e87c104e5c78d5\adl_rtksep481_lib.bin."
"24-04-2026 10:42:53","Intel-SST-OED","Information","Library is not supported in BIOS: \??\C:\WINDOWS\System32\DriverStore\FileRepository\intcoed_oemlibpath.inf_amd64_10e87c104e5c78d5\adl_intel_aca_lib.bin, status = The request is not supported.."
"24-04-2026 10:42:53","Intel-SST-OED","Information","FX module is not supported in BIOS:  {0f239405-ca35-44eb-9ec8-a48de70e2a52} from \??\C:\WINDOWS\System32\DriverStore\FileRepository\intcoed_oemlibpath.inf_amd64_10e87c104e5c78d5\adl_intel_aca_lib.bin."
"24-04-2026 10:42:53","Intel-SST-OED","Information","Library is not supported in BIOS: \??\C:\WINDOWS\System32\DriverStore\FileRepository\intcoed_oemlibpath.inf_amd64_10e87c104e5c78d5\adl_dtspost_lib.bin, status = The request is not supported.."
"24-04-2026 10:42:53","Intel-SST-OED","Information","FX module is not supported in BIOS:  {a28aff37-8f9e-4b9f-8c0a-0b86db7ce6f0} from \??\C:\WINDOWS\System32\DriverStore\FileRepository\intcoed_oemlibpath.inf_amd64_10e87c104e5c78d5\adl_dtspost_lib.bin."
"24-04-2026 10:42:53","Microsoft-Windows-Kernel-PnP","Warning","The driver \Driver\WUDFRd failed to load.
Device: USB\VID_04F3&PID_0C00\5&1fc9e71d&0&7
Status: 0xC0000365"
"24-04-2026 10:42:53","Microsoft-Windows-DriverFrameworks-UserMode","Information","UMDF reflector is unable to connect to service control manager (SCM). This is expected during boot, when SCM has not started yet. Will retry when it starts."
"24-04-2026 10:42:51","MEIx64","Information","Intel(R) Management Engine Interface driver has started successfully."
"24-04-2026 10:42:51","Microsoft-Windows-Kernel-Power","Information","Active battery count change."
"24-04-2026 10:42:51","Microsoft-Windows-Kernel-Power","Information","Active battery count change."
"24-04-2026 10:42:51","Microsoft-Windows-Kernel-Processor-Power","Information","Processor 11 in group 0 exposes the following power management capabilities:

Idle state type: Micro Power Engine Plugin (11 state(s))

Performance state type: ACPI Collaborative Processor Performance Control
Nominal Frequency (MHz): 1300
Maximum performance percentage: 366
Minimum performance percentage: 100
Minimum throttle percentage: 11"
"24-04-2026 10:42:51","Microsoft-Windows-Kernel-Processor-Power","Information","Processor 10 in group 0 exposes the following power management capabilities:

Idle state type: Micro Power Engine Plugin (11 state(s))

Performance state type: ACPI Collaborative Processor Performance Control
Nominal Frequency (MHz): 1300
Maximum performance percentage: 366
Minimum performance percentage: 100
Minimum throttle percentage: 11"
"24-04-2026 10:42:51","Microsoft-Windows-Kernel-Processor-Power","Information","Processor 9 in group 0 exposes the following power management capabilities:

Idle state type: Micro Power Engine Plugin (11 state(s))

Performance state type: ACPI Collaborative Processor Performance Control
Nominal Frequency (MHz): 1300
Maximum performance percentage: 366
Minimum performance percentage: 100
Minimum throttle percentage: 11"
"24-04-2026 10:42:51","Microsoft-Windows-Kernel-Processor-Power","Information","Processor 8 in group 0 exposes the following power management capabilities:

Idle state type: Micro Power Engine Plugin (11 state(s))

Performance state type: ACPI Collaborative Processor Performance Control
Nominal Frequency (MHz): 1300
Maximum performance percentage: 366
Minimum performance percentage: 100
Minimum throttle percentage: 11"
"24-04-2026 10:42:51","Microsoft-Windows-Kernel-Processor-Power","Information","Processor 7 in group 0 exposes the following power management capabilities:

Idle state type: Micro Power Engine Plugin (11 state(s))

Performance state type: ACPI Collaborative Processor Performance Control
Nominal Frequency (MHz): 1300
Maximum performance percentage: 366
Minimum performance percentage: 100
Minimum throttle percentage: 11"
"24-04-2026 10:42:51","Microsoft-Windows-Kernel-Processor-Power","Information","Processor 6 in group 0 exposes the following power management capabilities:

Idle state type: Micro Power Engine Plugin (11 state(s))

Performance state type: ACPI Collaborative Processor Performance Control
Nominal Frequency (MHz): 1300
Maximum performance percentage: 366
Minimum performance percentage: 100
Minimum throttle percentage: 11"
"24-04-2026 10:42:51","Microsoft-Windows-Kernel-Processor-Power","Information","Processor 5 in group 0 exposes the following power management capabilities:

Idle state type: Micro Power Engine Plugin (11 state(s))

Performance state type: ACPI Collaborative Processor Performance Control
Nominal Frequency (MHz): 1300
Maximum performance percentage: 366
Minimum performance percentage: 100
Minimum throttle percentage: 11"
"24-04-2026 10:42:51","Microsoft-Windows-Kernel-Processor-Power","Information","Processor 4 in group 0 exposes the following power management capabilities:

Idle state type: Micro Power Engine Plugin (11 state(s))

Performance state type: ACPI Collaborative Processor Performance Control
Nominal Frequency (MHz): 1300
Maximum performance percentage: 366
Minimum performance percentage: 100
Minimum throttle percentage: 11"
"24-04-2026 10:42:51","Microsoft-Windows-Kernel-Processor-Power","Information","Processor 3 in group 0 exposes the following power management capabilities:

Idle state type: Micro Power Engine Plugin (11 state(s))

Performance state type: ACPI Collaborative Processor Performance Control
Nominal Frequency (MHz): 1300
Maximum performance percentage: 350
Minimum performance percentage: 100
Minimum throttle percentage: 6"
"24-04-2026 10:42:51","Microsoft-Windows-Kernel-Processor-Power","Information","Processor 2 in group 0 exposes the following power management capabilities:

Idle state type: Micro Power Engine Plugin (11 state(s))

Performance state type: ACPI Collaborative Processor Performance Control
Nominal Frequency (MHz): 1300
Maximum performance percentage: 350
Minimum performance percentage: 100
Minimum throttle percentage: 6"
"24-04-2026 10:42:51","Microsoft-Windows-Kernel-Processor-Power","Information","Processor 1 in group 0 exposes the following power management capabilities:

Idle state type: Micro Power Engine Plugin (11 state(s))

Performance state type: ACPI Collaborative Processor Performance Control
Nominal Frequency (MHz): 1300
Maximum performance percentage: 350
Minimum performance percentage: 100
Minimum throttle percentage: 6"
"24-04-2026 10:42:51","Microsoft-Windows-Kernel-Processor-Power","Information","Processor 0 in group 0 exposes the following power management capabilities:

Idle state type: Micro Power Engine Plugin (11 state(s))

Performance state type: ACPI Collaborative Processor Performance Control
Nominal Frequency (MHz): 1300
Maximum performance percentage: 350
Minimum performance percentage: 37
Minimum throttle percentage: 6"
"24-04-2026 10:42:50","Microsoft-Windows-Kernel-General","Information","The time zone information was refreshed with exit reason 0. Current time zone bias is -330."
"24-04-2026 10:42:50","Microsoft-Windows-Kernel-General","Information","Hive \SystemRoot\System32\Config\SOFTWARE was reorganized with a starting size of 128774144 bytes and an ending size of 114745344 bytes."
"24-04-2026 10:42:49","Microsoft-Windows-Kernel-PnP","Warning","The driver \Driver\WUDFRd failed to load.
Device: PCI\VEN_8086&DEV_461D&SUBSYS_89F3103C&REV_04\3&11583659&2&20
Status: 0xC0000365"
"24-04-2026 10:42:49","Microsoft-Windows-DriverFrameworks-UserMode","Information","UMDF reflector is unable to connect to service control manager (SCM). This is expected during boot, when SCM has not started yet. Will retry when it starts."
"24-04-2026 10:42:49","Microsoft-Windows-Ntfs","Information","Volume \\?\Volume{cbb5e7b9-5308-4f5c-b785-6f6b1667f19e} (\Device\HarddiskVolume4) is healthy.  No action is needed."
"24-04-2026 10:42:48","Microsoft-Windows-Kernel-General","Information","The access history in hive \SystemRoot\System32\Config\DEFAULT was cleared updating 1006 keys and creating 117 modified pages."
"24-04-2026 10:42:48","Microsoft-Windows-Kernel-General","Information","The access history in hive \SystemRoot\System32\Config\SECURITY was cleared updating 93 keys and creating 7 modified pages."
"24-04-2026 10:42:48","Microsoft-Windows-Kernel-General","Information","The access history in hive \SystemRoot\System32\Config\SAM was cleared updating 61 keys and creating 8 modified pages."
"24-04-2026 10:42:48","Microsoft-Windows-Kernel-Power","Critical","The system has rebooted without cleanly shutting down first. This error could be caused if the system stopped responding, crashed, or lost power unexpectedly."
"24-04-2026 10:42:48","Microsoft-Windows-Kernel-Power","Information","ACPI thermal zone \_TZ.TZ01 has been enumerated.             
_PSV = 0K             
_TC1 = 0             
_TC2 = 0             
_TSP = 0ms             
_AC0 = 0K             
_AC1 = 0K             
_AC2 = 0K             
_AC3 = 0K             
_AC4 = 0K             
_AC5 = 0K             
_AC6 = 0K             
_AC7 = 0K             
_AC8 = 0K             
_AC9 = 0K             
_CRT = 0K             
_HOT = 373K             
minimum throttle = 0             
_CR3 = 0K"
"24-04-2026 10:42:47","Microsoft-Windows-FilterManager","Information","File System Filter 'npsvctrig' (10.0, ?1978?-?05?-?14T14:43:30.000000000Z) has successfully loaded and registered with Filter Manager."
"24-04-2026 10:42:47","VfpExt","Information","The  service entered the Driver load complete state."
"24-04-2026 10:42:47","VfpExt","Information","The  service entered the Driver load start state."
"24-04-2026 10:42:47","Microsoft-Windows-FilterManager","Information","File System Filter 'UCPD' (10.0, ?2061?-?11?-?20T13:18:12.000000000Z) has successfully loaded and registered with Filter Manager."
"24-04-2026 10:42:47","Microsoft-Windows-FilterManager","Information","File System Filter 'FileCrypt' (10.0, ?2075?-?09?-?01T03:37:07.000000000Z) has successfully loaded and registered with Filter Manager."
"24-04-2026 10:42:47","Microsoft-Windows-Ntfs","Information","Volume C: (\Device\HarddiskVolume3) is healthy.  No action is needed."
"24-04-2026 10:42:45","Microsoft-Windows-FilterManager","Information","File System Filter 'WdFilter' (10.0, ?2036?-?01?-?26T15:03:35.000000000Z) has successfully loaded and registered with Filter Manager."
"24-04-2026 10:42:45","Microsoft-Windows-FilterManager","Information","File System Filter 'Wof' (10.0, ?2089?-?07?-?15T08:28:05.000000000Z) has successfully loaded and registered with Filter Manager."
"24-04-2026 10:42:45","Microsoft-Windows-FilterManager","Information","File System Filter 'FileInfo' (10.0, ?2093?-?04?-?02T06:59:43.000000000Z) has successfully loaded and registered with Filter Manager."
"24-04-2026 10:42:58","EventLog","Information","The system uptime is 14 seconds."
"24-04-2026 10:42:58","EventLog","Information","The Event log service was started."
"24-04-2026 10:42:58","EventLog","Information","Microsoft (R) Windows (R) 10.00. 26200  Multiprocessor Free."
"24-04-2026 10:42:58","EventLog","Error","The previous system shutdown at 9:48:22 PM on ?4/?23/?2026 was unexpected."
"24-04-2026 10:42:44","Microsoft-Windows-HAL","Information","IOMMU fault reporting has been initialized."
"24-04-2026 10:42:44","Microsoft-Windows-Kernel-General","Information","The leap second configuration has been updated.
Reason: Leap second data initialized from registry during boot
Leap seconds enabled: true
New leap second count: 0
Old leap second count: 0"
"24-04-2026 10:42:44","Microsoft-Windows-Kernel-Boot","Information","The firmware reported boot metrics."
"24-04-2026 10:42:44","Microsoft-Windows-IsolatedUserMode","Information","Secure Kernel started with status STATUS_SUCCESS and flags HvciEnabled,HvciStrictMode."
"24-04-2026 10:42:44","Microsoft-Windows-Hyper-V-Hypervisor","Warning","The hypervisor did not enable mitigations for side channel vulnerabilities for virtual machines because HyperThreading is enabled. To enable mitigations for virtual machines, disable HyperThreading."
"24-04-2026 10:42:44","Microsoft-Windows-Hyper-V-Hypervisor","Information","Hypervisor configured mitigations for CVE-2019-11091, CVE-2018-12126, CVE-2018-12127, CVE-2018-12130 for virtual machines.

Processor not affected: true
Processor family not affected: false
Processor supports microarchitectural buffer flush: true
Buffer flush needed: true
"
"24-04-2026 10:42:44","Microsoft-Windows-Hyper-V-Hypervisor","Information","Hypervisor configured mitigations for CVE-2018-3646 for virtual machines.

Processor not affected: true
Processor family not affected: false
Processor supports cache flush: true
HyperThreading enabled: false
Parent hypervisor applies mitigations: false
Mitigations disabled by bcdedit: false
Mitigations enabled: true
Cache flush needed: false
"
"24-04-2026 10:42:44","Microsoft-Windows-Hyper-V-Hypervisor","Information","Hypervisor initialized I/O remapping.

Hardware present: true
Hardware enabled: true
Policy: 0x0
Enabled features: 0x43
Internal information: 0x0
Problems: 0x0
Additional information: 0x0"
"24-04-2026 10:42:44","Microsoft-Windows-Hyper-V-Hypervisor","Information","Hypervisor scheduler type is 0x4."
"24-04-2026 10:42:44","Microsoft-Windows-Hyper-V-Hypervisor","Information","Hypervisor successfully started."
"24-04-2026 10:42:44","Microsoft-Windows-Kernel-Boot","Information","The boot type was 0x0."
"24-04-2026 10:42:44","Microsoft-Windows-Kernel-Boot","Information","The boot menu policy was 0x1."
"24-04-2026 10:42:44","Microsoft-Windows-Kernel-Boot","Information","EFI time zone bias: 2047. Daylight flags: 0. Firmware time: ?2026?-?04?-?24T10:42:41.000000000Z."
"24-04-2026 10:42:44","Microsoft-Windows-Kernel-Boot","Information","Unable to load Pluton-Windows firmware. StatusCode: STATUS_SUCCESS, Reason: Failed to apply firmware."
"24-04-2026 10:42:44","Microsoft-Windows-Kernel-Boot","Information","The last shutdown's success status was true. The last boot's success status was true."
"24-04-2026 10:42:44","Microsoft-Windows-Kernel-Boot","Information","The bootmgr spent 0 ms waiting for user input."
"24-04-2026 10:42:44","Microsoft-Windows-Kernel-Boot","Information","There are 0x1 boot options on this system."
"24-04-2026 10:42:44","Microsoft-Windows-Kernel-Boot","Information","The bootmgr spent 0 ms waiting for user input."
"24-04-2026 10:42:44","Microsoft-Windows-Kernel-Boot","Information","There are 0x1 boot options on this system."
"24-04-2026 10:42:44","Microsoft-Windows-Kernel-Boot","Error","Windows failed fast startup with error status 0xC00000D4."
"24-04-2026 10:42:44","Microsoft-Windows-Kernel-Boot","Information","Virtualization-based security (policies: VBS Enabled,VSM Required,Hvci,Boot Chain Signer Soft Enforced) is enabled due to VBS registry configuration."
"24-04-2026 10:42:44","Microsoft-Windows-Kernel-General","Information","The system time was initialized to ?2026?-?04?-?24T05:12:43.500000000Z. 

Loader time: ?2026?-?04?-?24T05:12:41.000000000Z
Internal boot flags: 0x2
HAL RTC error code: 0x0
RTC time is in UTC: false
Soft boot: false
Success: true
Phase: 0"
"24-04-2026 10:42:44","Microsoft-Windows-Kernel-General","Information","The operating system started at system time ?2026?-?04?-?24T05:12:43.500000000Z."
"23-04-2026 22:02:49","Microsoft-Windows-Security-SPP","Information","Successfully scheduled Software Protection service for re-start at 2126-03-30T16:32:49Z. Reason: RulesEngine."
"23-04-2026 22:02:19","Microsoft-Windows-Security-SPP","Information","Offline downlevel migration succeeded."
"23-04-2026 21:50:29","Microsoft-Windows-DistributedCOM","Warning","The application-specific permission settings do not grant Local Activation permission for the COM Server application with CLSID 
{2593F8B9-4EAF-457C-B68A-50F6B8EA6B54}
 and APPID 
{15C20B67-12E7-4BB6-92BB-7AFF07997402}
 to the user Priyanshu\priya SID (S-1-5-21-1258550371-3975648611-2483462874-1001) from address LocalHost (Using LRPC) running in the application container Unavailable SID (Unavailable). This security permission can be modified using the Component Services administrative tool."
"23-04-2026 21:49:07","HP Comm Recovery","Information","PowerEvent handled successfully by the service."
"23-04-2026 21:49:07","igccservice","Information","PowerEvent handled successfully by the service."
"23-04-2026 21:46:56",".NET Runtime","Error",".NET Runtime version 4.0.30319.0 - There was a failure initializing profiling API attach infrastructure.  This process will not allow a profiler to attach.  HRESULT: 0x80004005.  Process ID (decimal): 19968.  Message ID: [0x2509]."
"23-04-2026 21:46:49","Microsoft-Windows-Kernel-General","Information","The access history in hive \??\C:\Users\priya\AppData\Local\Packages\Microsoft.Copilot_8wekyb3d8bbwe\Settings\settings.dat was cleared updating 1 keys and creating 1 modified pages."
"23-04-2026 21:32:26","Windows Error Reporting","Information","Fault bucket 1512309699664466614, type 5
Event Name: StoreAgentInstallFailure1
Response: Not available
Cab Id: 0

Problem signature:
P1: Update;MoUpdateOrchestratorDeviceScan-MoUsoCoreWorker-SearchForAllUpdatesWithUpdateOptionsAsync
P2: 80073d02
P3: 26200
P4: 8246
P5: Windows.Desktop
P6: 1
P7: 
P8: 
P9: 
P10: 

Attached files:
\\?\C:\Windows\Temp\FailureReportMetadata_17337.txt
\\?\C:\ProgramData\Microsoft\Windows\WER\Temp\WER.a652a680-c378-4d1d-96fe-3842ac1e755e.tmp.WERInternalMetadata.xml
\\?\C:\ProgramData\Microsoft\Windows\WER\ReportQueue\NonCritical_Update;MoUpdateO_ee8e0711cf5c3cd4e82f3bf6b8799ef5bc645c_00000000_cab_636e70bf-b54c-45b9-b010-b51eaca7a3f7\WPR_initiated_DiagTrackMiniLogger_OneTrace_User_Logger_20260421_1_EC_0_inject.etl
\\?\C:\ProgramData\Microsoft\Windows\WER\Temp\WER.8e4f55bb-4992-4d2e-a691-a935bf7f9a4b.tmp.etl
\\?\C:\ProgramData\Microsoft\Windows\WER\ReportQueue\NonCritical_Update;MoUpdateO_ee8e0711cf5c3cd4e82f3bf6b8799ef5bc645c_00000000_cab_636e70bf-b54c-45b9-b010-b51eaca7a3f7\WPR_initiated_DiagTrackMiniLogger_WPR System Collector_inject.etl
\\?\C:\ProgramData\Microsoft\Windows\WER\Temp\WER.9b8c725d-a3d6-4793-9ca5-a5eb5174c3ac.tmp.etl
\\?\C:\ProgramData\Microsoft\Windows\WER\Temp\WER.1d45bcd5-48c7-4d4b-9dcb-a0bd1d3893ac.tmp.csv
\\?\C:\ProgramData\Microsoft\Windows\WER\Temp\WER.fbd31024-22e8-4553-a018-286c78edfbf8.tmp.txt
\\?\C:\ProgramData\Microsoft\Windows\WER\Temp\WER.3c5ee98c-aba8-457b-b0e7-2f103ceb6408.tmp.xml

These files may be available here:
\\?\C:\ProgramData\Microsoft\Windows\WER\ReportArchive\NonCritical_Update;MoUpdateO_ee8e0711cf5c3cd4e82f3bf6b8799ef5bc645c_00000000_636e70bf-b54c-45b9-b010-b51eaca7a3f7

Analysis symbol: 
Rechecking for solution: 0
Report Id: 636e70bf-b54c-45b9-b010-b51eaca7a3f7
Report Status: 268435456
Hashed bucket: 9da802780bcc389844fccda8c6e0d2b6
Cab Guid: 0"
"23-04-2026 21:32:22","Windows Error Reporting","Information","Fault bucket , type 0
Event Name: StoreAgentInstallFailure1
Response: Not available
Cab Id: 0

Problem signature:
P1: Update;MoUpdateOrchestratorDeviceScan-MoUsoCoreWorker-SearchForAllUpdatesWithUpdateOptionsAsync
P2: 80073d02
P3: 26200
P4: 8246
P5: Windows.Desktop
P6: 1
P7: 
P8: 
P9: 
P10: 

Attached files:
\\?\C:\Windows\Temp\FailureReportMetadata_17337.txt
\\?\C:\ProgramData\Microsoft\Windows\WER\Temp\WER.a652a680-c378-4d1d-96fe-3842ac1e755e.tmp.WERInternalMetadata.xml
\\?\C:\ProgramData\Microsoft\Windows\WER\ReportQueue\NonCritical_Update;MoUpdateO_ee8e0711cf5c3cd4e82f3bf6b8799ef5bc645c_00000000_cab_636e70bf-b54c-45b9-b010-b51eaca7a3f7\WPR_initiated_DiagTrackMiniLogger_OneTrace_User_Logger_20260421_1_EC_0_inject.etl
\\?\C:\ProgramData\Microsoft\Windows\WER\Temp\WER.8e4f55bb-4992-4d2e-a691-a935bf7f9a4b.tmp.etl
\\?\C:\ProgramData\Microsoft\Windows\WER\ReportQueue\NonCritical_Update;MoUpdateO_ee8e0711cf5c3cd4e82f3bf6b8799ef5bc645c_00000000_cab_636e70bf-b54c-45b9-b010-b51eaca7a3f7\WPR_initiated_DiagTrackMiniLogger_WPR System Collector_inject.etl
\\?\C:\ProgramData\Microsoft\Windows\WER\Temp\WER.9b8c725d-a3d6-4793-9ca5-a5eb5174c3ac.tmp.etl
\\?\C:\ProgramData\Microsoft\Windows\WER\Temp\WER.1d45bcd5-48c7-4d4b-9dcb-a0bd1d3893ac.tmp.csv
\\?\C:\ProgramData\Microsoft\Windows\WER\Temp\WER.fbd31024-22e8-4553-a018-286c78edfbf8.tmp.txt
\\?\C:\ProgramData\Microsoft\Windows\WER\Temp\WER.3c5ee98c-aba8-457b-b0e7-2f103ceb6408.tmp.xml

These files may be available here:
\\?\C:\ProgramData\Microsoft\Windows\WER\ReportQueue\NonCritical_Update;MoUpdateO_ee8e0711cf5c3cd4e82f3bf6b8799ef5bc645c_00000000_cab_636e70bf-b54c-45b9-b010-b51eaca7a3f7

Analysis symbol: 
Rechecking for solution: 0
Report Id: 636e70bf-b54c-45b9-b010-b51eaca7a3f7
Report Status: 4
Hashed bucket: 
Cab Guid: 0"
"23-04-2026 21:32:20","Microsoft-Windows-WindowsUpdateClient","Error","Installation Failure: Windows failed to install the following update with error 0x80073D02: 9NBLGGH4NNS1-Microsoft.DesktopAppInstaller."
"23-04-2026 21:32:19","Microsoft-Windows-WindowsUpdateClient","Information","Installation Started: Windows has started installing the following update: 9NBLGGH4NNS1-Microsoft.DesktopAppInstaller"
"23-04-2026 21:32:19","Microsoft-Windows-WindowsUpdateClient","Information","Installation Successful: Windows successfully installed the following update: 9NKRJ3SJ9SDG-Microsoft.WindowsAppRuntime.1.8"
"23-04-2026 21:32:18","Microsoft-Windows-WindowsUpdateClient","Information","Installation Started: Windows has started installing the following update: 9NKRJ3SJ9SDG-Microsoft.WindowsAppRuntime.1.8"
"23-04-2026 21:32:17","Microsoft-Windows-Kernel-General","Information","The access history in hive \??\C:\ProgramData\Microsoft\Windows\AppRepository\Packages\Microsoft.DesktopAppInstaller_1.28.240.0_x64__8wekyb3d8bbwe\ActivationStore.dat was cleared updating 0 keys and creating 0 modified pages."
"23-04-2026 21:31:52","Microsoft-Windows-WindowsUpdateClient","Information","Windows Update started downloading an update."
"23-04-2026 21:31:52","Microsoft-Windows-WindowsUpdateClient","Information","Windows Update started downloading an update."
"23-04-2026 21:31:51","Microsoft-Windows-WindowsUpdateClient","Information","Windows Update started downloading an update."
"23-04-2026 21:31:51","Microsoft-Windows-WindowsUpdateClient","Information","Windows Update started downloading an update."
"23-04-2026 21:31:44","Microsoft-Windows-Kernel-General","Information","The access history in hive \??\C:\ProgramData\Microsoft\Windows\AppRepository\Packages\Microsoft.WindowsAppRuntime.1.8_8000.836.2153.0_x86__8wekyb3d8bbwe\ActivationStore.dat was cleared updating 0 keys and creating 0 modified pages."
"23-04-2026 21:31:39","Microsoft-Windows-WindowsUpdateClient","Information","Windows Update started downloading an update."
"23-04-2026 21:31:19","Microsoft-Windows-Kernel-General","Information","The access history in hive \??\C:\ProgramData\Microsoft\Windows\AppRepository\Packages\Microsoft.WindowsAppRuntime.1.8_8000.836.2153.0_x64__8wekyb3d8bbwe\ActivationStore.dat was cleared updating 0 keys and creating 0 modified pages."
"23-04-2026 21:30:40","Microsoft-Windows-WindowsUpdateClient","Information","Windows Update started downloading an update."
"23-04-2026 21:30:40","Microsoft-Windows-WindowsUpdateClient","Information","Windows Update started downloading an update."
"23-04-2026 21:30:40","Microsoft-Windows-WindowsUpdateClient","Information","Windows Update started downloading an update."
"23-04-2026 21:29:44","Microsoft-Windows-Security-SPP","Information","Successfully scheduled Software Protection service for re-start at 2126-03-30T15:59:44Z. Reason: RulesEngine."
"23-04-2026 21:29:05","ELAN/Service",,
"23-04-2026 21:29:05","ELAN/Service",,
"23-04-2026 21:29:05","Microsoft-Windows-Security-SPP","Information","These policies are being excluded since they are only defined with override-only attribute.
Policy Names=(Security-SPP-Reserved-EnableNotificationMode) 
App Id=55c92734-d682-4d71-983e-d6ec3f16059f
Sku Id=8a292df8-d653-4057-8133-a0701792f912"
"23-04-2026 21:29:05","Microsoft-Windows-Security-SPP","Information","Duplicate definition of policy found. Policy name=Security-SPP-WriteWauMarker  Priority=500"
"23-04-2026 21:29:05","Microsoft-Windows-Security-SPP","Information","Duplicate definition of policy found. Policy name=AAD-AddDeviceJoinUserToAdminGroup-Policy  Priority=100"
"23-04-2026 21:29:05","Microsoft-Windows-Security-SPP","Information","Offline downlevel migration succeeded."
"23-04-2026 21:28:38","MsiInstaller","Information","Ending a Windows Installer transaction: c:\program files\microsoft office\root\integration\c2rint.16.msi. Client Process Id: 18368."
"23-04-2026 21:28:38","MsiInstaller","Information","Windows Installer reconfigured the product. Product Name: Office 16 Click-to-Run Extensibility Component. Product Version: 16.0.19929.20032. Product Language: 0. Manufacturer: Microsoft Corporation. Reconfiguration success or error status: 0."
"23-04-2026 21:28:38","MsiInstaller","Information","Product: Office 16 Click-to-Run Extensibility Component -- Configuration completed successfully."
"23-04-2026 21:28:37","Microsoft-Windows-Search","Information","The Windows Search Service started.
"
"23-04-2026 21:28:36","MsiInstaller","Information","Beginning a Windows Installer transaction: c:\program files\microsoft office\root\integration\c2rint.16.msi. Client Process Id: 18368."
"23-04-2026 21:28:34","Microsoft-Windows-Search","Information","Windows Search Service stopped normally.
"
"23-04-2026 21:28:33","MsiInstaller","Information","Ending a Windows Installer transaction: c:\program files\microsoft office\root\integration\c2rint.16.msi. Client Process Id: 18368."
"23-04-2026 21:28:31","MsiInstaller","Information","Windows Installer reconfigured the product. Product Name: Office 16 Click-to-Run Extensibility Component. Product Version: 16.0.19929.20032. Product Language: 0. Manufacturer: Microsoft Corporation. Reconfiguration success or error status: 0."
"23-04-2026 21:28:31","MsiInstaller","Information","Product: Office 16 Click-to-Run Extensibility Component -- Configuration completed successfully."
"23-04-2026 21:28:17","MsiInstaller","Information","Beginning a Windows Installer transaction: c:\program files\microsoft office\root\integration\c2rint.16.msi. Client Process Id: 18368."
"23-04-2026 21:28:08","Microsoft-Windows-Configuration-Change-Monitor","Information",
"23-04-2026 21:28:00","Microsoft-Windows-Security-SPP","Information","Successfully scheduled Software Protection service for re-start at 2126-03-30T15:58:00Z. Reason: RulesEngine."
"23-04-2026 21:27:43","Microsoft-Windows-Search","Information","The Windows Search Service started.
"
"23-04-2026 21:27:42","Microsoft-Windows-Search","Information","Windows Search Service stopped normally.
"
"23-04-2026 21:27:42","Microsoft-Windows-Search","Warning","The filter host process 11028 did not respond and is being forcibly terminated. 
"
"23-04-2026 21:27:42","Microsoft-Windows-Search","Warning","The filter host process 12872 did not respond and is being forcibly terminated. 
"
"23-04-2026 21:27:36","Microsoft-Windows-Kernel-General","Information","The access history in hive \??\C:\Users\priya\AppData\Local\Packages\Microsoft.Office.ActionsServer_8wekyb3d8bbwe\Settings\settings.dat was cleared updating 1 keys and creating 1 modified pages."
"23-04-2026 21:27:35","Microsoft-Windows-Kernel-General","Information","The access history in hive \??\C:\Users\priya\AppData\Local\Packages\Microsoft.OfficePushNotificationUtility_8wekyb3d8bbwe\Settings\settings.dat was cleared updating 1 keys and creating 1 modified pages."
"23-04-2026 21:27:34","Microsoft-Windows-Kernel-General","Information","The access history in hive \??\C:\ProgramData\Microsoft\Windows\AppRepository\Packages\Microsoft.Office.ActionsServer_16.0.19929.20090_neutral__8wekyb3d8bbwe\ActivationStore.dat was cleared updating 0 keys and creating 0 modified pages."
"23-04-2026 21:27:32","Microsoft-Windows-Kernel-General","Information","The access history in hive \??\C:\ProgramData\Microsoft\Windows\AppRepository\Packages\Microsoft.OfficePushNotificationUtility_16.0.19929.20090_neutral__8wekyb3d8bbwe\ActivationStore.dat was cleared updating 0 keys and creating 0 modified pages."
"23-04-2026 21:27:30","Microsoft-Windows-Security-SPP","Information","The Software Protection service has successfully installed the license.
License Title=Office436366DE-5579-4F24-96DB-3893E4400030 PPD License
License Id=24458741-e83d-5f5c-b43a-465eba244525"
"23-04-2026 21:27:30","Microsoft-Windows-Security-SPP","Information","The Software Protection service has successfully installed the license.
License Title=Office 16 UL oob License (Private)
License Id=b0630698-7987-48ad-922b-83fe4992be73"
"23-04-2026 21:27:30","Microsoft-Windows-Security-SPP","Information","The Software Protection service has successfully installed the license.
License Title=Office 16 UL oob License (Public)
License Id=84161302-57f7-40fd-8b32-06b42e2aec91"
"23-04-2026 21:27:30","Microsoft-Windows-Security-SPP","Information","The Software Protection service has successfully installed the license.
License Title=Office112B0ED2-CF1A-42CE-A0C2-4EE20B59D267 PPD License
License Id=4bbf45f4-365b-0e65-6f8c-a06d9e66f052"
"23-04-2026 21:27:30","Microsoft-Windows-Security-SPP","Information","The Software Protection service has successfully installed the license.
License Title=Office 21 UL oob License (Private)
License Id=f10776f4-9026-4824-9b6f-ed6d051267c8"
"23-04-2026 21:27:30","Microsoft-Windows-Security-SPP","Information","The Software Protection service has successfully installed the license.
License Title=Office 21 UL oob License (Public)
License Id=0d131c48-c7b0-44c6-b5d6-67d3d16d30bc"
"23-04-2026 21:27:30","Microsoft-Windows-Security-SPP","Information","The Software Protection service has successfully installed the license.
License Title=Office 21 Publishing License (Private)
License Id=3d32cafb-c20f-4283-b312-2d025536cc00"
"23-04-2026 21:27:30","Microsoft-Windows-Security-SPP","Information","The Software Protection service has successfully installed the license.
License Title=Office 21 Publishing License (Public)
License Id=12d06648-a383-4dc6-bbfc-dc18abe3ff2a"
"23-04-2026 21:27:30","Microsoft-Windows-Security-SPP","Information","The Software Protection service has successfully installed the license.
License Title=Office0CF5C9C4-62D8-42E7-8443-B2715DDAE7BA PPD License
License Id=1f924606-fe78-adae-025a-9e2d313c526b"
"23-04-2026 21:27:30","Microsoft-Windows-Security-SPP","Information","The Software Protection service has successfully installed the license.
License Title=Office 21 UL oob License (Private)
License Id=db1ed652-ece8-4a54-b9e6-3138b80c5588"
"23-04-2026 21:27:30","Microsoft-Windows-Security-SPP","Information","The Software Protection service has successfully installed the license.
License Title=Office 21 UL oob License (Public)
License Id=bb113ecc-aa18-4154-a46d-aed4ae1fc0e9"
"23-04-2026 21:27:30","Microsoft-Windows-Security-SPP","Information","The Software Protection service has successfully installed the license.
License Title=Office 21 Publishing License (Private)
License Id=1cae146f-0983-4e15-b5d6-34d6e7c42b1b"
"23-04-2026 21:27:30","Microsoft-Windows-Security-SPP","Information","The Software Protection service has successfully installed the license.
License Title=Office 21 Publishing License (Public)
License Id=8c734265-0132-400e-a7b4-cd374fee3831"
"23-04-2026 21:27:30","Microsoft-Windows-Security-SPP","Information","The Software Protection service has successfully installed the license.
License Title=Office44F73EE6-D2F7-4502-97D5-046E8820662E PPD License
License Id=9687427f-277d-46a5-12aa-46a2b3fd7a2b"
"23-04-2026 21:27:29","Microsoft-Windows-Security-SPP","Information","The Software Protection service has successfully installed the license.
License Title=Office 21 UL oob License (Private)
License Id=ab10e2dc-4a0e-48a9-ac08-3d286015c493"
"23-04-2026 21:27:29","Microsoft-Windows-Security-SPP","Information","The Software Protection service has successfully installed the license.
License Title=Office 21 UL oob License (Public)
License Id=0347aa9c-df27-4a73-9204-78151e2e1f29"
"23-04-2026 21:27:29","Microsoft-Windows-Security-SPP","Information","The Software Protection service has successfully installed the license.
License Title=Office 21 Publishing License (Private)
License Id=828a3dc3-548a-4ddf-b914-e499021b2564"
"23-04-2026 21:27:29","Microsoft-Windows-Security-SPP","Information","The Software Protection service has successfully installed the license.
License Title=Office 21 Publishing License (Public)
License Id=5b2b2daa-7b11-4807-b0d6-fad96dba2eff"
"23-04-2026 21:27:29","Microsoft-Windows-Security-SPP","Information","The Software Protection service has successfully installed the license.
License Title=Office649FB593-1AEA-4F3D-9EDE-6D756561A2E5 PPD License
License Id=d629fa80-e641-4906-968b-24aa333424bb"
"23-04-2026 21:27:29","Microsoft-Windows-Security-SPP","Information","The Software Protection service has successfully installed the license.
License Title=Office 21 UL oob License (Private)
License Id=28fa29b3-8d28-465f-8148-73b9e7d28816"
"23-04-2026 21:27:29","Microsoft-Windows-Security-SPP","Information","The Software Protection service has successfully installed the license.
License Title=Office 21 UL oob License (Public)
License Id=dfa81fcc-5799-4343-a8fc-5f61fbed3511"
"23-04-2026 21:27:29","Microsoft-Windows-Security-SPP","Information","The Software Protection service has successfully installed the license.
License Title=Office 21 Publishing License (Private)
License Id=594edf7b-d973-4d51-accd-881b4e500a28"
"23-04-2026 21:27:29","Microsoft-Windows-Security-SPP","Information","The Software Protection service has successfully installed the license.
License Title=Office 21 Publishing License (Public)
License Id=8dcbb85c-0120-494d-b37e-d7888d7eb6f4"
"23-04-2026 21:27:29","Microsoft-Windows-Security-SPP","Information","The Software Protection service has successfully installed the license.
License Title=Office2F258377-738F-48DD-9397-287E43079958 PPD License
License Id=d069fb65-37f6-e5a9-bb0f-9d67ba0fe482"
"23-04-2026 21:27:29","Microsoft-Windows-Security-SPP","Information","The Software Protection service has successfully installed the license.
License Title=Office 21 UL oob License (Private)
License Id=08187bce-e626-4975-8eb7-52f1f5ce0881"
"23-04-2026 21:27:29","Microsoft-Windows-Security-SPP","Information","The Software Protection service has successfully installed the license.
License Title=Office 21 UL oob License (Public)
License Id=ee143c21-8694-4018-8413-a67489cbf8ee"
"23-04-2026 21:27:29","Microsoft-Windows-Security-SPP","Information","The Software Protection service has successfully installed the license.
License Title=Office 21 Publishing License (Private)
License Id=671d792f-7115-4faf-8bd8-f98b764d6d4a"
"23-04-2026 21:27:29","Microsoft-Windows-Security-SPP","Information","The Software Protection service has successfully installed the license.
License Title=Office 21 Publishing License (Public)
License Id=6202de3e-4dbd-40c6-bb3a-04e216d3b84f"
"23-04-2026 21:27:29","Microsoft-Windows-Security-SPP","Information","The Software Protection service has successfully installed the license.
License Title=Office9E7D5312-95FC-4443-A551-69C20624EC6B PPD License
License Id=e7ed6d88-5e32-8116-7b31-c2bd6ab383d5"
"23-04-2026 21:27:29","Microsoft-Windows-Security-SPP","Information","The Software Protection service has successfully installed the license.
License Title=Office 21 UL oob License (Private)
License Id=a33d0f4f-22a2-4aa4-a4c4-443d0f9ab91d"
"23-04-2026 21:27:29","Microsoft-Windows-Security-SPP","Information","The Software Protection service has successfully installed the license.
License Title=Office 21 UL oob License (Public)
License Id=b521ef08-70d9-44d3-acc4-23af4ff07d88"
"23-04-2026 21:27:29","Microsoft-Windows-Security-SPP","Information","The Software Protection service has successfully installed the license.
License Title=Office 21 UL phone License (Private)
License Id=0e29481a-71a1-4339-a162-808a03c1acbd"
"23-04-2026 21:27:29","Microsoft-Windows-Security-SPP","Information","The Software Protection service has successfully installed the license.
License Title=Office 21 UL phone License (Public)
License Id=18c4f942-1e3d-47fa-a6ab-11d06384fa33"
"23-04-2026 21:27:29","Microsoft-Windows-Security-SPP","Information","The Software Protection service has successfully installed the license.
License Title=Office 21 Publishing License (Private)
License Id=6a35ca37-6ce3-417f-9a3a-adc1dd573f1e"
"23-04-2026 21:27:29","Microsoft-Windows-Security-SPP","Information","The Software Protection service has successfully installed the license.
License Title=Office 21 Publishing License (Public)
License Id=0012cc65-8230-4721-9dc9-a5453527ad62"
"23-04-2026 21:27:29","Microsoft-Windows-Security-SPP","Information","The Software Protection service has successfully installed the license.
License Title=Office2FC0111C-BF0B-4BDD-900C-E3C713034746 PPD License
License Id=4bdb30ce-db02-c0e7-d5f9-1eda6fa38f34"
"23-04-2026 21:27:29","Microsoft-Windows-Security-SPP","Information","The Software Protection service has successfully installed the license.
License Title=Office 21 UL oob License (Private)
License Id=8ce5f2b5-7be6-4664-9746-f2e301b65a2e"
"23-04-2026 21:27:29","Microsoft-Windows-Security-SPP","Information","The Software Protection service has successfully installed the license.
License Title=Office 21 UL oob License (Public)
License Id=371362d5-c811-4f63-bd6f-cf4a7b9a61fa"
"23-04-2026 21:27:29","Microsoft-Windows-Security-SPP","Information","The Software Protection service has successfully installed the license.
License Title=Office 21 UL phone License (Private)
License Id=d14eaecf-5a19-44f2-9a4c-b81a6b8f7975"
"23-04-2026 21:27:29","Microsoft-Windows-Security-SPP","Information","The Software Protection service has successfully installed the license.
License Title=Office 21 UL phone License (Public)
License Id=0ff4006a-8eca-4d46-8602-b7ca81107c9a"
"23-04-2026 21:27:29","Microsoft-Windows-Security-SPP","Information","The Software Protection service has successfully installed the license.
License Title=Office 21 Publishing License (Private)
License Id=78b36c6f-7587-4c85-a388-51ad72e6636a"
"23-04-2026 21:27:29","Microsoft-Windows-Security-SPP","Information","The Software Protection service has successfully installed the license.
License Title=Office 21 Publishing License (Public)
License Id=ad8d05d2-78a5-4a90-ad4b-a1568e624786"
"23-04-2026 21:27:29","Microsoft-Windows-Security-SPP","Information","The Software Protection service has successfully installed the license.
License Title=OfficeA570C5DF-B1A3-485C-A8CD-B47E90787BA8 PPD License
License Id=8e9db236-d4fe-5b79-7970-404d6c215915"
"23-04-2026 21:27:29","Microsoft-Windows-Security-SPP","Information","The Software Protection service has successfully installed the license.
License Title=Office 21 UL oob License (Private)
License Id=4897d814-8220-4d1f-8233-f80c4e3fa637"
"23-04-2026 21:27:29","Microsoft-Windows-Security-SPP","Information","The Software Protection service has successfully installed the license.
License Title=Office 21 UL oob License (Public)
License Id=bd87d5a8-f9a6-4dfd-b74b-a3c4ca9a5e8d"
"23-04-2026 21:27:29","Microsoft-Windows-Security-SPP","Information","The Software Protection service has successfully installed the license.
License Title=Office1CAC786A-7F16-4EDE-B7FC-CFBCE8FE24C7 PPD License
License Id=78f8bd92-3cec-3ed0-5b57-a7cdab2a1d85"
"23-04-2026 21:27:29","Microsoft-Windows-Security-SPP","Information","The Software Protection service has successfully installed the license.
License Title=Office 21 UL oob License (Private)
License Id=fbea25af-b724-46b7-87fb-89a3fe1d83b3"
