"18-04-2026 20:44:16","Microsoft-Windows-Kernel-General","Information","The access history in hive \??\C:\ProgramData\Packages\Microsoft.CommandPalette_8wekyb3d8bbwe\S-1-5-21-1258550371-3975648611-2483462874-1001\SystemAppData\Helium\Cache\f3152ba0890d68f1_COM15.dat was cleared updating 1 keys and creating 1 modified pages."
"18-04-2026 20:44:15","Microsoft-Windows-Kernel-General","Information","The access history in hive \??\C:\Users\priya\AppData\Local\Packages\Microsoft.YourPhone_8wekyb3d8bbwe\Settings\settings.dat was cleared updating 81 keys and creating 10 modified pages."
"18-04-2026 20:44:15","Microsoft-Windows-Kernel-General","Information","The access history in hive \??\C:\Users\priya\AppData\Local\Packages\MicrosoftWindows.CrossDevice_cw5n1h2txyewy\Settings\settings.dat was cleared updating 50 keys and creating 6 modified pages."
"18-04-2026 20:44:14","Microsoft-Windows-Kernel-General","Information","The access history in hive \??\C:\Users\priya\AppData\Local\Packages\AD2F1837.HPPrivacySettings_v10z8vjag6ke6\Settings\settings.dat was cleared updating 2 keys and creating 1 modified pages."
"18-04-2026 20:44:14","Microsoft-Windows-Kernel-General","Information","The access history in hive \??\C:\Users\priya\AppData\Local\Packages\MicrosoftWindows.CrossDevice_cw5n1h2txyewy\SystemAppData\Helium\UserClasses.dat was cleared updating 21 keys and creating 4 modified pages."
"18-04-2026 20:44:14","Microsoft-Windows-Kernel-General","Information","The access history in hive \??\C:\Users\priya\AppData\Local\Packages\MicrosoftWindows.CrossDevice_cw5n1h2txyewy\SystemAppData\Helium\User.dat was cleared updating 9 keys and creating 1 modified pages."
"18-04-2026 20:44:13","Microsoft-Windows-Kernel-General","Information","The access history in hive \??\C:\ProgramData\Packages\AD2F1837.HPPrivacySettings_v10z8vjag6ke6\S-1-5-21-1258550371-3975648611-2483462874-1001\SystemAppData\Helium\Cache\699a6e189d9a7b3a_COM15.dat was cleared updating 1 keys and creating 1 modified pages."
"18-04-2026 20:44:13","Microsoft-Windows-Kernel-General","Information","The access history in hive \??\C:\Users\priya\AppData\Local\Packages\AD2F1837.HPPrivacySettings_v10z8vjag6ke6\SystemAppData\Helium\UserClasses.dat was cleared updating 1 keys and creating 1 modified pages."
"18-04-2026 20:44:13","Microsoft-Windows-Kernel-General","Information","The access history in hive \??\C:\Users\priya\AppData\Local\Packages\AD2F1837.HPPrivacySettings_v10z8vjag6ke6\SystemAppData\Helium\User.dat was cleared updating 1 keys and creating 1 modified pages."
"18-04-2026 20:44:13","Microsoft-Windows-Kernel-General","Information","The access history in hive \??\C:\Users\priya\AppData\Local\Packages\AD2F1837.OMENCommandCenter_v10z8vjag6ke6\Settings\settings.dat was cleared updating 3 keys and creating 1 modified pages."
"18-04-2026 20:44:13","Microsoft-Windows-Kernel-General","Information","The access history in hive \??\C:\Users\priya\AppData\Local\Packages\AD2F1837.OMENCommandCenter_v10z8vjag6ke6\SystemAppData\Helium\UserClasses.dat was cleared updating 17 keys and creating 5 modified pages."
"18-04-2026 20:44:13","Microsoft-Windows-Kernel-General","Information","The access history in hive \??\C:\Users\priya\AppData\Local\Packages\AD2F1837.OMENCommandCenter_v10z8vjag6ke6\SystemAppData\Helium\User.dat was cleared updating 32 keys and creating 5 modified pages."
"18-04-2026 20:44:13","Microsoft-Windows-Kernel-General","Information","The access history in hive \??\C:\ProgramData\Packages\AD2F1837.HPSystemEventUtility_v10z8vjag6ke6\S-1-5-21-1258550371-3975648611-2483462874-1001\SystemAppData\Helium\Cache\26787760cb401333_COM15.dat was cleared updating 1 keys and creating 1 modified pages."
"18-04-2026 20:44:13","Microsoft-Windows-Kernel-General","Information","The access history in hive \??\C:\Users\priya\AppData\Local\Packages\AD2F1837.HPSystemEventUtility_v10z8vjag6ke6\SystemAppData\Helium\UserClasses.dat was cleared updating 13 keys and creating 1 modified pages."
"18-04-2026 20:44:13","Microsoft-Windows-Kernel-General","Information","The access history in hive \??\C:\Users\priya\AppData\Local\Packages\AD2F1837.HPSystemEventUtility_v10z8vjag6ke6\SystemAppData\Helium\User.dat was cleared updating 16 keys and creating 2 modified pages."
"18-04-2026 20:44:13","Microsoft-Windows-Kernel-General","Information","The access history in hive \??\C:\ProgramData\Packages\AD2F1837.HPEnhance_v10z8vjag6ke6\S-1-5-21-1258550371-3975648611-2483462874-1001\SystemAppData\Helium\Cache\61e1bcdcee02a1fc_COM15.dat was cleared updating 1 keys and creating 1 modified pages."
"18-04-2026 20:44:13","Microsoft-Windows-Kernel-General","Information","The access history in hive \??\C:\Users\priya\AppData\Local\Packages\AD2F1837.HPEnhance_v10z8vjag6ke6\SystemAppData\Helium\UserClasses.dat was cleared updating 1 keys and creating 1 modified pages."
"18-04-2026 20:44:13","Microsoft-Windows-Kernel-General","Information","The access history in hive \??\C:\Users\priya\AppData\Local\Packages\AD2F1837.HPEnhance_v10z8vjag6ke6\SystemAppData\Helium\User.dat was cleared updating 11 keys and creating 3 modified pages."
"18-04-2026 20:44:10","Microsoft-Windows-Search","Information","The Windows Search Service started.
"
"18-04-2026 20:44:08","Microsoft-Windows-Kernel-General","Information","The access history in hive \??\C:\Users\priya\AppData\Local\Packages\Microsoft.Windows.StartMenuExperienceHost_cw5n1h2txyewy\Settings\settings.dat was cleared updating 10 keys and creating 1 modified pages."
"18-04-2026 20:44:08","Microsoft-Windows-Kernel-General","Information","The access history in hive \??\C:\Users\priya\AppData\Local\Packages\MicrosoftWindows.Client.WebExperience_cw5n1h2txyewy\SystemAppData\Helium\UserClasses.dat was cleared updating 24 keys and creating 5 modified pages."
"18-04-2026 20:44:08","Microsoft-Windows-Kernel-General","Information","The access history in hive \??\C:\Users\priya\AppData\Local\Packages\MicrosoftWindows.Client.WebExperience_cw5n1h2txyewy\SystemAppData\Helium\User.dat was cleared updating 33 keys and creating 3 modified pages."
"18-04-2026 20:44:08","Microsoft-Windows-Kernel-General","Information","The access history in hive \??\C:\Users\priya\AppData\Local\Packages\MicrosoftWindows.Client.CBS_cw5n1h2txyewy\Settings\settings.dat was cleared updating 19 keys and creating 7 modified pages."
"18-04-2026 20:44:06","ELAN/Service",,
"18-04-2026 20:44:06","Microsoft-Windows-DistributedCOM","Warning","The application-specific permission settings do not grant Local Activation permission for the COM Server application with CLSID 
{6B3B8D23-FA8D-40B9-8DBD-B950333E2C52}
 and APPID 
{4839DDB7-58C2-48F5-8283-E1D1807D0D7D}
 to the user NT AUTHORITY\LOCAL SERVICE SID (S-1-5-19) from address LocalHost (Using LRPC) running in the application container Unavailable SID (Unavailable). This security permission can be modified using the Component Services administrative tool."
"18-04-2026 20:44:06","Microsoft-Windows-DistributedCOM","Warning","The application-specific permission settings do not grant Local Activation permission for the COM Server application with CLSID 
{6B3B8D23-FA8D-40B9-8DBD-B950333E2C52}
 and APPID 
{4839DDB7-58C2-48F5-8283-E1D1807D0D7D}
 to the user NT AUTHORITY\LOCAL SERVICE SID (S-1-5-19) from address LocalHost (Using LRPC) running in the application container Unavailable SID (Unavailable). This security permission can be modified using the Component Services administrative tool."
"18-04-2026 20:44:05","Microsoft-Windows-Winlogon","Information","The winlogon notification subscriber <SessionEnv> was unavailable to handle a notification event."
"18-04-2026 20:44:05","ELAN/Service",,
"18-04-2026 20:44:05","ELAN/Service",,
"18-04-2026 20:44:05","Microsoft-Windows-Kernel-General","Information","The access history in hive \??\C:\Users\priya\AppData\Local\Microsoft\Windows\UsrClass.dat was cleared updating 17688 keys and creating 1778 modified pages."
"18-04-2026 20:44:05","Microsoft-Windows-Kernel-General","Information","The access history in hive \??\C:\Users\priya\ntuser.dat was cleared updating 14829 keys and creating 1856 modified pages."
"18-04-2026 20:44:05","Microsoft-Windows-Winlogon","Information","The winlogon notification subscriber <SessionEnv> was unavailable to handle a critical notification event."
"18-04-2026 20:44:05","Microsoft-Windows-Winlogon","Information","User Logon Notification for Customer Experience Improvement Program"
"18-04-2026 20:43:19","HP Comm Recovery","Information","Version : 2.0.19.0"
"18-04-2026 20:42:58","Microsoft-Windows-TPM-WMI","Information","The TPM was successfully provisioned and is now ready for use."
"18-04-2026 20:42:58","Microsoft-Windows-TPM-WMI","Information","The TBS device identifier has been generated."
"18-04-2026 20:42:57","TPM","Information","This event triggers the Trusted Platform Module (TPM) provisioning/status check to run."
"18-04-2026 20:42:55","Microsoft-Windows-Hyper-V-VmSwitch","Information","The operation 'Delete' succeeded on nic 790E58B4-7939-4434-9358-89AE7DDBE87F (Friendly Name: WSL (Hyper-V firewall)), Instance Id {5ece8799-5432-46ab-a290-ed5aeca13a2d}."
"18-04-2026 20:42:54","Microsoft-Windows-AppModel-State","Warning","Repair for operation InitializeDataChangedSignaler against package Microsoft.MicrosoftPCManager_8wekyb3d8bbwe with error -2147024894 returned Error Code: -2147024891"
"18-04-2026 20:42:54","Microsoft-Windows-AppModel-State","Warning","Triggered repair because operation InitializeDataChangedSignaler against package Microsoft.MicrosoftPCManager_8wekyb3d8bbwe hit error -2147024894."
"18-04-2026 20:42:54","Microsoft-Windows-AppModel-State","Warning","Repair of state locations for operation InitializeDataChangedSignaler against package Microsoft.MicrosoftPCManager_8wekyb3d8bbwe with error -2147024894 returned Error Code: -2147023584"
"18-04-2026 20:42:54","Microsoft-Windows-AppModel-State","Warning","Triggered repair of state locations because operation InitializeDataChangedSignaler against package Microsoft.MicrosoftPCManager_8wekyb3d8bbwe hit error -2147024894."
"18-04-2026 20:42:54","Microsoft-Windows-Hyper-V-VmSwitch","Information","Switch 790E58B4-7939-4434-9358-89AE7DDBE87E (Friendly Name: WSL (Hyper-V firewall)) successfully deleted."
"18-04-2026 20:42:54","Microsoft-Windows-Hyper-V-VmSwitch","Information","The operation 'Delete' succeeded on nic 790E58B4-7939-4434-9358-89AE7DDBE87E (Friendly Name: WSL (Hyper-V firewall)), Instance Id {00000000-0000-0000-0000-000000000000}."
"18-04-2026 20:42:54","Microsoft-Windows-Hyper-V-VmSwitch","Information","Delete complete for port 790E58B4-7939-4434-9358-89AE7DDBE87E (Friendly Name: WSL (Hyper-V firewall))."
"18-04-2026 20:42:54","Microsoft-Windows-Hyper-V-VmSwitch","Information","Delete complete for port 790E58B4-7939-4434-9358-89AE7DDBE87F (Friendly Name: Host Vnic 790E58B4-7939-4434-9358-89AE7DDBE87E)."
"18-04-2026 20:42:54","Microsoft-Windows-Hyper-V-VmSwitch","Information","Port 790E58B4-7939-4434-9358-89AE7DDBE87F (Friendly Name: Host Vnic 790E58B4-7939-4434-9358-89AE7DDBE87E) successfully deleted - switch 790E58B4-7939-4434-9358-89AE7DDBE87E (Friendly Name: WSL (Hyper-V firewall))."
"18-04-2026 20:42:54","Microsoft-Windows-Hyper-V-VmSwitch","Information","NIC 790E58B4-7939-4434-9358-89AE7DDBE87F successfully disconnected from port 790E58B4-7939-4434-9358-89AE7DDBE87F."
"18-04-2026 20:42:54","Microsoft-Windows-Hyper-V-VmSwitch","Information","Port 790E58B4-7939-4434-9358-89AE7DDBE87E (Friendly Name: WSL (Hyper-V firewall)) successfully deleted - switch 790E58B4-7939-4434-9358-89AE7DDBE87E (Friendly Name: WSL (Hyper-V firewall))."
"18-04-2026 20:42:54","Microsoft-Windows-Hyper-V-VmSwitch","Information","NIC 790E58B4-7939-4434-9358-89AE7DDBE87E successfully disconnected from port 790E58B4-7939-4434-9358-89AE7DDBE87E."
"18-04-2026 20:42:54","Service Control Manager","Information","The following boot-start or system-start driver(s) did not load: 
aehd"
"18-04-2026 20:42:54","VfpExt","Information","The  service entered the Filter detach complete state."
"18-04-2026 20:42:54","VfpExt","Information","The  service entered the Filter detach start state."
"18-04-2026 20:42:54","VfpExt","Information","The  service entered the Filter pause complete state."
"18-04-2026 20:42:54","VfpExt","Information","The  service entered the Filter pause start state."
"18-04-2026 20:42:54","Microsoft-Windows-WMI","Warning","A provider, IntelMEProv, has been registered in the Windows Management Instrumentation namespace root\Intel_ME to use the LocalSystem account. This account is privileged and the provider may cause a security violation if it does not correctly impersonate user requests."
"18-04-2026 20:42:54","Microsoft-Windows-WMI","Warning","A provider, IntelMEProv, has been registered in the Windows Management Instrumentation namespace root\Intel_ME to use the LocalSystem account. This account is privileged and the provider may cause a security violation if it does not correctly impersonate user requests."
"18-04-2026 20:42:54","Microsoft-Windows-WMI","Warning","A provider, IntelMEProv, has been registered in the Windows Management Instrumentation namespace root\Intel_ME to use the LocalSystem account. This account is privileged and the provider may cause a security violation if it does not correctly impersonate user requests."
"18-04-2026 20:42:54","Microsoft PC Manager Service","Information","Service started successfully."
"18-04-2026 20:42:54","WMIRegistrationService","Information","Intel(R) WMI Registration Service has successfully finished WMI Registration."
"18-04-2026 20:42:53","Microsoft-Windows-WLAN-AutoConfig","Information","WLAN Extensibility Module has successfully started.

Module Path: C:\WINDOWS\system32\mtkihvx.dll
"
"18-04-2026 20:42:53","Microsoft-Windows-WLAN-AutoConfig","Information","WLAN AutoConfig service has successfully started.
"
"18-04-2026 20:42:53","Microsoft-Windows-Kernel-General","Information","The access history in hive \??\C:\ProgramData\Microsoft\Windows\WindowsApps\Microsoft.MicrosoftPCManager_3.20.12.0_x64__8wekyb3d8bbwe\Cache\f0d7b8a6473e2440_COM15.dat was cleared updating 1 keys and creating 1 modified pages."
"18-04-2026 20:42:53","XTUService","Information","Service started successfully."
"18-04-2026 20:42:51","Microsoft-Windows-TPM-WMI","Information","Pre-attestation health checks confirm that the device is expected to pass attestation.
 Please see C:\WINDOWS\Logs\MeasuredBoot\0000000314-0000000000.json for detailed information on what checks were made."
"18-04-2026 20:42:51","Microsoft-Windows-TPM-WMI","Information","Pre-attestation health check detailed information: {""Version"":1,""HealthStatus"":""Attestable"",""Required"":[{""Field"":""TpmPresent"",""Value"":true,""DesiredValue"":true},{""Field"":""TpmMeetsMinimumVersion"",""Value"":true,""DesiredValue"":true},{""Field"":""TpmIsResponsive"",""Value"":true,""DesiredValue"":true},{""Field"":""EkCertIsAvailable"",""Value"":true,""DesiredValue"":true},{""Field"":""TcgLogFound"",""Value"":true,""DesiredValue"":true}],""Expected"":[{""Field"":""PcrsMatchTcgLog"",""Value"":true,""DesiredValue"":true}],""Informational"":[{""Field"":""SecureBootEnabled"",""ValueFromComputer"":true,""ValueFromTcgLog"":true,""DesiredValue"":true,""TcgValueIsVerifiable"":true},{""Field"":""VirtualSecureMemory"",""ValueFromComputer"":false,""ValueFromTcgLog"":false,""DesiredValue"":true,""TcgValueIsVerifiable"":true},{""Field"":""SecureCorePCCompliant"",""ValueFromComputer"":false,""ValueFromTcgLog"":false,""DesiredValue"":true,""TcgValueIsVerifiable"":true}{""Field"":""BootTcgLogFoundInFileSystem"",""Value"":true,""DesiredValue"":true},{""Field"":""CurrentTcgLogFoundInFileSystem"",""Value"":true,""DesiredValue"":true}]}"
"18-04-2026 20:42:51","ELAN/Service",,
"18-04-2026 20:42:50","Microsoft-Windows-WMI","Information","Windows Management Instrumentation Service subsystems initialized successfully"
"18-04-2026 20:42:50","igccservice","Information","Service started successfully."
"18-04-2026 20:42:50","ELAN/Service",,
"18-04-2026 20:42:50","ELAN/Service",,
"18-04-2026 20:42:50","ELAN/Service",,
"18-04-2026 20:42:50","ELAN/Service",,
"18-04-2026 20:42:50","ELAN/Service",,
"18-04-2026 20:42:50","ELAN/Service",,
"18-04-2026 20:42:50","ELAN/Service",,
"18-04-2026 20:42:50","Microsoft-Windows-UserModePowerService","Information","Process C:\Windows\System32\DriverStore\FileRepository\ipf_cpu.inf_amd64_cf5beef3831571d4\ipf_uf.exe (process ID:5716) reset policy scheme from {8c5e7fda-e8bf-4a96-9a85-a6e23a8c635c} to {8c5e7fda-e8bf-4a96-9a85-a6e23a8c635c}"
"18-04-2026 20:42:49","Microsoft-Windows-UserModePowerService","Information","Process C:\Windows\System32\DriverStore\FileRepository\ipf_cpu.inf_amd64_cf5beef3831571d4\ipf_uf.exe (process ID:5716) reset policy scheme from {8c5e7fda-e8bf-4a96-9a85-a6e23a8c635c} to {8c5e7fda-e8bf-4a96-9a85-a6e23a8c635c}"
"18-04-2026 20:42:49","Microsoft-Windows-WHEA-Logger","Information","A hardware event has occurred. An informational record describing the condition is contained in the data section of this event."
"18-04-2026 20:42:49","Microsoft-Windows-WMI","Information","Windows Management Instrumentation Service started sucessfully"
"18-04-2026 20:42:49","jenkins","Information","Service started successfully."
"18-04-2026 20:42:49","Bonjour Service",,
"18-04-2026 20:42:49","jenkins","Information","Starting C:\Program Files\Java\jdk-25.0.2\\bin\java.exe -Xrs -Xmx256m -Dhudson.lifecycle=hudson.lifecycle.WindowsServiceLifecycle -jar ""C:\Program Files\Jenkins\jenkins.war"" --httpPort=8080 --webroot=""C:\ProgramData\Jenkins\war"""
"18-04-2026 20:42:49","WMIRegistrationService","Information","Intel(R) WMI Registration Service started."
"18-04-2026 20:42:49","IntelDalJhi","Information","Intel(R) Dynamic Application Loader Host Interface Service started."
"18-04-2026 20:42:49","Microsoft-Windows-IsolatedUserMode","Information","Secure Trustlet \??\C:\WINDOWS\System32\NgcIso.exe Id 6 and Pid 6148 started with status STATUS_SUCCESS."
"18-04-2026 20:42:49","Microsoft-Windows-IsolatedUserMode","Information","Secure Trustlet NULL Id 0 and Pid 0 started with status STATUS_SUCCESS."
"18-04-2026 20:42:49","HP Comm Recovery","Information","Service started successfully."
"18-04-2026 20:42:49","ELAN/Service",,
"18-04-2026 20:42:49","ELAN/Service",,
"18-04-2026 20:42:49","ELAN/Service",,
"18-04-2026 20:42:49","ELAN/Service",,
"18-04-2026 20:42:49","ELAN/Service",,
"18-04-2026 20:42:49","ELAN/Service",,
"18-04-2026 20:42:49","ELAN/Service",,
"18-04-2026 20:42:49","ELAN/Service",,
"18-04-2026 20:42:49","ELAN/Service",,
"18-04-2026 20:42:49","ELAN/Service",,
"18-04-2026 20:42:49","ELAN/Service",,
"18-04-2026 20:42:49","ELAN/Service",,
"18-04-2026 20:42:49","ELAN/Service",,
"18-04-2026 20:42:49","ELAN/Service",,
"18-04-2026 20:42:49","ELAN/Service",,
"18-04-2026 20:42:49","RtkAudioUniversalService",,
"18-04-2026 20:42:49","ELAN/Service",,
"18-04-2026 20:42:49","ELAN/Service",,
"18-04-2026 20:42:49","ELAN/Service",,
"18-04-2026 20:42:49","ELAN/Service",,
"18-04-2026 20:42:49","ELAN/Service",,
"18-04-2026 20:42:49","ELAN/Service",,
"18-04-2026 20:42:49","ELAN/Service",,
"18-04-2026 20:42:49","HPTouchpointAnalyticsService","Information","Service started successfully."
"18-04-2026 20:42:49","HPAnalytics","Information","HpTouchpointAnalyticsRecoverySetupSuccessfully configured Failure Actions"
"18-04-2026 20:42:48","Win32k","Information","Touch/Touchpad Hardware Quality Assurance verification succeeded."
"18-04-2026 20:42:48","Microsoft-Windows-HttpService","Information","Attempted to reserve URL http://+:10247/apps/. Status 0x0. Process Id 0x4 Executable path , User S-1-5-18"
"18-04-2026 20:42:48","Microsoft-Windows-HttpService","Information","Attempted to reserve URL http://+:10246/MDEServer/. Status 0x0. Process Id 0x4 Executable path , User S-1-5-18"
"18-04-2026 20:42:48","Microsoft-Windows-HttpService","Information","Attempted to reserve URL https://+:443/sra_{BA195980-CD49-458b-9E23-C84EE0ADCD75}/. Status 0x0. Process Id 0x4 Executable path , User S-1-5-18"
"18-04-2026 20:42:48","Microsoft-Windows-HttpService","Information","Attempted to reserve URL https://+:3392/rdp/. Status 0x0. Process Id 0x4 Executable path , User S-1-5-18"
"18-04-2026 20:42:48","Microsoft-Windows-HttpService","Information","Attempted to reserve URL http://+:10243/WMPNSSv4/. Status 0x0. Process Id 0x4 Executable path , User S-1-5-18"
"18-04-2026 20:42:48","Microsoft-Windows-HttpService","Information","Attempted to reserve URL https://+:10245/WMPNSSv4/. Status 0x0. Process Id 0x4 Executable path , User S-1-5-18"
"18-04-2026 20:42:48","Microsoft-Windows-HttpService","Information","Attempted to reserve URL http://+:5985/wsman/. Status 0x0. Process Id 0x4 Executable path , User S-1-5-18"
"18-04-2026 20:42:48","Microsoft-Windows-HttpService","Information","Attempted to reserve URL http://+:47001/wsman/. Status 0x0. Process Id 0x4 Executable path , User S-1-5-18"
"18-04-2026 20:42:48","Microsoft-Windows-HttpService","Information","Attempted to reserve URL https://+:5986/wsman/. Status 0x0. Process Id 0x4 Executable path , User S-1-5-18"
"18-04-2026 20:42:48","Microsoft-Windows-HttpService","Information","Attempted to reserve URL http://*:2869/. Status 0x0. Process Id 0x4 Executable path , User S-1-5-18"
"18-04-2026 20:42:48","Microsoft-Windows-HttpService","Information","Attempted to reserve URL https://*:5358/. Status 0x0. Process Id 0x4 Executable path , User S-1-5-18"
"18-04-2026 20:42:48","Microsoft-Windows-HttpService","Information","Attempted to reserve URL http://+:80/Temporary_Listen_Addresses/. Status 0x0. Process Id 0x4 Executable path , User S-1-5-18"
"18-04-2026 20:42:48","Microsoft-Windows-HttpService","Information","Attempted to reserve URL http://*:5357/. Status 0x0. Process Id 0x4 Executable path , User S-1-5-18"
"18-04-2026 20:42:48","Microsoft-Windows-FilterManager","Information","File System Filter 'bindflt' (10.0, ?2081?-?10?-?18T03:04:26.000000000Z) has successfully loaded and registered with Filter Manager."
"18-04-2026 20:42:48","Microsoft-Windows-FilterManager","Information","File System Filter 'storqosflt' (10.0, ?2016?-?04?-?29T03:30:23.000000000Z) has successfully loaded and registered with Filter Manager."
"18-04-2026 20:42:48","Microsoft-Windows-FilterManager","Information","File System Filter 'UnionFS' (10.0, ?2042?-?03?-?14T07:11:09.000000000Z) has successfully loaded and registered with Filter Manager."
"18-04-2026 20:42:48","Microsoft-Windows-FilterManager","Information","File System Filter 'CldFlt' (10.0, ?2027?-?12?-?20T03:05:20.000000000Z) has successfully loaded and registered with Filter Manager."
"18-04-2026 20:42:48","Microsoft-Windows-FilterManager","Information","File System Filter 'CldFlt' (Version 10.0, ?2027?-?12?-?20T03:05:20.000000000Z) unloaded successfully."
"18-04-2026 20:42:48","Microsoft-Windows-FilterManager","Information","File System Filter 'CldFlt' (10.0, ?2027?-?12?-?20T03:05:20.000000000Z) has successfully loaded and registered with Filter Manager."
"18-04-2026 20:42:48","Microsoft-Windows-FilterManager","Information","File System Filter 'luafv' (10.0, ?2039?-?03?-?08T11:35:33.000000000Z) has successfully loaded and registered with Filter Manager."
"18-04-2026 20:42:48","Microsoft-Windows-FilterManager","Information","File System Filter 'wcifs' (10.0, ?2099?-?04?-?10T19:53:15.000000000Z) has successfully loaded and registered with Filter Manager."
"18-04-2026 20:42:48","Microsoft-Windows-FilterManager","Information","File System Filter 'bfs' (10.0, ?2026?-?06?-?10T11:58:18.000000000Z) has successfully loaded and registered with Filter Manager."
"18-04-2026 20:42:48","Microsoft-Windows-User Profiles Service","Information","The User Profile Service has started successfully.  

"
"18-04-2026 20:42:48","Microsoft-Windows-DHCPv6-Client","Information","DHCPv6 client service is started"
"18-04-2026 20:42:48","Microsoft-Windows-Dhcp-Client","Information","DHCPv4 client service is started"
"18-04-2026 20:42:48","Microsoft-Windows-Dhcp-Client","Information","DHCPv4 client registered for shutdown notification"
"18-04-2026 20:42:48","Microsoft-Windows-Dhcp-Client","Information","DHCPv4 client service is started"
"18-04-2026 20:42:47","Microsoft-Windows-Directory-Services-SAM","Information","The security account manager is now logging periodic summary events for remote clients that call legacy password change or set RPC methods.

For more information please see https://go.microsoft.com/fwlink/?linkid=2150956.
"
"18-04-2026 20:42:47","Microsoft-Windows-Directory-Services-SAM","Information","The domain is configured with the following minimum password length-related settings.

MinimumPasswordLength: 0

RelaxMinimumPasswordLengthLimits: 0

MinimumPasswordLengthAudit: -1

For more information see https://go.microsoft.com/fwlink/?LinkId=2097191.
"
"18-04-2026 20:42:47","Microsoft-Windows-Directory-Services-SAM","Information","Remote calls to the SAM database are being restricted using the default security descriptor: O:SYG:SYD:(A;;RC;;;BA).
For more information please see http://go.microsoft.com/fwlink/?LinkId=787651."
"18-04-2026 20:42:47","Microsoft-Windows-IsolatedUserMode","Information","Secure Trustlet NULL Id 0 and Pid 0 started with status STATUS_SUCCESS."
"18-04-2026 20:42:47","LsaSrv","Information","Credential Guard auto enablement status.

Hardware Requirements for Virtualization Based Security:	1
Domain Joined:	0
Azure AD Joined:	0
 Licensed for Credential Guard:	0
Domain Controller:	0"
"18-04-2026 20:42:47","Microsoft-Windows-Wininit","Information","LSASS.exe was started as a protected process with level: 4."
"18-04-2026 20:42:47","Microsoft-Windows-Wininit","Information","VBS Key Isolation was started and will protect VSM-isolated keys."
"18-04-2026 20:42:47","Microsoft-Windows-IsolatedUserMode","Information","Secure Trustlet \??\C:\WINDOWS\system32\lsaiso.exe Id 1 and Pid 1304 started with status STATUS_SUCCESS."
"18-04-2026 20:42:47","Microsoft-Windows-IsolatedUserMode","Information","Secure Trustlet NULL Id 0 and Pid 0 started with status STATUS_SUCCESS."
"18-04-2026 20:42:47","Microsoft-Windows-Wininit","Information","Credential Guard configuration:

Registry Configuration: 0x0
Test Configuration: 0
Auto Enablement: 0"
"18-04-2026 20:42:47","Microsoft-Windows-Wininit","Information","Boot App Anti-Rollback: Initialize Completed with status:
HRESULT: The operation completed successfully.
New timer needed: false
New timer waiting for system update completion: false
Previous latch timer exists but disabled by registry: false
"
"18-04-2026 20:42:47","Microsoft-Windows-Wininit","Information","Boot App Anti-Rollback: Previous timer resumed with status:

HRESULT: The operation completed successfully.
Previous timer present: true
Start time: ?2026?-?04?-?03T07:37:32.937211100Z
Grace period: 51840000000000
Attempted recovery enforcement succeeded: false
"
"18-04-2026 20:42:47","Microsoft-Windows-Wininit","Information","Boot App Anti-Rollback: Timer start completed with status:

Win32Error: 0
Start time: ?2026?-?04?-?03T07:37:32.937211100Z
Grace period: 51840000000000
Due time: ?2026?-?06?-?02T07:37:32.937211100Z
"
"18-04-2026 20:42:47","Microsoft-Windows-Wininit","Information","Virtualization Based Security new timer creation status

HRESULT: The operation completed successfully.
New latch timer needed: false
New latch timer waiting for system update completion: false
Previous latch timer exists but disabled by registry: false
Policy file exists: false
"
"18-04-2026 20:42:46","BTHUSB","Information","Windows cannot store Bluetooth authentication codes (link keys) on the local adapter. Bluetooth keyboards might not work in the system BIOS during startup."
"18-04-2026 20:42:44","Microsoft-Windows-Kernel-PnP","Warning","The driver \Driver\WUDFRd failed to load.
Device: {DD8E82AE-334B-49A2-AEAE-AEB0FD5C40DD}\DetectionVerification\5&216c48f3&0&0
Status: 0xC0000365"
"18-04-2026 20:42:44","Microsoft-Windows-DriverFrameworks-UserMode","Information","UMDF reflector is unable to connect to service control manager (SCM). This is expected during boot, when SCM has not started yet. Will retry when it starts."
"18-04-2026 20:42:44","Intel-SST-OED","Information","Loaded DSP FW library: \??\C:\WINDOWS\System32\DriverStore\FileRepository\intcoed_oemlibpath.inf_amd64_10e87c104e5c78d5\adl_sraudio_lib.bin, status = STATUS_SUCCESS."
"18-04-2026 20:42:44","Intel-SST-OED","Information","Loaded DSP FW library: \??\C:\WINDOWS\System32\DriverStore\FileRepository\intcoed_oemlibpath.inf_amd64_10e87c104e5c78d5\adl_sraudio_lib.bin, status = STATUS_SUCCESS."
"18-04-2026 20:42:44","Intel-SST-OED","Information","Loaded DSP FW library: Libs\dsp_lib_whm_adl_release.bin, status = STATUS_SUCCESS."
"18-04-2026 20:42:44","Intel-SST-OED","Information","Loaded DSP FW library: Libs\dsp_lib_intel_wov_adl_release.bin, status = STATUS_SUCCESS."
"18-04-2026 20:42:43","Intel-SST-OED","Information","Library is not supported in BIOS: \??\C:\WINDOWS\System32\DriverStore\FileRepository\intcoed_oemlibpath.inf_amd64_10e87c104e5c78d5\adl_rtksep481_lib.bin, status = The request is not supported.."
"18-04-2026 20:42:43","Intel-SST-OED","Information","FX module is not supported in BIOS:  {7aa4db02-6b41-4bc3-a712-80a2dde29e11} from \??\C:\WINDOWS\System32\DriverStore\FileRepository\intcoed_oemlibpath.inf_amd64_10e87c104e5c78d5\adl_rtksep481_lib.bin."
"18-04-2026 20:42:43","Intel-SST-OED","Information","Library is not supported in BIOS: \??\C:\WINDOWS\System32\DriverStore\FileRepository\intcoed_oemlibpath.inf_amd64_10e87c104e5c78d5\adl_intel_aca_lib.bin, status = The request is not supported.."
"18-04-2026 20:42:43","Intel-SST-OED","Information","FX module is not supported in BIOS:  {0f239405-ca35-44eb-9ec8-a48de70e2a52} from \??\C:\WINDOWS\System32\DriverStore\FileRepository\intcoed_oemlibpath.inf_amd64_10e87c104e5c78d5\adl_intel_aca_lib.bin."
"18-04-2026 20:42:43","Intel-SST-OED","Information","Library is not supported in BIOS: \??\C:\WINDOWS\System32\DriverStore\FileRepository\intcoed_oemlibpath.inf_amd64_10e87c104e5c78d5\adl_dtspost_lib.bin, status = The request is not supported.."
"18-04-2026 20:42:43","Intel-SST-OED","Information","FX module is not supported in BIOS:  {a28aff37-8f9e-4b9f-8c0a-0b86db7ce6f0} from \??\C:\WINDOWS\System32\DriverStore\FileRepository\intcoed_oemlibpath.inf_amd64_10e87c104e5c78d5\adl_dtspost_lib.bin."
"18-04-2026 20:42:43","Microsoft-Windows-Kernel-PnP","Warning","The driver \Driver\WUDFRd failed to load.
Device: USB\VID_04F3&PID_0C00\5&1fc9e71d&0&7
Status: 0xC0000365"
"18-04-2026 20:42:43","Microsoft-Windows-DriverFrameworks-UserMode","Information","UMDF reflector is unable to connect to service control manager (SCM). This is expected during boot, when SCM has not started yet. Will retry when it starts."
"18-04-2026 20:42:43","Microsoft-Windows-Kernel-PnP","Warning","The driver \Driver\WudfRd failed to load.
Device: USB\VID_18D1&PID_4EE1\37191JEHN06227
Status: 0xC0000365"
"18-04-2026 20:42:43","Microsoft-Windows-DriverFrameworks-UserMode","Information","UMDF reflector is unable to connect to service control manager (SCM). This is expected during boot, when SCM has not started yet. Will retry when it starts."
"18-04-2026 20:42:41","MEIx64","Information","Intel(R) Management Engine Interface driver has started successfully."
"18-04-2026 20:42:41","Microsoft-Windows-Kernel-Power","Information","Active battery count change."
"18-04-2026 20:42:41","Microsoft-Windows-Kernel-Power","Information","Active battery count change."
"18-04-2026 20:42:41","VfpExt","Information","The  service entered the Filter restart complete state."
"18-04-2026 20:42:41","VfpExt","Information","The  service entered the Filter restart start state."
"18-04-2026 20:42:41","VfpExt","Information","The  service entered the Filter attach complete state."
"18-04-2026 20:42:41","VfpExt","Information","The  service entered the Filter attach start state."
"18-04-2026 20:42:41","Microsoft-Windows-Kernel-Processor-Power","Information","Processor 11 in group 0 exposes the following power management capabilities:

Idle state type: Micro Power Engine Plugin (11 state(s))

Performance state type: ACPI Collaborative Processor Performance Control
Nominal Frequency (MHz): 1300
Maximum performance percentage: 366
Minimum performance percentage: 100
Minimum throttle percentage: 11"
"18-04-2026 20:42:41","Microsoft-Windows-Kernel-Processor-Power","Information","Processor 10 in group 0 exposes the following power management capabilities:

Idle state type: Micro Power Engine Plugin (11 state(s))

Performance state type: ACPI Collaborative Processor Performance Control
Nominal Frequency (MHz): 1300
Maximum performance percentage: 366
Minimum performance percentage: 100
Minimum throttle percentage: 11"
"18-04-2026 20:42:41","Microsoft-Windows-Kernel-Processor-Power","Information","Processor 9 in group 0 exposes the following power management capabilities:

Idle state type: Micro Power Engine Plugin (11 state(s))

Performance state type: ACPI Collaborative Processor Performance Control
Nominal Frequency (MHz): 1300
Maximum performance percentage: 366
Minimum performance percentage: 100
Minimum throttle percentage: 11"
"18-04-2026 20:42:41","Microsoft-Windows-Kernel-Processor-Power","Information","Processor 8 in group 0 exposes the following power management capabilities:

Idle state type: Micro Power Engine Plugin (11 state(s))

Performance state type: ACPI Collaborative Processor Performance Control
Nominal Frequency (MHz): 1300
Maximum performance percentage: 366
Minimum performance percentage: 100
Minimum throttle percentage: 11"
"18-04-2026 20:42:41","Microsoft-Windows-Kernel-Processor-Power","Information","Processor 7 in group 0 exposes the following power management capabilities:

Idle state type: Micro Power Engine Plugin (11 state(s))

Performance state type: ACPI Collaborative Processor Performance Control
Nominal Frequency (MHz): 1300
Maximum performance percentage: 366
Minimum performance percentage: 100
Minimum throttle percentage: 11"
"18-04-2026 20:42:41","Microsoft-Windows-Kernel-Processor-Power","Information","Processor 6 in group 0 exposes the following power management capabilities:

Idle state type: Micro Power Engine Plugin (11 state(s))

Performance state type: ACPI Collaborative Processor Performance Control
Nominal Frequency (MHz): 1300
Maximum performance percentage: 366
Minimum performance percentage: 100
Minimum throttle percentage: 11"
"18-04-2026 20:42:41","Microsoft-Windows-Kernel-Processor-Power","Information","Processor 5 in group 0 exposes the following power management capabilities:

Idle state type: Micro Power Engine Plugin (11 state(s))

Performance state type: ACPI Collaborative Processor Performance Control
Nominal Frequency (MHz): 1300
Maximum performance percentage: 366
Minimum performance percentage: 100
Minimum throttle percentage: 11"
"18-04-2026 20:42:41","Microsoft-Windows-Kernel-Processor-Power","Information","Processor 4 in group 0 exposes the following power management capabilities:

Idle state type: Micro Power Engine Plugin (11 state(s))

Performance state type: ACPI Collaborative Processor Performance Control
Nominal Frequency (MHz): 1300
Maximum performance percentage: 366
Minimum performance percentage: 100
Minimum throttle percentage: 11"
"18-04-2026 20:42:41","Microsoft-Windows-Kernel-Processor-Power","Information","Processor 3 in group 0 exposes the following power management capabilities:

Idle state type: Micro Power Engine Plugin (11 state(s))

Performance state type: ACPI Collaborative Processor Performance Control
Nominal Frequency (MHz): 1300
Maximum performance percentage: 350
Minimum performance percentage: 100
Minimum throttle percentage: 6"
"18-04-2026 20:42:41","Microsoft-Windows-Kernel-Processor-Power","Information","Processor 2 in group 0 exposes the following power management capabilities:

Idle state type: Micro Power Engine Plugin (11 state(s))

Performance state type: ACPI Collaborative Processor Performance Control
Nominal Frequency (MHz): 1300
Maximum performance percentage: 350
Minimum performance percentage: 100
Minimum throttle percentage: 6"
"18-04-2026 20:42:41","Microsoft-Windows-Kernel-Processor-Power","Information","Processor 1 in group 0 exposes the following power management capabilities:

Idle state type: Micro Power Engine Plugin (11 state(s))

Performance state type: ACPI Collaborative Processor Performance Control
Nominal Frequency (MHz): 1300
Maximum performance percentage: 350
Minimum performance percentage: 100
Minimum throttle percentage: 6"
"18-04-2026 20:42:41","Microsoft-Windows-Kernel-Processor-Power","Information","Processor 0 in group 0 exposes the following power management capabilities:

Idle state type: Micro Power Engine Plugin (11 state(s))

Performance state type: ACPI Collaborative Processor Performance Control
Nominal Frequency (MHz): 1300
Maximum performance percentage: 350
Minimum performance percentage: 37
Minimum throttle percentage: 6"
"18-04-2026 20:42:41","Microsoft-Windows-Kernel-General","Information","The time zone information was refreshed with exit reason 0. Current time zone bias is -330."
"18-04-2026 20:42:40","Microsoft-Windows-Kernel-PnP","Warning","The driver \Driver\WUDFRd failed to load.
Device: PCI\VEN_8086&DEV_461D&SUBSYS_89F3103C&REV_04\3&11583659&2&20
Status: 0xC0000365"
"18-04-2026 20:42:40","Microsoft-Windows-DriverFrameworks-UserMode","Information","UMDF reflector is unable to connect to service control manager (SCM). This is expected during boot, when SCM has not started yet. Will retry when it starts."
"18-04-2026 20:42:40","Microsoft-Windows-Ntfs","Information","Volume \\?\Volume{cbb5e7b9-5308-4f5c-b785-6f6b1667f19e} (\Device\HarddiskVolume4) is healthy.  No action is needed."
"18-04-2026 20:42:38","Microsoft-Windows-Hyper-V-VmSwitch","Information","Miniport NIC 790E58B4-7939-4434-9358-89AE7DDBE87F (Friendly Name: WSL (Hyper-V firewall)) successfully enabled"
"18-04-2026 20:42:38","Microsoft-Windows-Hyper-V-VmSwitch","Information","NIC 790E58B4-7939-4434-9358-89AE7DDBE87F (Friendly Name: WSL (Hyper-V firewall)) successfully connected to port 790E58B4-7939-4434-9358-89AE7DDBE87F (Friendly Name: Host Vnic 790E58B4-7939-4434-9358-89AE7DDBE87E) on switch 790E58B4-7939-4434-9358-89AE7DDBE87E(Friendly Name: WSL (Hyper-V firewall))."
"18-04-2026 20:42:38","Microsoft-Windows-Hyper-V-VmSwitch","Information","Miniport NIC 790E58B4-7939-4434-9358-89AE7DDBE87F (Friendly Name: WSL (Hyper-V firewall)) successfully initialized."
"18-04-2026 20:42:38","Microsoft-Windows-Hyper-V-VmSwitch","Information","RSC offload modified for NIC 790E58B4-7939-4434-9358-89AE7DDBE87F (Friendly Name: WSL (Hyper-V firewall)) Previous IPv4: Disabled, Current IPv4: Disabled, Previous IPv6: Disabled, Current IPv6: Disabled. Reason: NIC start"
"18-04-2026 20:42:38","Microsoft-Windows-Hyper-V-VmSwitch","Information","The operation 'Create' succeeded on nic 790E58B4-7939-4434-9358-89AE7DDBE87F (Friendly Name: WSL (Hyper-V firewall)), Instance Id {00000000-0000-0000-0000-000000000000}."
"18-04-2026 20:42:38","Microsoft-Windows-Hyper-V-VmSwitch","Information","RSC offload modified for NIC 790E58B4-7939-4434-9358-89AE7DDBE87F (Friendly Name: WSL (Hyper-V firewall)) Previous IPv4: Disabled, Current IPv4: Disabled, Previous IPv6: Disabled, Current IPv6: Disabled. Reason: NIC create"
"18-04-2026 20:42:38","Microsoft-Windows-Hyper-V-VmSwitch","Information","Internal or External Port 790E58B4-7939-4434-9358-89AE7DDBE87F (Friendly Name: Host Vnic 790E58B4-7939-4434-9358-89AE7DDBE87E) successfully created on switch 790E58B4-7939-4434-9358-89AE7DDBE87E (Friendly Name: WSL (Hyper-V firewall))."
"18-04-2026 20:42:38","Microsoft-Windows-Hyper-V-VmSwitch","Information","RSC offload modified for Port 790E58B4-7939-4434-9358-89AE7DDBE87F (Friendly Name: Host Vnic 790E58B4-7939-4434-9358-89AE7DDBE87E) Previous: Disabled, Current: Enabled. Reason: Port create"
"18-04-2026 20:42:38","Microsoft-Windows-Hyper-V-VmSwitch","Information","Switch 790E58B4-7939-4434-9358-89AE7DDBE87E (Friendly Name: WSL (Hyper-V firewall)) successfully initialized."
"18-04-2026 20:42:38","Microsoft-Windows-Hyper-V-VmSwitch","Information","NIC 790E58B4-7939-4434-9358-89AE7DDBE87E (Friendly Name: WSL (Hyper-V firewall)) successfully connected to port 790E58B4-7939-4434-9358-89AE7DDBE87E (Friendly Name: WSL (Hyper-V firewall)) on switch 790E58B4-7939-4434-9358-89AE7DDBE87E(Friendly Name: WSL (Hyper-V firewall))."
"18-04-2026 20:42:38","Microsoft-Windows-Hyper-V-VmSwitch","Information","The operation 'Create' succeeded on nic 790E58B4-7939-4434-9358-89AE7DDBE87E (Friendly Name: WSL (Hyper-V firewall)), Instance Id {00000000-0000-0000-0000-000000000000}."
"18-04-2026 20:42:38","Microsoft-Windows-Hyper-V-VmSwitch","Information","RSC offload modified for NIC 790E58B4-7939-4434-9358-89AE7DDBE87E (Friendly Name: WSL (Hyper-V firewall)) Previous IPv4: Disabled, Current IPv4: Disabled, Previous IPv6: Disabled, Current IPv6: Disabled. Reason: NIC create"
"18-04-2026 20:42:38","Microsoft-Windows-Hyper-V-VmSwitch","Information","Port 790E58B4-7939-4434-9358-89AE7DDBE87E (Friendly Name: WSL (Hyper-V firewall)) successfully created on switch 790E58B4-7939-4434-9358-89AE7DDBE87E (Friendly Name: WSL (Hyper-V firewall))."
"18-04-2026 20:42:38","Microsoft-Windows-Hyper-V-VmSwitch","Information","RSC offload modified for Port 790E58B4-7939-4434-9358-89AE7DDBE87E (Friendly Name: WSL (Hyper-V firewall)) Previous: Disabled, Current: Enabled. Reason: Port create"
"18-04-2026 20:42:38","Microsoft-Windows-Hyper-V-VmSwitch","Information","vmswitch.sys build 26100.amd64.ge_release_svc_prod1, debug false, official true, 1 1"
"18-04-2026 20:42:38","Microsoft-Windows-Kernel-Power","Critical","The system has rebooted without cleanly shutting down first. This error could be caused if the system stopped responding, crashed, or lost power unexpectedly."
"18-04-2026 20:42:38","Microsoft-Windows-Kernel-Power","Information","ACPI thermal zone \_TZ.TZ01 has been enumerated.             
_PSV = 0K             
_TC1 = 0             
_TC2 = 0             
_TSP = 0ms             
_AC0 = 0K             
_AC1 = 0K             
_AC2 = 0K             
_AC3 = 0K             
_AC4 = 0K             
_AC5 = 0K             
_AC6 = 0K             
_AC7 = 0K             
_AC8 = 0K             
_AC9 = 0K             
_CRT = 0K             
_HOT = 373K             
minimum throttle = 0             
_CR3 = 0K"
"18-04-2026 20:42:38","Microsoft-Windows-FilterManager","Information","File System Filter 'npsvctrig' (10.0, ?1978?-?05?-?14T14:43:30.000000000Z) has successfully loaded and registered with Filter Manager."
"18-04-2026 20:42:38","VfpExt","Information","The  service entered the Driver load complete state."
"18-04-2026 20:42:38","VfpExt","Information","The  service entered the Driver load start state."
"18-04-2026 20:42:38","Microsoft-Windows-FilterManager","Information","File System Filter 'UCPD' (10.0, ?2061?-?11?-?20T13:18:12.000000000Z) has successfully loaded and registered with Filter Manager."
"18-04-2026 20:42:38","Microsoft-Windows-FilterManager","Information","File System Filter 'FileCrypt' (10.0, ?2075?-?09?-?01T03:37:07.000000000Z) has successfully loaded and registered with Filter Manager."
"18-04-2026 20:42:38","Microsoft-Windows-Ntfs","Information","Volume C: (\Device\HarddiskVolume3) is healthy.  No action is needed."
"18-04-2026 20:42:37","Microsoft-Windows-FilterManager","Information","File System Filter 'WdFilter' (10.0, ?2036?-?01?-?26T15:03:35.000000000Z) has successfully loaded and registered with Filter Manager."
"18-04-2026 20:42:37","Microsoft-Windows-FilterManager","Information","File System Filter 'Wof' (10.0, ?2089?-?07?-?15T08:28:05.000000000Z) has successfully loaded and registered with Filter Manager."
"18-04-2026 20:42:37","Microsoft-Windows-FilterManager","Information","File System Filter 'FileInfo' (10.0, ?2093?-?04?-?02T06:59:43.000000000Z) has successfully loaded and registered with Filter Manager."
"18-04-2026 20:42:36","Microsoft-Windows-HAL","Information","IOMMU fault reporting has been initialized."
"18-04-2026 20:42:36","Microsoft-Windows-Kernel-General","Information","The leap second configuration has been updated.
Reason: Leap second data initialized from registry during boot
Leap seconds enabled: true
New leap second count: 0
Old leap second count: 0"
"18-04-2026 20:42:36","Microsoft-Windows-Kernel-Boot","Information","The firmware reported boot metrics."
"18-04-2026 20:42:36","Microsoft-Windows-IsolatedUserMode","Information","Secure Kernel started with status STATUS_SUCCESS and flags HvciEnabled,HvciStrictMode."
"18-04-2026 20:42:48","EventLog","Information","The system uptime is 13 seconds."
"18-04-2026 20:42:48","EventLog","Information","The Event log service was started."
"18-04-2026 20:42:48","EventLog","Information","Microsoft (R) Windows (R) 10.00. 26200  Multiprocessor Free."
"18-04-2026 20:42:48","EventLog","Error","The previous system shutdown at 2:43:34 PM on ?4/?18/?2026 was unexpected."
"18-04-2026 20:42:36","Microsoft-Windows-Hyper-V-Hypervisor","Warning","The hypervisor did not enable mitigations for side channel vulnerabilities for virtual machines because HyperThreading is enabled. To enable mitigations for virtual machines, disable HyperThreading."
"18-04-2026 20:42:36","Microsoft-Windows-Hyper-V-Hypervisor","Information","Hypervisor configured mitigations for CVE-2019-11091, CVE-2018-12126, CVE-2018-12127, CVE-2018-12130 for virtual machines.

Processor not affected: true
Processor family not affected: false
Processor supports microarchitectural buffer flush: true
Buffer flush needed: true
"
"18-04-2026 20:42:36","Microsoft-Windows-Hyper-V-Hypervisor","Information","Hypervisor configured mitigations for CVE-2018-3646 for virtual machines.

Processor not affected: true
Processor family not affected: false
Processor supports cache flush: true
HyperThreading enabled: false
Parent hypervisor applies mitigations: false
Mitigations disabled by bcdedit: false
Mitigations enabled: true
Cache flush needed: false
"
"18-04-2026 20:42:36","Microsoft-Windows-Hyper-V-Hypervisor","Information","Hypervisor initialized I/O remapping.

Hardware present: true
Hardware enabled: true
Policy: 0x0
Enabled features: 0x43
Internal information: 0x0
Problems: 0x0
Additional information: 0x0"
"18-04-2026 20:42:36","Microsoft-Windows-Hyper-V-Hypervisor","Information","Hypervisor scheduler type is 0x4."
"18-04-2026 20:42:36","Microsoft-Windows-Hyper-V-Hypervisor","Information","Hypervisor successfully started."
"18-04-2026 20:42:36","Microsoft-Windows-Kernel-Boot","Information","The boot type was 0x0."
"18-04-2026 20:42:36","Microsoft-Windows-Kernel-Boot","Information","The boot menu policy was 0x1."
"18-04-2026 20:42:36","Microsoft-Windows-Kernel-Boot","Information","EFI time zone bias: 2047. Daylight flags: 0. Firmware time: ?2026?-?04?-?18T20:42:33.000000000Z."
"18-04-2026 20:42:36","Microsoft-Windows-Kernel-Boot","Information","Unable to load Pluton-Windows firmware. StatusCode: STATUS_SUCCESS, Reason: Failed to apply firmware."
"18-04-2026 20:42:36","Microsoft-Windows-Kernel-Boot","Information","The last shutdown's success status was true. The last boot's success status was true."
"18-04-2026 20:42:36","Microsoft-Windows-Kernel-Boot","Information","The bootmgr spent 0 ms waiting for user input."
"18-04-2026 20:42:36","Microsoft-Windows-Kernel-Boot","Information","There are 0x1 boot options on this system."
"18-04-2026 20:42:36","Microsoft-Windows-Kernel-Boot","Information","The bootmgr spent 0 ms waiting for user input."
"18-04-2026 20:42:36","Microsoft-Windows-Kernel-Boot","Information","There are 0x1 boot options on this system."
"18-04-2026 20:42:36","Microsoft-Windows-Kernel-Boot","Error","Windows failed fast startup with error status 0xC00000D4."
"18-04-2026 20:42:36","Microsoft-Windows-Kernel-Boot","Information","Virtualization-based security (policies: VBS Enabled,VSM Required,Hvci,Boot Chain Signer Soft Enforced) is enabled due to VBS registry configuration."
"18-04-2026 20:42:36","Microsoft-Windows-Kernel-General","Information","The system time was initialized to ?2026?-?04?-?18T15:12:35.500000000Z. 

Loader time: ?2026?-?04?-?18T15:12:33.000000000Z
Internal boot flags: 0x2
HAL RTC error code: 0x0
RTC time is in UTC: false
Soft boot: false
Success: true
Phase: 0"
"18-04-2026 20:42:36","Microsoft-Windows-Kernel-General","Information","The operating system started at system time ?2026?-?04?-?18T15:12:35.500000000Z."
"18-04-2026 15:02:18","ELAN/Service",,
"18-04-2026 15:02:18","ELAN/Service",,
"18-04-2026 15:02:13","Microsoft-Windows-Winsrv","Information","The following application attempted to veto the shutdown: PowerToys.MouseWithoutBorders.exe."
"18-04-2026 15:02:12","ELAN/Service",,
"18-04-2026 15:02:12","ELAN/Service",,
"18-04-2026 14:59:54","Microsoft-Windows-Security-SPP","Information","Successfully scheduled Software Protection service for re-start at 2126-03-25T09:29:54Z. Reason: RulesEngine."
"18-04-2026 14:59:51","edgeupdate","Information","Service stopped."
"18-04-2026 14:59:24","Microsoft-Windows-Security-SPP","Information","Offline downlevel migration succeeded."
"18-04-2026 14:59:07","Microsoft-Windows-WindowsUpdateClient","Information","Installation Successful: Windows successfully installed the following update: 9WZDNCRD29V9-MICROSOFT.MICROSOFTOFFICEHUB"
"18-04-2026 14:59:07","Microsoft-Windows-AppXDeploymentServer/Operational",,
