"23-04-2026 21:27:29","Microsoft-Windows-Security-SPP","Information","The Software Protection service has successfully installed the license.
License Title=Office 21 UL oob License (Public)
License Id=130e2619-5316-4f15-a2bc-b443217b9c0c"
"23-04-2026 21:27:29","Microsoft-Windows-Security-SPP","Information","The Software Protection service has successfully installed the license.
License Title=client-issuance-bridge-office Issuance License
License Id=4d4a5396-01a7-4ae5-9973-b53bb1af5c30"
"23-04-2026 21:27:29","Microsoft-Windows-Security-SPP","Information","The Software Protection service has successfully installed the license.
License Title=client-issuance-root-bridge-test Issuance License
License Id=7256a55f-e989-4e06-b2c2-c527f49e4527"
"23-04-2026 21:27:29","Microsoft-Windows-Security-SPP","Information","The Software Protection service has successfully installed the license.
License Title=client-issuance-ul-oob Issuance License
License Id=7209e8e3-cce2-49dd-8f6e-2cc8a611f202"
"23-04-2026 21:27:29","Microsoft-Windows-Security-SPP","Information","The Software Protection service has successfully installed the license.
License Title=client-issuance-ul Issuance License
License Id=ce939c0e-53f7-4011-a286-78b6975fa5f0"
"23-04-2026 21:27:29","Microsoft-Windows-Security-SPP","Information","The Software Protection service has successfully installed the license.
License Title=client-issuance-stil Issuance License
License Id=285583cd-fc43-4806-ace6-d247b7edd434"
"23-04-2026 21:27:29","Microsoft-Windows-Security-SPP","Information","The Software Protection service has successfully installed the license.
License Title=client-issuance-root Issuance License
License Id=7cbeb41c-1778-47f2-aa36-51a5a618f716"
"23-04-2026 21:27:29","Microsoft-Windows-Security-SPP","Information","The Software Protection service has successfully installed the license.
License Title=XrML 2.1 License - Product Key Configuration
License Id=dc6454b3-ceba-4e40-b6cc-26afb8fe8fa6"
"23-04-2026 21:27:29","Microsoft-Windows-Security-SPP","Information","The Software Protection service has successfully installed the license.
License Title=XrML 2.1 License - Product Key Configuration
License Id=6040a6e7-445d-4609-b6c4-8a66b709cb54"
"23-04-2026 21:27:27","Microsoft-Windows-RestartManager","Information","Starting session 0 - ?2026?-?04?-?23T15:57:27.616685100Z."
"23-04-2026 21:27:12","Microsoft-Windows-Security-SPP","Information","Offline downlevel migration succeeded."
"23-04-2026 21:27:04","Microsoft-Windows-RestartManager","Information","Ending session 0 started ?2026?-?04?-?23T15:56:33.026923700Z."
"23-04-2026 21:26:33","Microsoft-Windows-RestartManager","Information","Starting session 0 - ?2026?-?04?-?23T15:56:33.026923700Z."
"23-04-2026 21:26:32","Microsoft-Windows-RestartManager","Information","Ending session 0 started ?2026?-?04?-?23T15:56:30.147907600Z."
"23-04-2026 21:26:30","Microsoft-Windows-RestartManager","Information","Starting session 0 - ?2026?-?04?-?23T15:56:30.147907600Z."
"23-04-2026 21:26:30","Microsoft-Windows-RestartManager","Information","Ending session 0 started ?2026?-?04?-?23T15:51:48.716952700Z."
"23-04-2026 21:25:53","SecurityCenter","Information","Updated Windows Defender status successfully to SECURITY_PRODUCT_STATE_ON."
"23-04-2026 21:25:51","Microsoft-Windows-WindowsUpdateClient","Information","Installation Successful: Windows successfully installed the following update: Security Intelligence Update for Microsoft Defender Antivirus - KB2267602 (Version 1.449.259.0) - Current Channel (Broad)"
"23-04-2026 21:25:40","Microsoft-Windows-WindowsUpdateClient","Information","Installation Started: Windows has started installing the following update: Security Intelligence Update for Microsoft Defender Antivirus - KB2267602 (Version 1.449.259.0) - Current Channel (Broad)"
"23-04-2026 21:25:39","Microsoft-Windows-WindowsUpdateClient","Information","Windows Update started downloading an update."
"23-04-2026 21:21:48","Microsoft-Windows-RestartManager","Information","Starting session 0 - ?2026?-?04?-?23T15:51:48.716952700Z."
"23-04-2026 21:21:30","Service Control Manager","Information","The start type of the Background Intelligent Transfer Service service was changed from auto start to demand start."
"23-04-2026 21:21:24","Microsoft-Windows-Security-SPP","Information","Successfully scheduled Software Protection service for re-start at 2126-03-30T15:51:24Z. Reason: RulesEngine."
"23-04-2026 21:21:02","Microsoft-Windows-DistributedCOM","Warning","The application-specific permission settings do not grant Local Activation permission for the COM Server application with CLSID 
{2593F8B9-4EAF-457C-B68A-50F6B8EA6B54}
 and APPID 
{15C20B67-12E7-4BB6-92BB-7AFF07997402}
 to the user Priyanshu\priya SID (S-1-5-21-1258550371-3975648611-2483462874-1001) from address LocalHost (Using LRPC) running in the application container Unavailable SID (Unavailable). This security permission can be modified using the Component Services administrative tool."
"23-04-2026 21:20:54","Microsoft-Windows-Security-SPP","Information","Offline downlevel migration succeeded."
"23-04-2026 21:20:53","Microsoft-Windows-Security-SPP","Information","Successfully scheduled Software Protection service for re-start at 2126-03-30T15:50:53Z. Reason: RulesEngine."
"23-04-2026 21:20:28","Microsoft-Windows-Kernel-General","Information","The access history in hive \??\C:\ProgramData\Packages\Microsoft.OneDriveSync_8wekyb3d8bbwe\S-1-5-21-1258550371-3975648611-2483462874-1001\SystemAppData\Helium\Cache\10ae172aea6dda4e_COM15.dat was cleared updating 1 keys and creating 1 modified pages."
"23-04-2026 21:20:17","edgeupdate","Information","Service stopped."
"23-04-2026 21:20:00","Microsoft-Windows-Kernel-General","Information","Hive \??\C:\WINDOWS\System32\config\COMPONENTS was reorganized with a starting size of 77082624 bytes and an ending size of 49799168 bytes."
"23-04-2026 21:19:31","Universal Print","Information","Initialization Successful. Enabled=false, CloudPrintSolution=Unknown, DiscoveryEndpoint=, OAuthAuthority=, OAuthClientId=, DiscoveryResourceId=, PrintResourceId="
"23-04-2026 21:19:31","Universal Print","Information","Device is neither AAD/Domain Joined or Workplace Joined."
"23-04-2026 21:19:07","Service Control Manager","Information","The start type of the Background Intelligent Transfer Service service was changed from demand start to auto start."
"23-04-2026 21:19:05","Microsoft-Windows-Security-SPP","Information","Offline downlevel migration succeeded."
"23-04-2026 21:19:04","Service Control Manager","Information","The start type of the Background Intelligent Transfer Service service was changed from auto start to demand start."
"23-04-2026 21:18:17","Microsoft-Windows-Kernel-General","Information","The access history in hive \??\C:\Users\priya\AppData\Local\Packages\Microsoft.Todos_8wekyb3d8bbwe\Settings\settings.dat was cleared updating 9 keys and creating 1 modified pages."
"23-04-2026 21:18:16","Microsoft-Windows-Kernel-General","Information","The access history in hive \??\C:\Users\priya\AppData\Local\Packages\AD2F1837.HPSupportAssistant_v10z8vjag6ke6\Settings\settings.dat was cleared updating 9 keys and creating 2 modified pages."
"23-04-2026 21:17:25","Microsoft-Windows-Security-SPP","Information","Successfully scheduled Software Protection service for re-start at 2126-03-30T15:47:25Z. Reason: RulesEngine."
"23-04-2026 21:16:55","Microsoft-Windows-Security-SPP","Information","The Software Protection service has completed licensing status check.
Application Id=0ff1ce15-a989-479d-af46-f275c6370663
Licensing Status=
1: fb3540bc-a824-4c79-83da-6f6bd3ac6ccb, 1, 0 [(0 [0xC004F014, 0, 0], [(?)(?)(?)(?)(?)(?)(?)(?)])(1 )(2 )(3 )]

"
"23-04-2026 21:16:55","Microsoft-Windows-Security-SPP","Information","The Software Protection service has completed licensing status check.
Application Id=55c92734-d682-4d71-983e-d6ec3f16059f
Licensing Status=
1: ed799377-74b8-4989-a244-14d082e65972, 1, 0 [(0 [0xC004F014, 0, 0], [(?)(?)(?)(?)(?)(?)(?)(?)])(1 )(2 )(3 )]

"
"23-04-2026 21:16:54","Microsoft-Windows-Security-SPP","Information","The Software Protection service has completed licensing status check.
Application Id=55c92734-d682-4d71-983e-d6ec3f16059f
Licensing Status=
1: e371d89a-73e8-4b24-a7ff-23a3641dd18e, 1, 0 [(0 [0xC004F014, 0, 0], [(?)(?)(?)(?)(?)(?)(?)(?)])(1 )(2 )(3 )]

"
"23-04-2026 21:16:54","Microsoft-Windows-Security-SPP","Information","The Software Protection service has completed licensing status check.
Application Id=55c92734-d682-4d71-983e-d6ec3f16059f
Licensing Status=
1: da9621af-f086-4244-b563-18611e51aa1a, 1, 0 [(0 [0xC004F014, 0, 0], [(?)(?)(?)(?)(?)(?)(?)(?)])(1 )(2 )(3 )]

"
"23-04-2026 21:16:54","Microsoft-Windows-Security-SPP","Information","The Software Protection service has completed licensing status check.
Application Id=0ff1ce15-a989-479d-af46-f275c6370663
Licensing Status=
1: d7279dd0-e175-49fe-a623-8fc2fc00afc4, 1, 1 [(0 )(1 )(2 )(3 [0x00000000, 0, 0], [( 6 0xC004F009 5 0)( 1 0x00000000)( 6 0xC004F009 5 0)(?)(?)(?)( 10 0x00000000 msft:rm/algorithm/flags/1.0)( 11 0x00000000 0xC004F009)])]

"
"23-04-2026 21:16:53","Microsoft-Windows-Security-SPP","Information","The Software Protection service has completed licensing status check.
Application Id=55c92734-d682-4d71-983e-d6ec3f16059f
Licensing Status=
1: cd918a57-a41b-4c82-8dce-1a538e221a83, 1, 0 [(0 [0xC004F014, 0, 0], [(?)(?)(?)(?)(?)(?)(?)(?)])(1 )(2 )(3 )]

"
"23-04-2026 21:16:53","Microsoft-Windows-Security-SPP","Information","The Software Protection service has completed licensing status check.
Application Id=0ff1ce15-a989-479d-af46-f275c6370663
Licensing Status=
1: c85fe025-b033-4f41-936b-b121521ba1c1, 1, 0 [(0 [0xC004F014, 0, 0], [(?)(?)(?)(?)(?)(?)(?)(?)])(1 )(2 )(3 )]

"
"23-04-2026 21:16:53","Microsoft-Windows-Security-SPP","Information","The Software Protection service has completed licensing status check.
Application Id=0ff1ce15-a989-479d-af46-f275c6370663
Licensing Status=
1: b58a5943-16ea-420f-a611-7b230acd762c, 1, 0 [(0 [0xC004F014, 0, 0], [(?)(?)(?)(?)(?)(?)(?)(?)])(1 )(2 )(3 )]

"
"23-04-2026 21:16:52","Microsoft-Windows-Security-SPP","Information","The Software Protection service has completed licensing status check.
Application Id=0ff1ce15-a989-479d-af46-f275c6370663
Licensing Status=
1: b4af11be-5f94-4d8f-9844-ce0d5e0d8680, 1, 0 [(0 [0xC004F014, 0, 0], [(?)(?)(?)(?)(?)(?)(?)(?)])(1 )(2 )(3 )]

"
"23-04-2026 21:16:52","Microsoft-Windows-Security-SPP","Information","The Software Protection service has completed licensing status check.
Application Id=0ff1ce15-a989-479d-af46-f275c6370663
Licensing Status=
1: ae9d158f-9450-4a0c-8c80-dd973c58357c, 1, 0 [(0 [0xC004F014, 0, 0], [(?)(?)(?)(?)(?)(?)(?)(?)])(1 )(2 )(3 )]

"
"23-04-2026 21:16:51","Microsoft-Windows-Security-SPP","Information","The Software Protection service has completed licensing status check.
Application Id=0ff1ce15-a989-479d-af46-f275c6370663
Licensing Status=
1: a96f8dae-da54-4fad-bdc6-108da592707a, 1, 0 [(0 [0xC004F014, 0, 0], [(?)(?)(?)(?)(?)(?)(?)(?)])(1 )(2 )(3 )]

"
"23-04-2026 21:16:51","Microsoft-Windows-Security-SPP","Information","The Software Protection service has completed licensing status check.
Application Id=0ff1ce15-a989-479d-af46-f275c6370663
Licensing Status=
1: a570c5df-b1a3-485c-a8cd-b47e90787ba8, 1, 0 [(0 [0xC004F014, 0, 0], [(?)(?)(?)(?)(?)(?)(?)(?)])(1 )(2 )(3 )]

"
"23-04-2026 21:16:50","Microsoft-Windows-Security-SPP","Information","The Software Protection service has completed licensing status check.
Application Id=0ff1ce15-a989-479d-af46-f275c6370663
Licensing Status=
1: 9e7d5312-95fc-4443-a551-69c20624ec6b, 1, 0 [(0 [0xC004F014, 0, 0], [(?)(?)(?)(?)(?)(?)(?)(?)])(1 )(2 )(3 )]

"
"23-04-2026 21:16:50","Microsoft-Windows-Security-SPP","Information","The Software Protection service has completed licensing status check.
Application Id=0ff1ce15-a989-479d-af46-f275c6370663
Licensing Status=
1: 96353198-443e-479d-9e80-9a6d72fd1a99, 1, 0 [(0 [0xC004F014, 0, 0], [(?)(?)(?)(?)(?)(?)(?)(?)])(1 )(2 )(3 )]

"
"23-04-2026 21:16:50","Microsoft-Windows-Security-SPP","Information","The Software Protection service has completed licensing status check.
Application Id=0ff1ce15-a989-479d-af46-f275c6370663
Licensing Status=
1: 95820f84-6e8c-4d22-b2ce-54953e9911bc, 1, 0 [(0 [0xC004F014, 0, 0], [(?)(?)(?)(?)(?)(?)(?)(?)])(1 )(2 )(3 )]

"
"23-04-2026 21:16:49","Microsoft-Windows-Security-SPP","Information","The Software Protection service has completed licensing status check.
Application Id=0ff1ce15-a989-479d-af46-f275c6370663
Licensing Status=
1: 951c0fe6-40a8-4400-8003-eec0686ffbc4, 1, 0 [(0 [0xC004F014, 0, 0], [(?)(?)(?)(?)(?)(?)(?)(?)])(1 )(2 )(3 )]

"
"23-04-2026 21:16:49","Microsoft-Windows-Security-SPP","Information","The Software Protection service has completed licensing status check.
Application Id=55c92734-d682-4d71-983e-d6ec3f16059f
Licensing Status=
1: 8db63db6-4f8f-46d6-a448-66444faaaa72, 1, 0 [(0 [0xC004F014, 0, 0], [(?)(?)(?)(?)(?)(?)(?)(?)])(1 )(2 )(3 )]

"
"23-04-2026 21:16:49","Microsoft-Windows-Security-SPP","Information","The Software Protection service has completed licensing status check.
Application Id=55c92734-d682-4d71-983e-d6ec3f16059f
Licensing Status=
1: 8a292df8-d653-4057-8133-a0701792f912, 1, 1 [(0 )(1 )(2 [0x00000000, 1, 0], [(?)( 1 0x00000000)(?)(?)(?)(?)( 10 0x00000000 msft:rm/algorithm/flags/1.0)(?)])(3 )]

"
"23-04-2026 21:16:48","Microsoft-Windows-Security-SPP","Information","The Software Protection service has completed licensing status check.
Application Id=0ff1ce15-a989-479d-af46-f275c6370663
Licensing Status=
1: 86af9220-9d6f-4575-bef0-619a9a6aa005, 1, 0 [(0 [0xC004F014, 0, 0], [(?)(?)(?)(?)(?)(?)(?)(?)])(1 )(2 )(3 )]

"
"23-04-2026 21:16:48","Microsoft-Windows-Security-SPP","Information","The Software Protection service has completed licensing status check.
Application Id=0ff1ce15-a989-479d-af46-f275c6370663
Licensing Status=
1: 7ab38a1c-a803-4ca5-8ebb-f8786c4b4faa, 1, 0 [(0 [0xC004F014, 0, 0], [(?)(?)(?)(?)(?)(?)(?)(?)])(1 )(2 )(3 )]

"
"23-04-2026 21:16:47","Microsoft-Windows-Security-SPP","Information","The Software Protection service has completed licensing status check.
Application Id=0ff1ce15-a989-479d-af46-f275c6370663
Licensing Status=
1: 77f47589-2212-4e3b-ad27-a900ce813837, 1, 0 [(0 [0xC004F014, 0, 0], [(?)(?)(?)(?)(?)(?)(?)(?)])(1 )(2 )(3 )]

"
"23-04-2026 21:16:47","Microsoft-Windows-Security-SPP","Information","The Software Protection service has completed licensing status check.
Application Id=55c92734-d682-4d71-983e-d6ec3f16059f
Licensing Status=
1: 74436dbb-cc17-46de-867f-14906ba4a938, 1, 0 [(0 [0xC004F014, 0, 0], [(?)(?)(?)(?)(?)(?)(?)(?)])(1 )(2 )(3 )]

"
"23-04-2026 21:16:47","Microsoft-Windows-Security-SPP","Information","The Software Protection service has completed licensing status check.
Application Id=55c92734-d682-4d71-983e-d6ec3f16059f
Licensing Status=
1: 653098ee-780d-4863-8cf2-d18399ce413b, 1, 0 [(0 [0xC004F014, 0, 0], [(?)(?)(?)(?)(?)(?)(?)(?)])(1 )(2 )(3 )]

"
"23-04-2026 21:16:46","Microsoft-Windows-Security-SPP","Information","The Software Protection service has completed licensing status check.
Application Id=0ff1ce15-a989-479d-af46-f275c6370663
Licensing Status=
1: 649fb593-1aea-4f3d-9ede-6d756561a2e5, 1, 0 [(0 [0xC004F014, 0, 0], [(?)(?)(?)(?)(?)(?)(?)(?)])(1 )(2 )(3 )]

"
"23-04-2026 21:16:46","Microsoft-Windows-Security-SPP","Information","The Software Protection service has completed licensing status check.
Application Id=55c92734-d682-4d71-983e-d6ec3f16059f
Licensing Status=
1: 58e97c99-f377-4ef1-81d5-4ad5522b5fd8, 1, 0 [(0 [0xC004F014, 0, 0], [(?)(?)(?)(?)(?)(?)(?)(?)])(1 )(2 )(3 )]

"
"23-04-2026 21:16:46","Microsoft-Windows-Security-SPP","Information","The Software Protection service has completed licensing status check.
Application Id=0ff1ce15-a989-479d-af46-f275c6370663
Licensing Status=
1: 537ea5b5-7d50-4876-bd38-a53a77caca32, 1, 0 [(0 [0xC004F014, 0, 0], [(?)(?)(?)(?)(?)(?)(?)(?)])(1 )(2 )(3 )]

"
"23-04-2026 21:16:45","Microsoft-Windows-Security-SPP","Information","The Software Protection service has completed licensing status check.
Application Id=0ff1ce15-a989-479d-af46-f275c6370663
Licensing Status=
1: 52287aa3-9945-44d1-9046-7a3373666821, 1, 0 [(0 [0xC004F014, 0, 0], [(?)(?)(?)(?)(?)(?)(?)(?)])(1 )(2 )(3 )]

"
"23-04-2026 21:16:45","Microsoft-Windows-Security-SPP","Information","The Software Protection service has completed licensing status check.
Application Id=0ff1ce15-a989-479d-af46-f275c6370663
Licensing Status=
1: 4c1d1588-3088-4796-b3b2-8935f3a0d886, 1, 0 [(0 [0xC004F014, 0, 0], [(?)(?)(?)(?)(?)(?)(?)(?)])(1 )(2 )(3 )]

"
"23-04-2026 21:16:44","Microsoft-Windows-Security-SPP","Information","The Software Protection service has completed licensing status check.
Application Id=0ff1ce15-a989-479d-af46-f275c6370663
Licensing Status=
1: 44f73ee6-d2f7-4502-97d5-046e8820662e, 1, 0 [(0 [0xC004F014, 0, 0], [(?)(?)(?)(?)(?)(?)(?)(?)])(1 )(2 )(3 )]

"
"23-04-2026 21:16:44","Microsoft-Windows-Security-SPP","Information","The Software Protection service has completed licensing status check.
Application Id=0ff1ce15-a989-479d-af46-f275c6370663
Licensing Status=
1: 436366de-5579-4f24-96db-3893e4400030, 1, 1 [(0 )(1 )(2 )(3 [0x00000000, 1, 0], [(?)( 1 0x00000000)(?)(?)(?)(?)( 10 0x00000000 msft:rm/algorithm/flags/1.0)(?)])]

"
"23-04-2026 21:16:44","Microsoft-Windows-Security-SPP","Information","The Software Protection service has completed licensing status check.
Application Id=55c92734-d682-4d71-983e-d6ec3f16059f
Licensing Status=
1: 411b3d4f-be6d-4a06-baaa-9cabfc256cae, 1, 0 [(0 [0xC004F014, 0, 0], [(?)(?)(?)(?)(?)(?)(?)(?)])(1 )(2 )(3 )]

"
"23-04-2026 21:16:43","Microsoft-Windows-Security-SPP","Information","The Software Protection service has completed licensing status check.
Application Id=55c92734-d682-4d71-983e-d6ec3f16059f
Licensing Status=
1: 4002e33a-524c-4100-8108-131a0d42c0ea, 1, 0 [(0 [0xC004F014, 0, 0], [(?)(?)(?)(?)(?)(?)(?)(?)])(1 )(2 )(3 )]

"
"23-04-2026 21:16:43","Microsoft-Windows-Security-SPP","Information","The Software Protection service has completed licensing status check.
Application Id=55c92734-d682-4d71-983e-d6ec3f16059f
Licensing Status=
1: 3ae2cc14-ab2d-41f4-972f-5e20142771dc, 1, 0 [(0 [0xC004F014, 0, 0], [(?)(?)(?)(?)(?)(?)(?)(?)])(1 )(2 )(3 )]

"
"23-04-2026 21:16:43","Microsoft-Windows-Security-SPP","Information","The Software Protection service has completed licensing status check.
Application Id=55c92734-d682-4d71-983e-d6ec3f16059f
Licensing Status=
1: 30d469c6-a78f-4476-b5c8-af78d5b6a5fb, 1, 0 [(0 [0xC004F014, 0, 0], [(?)(?)(?)(?)(?)(?)(?)(?)])(1 )(2 )(3 )]

"
"23-04-2026 21:16:42","Microsoft-Windows-Security-SPP","Information","The Software Protection service has completed licensing status check.
Application Id=0ff1ce15-a989-479d-af46-f275c6370663
Licensing Status=
1: 2fc0111c-bf0b-4bdd-900c-e3c713034746, 1, 0 [(0 [0xC004F014, 0, 0], [(?)(?)(?)(?)(?)(?)(?)(?)])(1 )(2 )(3 )]

"
"23-04-2026 21:16:42","Microsoft-Windows-Security-SPP","Information","The Software Protection service has completed licensing status check.
Application Id=0ff1ce15-a989-479d-af46-f275c6370663
Licensing Status=
1: 2f258377-738f-48dd-9397-287e43079958, 1, 0 [(0 [0xC004F014, 0, 0], [(?)(?)(?)(?)(?)(?)(?)(?)])(1 )(2 )(3 )]

"
"23-04-2026 21:16:42","Microsoft-Windows-Security-SPP","Information","The Software Protection service has completed licensing status check.
Application Id=55c92734-d682-4d71-983e-d6ec3f16059f
Licensing Status=
1: 2b1f36bb-c1cd-4306-bf5c-a0367c2d97d8, 1, 0 [(0 [0xC004F014, 0, 0], [(?)(?)(?)(?)(?)(?)(?)(?)])(1 )(2 )(3 )]

"
"23-04-2026 21:16:41","Microsoft-Windows-Security-SPP","Information","The Software Protection service has completed licensing status check.
Application Id=0ff1ce15-a989-479d-af46-f275c6370663
Licensing Status=
1: 28f64a3f-cf84-46da-b1e8-2dfa7750e491, 1, 0 [(0 [0xC004F014, 0, 0], [(?)(?)(?)(?)(?)(?)(?)(?)])(1 )(2 )(3 )]

"
"23-04-2026 21:16:41","Microsoft-Windows-Security-SPP","Information","The Software Protection service has completed licensing status check.
Application Id=55c92734-d682-4d71-983e-d6ec3f16059f
Licensing Status=
1: 1d873132-f09f-4eb2-bf5a-2e4fb48935e8, 1, 0 [(0 [0xC004F014, 0, 0], [(?)(?)(?)(?)(?)(?)(?)(?)])(1 )(2 )(3 )]

"
"23-04-2026 21:16:40","Microsoft-Windows-Security-SPP","Information","The Software Protection service has completed licensing status check.
Application Id=0ff1ce15-a989-479d-af46-f275c6370663
Licensing Status=
1: 1cac786a-7f16-4ede-b7fc-cfbce8fe24c7, 1, 0 [(0 [0xC004F014, 0, 0], [(?)(?)(?)(?)(?)(?)(?)(?)])(1 )(2 )(3 )]

"
"23-04-2026 21:16:40","Microsoft-Windows-Security-SPP","Information","The Software Protection service has completed licensing status check.
Application Id=55c92734-d682-4d71-983e-d6ec3f16059f
Licensing Status=
1: 1b750385-9fe2-49a8-ab55-149d0546395b, 1, 0 [(0 [0xC004F014, 0, 0], [(?)(?)(?)(?)(?)(?)(?)(?)])(1 )(2 )(3 )]

"
"23-04-2026 21:16:40","Microsoft-Windows-Security-SPP","Information","The Software Protection service has completed licensing status check.
Application Id=0ff1ce15-a989-479d-af46-f275c6370663
Licensing Status=
1: 112b0ed2-cf1a-42ce-a0c2-4ee20b59d267, 1, 0 [(0 [0xC004F014, 0, 0], [(?)(?)(?)(?)(?)(?)(?)(?)])(1 )(2 )(3 )]

"
"23-04-2026 21:16:39","Microsoft-Windows-Security-SPP","Information","The Software Protection service has completed licensing status check.
Application Id=0ff1ce15-a989-479d-af46-f275c6370663
Licensing Status=
1: 0cf5c9c4-62d8-42e7-8443-b2715ddae7ba, 1, 0 [(0 [0xC004F014, 0, 0], [(?)(?)(?)(?)(?)(?)(?)(?)])(1 )(2 )(3 )]

"
"23-04-2026 21:16:39","Microsoft-Windows-Security-SPP","Information","The Software Protection service has completed licensing status check.
Application Id=55c92734-d682-4d71-983e-d6ec3f16059f
Licensing Status=
1: 0567073a-7d74-403b-b2d5-6b35da372d8d, 1, 0 [(0 [0xC004F014, 0, 0], [(?)(?)(?)(?)(?)(?)(?)(?)])(1 )(2 )(3 )]

"
"23-04-2026 21:16:39","Microsoft-Windows-Security-SPP","Information","Offline downlevel migration succeeded."
"23-04-2026 21:16:17","Microsoft-Windows-Kernel-General","Information","The access history in hive \??\C:\ProgramData\Packages\2845PeroSoftware.TransparentTaskbarforWindows_swvc1efjmfn5c\S-1-5-21-1258550371-3975648611-2483462874-1001\SystemAppData\Helium\Cache\cee3956828df1132_COM15.dat was cleared updating 1 keys and creating 1 modified pages."
"23-04-2026 21:16:00","Edge","Information","[18852:9156:0423/211600.344:INFO:chrome\browser\extensions\extension_garbage_collector.cc:188] Garbage collection for extensions on file thread is complete."
"23-04-2026 21:15:58","Microsoft-Windows-Perflib","Warning","The Open procedure for service ""WmiApRpl"" in DLL ""C:\WINDOWS\system32\wbem\wmiaprpl.dll"" failed with error code The device is not ready.. Performance data for this service will not be available."
"23-04-2026 21:15:57","Microsoft-Windows-Perflib","Warning","The Open procedure for service ""MSDTC"" in DLL ""C:\WINDOWS\system32\msdtcuiu.DLL"" failed with error code The system cannot find the file specified.. Performance data for this service will not be available."
"23-04-2026 21:15:57","Microsoft-Windows-Perflib","Warning","The Open procedure for service ""ESENT"" in DLL ""C:\WINDOWS\system32\esentprf.dll"" failed with error code Access is denied.. Performance data for this service will not be available."
"23-04-2026 21:15:57","Microsoft-Windows-Perflib","Warning","The Open procedure for service ""aspnet_state"" in DLL ""C:\Windows\System32\aspnet_counters.dll"" failed with error code The parameter is incorrect.. Performance data for this service will not be available."
"23-04-2026 21:15:57","Microsoft-Windows-Perflib","Warning","The Open procedure for service ""ASP.NET_4.0.30319"" in DLL ""C:\Windows\System32\aspnet_counters.dll"" failed with error code The parameter is incorrect.. Performance data for this service will not be available."
"23-04-2026 21:15:57","Microsoft-Windows-Perflib","Warning","The Open procedure for service ""ASP.NET"" in DLL ""C:\Windows\System32\aspnet_counters.dll"" failed with error code The parameter is incorrect.. Performance data for this service will not be available."
"23-04-2026 21:15:55","Application","Information",
"23-04-2026 21:15:41","Microsoft-Windows-Security-SPP","Information","Successfully scheduled Software Protection service for re-start at 2126-03-30T15:45:41Z. Reason: RulesEngine."
"23-04-2026 21:15:30","Microsoft-Windows-IsolatedUserMode","Information","Secure Trustlet NULL Id 0 and Pid 0 started with status STATUS_SUCCESS."
"23-04-2026 21:15:22","Universal Print","Information","Initialization Successful. Enabled=false, CloudPrintSolution=Unknown, DiscoveryEndpoint=, OAuthAuthority=, OAuthClientId=, DiscoveryResourceId=, PrintResourceId="
"23-04-2026 21:15:22","Universal Print","Information","Device is neither AAD/Domain Joined or Workplace Joined."
"23-04-2026 21:15:15","Microsoft-Windows-Kernel-General","Information","The access history in hive \??\C:\Users\priya\AppData\Local\Packages\Microsoft.Windows.ContentDeliveryManager_cw5n1h2txyewy\Settings\settings.dat was cleared updating 2429 keys and creating 107 modified pages."
"23-04-2026 21:15:12","Microsoft-Windows-Kernel-General","Information","The access history in hive \??\C:\Users\priya\AppData\Local\Packages\microsoft.windowsstore_8wekyb3d8bbwe\AC\GEH\POF.dat was cleared updating 1 keys and creating 1 modified pages."
"23-04-2026 21:15:12","Microsoft-Windows-Kernel-General","Information","The access history in hive \??\C:\Users\priya\AppData\Local\Packages\AD2F1837.HPPrinterControl_v10z8vjag6ke6\Settings\settings.dat was cleared updating 3 keys and creating 1 modified pages."
"23-04-2026 21:15:10","Microsoft-Windows-Security-SPP","Information","Offline downlevel migration succeeded."
"23-04-2026 21:15:09","Microsoft-Windows-Kernel-General","Information","Hive \SystemRoot\System32\config\DRIVERS was reorganized with a starting size of 6336512 bytes and an ending size of 6135808 bytes."
"23-04-2026 21:15:07","Microsoft-Windows-Kernel-General","Information","The access history in hive \??\C:\Users\priya\AppData\Local\Packages\Microsoft.WindowsStore_8wekyb3d8bbwe\Settings\settings.dat was cleared updating 25 keys and creating 7 modified pages."
"23-04-2026 21:14:07","Microsoft-Windows-Kernel-General","Information","The access history in hive \??\C:\ProgramData\Packages\MicrosoftWindows.Client.WebExperience_cw5n1h2txyewy\S-1-5-21-1258550371-3975648611-2483462874-1001\SystemAppData\Helium\Cache\1a8a63be16d909b4_COM15.dat was cleared updating 1 keys and creating 1 modified pages."
"23-04-2026 21:14:05","Microsoft-Windows-Kernel-General","Information","The access history in hive \??\C:\ProgramData\Packages\MicrosoftWindows.CrossDevice_cw5n1h2txyewy\S-1-5-21-1258550371-3975648611-2483462874-1001\SystemAppData\Helium\Cache\a80205425a3864c2_COM15.dat was cleared updating 1 keys and creating 1 modified pages."
"23-04-2026 21:14:05","ELAN/Service",,
"23-04-2026 21:14:04","Microsoft-Windows-DistributedCOM","Warning","The application-specific permission settings do not grant Local Activation permission for the COM Server application with CLSID 
{6B3B8D23-FA8D-40B9-8DBD-B950333E2C52}
 and APPID 
{4839DDB7-58C2-48F5-8283-E1D1807D0D7D}
 to the user NT AUTHORITY\LOCAL SERVICE SID (S-1-5-19) from address LocalHost (Using LRPC) running in the application container Unavailable SID (Unavailable). This security permission can be modified using the Component Services administrative tool."
"23-04-2026 21:14:04","Microsoft-Windows-DistributedCOM","Warning","The application-specific permission settings do not grant Local Activation permission for the COM Server application with CLSID 
{6B3B8D23-FA8D-40B9-8DBD-B950333E2C52}
 and APPID 
{4839DDB7-58C2-48F5-8283-E1D1807D0D7D}
 to the user NT AUTHORITY\LOCAL SERVICE SID (S-1-5-19) from address LocalHost (Using LRPC) running in the application container Unavailable SID (Unavailable). This security permission can be modified using the Component Services administrative tool."
"23-04-2026 21:14:04","Microsoft-Windows-Winlogon","Information","The winlogon notification subscriber <SessionEnv> was unavailable to handle a notification event."
"23-04-2026 21:14:04","ELAN/Service",,
"23-04-2026 21:14:04","ELAN/Service",,
"23-04-2026 21:14:04","Microsoft-Windows-Winlogon","Information","The winlogon notification subscriber <SessionEnv> was unavailable to handle a critical notification event."
"23-04-2026 21:14:04","Microsoft-Windows-Winlogon","Information","User Logon Notification for Customer Experience Improvement Program"
"23-04-2026 21:13:57","edgeupdate","Information","Service stopped."
"23-04-2026 21:13:30","Microsoft-Windows-TPM-WMI","Information","Pre-attestation health checks confirm that the device is expected to pass attestation.
 Please see C:\WINDOWS\Logs\MeasuredBoot\0000000315-0000000003.json for detailed information on what checks were made."
"23-04-2026 21:13:30","Microsoft-Windows-TPM-WMI","Information","Pre-attestation health check detailed information: {""Version"":1,""HealthStatus"":""Attestable"",""Required"":[{""Field"":""TpmPresent"",""Value"":true,""DesiredValue"":true},{""Field"":""TpmMeetsMinimumVersion"",""Value"":true,""DesiredValue"":true},{""Field"":""TpmIsResponsive"",""Value"":true,""DesiredValue"":true},{""Field"":""EkCertIsAvailable"",""Value"":true,""DesiredValue"":true},{""Field"":""TcgLogFound"",""Value"":true,""DesiredValue"":true}],""Expected"":[{""Field"":""PcrsMatchTcgLog"",""Value"":true,""DesiredValue"":true}],""Informational"":[{""Field"":""SecureBootEnabled"",""ValueFromComputer"":true,""ValueFromTcgLog"":true,""DesiredValue"":true,""TcgValueIsVerifiable"":true},{""Field"":""VirtualSecureMemory"",""ValueFromComputer"":false,""ValueFromTcgLog"":false,""DesiredValue"":true,""TcgValueIsVerifiable"":true},{""Field"":""SecureCorePCCompliant"",""ValueFromComputer"":false,""ValueFromTcgLog"":false,""DesiredValue"":true,""TcgValueIsVerifiable"":true}{""Field"":""BootTcgLogFoundInFileSystem"",""Value"":true,""DesiredValue"":true},{""Field"":""CurrentTcgLogFoundInFileSystem"",""Value"":true,""DesiredValue"":true}]}"
"23-04-2026 21:13:25","Microsoft-Windows-TPM-WMI","Error","The Secure Boot update failed to update SBAT with error Unknown HResult Error code: 0x800700c1. For more information, please see https://go.microsoft.com/fwlink/?linkid=2169931"
"23-04-2026 21:13:23","ELAN/Service",,
"23-04-2026 21:13:22","HP Comm Recovery","Information","PowerEvent handled successfully by the service."
"23-04-2026 21:13:22","igccservice","Information","PowerEvent handled successfully by the service."
"23-04-2026 21:13:22","HP Comm Recovery","Information","PowerEvent handled successfully by the service."
"23-04-2026 21:13:22","igccservice","Information","PowerEvent handled successfully by the service."
"23-04-2026 21:13:22","ELAN/Service",,
"23-04-2026 21:13:22","ELAN/Service",,
"23-04-2026 21:13:22","ELAN/Service",,
"23-04-2026 21:13:22","ELAN/Service",,
"23-04-2026 21:13:22","ELAN/Service",,
"23-04-2026 21:13:22","ELAN/Service",,
"23-04-2026 21:13:22","ELAN/Service",,
"23-04-2026 21:13:21","Microsoft-Windows-Kernel-General","Information","The access history in hive \Device\HarddiskVolume1\EFI\Microsoft\Boot\BCD was cleared updating 76 keys and creating 8 modified pages."
"23-04-2026 21:13:21","BTHUSB","Information","Windows cannot store Bluetooth authentication codes (link keys) on the local adapter. Bluetooth keyboards might not work in the system BIOS during startup."
"23-04-2026 21:13:21","ELAN/Service",,
"23-04-2026 21:13:21","ELAN/Service",,
"23-04-2026 21:13:21","ELAN/Service",,
"23-04-2026 21:13:21","ELAN/Service",,
"23-04-2026 21:13:21","ELAN/Service",,
"23-04-2026 21:13:21","ELAN/Service",,
"23-04-2026 21:13:20","Microsoft-Windows-Power-Troubleshooter","Information","The system has returned from a low power state.

Sleep Time: ?2026?-?04?-?21T13:36:02.556006300Z
Wake Time: ?2026?-?04?-?23T15:43:19.811046800Z

Wake Source: Unknown"
"23-04-2026 21:13:20","Service Control Manager","Information","The start type of the Background Intelligent Transfer Service service was changed from demand start to auto start."
"23-04-2026 21:13:20","igccservice","Information","PowerEvent handled successfully by the service."
"23-04-2026 21:13:20","HP Comm Recovery","Information","Resume from Connected Standby"
"23-04-2026 21:13:20","Microsoft-Windows-Kernel-Power","Information","Power source change."
"23-04-2026 21:13:21","BROWSER","Information","The browser has forced an election on network \Device\NetBT_Tcpip_{6A15308C-4FD7-436D-B83D-274F0695A949} because a master browser was stopped."
"23-04-2026 21:13:20","HP Comm Recovery","Information","PowerEvent handled successfully by the service."
"23-04-2026 21:13:20","ELAN/Service",,
"23-04-2026 21:13:20","ELAN/Service",,
"23-04-2026 21:13:19","Win32k","Information","Touch/Touchpad Hardware Quality Assurance verification succeeded."
"23-04-2026 21:13:19","Microsoft-Windows-Kernel-Power","Information","The system session has transitioned from 52 to 54.

Reason PolicyChange 

BootId: 270"
"23-04-2026 21:13:19","Microsoft-Windows-Kernel-Power","Information","The system is exiting Modern Standby 

Reason: Lid."
"23-04-2026 21:13:19","Intel-SST-OED","Information","Loaded DSP FW library: \??\C:\WINDOWS\System32\DriverStore\FileRepository\intcoed_oemlibpath.inf_amd64_10e87c104e5c78d5\adl_sraudio_lib.bin, status = STATUS_SUCCESS."
"23-04-2026 21:13:19","Intel-SST-OED","Information","Loaded DSP FW library: \??\C:\WINDOWS\System32\DriverStore\FileRepository\intcoed_oemlibpath.inf_amd64_10e87c104e5c78d5\adl_sraudio_lib.bin, status = STATUS_SUCCESS."
"23-04-2026 21:13:19","Intel-SST-OED","Information","Loaded DSP FW library: Libs\dsp_lib_whm_adl_release.bin, status = STATUS_SUCCESS."
"23-04-2026 21:13:19","Microsoft-Windows-Kernel-Power","Information","The system is entering Modern Standby 

Reason: Sleep, Hibernate, or Shutdown."
"23-04-2026 21:13:19","Microsoft-Windows-Kernel-Power","Information","The system session has transitioned from 51 to 52.

Reason SxTransition 

BootId: 270"
"23-04-2026 21:13:19","Intel-SST-OED","Information","Loaded DSP FW library: Libs\dsp_lib_intel_wov_adl_release.bin, status = STATUS_SUCCESS."
"23-04-2026 21:13:19","Microsoft-Windows-Kernel-Boot","Information","Unable to load Pluton-Windows firmware. StatusCode: STATUS_SUCCESS, Reason: Failed to apply firmware."
"23-04-2026 21:13:19","Microsoft-Windows-Kernel-Boot","Information","The boot type was 0x1."
"23-04-2026 21:13:19","Microsoft-Windows-Kernel-Boot","Information","The boot menu policy was 0x1."
"23-04-2026 21:13:19","Microsoft-Windows-Kernel-Boot","Information","The bootmgr spent 0 ms waiting for user input."
"23-04-2026 21:13:19","Microsoft-Windows-Kernel-Boot","Information","There are 0x1 boot options on this system."
"23-04-2026 21:13:19","Microsoft-Windows-Kernel-Boot","Information","The firmware reported boot metrics."
"23-04-2026 21:13:19","Win32k","Warning","Power Manager has not requested suppression of all input (INPUT_SUPPRESS_REQUEST=0)"
"23-04-2026 21:13:19","Win32k","Warning","Power Manager has not requested suppression of all input (INPUT_SUPPRESS_REQUEST=0)"
"23-04-2026 21:13:19","Win32k","Warning","Power Manager has not requested suppression of all input (INPUT_SUPPRESS_REQUEST=0)"
"23-04-2026 21:13:19","Microsoft-Windows-Kernel-General","Information","The system time has changed to ?2026?-?04?-?23T15:43:19.500000000Z from ?2026?-?04?-?21T13:36:05.126623300Z.
Time Delta: 180434373 ms

Change Reason: System time synchronized with the hardware clock.
Process: '' (PID 4).

RTC time: ?2026?-?04?-?23T21:13:19.500000000Z
Current time zone bias: -330
RTC time is in UTC: false
System time was based on RTC time: false"
"21-04-2026 19:06:05","Microsoft-Windows-Kernel-Power","Information","The system has resumed from sleep."
"23-04-2026 21:13:19","EventLog","Information","The system uptime is 212721 seconds."
"21-04-2026 19:06:04","ELAN/Service",,
"21-04-2026 19:06:04","ELAN/Service",,
"21-04-2026 19:06:03","ELAN/Service",,
"21-04-2026 19:06:03","ELAN/Service",,
"21-04-2026 19:06:03","ELAN/Service",,
"21-04-2026 19:06:03","Microsoft-Windows-Kernel-Power","Information","The system is entering sleep.

Sleep Reason: Application API"
"21-04-2026 19:06:02","HPTouchpointAnalyticsService","Information","User Logon event fired"
"21-04-2026 19:06:02","ELAN/Service",,
"21-04-2026 19:06:02","ELAN/Service",,
"21-04-2026 19:06:02","ELAN/Service",,
"21-04-2026 19:06:02","HP Comm Recovery","Information","PowerEvent handled successfully by the service."
"21-04-2026 19:06:02","igccservice","Information","PowerEvent handled successfully by the service."
"21-04-2026 19:06:02","Microsoft-Windows-Kernel-Power","Information","The system session has transitioned from 50 to 51.

Reason InputPoUserPresent 

BootId: 270"
"21-04-2026 19:06:02","Microsoft-Windows-Kernel-Power","Information","User-mode process attempted to change the system state by calling SetSuspendState or SetSystemPowerState APIs."
"21-04-2026 19:06:02","Microsoft-Windows-Winlogon","Information","User Logoff Notification for Customer Experience Improvement Program"
"21-04-2026 19:06:01","Microsoft-Windows-Winlogon","Information","The winlogon notification subscriber <SessionEnv> was unavailable to handle a notification event."
"21-04-2026 19:06:01","Microsoft-Windows-Winlogon","Information","The winlogon notification subscriber <WSearch> was unavailable to handle a notification event."
"21-04-2026 19:06:01","ELAN/Service",,
"21-04-2026 19:06:01","ELAN/Service",,
"21-04-2026 19:06:01","ELAN/Service",,
"21-04-2026 19:06:01","ELAN/Service",,
"21-04-2026 19:06:01","ELAN/Service",,
"21-04-2026 19:06:01","ELAN/Service",,
"21-04-2026 19:06:01","Win32k","Warning","Power Manager has requested suppression of all input (INPUT_SUPPRESS_REQUEST=1)"
"21-04-2026 19:06:01","Win32k","Warning","Power Manager has requested suppression of all input (INPUT_SUPPRESS_REQUEST=1)"
"21-04-2026 19:06:01","Win32k","Warning","Power Manager has requested suppression of all input (INPUT_SUPPRESS_REQUEST=1)"
"21-04-2026 19:06:00","ELAN/Service",,
"21-04-2026 19:05:59","Microsoft-Windows-IsolatedUserMode","Information","Secure Trustlet Id 0 and Pid 0 stopped with status STATUS_SUCCESS."
"21-04-2026 19:05:58","Microsoft-Windows-Winsrv","Information","The following application attempted to veto the shutdown: PowerToys.MouseWithoutBorders.exe."
"21-04-2026 19:05:59","ELAN/Service",,
"21-04-2026 19:05:59","ELAN/Service",,
"21-04-2026 19:05:59","ELAN/Service",,
"21-04-2026 19:05:59","ELAN/Service",,
"21-04-2026 19:05:59","ELAN/Service",,
"21-04-2026 19:05:59","ELAN/Service",,
"21-04-2026 19:05:57","ELAN/Service",,
"21-04-2026 19:05:57","ELAN/Service",,
"21-04-2026 19:05:56","User32","Information","The process Explorer.EXE has initiated the power off of computer PRIYANSHU on behalf of user Priyanshu\priya for the following reason: Other (Unplanned)
 Reason Code: 0x0
 Shutdown Type: power off
 Comment: "
"21-04-2026 19:05:54","Microsoft-Windows-IsolatedUserMode","Information","Secure Trustlet NULL Id 0 and Pid 0 started with status STATUS_SUCCESS."
"21-04-2026 19:05:53","Microsoft-Windows-IsolatedUserMode","Information","Secure Trustlet Id 0 and Pid 0 stopped with status STATUS_SUCCESS."
"21-04-2026 19:04:42","HP Comm Recovery","Information","PowerEvent handled successfully by the service."
"21-04-2026 19:04:42","igccservice","Information","PowerEvent handled successfully by the service."
"21-04-2026 19:04:41","HP Comm Recovery","Information","PowerEvent handled successfully by the service."
"21-04-2026 19:04:41","igccservice","Information","PowerEvent handled successfully by the service."
"21-04-2026 19:04:41","Microsoft-Windows-Kernel-Power","Information","Power source change."
"21-04-2026 18:31:26","Microsoft-Windows-Security-SPP","Information","Successfully scheduled Software Protection service for re-start at 2126-03-28T13:01:26Z. Reason: RulesEngine."
"21-04-2026 18:30:56","Microsoft-Windows-Security-SPP","Information","Offline downlevel migration succeeded."
"21-04-2026 18:30:50","HP Comm Recovery","Information","PowerEvent handled successfully by the service."
"21-04-2026 18:30:50","igccservice","Information","PowerEvent handled successfully by the service."
"21-04-2026 18:30:48","HP Comm Recovery","Information","PowerEvent handled successfully by the service."
"21-04-2026 18:30:48","igccservice","Information","PowerEvent handled successfully by the service."
"21-04-2026 18:30:48","Microsoft-Windows-Kernel-Power","Information","Power source change."
"21-04-2026 18:27:14","Microsoft-Windows-Security-SPP","Information","Successfully scheduled Software Protection service for re-start at 2126-03-28T12:57:14Z. Reason: RulesEngine."
"21-04-2026 18:26:44","Microsoft-Windows-Security-SPP","Information","Offline downlevel migration succeeded."
"21-04-2026 18:04:51","ELAN/Service",,
"21-04-2026 18:04:50","ELAN/Service",,
"21-04-2026 18:04:50","ELAN/Service",,
"21-04-2026 18:04:45","ELAN/Service",,
"21-04-2026 18:04:44","ELAN/Service",,
"21-04-2026 18:04:44","ELAN/Service",,
"21-04-2026 18:04:44","ELAN/Service",,
"21-04-2026 18:04:44","ELAN/Service",,
"21-04-2026 18:04:44","ELAN/Service",,
"21-04-2026 18:04:44","ELAN/Service",,
"21-04-2026 18:04:44","ELAN/Service",,
"21-04-2026 18:04:44","HP Comm Recovery","Information","Resume from Connected Standby"
"21-04-2026 18:04:43","Microsoft-Windows-Kernel-Power","Information","The system session has transitioned from 48 to 50.

Reason InputPoUserPresent 

BootId: 270"
"21-04-2026 18:04:43","Microsoft-Windows-Kernel-Power","Information","The system is exiting Modern Standby 

Reason: Input Touchpad."
"21-04-2026 18:04:43","ELAN/Service",,
"21-04-2026 18:04:43","ELAN/Service",,
"21-04-2026 18:04:43","ELAN/Service",,
"21-04-2026 18:04:42","ELAN/Service",,
"21-04-2026 18:04:42","ELAN/Service",,
"21-04-2026 18:04:42","ELAN/Service",,
"21-04-2026 18:04:42","ELAN/Service",,
"21-04-2026 18:04:42","ELAN/Service",,
"21-04-2026 18:04:42","ELAN/Service",,
"21-04-2026 18:04:42","ELAN/Service",,
"21-04-2026 18:04:42","Microsoft-Windows-Kernel-Power","Information","The system is entering Modern Standby 

Reason: Idle Timeout."
"21-04-2026 18:04:42","Microsoft-Windows-Kernel-Power","Information","The system session has transitioned from 47 to 48.

Reason SessionUnlock 

BootId: 270"
"21-04-2026 18:04:41","HP Comm Recovery","Information","PowerEvent handled successfully by the service."
"21-04-2026 18:04:41","igccservice","Information","PowerEvent handled successfully by the service."
"21-04-2026 18:04:41","ELAN/Service",,
"21-04-2026 18:04:41","ELAN/Service",,
"21-04-2026 18:04:41","ELAN/Service",,
"21-04-2026 18:04:41","ELAN/Service",,
"21-04-2026 18:04:41","ELAN/Service",,
"21-04-2026 18:04:41","ELAN/Service",,
"21-04-2026 18:04:40","HP Comm Recovery","Information","PowerEvent handled successfully by the service."
"21-04-2026 18:04:40","igccservice","Information","PowerEvent handled successfully by the service."
"21-04-2026 18:04:40","Microsoft-Windows-Kernel-Power","Information","Power source change."
"21-04-2026 17:54:30","Microsoft-Windows-Security-SPP","Information","Successfully scheduled Software Protection service for re-start at 2126-03-28T12:24:30Z. Reason: RulesEngine."
"21-04-2026 17:54:00","Microsoft-Windows-Security-SPP","Information","Offline downlevel migration succeeded."
"21-04-2026 17:28:27","Microsoft-Windows-Security-SPP","Information","Successfully scheduled Software Protection service for re-start at 2126-03-28T11:58:27Z. Reason: RulesEngine."
"21-04-2026 17:27:56","Microsoft-Windows-Security-SPP","Information","Offline downlevel migration succeeded."
"21-04-2026 17:22:35","Microsoft-Windows-Security-SPP","Information","Successfully scheduled Software Protection service for re-start at 2126-03-28T11:52:35Z. Reason: RulesEngine."
"21-04-2026 17:22:04","Microsoft-Windows-Security-SPP","Information","Offline downlevel migration succeeded."
"21-04-2026 17:10:20","ELAN/Service",,
"21-04-2026 17:10:19","ELAN/Service",,
"21-04-2026 17:10:19","ELAN/Service",,
"21-04-2026 17:10:15","ELAN/Service",,
"21-04-2026 17:10:14","HP Comm Recovery","Information","Resume from Connected Standby"
"21-04-2026 17:10:14","ELAN/Service",,
"21-04-2026 17:10:14","ELAN/Service",,
"21-04-2026 17:10:14","ELAN/Service",,
"21-04-2026 17:10:14","ELAN/Service",,
"21-04-2026 17:10:14","ELAN/Service",,
"21-04-2026 17:10:14","ELAN/Service",,
"21-04-2026 17:10:14","Microsoft-Windows-Kernel-Power","Information","The system session has transitioned from 45 to 47.

Reason InputPoUserPresent 

BootId: 270"
"21-04-2026 17:10:14","Microsoft-Windows-Kernel-Power","Information","The system is exiting Modern Standby 

Reason: Input Touchpad."
"21-04-2026 17:06:52","Universal Print","Information","Initialization Successful. Enabled=false, CloudPrintSolution=Unknown, DiscoveryEndpoint=, OAuthAuthority=, OAuthClientId=, DiscoveryResourceId=, PrintResourceId="
"21-04-2026 17:06:52","Universal Print","Information","Device is neither AAD/Domain Joined or Workplace Joined."
"21-04-2026 17:06:46","ELAN/Service",,
"21-04-2026 17:06:46","Microsoft-Windows-Kernel-Power","Information","The system is entering Modern Standby 

Reason: AC/DC Display Burst."
"21-04-2026 17:06:46","Microsoft-Windows-Kernel-Power","Information","The system session has transitioned from 44 to 45.

Reason AcDcBurst 

BootId: 270"
"21-04-2026 17:06:45","ELAN/Service",,
"21-04-2026 17:06:45","ELAN/Service",,
"21-04-2026 17:06:45","ELAN/Service",,
"21-04-2026 17:06:45","ELAN/Service",,
"21-04-2026 17:06:45","ELAN/Service",,
"21-04-2026 17:06:45","ELAN/Service",,
"21-04-2026 17:06:41","ELAN/Service",,
"21-04-2026 17:06:40","HP Comm Recovery","Information","Resume from Connected Standby"
"21-04-2026 17:06:40","ELAN/Service",,
"21-04-2026 17:06:40","ELAN/Service",,
"21-04-2026 17:06:40","ELAN/Service",,
"21-04-2026 17:06:40","ELAN/Service",,
"21-04-2026 17:06:40","ELAN/Service",,
"21-04-2026 17:06:40","ELAN/Service",,
"21-04-2026 17:06:40","Microsoft-Windows-Kernel-Power","Information","The system session has transitioned from 43 to 44.

Reason AcDcBurst 

BootId: 270"
"21-04-2026 17:06:40","Microsoft-Windows-Kernel-Power","Information","The system is exiting Modern Standby 

Reason: AC/DC Display Burst."
"21-04-2026 17:06:39","Microsoft-Windows-Kernel-Power","Information","Connectivity state in standby: Connected, Reason: None"
"21-04-2026 17:06:39","HP Comm Recovery","Information","PowerEvent handled successfully by the service."
"21-04-2026 17:06:39","igccservice","Information","PowerEvent handled successfully by the service."
"21-04-2026 17:06:39","Microsoft-Windows-Kernel-Power","Information","Power source change."
"21-04-2026 17:06:00","Microsoft-Windows-Kernel-Power","Information","Connectivity state in standby: Disconnected, Reason: Adaptive Connected Standby"
"21-04-2026 17:05:53","Microsoft-Windows-Kernel-Power","Information","The system session has transitioned from 42 to 43.

Reason SessionUnlock 

BootId: 270"
"21-04-2026 17:05:36","ELAN/Service",,
"21-04-2026 17:05:35","ELAN/Service",,
"21-04-2026 17:05:35","ELAN/Service",,
"21-04-2026 17:05:35","ELAN/Service",,
"21-04-2026 17:05:34","Microsoft-Windows-Kernel-Power","Information","The system is entering Modern Standby 

Reason: Idle Timeout."
"21-04-2026 17:05:34","Microsoft-Windows-Kernel-Power","Information","The system session has transitioned from 41 to 42.

Reason SessionUnlock 

BootId: 270"
"21-04-2026 17:05:34","ELAN/Service",,
"21-04-2026 17:05:34","ELAN/Service",,
"21-04-2026 17:05:34","ELAN/Service",,
"21-04-2026 17:05:34","ELAN/Service",,
"21-04-2026 17:05:34","ELAN/Service",,
"21-04-2026 17:05:34","ELAN/Service",,
"21-04-2026 17:05:20","ELAN/Service",,
"21-04-2026 17:05:19","ELAN/Service",,
"21-04-2026 17:05:19","ELAN/Service",,
"21-04-2026 17:05:19","ELAN/Service",,
"21-04-2026 17:05:19","ELAN/Service",,
"21-04-2026 17:05:19","ELAN/Service",,
"21-04-2026 17:05:19","ELAN/Service",,
"21-04-2026 17:00:41","HP Comm Recovery","Information","PowerEvent handled successfully by the service."
"21-04-2026 17:00:41","igccservice","Information","PowerEvent handled successfully by the service."
"21-04-2026 17:00:40","HP Comm Recovery","Information","PowerEvent handled successfully by the service."
"21-04-2026 17:00:40","igccservice","Information","PowerEvent handled successfully by the service."
"21-04-2026 17:00:40","Microsoft-Windows-Kernel-Power","Information","Power source change."
"21-04-2026 16:49:13","ELAN/Service",,
"21-04-2026 16:49:12","ELAN/Service",,
"21-04-2026 16:49:12","ELAN/Service",,
"21-04-2026 16:49:12","ELAN/Service",,
"21-04-2026 16:49:12","ELAN/Service",,
"21-04-2026 16:49:12","ELAN/Service",,
"21-04-2026 16:49:12","ELAN/Service",,
"21-04-2026 16:49:01","ELAN/Service",,
"21-04-2026 16:49:00","ELAN/Service",,
"21-04-2026 16:49:00","ELAN/Service",,
"21-04-2026 16:49:00","ELAN/Service",,
"21-04-2026 16:49:00","ELAN/Service",,
"21-04-2026 16:49:00","ELAN/Service",,
"21-04-2026 16:49:00","ELAN/Service",,
"21-04-2026 16:41:36","HP Comm Recovery","Information","PowerEvent handled successfully by the service."
"21-04-2026 16:41:36","igccservice","Information","PowerEvent handled successfully by the service."
"21-04-2026 16:41:34","HP Comm Recovery","Information","PowerEvent handled successfully by the service."
"21-04-2026 16:41:34","igccservice","Information","PowerEvent handled successfully by the service."
