"21-04-2026 10:08:15","Microsoft-Windows-Wininit","Information","Boot App Anti-Rollback: Previous timer resumed with status:

HRESULT: The operation completed successfully.
Previous timer present: true
Start time: ?2026?-?04?-?03T07:37:32.937211100Z
Grace period: 51840000000000
Attempted recovery enforcement succeeded: false
"
"21-04-2026 10:08:15","Microsoft-Windows-Wininit","Information","Boot App Anti-Rollback: Timer start completed with status:

Win32Error: 0
Start time: ?2026?-?04?-?03T07:37:32.937211100Z
Grace period: 51840000000000
Due time: ?2026?-?06?-?02T07:37:32.937211100Z
"
"21-04-2026 10:08:15","Microsoft-Windows-Wininit","Information","Virtualization Based Security new timer creation status

HRESULT: The operation completed successfully.
New latch timer needed: false
New latch timer waiting for system update completion: false
Previous latch timer exists but disabled by registry: false
Policy file exists: false
"
"21-04-2026 10:08:14","BTHUSB","Information","Windows cannot store Bluetooth authentication codes (link keys) on the local adapter. Bluetooth keyboards might not work in the system BIOS during startup."
"21-04-2026 10:08:11","Microsoft-Windows-Kernel-PnP","Warning","The driver \Driver\WUDFRd failed to load.
Device: {DD8E82AE-334B-49A2-AEAE-AEB0FD5C40DD}\DetectionVerification\5&216c48f3&0&0
Status: 0xC0000365"
"21-04-2026 10:08:11","Microsoft-Windows-DriverFrameworks-UserMode","Information","UMDF reflector is unable to connect to service control manager (SCM). This is expected during boot, when SCM has not started yet. Will retry when it starts."
"21-04-2026 10:08:11","Intel-SST-OED","Information","Loaded DSP FW library: \??\C:\WINDOWS\System32\DriverStore\FileRepository\intcoed_oemlibpath.inf_amd64_10e87c104e5c78d5\adl_sraudio_lib.bin, status = STATUS_SUCCESS."
"21-04-2026 10:08:11","Intel-SST-OED","Information","Loaded DSP FW library: \??\C:\WINDOWS\System32\DriverStore\FileRepository\intcoed_oemlibpath.inf_amd64_10e87c104e5c78d5\adl_sraudio_lib.bin, status = STATUS_SUCCESS."
"21-04-2026 10:08:11","Intel-SST-OED","Information","Loaded DSP FW library: Libs\dsp_lib_whm_adl_release.bin, status = STATUS_SUCCESS."
"21-04-2026 10:08:11","Intel-SST-OED","Information","Loaded DSP FW library: Libs\dsp_lib_intel_wov_adl_release.bin, status = STATUS_SUCCESS."
"21-04-2026 10:08:11","Intel-SST-OED","Information","Library is not supported in BIOS: \??\C:\WINDOWS\System32\DriverStore\FileRepository\intcoed_oemlibpath.inf_amd64_10e87c104e5c78d5\adl_rtksep481_lib.bin, status = The request is not supported.."
"21-04-2026 10:08:11","Intel-SST-OED","Information","FX module is not supported in BIOS:  {7aa4db02-6b41-4bc3-a712-80a2dde29e11} from \??\C:\WINDOWS\System32\DriverStore\FileRepository\intcoed_oemlibpath.inf_amd64_10e87c104e5c78d5\adl_rtksep481_lib.bin."
"21-04-2026 10:08:11","Intel-SST-OED","Information","Library is not supported in BIOS: \??\C:\WINDOWS\System32\DriverStore\FileRepository\intcoed_oemlibpath.inf_amd64_10e87c104e5c78d5\adl_intel_aca_lib.bin, status = The request is not supported.."
"21-04-2026 10:08:11","Intel-SST-OED","Information","FX module is not supported in BIOS:  {0f239405-ca35-44eb-9ec8-a48de70e2a52} from \??\C:\WINDOWS\System32\DriverStore\FileRepository\intcoed_oemlibpath.inf_amd64_10e87c104e5c78d5\adl_intel_aca_lib.bin."
"21-04-2026 10:08:11","Intel-SST-OED","Information","Library is not supported in BIOS: \??\C:\WINDOWS\System32\DriverStore\FileRepository\intcoed_oemlibpath.inf_amd64_10e87c104e5c78d5\adl_dtspost_lib.bin, status = The request is not supported.."
"21-04-2026 10:08:11","Intel-SST-OED","Information","FX module is not supported in BIOS:  {a28aff37-8f9e-4b9f-8c0a-0b86db7ce6f0} from \??\C:\WINDOWS\System32\DriverStore\FileRepository\intcoed_oemlibpath.inf_amd64_10e87c104e5c78d5\adl_dtspost_lib.bin."
"21-04-2026 10:08:11","Microsoft-Windows-Kernel-PnP","Warning","The driver \Driver\WUDFRd failed to load.
Device: USB\VID_04F3&PID_0C00\5&1fc9e71d&0&7
Status: 0xC0000365"
"21-04-2026 10:08:11","Microsoft-Windows-DriverFrameworks-UserMode","Information","UMDF reflector is unable to connect to service control manager (SCM). This is expected during boot, when SCM has not started yet. Will retry when it starts."
"21-04-2026 10:08:09","MEIx64","Information","Intel(R) Management Engine Interface driver has started successfully."
"21-04-2026 10:08:09","Microsoft-Windows-Kernel-Power","Information","Active battery count change."
"21-04-2026 10:08:09","Microsoft-Windows-Kernel-Power","Information","Power source change."
"21-04-2026 10:08:09","Microsoft-Windows-Kernel-Power","Information","Active battery count change."
"21-04-2026 10:08:09","Microsoft-Windows-Kernel-Processor-Power","Information","Processor 11 in group 0 exposes the following power management capabilities:

Idle state type: Micro Power Engine Plugin (11 state(s))

Performance state type: ACPI Collaborative Processor Performance Control
Nominal Frequency (MHz): 1300
Maximum performance percentage: 366
Minimum performance percentage: 100
Minimum throttle percentage: 11"
"21-04-2026 10:08:09","Microsoft-Windows-Kernel-Processor-Power","Information","Processor 10 in group 0 exposes the following power management capabilities:

Idle state type: Micro Power Engine Plugin (11 state(s))

Performance state type: ACPI Collaborative Processor Performance Control
Nominal Frequency (MHz): 1300
Maximum performance percentage: 366
Minimum performance percentage: 100
Minimum throttle percentage: 11"
"21-04-2026 10:08:09","Microsoft-Windows-Kernel-Processor-Power","Information","Processor 9 in group 0 exposes the following power management capabilities:

Idle state type: Micro Power Engine Plugin (11 state(s))

Performance state type: ACPI Collaborative Processor Performance Control
Nominal Frequency (MHz): 1300
Maximum performance percentage: 366
Minimum performance percentage: 100
Minimum throttle percentage: 11"
"21-04-2026 10:08:09","Microsoft-Windows-Kernel-Processor-Power","Information","Processor 8 in group 0 exposes the following power management capabilities:

Idle state type: Micro Power Engine Plugin (11 state(s))

Performance state type: ACPI Collaborative Processor Performance Control
Nominal Frequency (MHz): 1300
Maximum performance percentage: 366
Minimum performance percentage: 100
Minimum throttle percentage: 11"
"21-04-2026 10:08:09","Microsoft-Windows-Kernel-Processor-Power","Information","Processor 7 in group 0 exposes the following power management capabilities:

Idle state type: Micro Power Engine Plugin (11 state(s))

Performance state type: ACPI Collaborative Processor Performance Control
Nominal Frequency (MHz): 1300
Maximum performance percentage: 366
Minimum performance percentage: 100
Minimum throttle percentage: 11"
"21-04-2026 10:08:09","Microsoft-Windows-Kernel-Processor-Power","Information","Processor 6 in group 0 exposes the following power management capabilities:

Idle state type: Micro Power Engine Plugin (11 state(s))

Performance state type: ACPI Collaborative Processor Performance Control
Nominal Frequency (MHz): 1300
Maximum performance percentage: 366
Minimum performance percentage: 100
Minimum throttle percentage: 11"
"21-04-2026 10:08:09","Microsoft-Windows-Kernel-Processor-Power","Information","Processor 5 in group 0 exposes the following power management capabilities:

Idle state type: Micro Power Engine Plugin (11 state(s))

Performance state type: ACPI Collaborative Processor Performance Control
Nominal Frequency (MHz): 1300
Maximum performance percentage: 366
Minimum performance percentage: 100
Minimum throttle percentage: 11"
"21-04-2026 10:08:09","Microsoft-Windows-Kernel-Processor-Power","Information","Processor 4 in group 0 exposes the following power management capabilities:

Idle state type: Micro Power Engine Plugin (11 state(s))

Performance state type: ACPI Collaborative Processor Performance Control
Nominal Frequency (MHz): 1300
Maximum performance percentage: 366
Minimum performance percentage: 100
Minimum throttle percentage: 11"
"21-04-2026 10:08:09","Microsoft-Windows-Kernel-Processor-Power","Information","Processor 3 in group 0 exposes the following power management capabilities:

Idle state type: Micro Power Engine Plugin (11 state(s))

Performance state type: ACPI Collaborative Processor Performance Control
Nominal Frequency (MHz): 1300
Maximum performance percentage: 350
Minimum performance percentage: 100
Minimum throttle percentage: 6"
"21-04-2026 10:08:09","Microsoft-Windows-Kernel-Processor-Power","Information","Processor 2 in group 0 exposes the following power management capabilities:

Idle state type: Micro Power Engine Plugin (11 state(s))

Performance state type: ACPI Collaborative Processor Performance Control
Nominal Frequency (MHz): 1300
Maximum performance percentage: 350
Minimum performance percentage: 100
Minimum throttle percentage: 6"
"21-04-2026 10:08:09","Microsoft-Windows-Kernel-Processor-Power","Information","Processor 1 in group 0 exposes the following power management capabilities:

Idle state type: Micro Power Engine Plugin (11 state(s))

Performance state type: ACPI Collaborative Processor Performance Control
Nominal Frequency (MHz): 1300
Maximum performance percentage: 350
Minimum performance percentage: 100
Minimum throttle percentage: 6"
"21-04-2026 10:08:09","Microsoft-Windows-Kernel-Processor-Power","Information","Processor 0 in group 0 exposes the following power management capabilities:

Idle state type: Micro Power Engine Plugin (11 state(s))

Performance state type: ACPI Collaborative Processor Performance Control
Nominal Frequency (MHz): 1300
Maximum performance percentage: 350
Minimum performance percentage: 37
Minimum throttle percentage: 6"
"21-04-2026 10:08:08","Microsoft-Windows-Kernel-General","Information","The time zone information was refreshed with exit reason 0. Current time zone bias is -330."
"21-04-2026 10:08:08","Microsoft-Windows-Kernel-PnP","Warning","The driver \Driver\WUDFRd failed to load.
Device: PCI\VEN_8086&DEV_461D&SUBSYS_89F3103C&REV_04\3&11583659&2&20
Status: 0xC0000365"
"21-04-2026 10:08:08","Microsoft-Windows-DriverFrameworks-UserMode","Information","UMDF reflector is unable to connect to service control manager (SCM). This is expected during boot, when SCM has not started yet. Will retry when it starts."
"21-04-2026 10:08:08","Microsoft-Windows-Ntfs","Information","Volume \\?\Volume{cbb5e7b9-5308-4f5c-b785-6f6b1667f19e} (\Device\HarddiskVolume4) is healthy.  No action is needed."
"21-04-2026 10:08:05","Microsoft-Windows-Kernel-Power","Critical","The system has rebooted without cleanly shutting down first. This error could be caused if the system stopped responding, crashed, or lost power unexpectedly."
"21-04-2026 10:08:05","Microsoft-Windows-Kernel-Power","Information","ACPI thermal zone \_TZ.TZ01 has been enumerated.             
_PSV = 0K             
_TC1 = 0             
_TC2 = 0             
_TSP = 0ms             
_AC0 = 0K             
_AC1 = 0K             
_AC2 = 0K             
_AC3 = 0K             
_AC4 = 0K             
_AC5 = 0K             
_AC6 = 0K             
_AC7 = 0K             
_AC8 = 0K             
_AC9 = 0K             
_CRT = 0K             
_HOT = 373K             
minimum throttle = 0             
_CR3 = 0K"
"21-04-2026 10:08:05","Microsoft-Windows-FilterManager","Information","File System Filter 'npsvctrig' (10.0, ?1978?-?05?-?14T14:43:30.000000000Z) has successfully loaded and registered with Filter Manager."
"21-04-2026 10:08:05","VfpExt","Information","The  service entered the Driver load complete state."
"21-04-2026 10:08:05","VfpExt","Information","The  service entered the Driver load start state."
"21-04-2026 10:08:02","Microsoft-Windows-FilterManager","Information","File System Filter 'UCPD' (10.0, ?2061?-?11?-?20T13:18:12.000000000Z) has successfully loaded and registered with Filter Manager."
"21-04-2026 10:08:02","Microsoft-Windows-FilterManager","Information","File System Filter 'FileCrypt' (10.0, ?2075?-?09?-?01T03:37:07.000000000Z) has successfully loaded and registered with Filter Manager."
"21-04-2026 10:08:01","Microsoft-Windows-Ntfs","Information","Volume C: (\Device\HarddiskVolume3) is healthy.  No action is needed."
"21-04-2026 10:08:00","Microsoft-Windows-FilterManager","Information","File System Filter 'WdFilter' (10.0, ?2036?-?01?-?26T15:03:35.000000000Z) has successfully loaded and registered with Filter Manager."
"21-04-2026 10:08:00","Microsoft-Windows-FilterManager","Information","File System Filter 'Wof' (10.0, ?2089?-?07?-?15T08:28:05.000000000Z) has successfully loaded and registered with Filter Manager."
"21-04-2026 10:08:00","Microsoft-Windows-FilterManager","Information","File System Filter 'FileInfo' (10.0, ?2093?-?04?-?02T06:59:43.000000000Z) has successfully loaded and registered with Filter Manager."
"21-04-2026 10:07:59","Microsoft-Windows-HAL","Information","IOMMU fault reporting has been initialized."
"21-04-2026 10:07:59","Microsoft-Windows-Kernel-General","Information","The leap second configuration has been updated.
Reason: Leap second data initialized from registry during boot
Leap seconds enabled: true
New leap second count: 0
Old leap second count: 0"
"21-04-2026 10:07:59","Microsoft-Windows-Kernel-Boot","Information","The firmware reported boot metrics."
"21-04-2026 10:07:59","Microsoft-Windows-IsolatedUserMode","Information","Secure Kernel started with status STATUS_SUCCESS and flags HvciEnabled,HvciStrictMode."
"21-04-2026 10:07:59","Microsoft-Windows-Hyper-V-Hypervisor","Warning","The hypervisor did not enable mitigations for side channel vulnerabilities for virtual machines because HyperThreading is enabled. To enable mitigations for virtual machines, disable HyperThreading."
"21-04-2026 10:07:59","Microsoft-Windows-Hyper-V-Hypervisor","Information","Hypervisor configured mitigations for CVE-2019-11091, CVE-2018-12126, CVE-2018-12127, CVE-2018-12130 for virtual machines.

Processor not affected: true
Processor family not affected: false
Processor supports microarchitectural buffer flush: true
Buffer flush needed: true
"
"21-04-2026 10:07:59","Microsoft-Windows-Hyper-V-Hypervisor","Information","Hypervisor configured mitigations for CVE-2018-3646 for virtual machines.

Processor not affected: true
Processor family not affected: false
Processor supports cache flush: true
HyperThreading enabled: false
Parent hypervisor applies mitigations: false
Mitigations disabled by bcdedit: false
Mitigations enabled: true
Cache flush needed: false
"
"21-04-2026 10:07:59","Microsoft-Windows-Hyper-V-Hypervisor","Information","Hypervisor initialized I/O remapping.

Hardware present: true
Hardware enabled: true
Policy: 0x0
Enabled features: 0x43
Internal information: 0x0
Problems: 0x0
Additional information: 0x0"
"21-04-2026 10:07:59","Microsoft-Windows-Hyper-V-Hypervisor","Information","Hypervisor scheduler type is 0x4."
"21-04-2026 10:07:59","Microsoft-Windows-Hyper-V-Hypervisor","Information","Hypervisor successfully started."
"21-04-2026 10:07:59","Microsoft-Windows-Kernel-Boot","Information","The boot type was 0x0."
"21-04-2026 10:07:59","Microsoft-Windows-Kernel-Boot","Information","The boot menu policy was 0x1."
"21-04-2026 10:07:59","Microsoft-Windows-Kernel-Boot","Information","EFI time zone bias: 2047. Daylight flags: 0. Firmware time: ?2026?-?04?-?21T10:07:57.000000000Z."
"21-04-2026 10:08:17","EventLog","Information","The system uptime is 18 seconds."
"21-04-2026 10:08:17","EventLog","Information","The Event log service was started."
"21-04-2026 10:08:17","EventLog","Information","Microsoft (R) Windows (R) 10.00. 26200  Multiprocessor Free."
"21-04-2026 10:08:17","EventLog","Error","The previous system shutdown at 2:34:07 AM on ?4/?21/?2026 was unexpected."
"21-04-2026 10:07:59","Microsoft-Windows-Kernel-Boot","Information","Unable to load Pluton-Windows firmware. StatusCode: STATUS_SUCCESS, Reason: Failed to apply firmware."
"21-04-2026 10:07:59","Microsoft-Windows-Kernel-Boot","Information","The last shutdown's success status was true. The last boot's success status was true."
"21-04-2026 10:07:59","Microsoft-Windows-Kernel-Boot","Information","The bootmgr spent 0 ms waiting for user input."
"21-04-2026 10:07:59","Microsoft-Windows-Kernel-Boot","Information","There are 0x1 boot options on this system."
"21-04-2026 10:07:59","Microsoft-Windows-Kernel-Boot","Information","The bootmgr spent 0 ms waiting for user input."
"21-04-2026 10:07:59","Microsoft-Windows-Kernel-Boot","Information","There are 0x1 boot options on this system."
"21-04-2026 10:07:59","Microsoft-Windows-Kernel-Boot","Error","Windows failed fast startup with error status 0xC00000D4."
"21-04-2026 10:07:59","Microsoft-Windows-Kernel-Boot","Information","Virtualization-based security (policies: VBS Enabled,VSM Required,Hvci,Boot Chain Signer Soft Enforced) is enabled due to VBS registry configuration."
"21-04-2026 10:07:59","Microsoft-Windows-Kernel-General","Information","The system time was initialized to ?2026?-?04?-?21T04:37:58.500000000Z. 

Loader time: ?2026?-?04?-?21T04:37:57.000000000Z
Internal boot flags: 0x2
HAL RTC error code: 0x0
RTC time is in UTC: false
Soft boot: false
Success: true
Phase: 0"
"21-04-2026 10:07:59","Microsoft-Windows-Kernel-General","Information","The operating system started at system time ?2026?-?04?-?21T04:37:58.500000000Z."
"21-04-2026 02:34:15","Microsoft-Windows-Winsrv","Information","The following application attempted to veto the shutdown: PowerToys.MouseWithoutBorders.exe."
"21-04-2026 02:34:15","ELAN/Service",,
"21-04-2026 02:34:15","ELAN/Service",,
"21-04-2026 02:34:11","Microsoft-Windows-IsolatedUserMode","Information","Secure Trustlet NULL Id 0 and Pid 0 started with status STATUS_SUCCESS."
"21-04-2026 02:34:11","Microsoft-Windows-IsolatedUserMode","Information","Secure Trustlet Id 0 and Pid 0 stopped with status STATUS_SUCCESS."
"21-04-2026 02:20:50","Microsoft-Windows-DistributedCOM","Warning","The application-specific permission settings do not grant Local Activation permission for the COM Server application with CLSID 
{2593F8B9-4EAF-457C-B68A-50F6B8EA6B54}
 and APPID 
{15C20B67-12E7-4BB6-92BB-7AFF07997402}
 to the user Priyanshu\priya SID (S-1-5-21-1258550371-3975648611-2483462874-1001) from address LocalHost (Using LRPC) running in the application container Unavailable SID (Unavailable). This security permission can be modified using the Component Services administrative tool."
"21-04-2026 02:20:01","Microsoft-Windows-Time-Service","Information","The time provider 'VMICTimeProvider' has indicated that the current hardware and operating environment is not supported and has stopped. This behavior is expected for VMICTimeProvider on non-HyperV-guest environments. This may be the expected behavior for the current provider in the current operating environment as well."
"21-04-2026 02:19:42","Microsoft-Windows-Security-SPP","Information","Successfully scheduled Software Protection service for re-start at 2126-03-27T20:49:42Z. Reason: RulesEngine."
"21-04-2026 02:19:12","Microsoft-Windows-Security-SPP","Information","Offline downlevel migration succeeded."
"21-04-2026 02:18:26","Microsoft-Windows-Kernel-General","Information","The access history in hive \??\C:\ProgramData\Packages\github.com-8B11BEB2_2t1n1bqhyggy0\S-1-5-21-1258550371-3975648611-2483462874-1001\SystemAppData\Helium\Cache\5c5f6c5059fda5b6_COM15.dat was cleared updating 1 keys and creating 1 modified pages."
"21-04-2026 02:18:26","Microsoft-Windows-Kernel-General","Information","The access history in hive \??\C:\Users\priya\AppData\Local\Packages\github.com-8B11BEB2_2t1n1bqhyggy0\SystemAppData\Helium\UserClasses.dat was cleared updating 1 keys and creating 1 modified pages."
"21-04-2026 02:18:26","Microsoft-Windows-Kernel-General","Information","The access history in hive \??\C:\Users\priya\AppData\Local\Packages\github.com-8B11BEB2_2t1n1bqhyggy0\SystemAppData\Helium\User.dat was cleared updating 1 keys and creating 1 modified pages."
"21-04-2026 02:02:57","Microsoft-Windows-Time-Service","Information","The time provider 'VMICTimeProvider' has indicated that the current hardware and operating environment is not supported and has stopped. This behavior is expected for VMICTimeProvider on non-HyperV-guest environments. This may be the expected behavior for the current provider in the current operating environment as well."
"21-04-2026 01:45:53","Microsoft-Windows-Time-Service","Information","The time provider 'VMICTimeProvider' has indicated that the current hardware and operating environment is not supported and has stopped. This behavior is expected for VMICTimeProvider on non-HyperV-guest environments. This may be the expected behavior for the current provider in the current operating environment as well."
"21-04-2026 01:28:49","Microsoft-Windows-Time-Service","Information","The time provider 'VMICTimeProvider' has indicated that the current hardware and operating environment is not supported and has stopped. This behavior is expected for VMICTimeProvider on non-HyperV-guest environments. This may be the expected behavior for the current provider in the current operating environment as well."
"21-04-2026 01:27:45","Microsoft-Windows-Security-SPP","Information","Successfully scheduled Software Protection service for re-start at 2126-03-27T19:57:45Z. Reason: RulesEngine."
"21-04-2026 01:27:14","Microsoft-Windows-Security-SPP","Information","Offline downlevel migration succeeded."
"21-04-2026 01:22:04","HP Comm Recovery","Information","PowerEvent handled successfully by the service."
"21-04-2026 01:22:04","igccservice","Information","PowerEvent handled successfully by the service."
"21-04-2026 01:21:16","HP Comm Recovery","Information","PowerEvent handled successfully by the service."
"21-04-2026 01:21:16","igccservice","Information","PowerEvent handled successfully by the service."
"21-04-2026 01:21:14","HP Comm Recovery","Information","PowerEvent handled successfully by the service."
"21-04-2026 01:21:14","igccservice","Information","PowerEvent handled successfully by the service."
"21-04-2026 01:13:04","HP Comm Recovery","Information","PowerEvent handled successfully by the service."
"21-04-2026 01:13:04","igccservice","Information","PowerEvent handled successfully by the service."
"21-04-2026 01:11:58","Microsoft-Windows-Security-SPP","Information","Successfully scheduled Software Protection service for re-start at 2126-03-27T19:41:58Z. Reason: RulesEngine."
"21-04-2026 01:11:33","SecurityCenter","Information","Updated Windows Defender status successfully to SECURITY_PRODUCT_STATE_ON."
"21-04-2026 01:11:31","SecurityCenter","Information","Updated Windows Defender status successfully to SECURITY_PRODUCT_STATE_ON."
"21-04-2026 01:11:29","Microsoft-Windows-Time-Service","Information","The time provider NtpClient is currently receiving valid time data from time.windows.com,0x9 (ntp.m|0x9|[::]:123->[64:ff9b::2851:5e41]:123)."
"21-04-2026 01:11:29","Microsoft-Windows-Time-Service","Information","The time provider 'VMICTimeProvider' has indicated that the current hardware and operating environment is not supported and has stopped. This behavior is expected for VMICTimeProvider on non-HyperV-guest environments. This may be the expected behavior for the current provider in the current operating environment as well."
"21-04-2026 01:11:28","Microsoft-Windows-Security-SPP","Information","Offline downlevel migration succeeded."
"21-04-2026 01:03:22","Microsoft-Windows-Security-SPP","Information","Successfully scheduled Software Protection service for re-start at 2126-03-27T19:33:22Z. Reason: RulesEngine."
"21-04-2026 01:02:52","Microsoft-Windows-Security-SPP","Information","Offline downlevel migration succeeded."
"21-04-2026 00:54:59","Microsoft-Windows-Security-SPP","Information","Successfully scheduled Software Protection service for re-start at 2126-03-27T19:24:59Z. Reason: RulesEngine."
"21-04-2026 00:52:53","Microsoft-Windows-Security-SPP","Information","Offline downlevel migration succeeded."
"21-04-2026 00:52:52","Microsoft-Windows-Kernel-General","Information","The access history in hive \??\C:\Users\priya\AppData\Local\Packages\Microsoft.Windows.Photos_8wekyb3d8bbwe\Settings\settings.dat was cleared updating 19 keys and creating 7 modified pages."
"21-04-2026 00:52:52","Microsoft-Windows-Kernel-General","Information","The access history in hive \??\C:\ProgramData\Packages\Microsoft.Windows.Photos_8wekyb3d8bbwe\S-1-5-21-1258550371-3975648611-2483462874-1001\SystemAppData\Helium\Cache\58b71ae656682bb8_COM15.dat was cleared updating 1 keys and creating 1 modified pages."
"21-04-2026 00:52:52","Microsoft-Windows-Kernel-General","Information","The access history in hive \??\C:\Users\priya\AppData\Local\Packages\Microsoft.Windows.Photos_8wekyb3d8bbwe\SystemAppData\Helium\UserClasses.dat was cleared updating 25 keys and creating 5 modified pages."
"21-04-2026 00:52:52","Microsoft-Windows-Kernel-General","Information","The access history in hive \??\C:\Users\priya\AppData\Local\Packages\Microsoft.Windows.Photos_8wekyb3d8bbwe\SystemAppData\Helium\User.dat was cleared updating 21 keys and creating 3 modified pages."
"21-04-2026 00:25:38","Microsoft-Windows-Security-SPP","Information","Successfully scheduled Software Protection service for re-start at 2126-03-27T18:55:38Z. Reason: RulesEngine."
"21-04-2026 00:25:08","Microsoft-Windows-Security-SPP","Information","Offline downlevel migration succeeded."
"21-04-2026 00:23:52",".NET Runtime","Error",".NET Runtime version 4.0.30319.0 - There was a failure initializing profiling API attach infrastructure.  This process will not allow a profiler to attach.  HRESULT: 0x80004005.  Process ID (decimal): 25504.  Message ID: [0x2509]."
"21-04-2026 00:21:02","Microsoft-Windows-Security-SPP","Information","Successfully scheduled Software Protection service for re-start at 2126-03-27T18:51:02Z. Reason: RulesEngine."
"21-04-2026 00:20:31","Microsoft-Windows-Security-SPP","Information","Offline downlevel migration succeeded."
"21-04-2026 00:04:58","Service Control Manager","Information","The start type of the Background Intelligent Transfer Service service was changed from auto start to demand start."
"21-04-2026 00:03:34","Microsoft-Windows-Security-SPP","Information","Successfully scheduled Software Protection service for re-start at 2126-03-27T18:33:34Z. Reason: RulesEngine."
"21-04-2026 00:03:13","Universal Print","Information","Initialization Successful. Enabled=false, CloudPrintSolution=Unknown, DiscoveryEndpoint=, OAuthAuthority=, OAuthClientId=, DiscoveryResourceId=, PrintResourceId="
"21-04-2026 00:03:13","Universal Print","Information","Device is neither AAD/Domain Joined or Workplace Joined."
"21-04-2026 00:03:02","Windows Error Reporting","Information","Fault bucket 1938276442153025479, type 5
Event Name: StoreAgentScanForUpdatesFailure0
Response: Not available
Cab Id: 0

Problem signature:
P1: Update;
P2: 8024402c
P3: 26200
P4: 8246
P5: Windows.Desktop
P6: 
P7: 
P8: 
P9: 
P10: 

Attached files:
\\?\C:\ProgramData\Microsoft\Windows\WER\Temp\WER.5b1865ad-f8c4-45cf-be01-324867445f8b.tmp.WERInternalMetadata.xml
\\?\C:\ProgramData\Microsoft\Windows\WER\ReportQueue\NonCritical_Update;_a6a270e74e74e43938701617548a88cbb8adac_00000000_cab_981a0adf-02d9-48e1-85e2-5be5d8ea7fa7\WPR_initiated_DiagTrackMiniLogger_OneTrace_User_Logger_20260418_1_EC_0_inject.etl
\\?\C:\ProgramData\Microsoft\Windows\WER\Temp\WER.fa7ebcb1-16a9-4724-a268-55a25203cb37.tmp.etl
\\?\C:\ProgramData\Microsoft\Windows\WER\ReportQueue\NonCritical_Update;_a6a270e74e74e43938701617548a88cbb8adac_00000000_cab_981a0adf-02d9-48e1-85e2-5be5d8ea7fa7\WPR_initiated_DiagTrackMiniLogger_WPR System Collector_inject.etl
\\?\C:\ProgramData\Microsoft\Windows\WER\Temp\WER.ca4048d0-d0c2-46cc-b799-6cec853b0f65.tmp.etl
\\?\C:\ProgramData\Microsoft\Windows\WER\Temp\WER.4ba5b699-b74a-4953-9c09-6bb709e0aa5e.tmp.csv
\\?\C:\ProgramData\Microsoft\Windows\WER\Temp\WER.b8f37efa-1180-4d8d-b809-9060f6920888.tmp.txt
\\?\C:\ProgramData\Microsoft\Windows\WER\Temp\WER.2d54d70b-54d5-4c12-8d2e-0a6f04f8f103.tmp.xml

These files may be available here:
\\?\C:\ProgramData\Microsoft\Windows\WER\ReportArchive\NonCritical_Update;_a6a270e74e74e43938701617548a88cbb8adac_00000000_981a0adf-02d9-48e1-85e2-5be5d8ea7fa7

Analysis symbol: 
Rechecking for solution: 0
Report Id: 981a0adf-02d9-48e1-85e2-5be5d8ea7fa7
Report Status: 268435462
Hashed bucket: 708f815479b4271faae624279b09ffc7
Cab Guid: 0"
"21-04-2026 00:02:59","HP Comm Recovery","Information","PowerEvent handled successfully by the service."
"21-04-2026 00:02:59","igccservice","Information","PowerEvent handled successfully by the service."
"21-04-2026 00:02:57","Windows Error Reporting","Information","Fault bucket 1289505062515749513, type 5
Event Name: StoreAgentScanForUpdatesFailure0
Response: Not available
Cab Id: 0

Problem signature:
P1: Update;
P2: 80072efe
P3: 26200
P4: 8246
P5: Windows.Desktop
P6: 
P7: 
P8: 
P9: 
P10: 

Attached files:
\\?\C:\ProgramData\Microsoft\Windows\WER\Temp\WER.a0ecb898-5063-4879-9f13-35bfd9f9a301.tmp.WERInternalMetadata.xml
\\?\C:\ProgramData\Microsoft\Windows\WER\ReportQueue\NonCritical_Update;_ff92133d6a64beeb0c6871b8b4642f0a8cdc95f_00000000_cab_7553367b-83fa-411c-b8c3-4f4f2db99839\WPR_initiated_DiagTrackMiniLogger_OneTrace_User_Logger_20260418_1_EC_0_inject.etl
\\?\C:\ProgramData\Microsoft\Windows\WER\Temp\WER.23255868-6a71-41bd-9d21-89a5e70c172a.tmp.etl
\\?\C:\ProgramData\Microsoft\Windows\WER\ReportQueue\NonCritical_Update;_ff92133d6a64beeb0c6871b8b4642f0a8cdc95f_00000000_cab_7553367b-83fa-411c-b8c3-4f4f2db99839\WPR_initiated_DiagTrackMiniLogger_WPR System Collector_inject.etl
\\?\C:\ProgramData\Microsoft\Windows\WER\Temp\WER.c24e3cc3-dc31-4cbd-9851-70545b81bcdc.tmp.etl
\\?\C:\ProgramData\Microsoft\Windows\WER\Temp\WER.7a7ff035-7411-4f0f-93fb-5847e9e84482.tmp.csv
\\?\C:\ProgramData\Microsoft\Windows\WER\Temp\WER.e4f0968c-85aa-4652-908c-b2a086999cc2.tmp.txt
\\?\C:\ProgramData\Microsoft\Windows\WER\Temp\WER.247354b1-2069-4f25-9f36-08cf8315307a.tmp.xml

These files may be available here:
\\?\C:\ProgramData\Microsoft\Windows\WER\ReportArchive\NonCritical_Update;_ff92133d6a64beeb0c6871b8b4642f0a8cdc95f_00000000_7553367b-83fa-411c-b8c3-4f4f2db99839

Analysis symbol: 
Rechecking for solution: 0
Report Id: 7553367b-83fa-411c-b8c3-4f4f2db99839
Report Status: 268435462
Hashed bucket: 338db3fa284bc085e1e53e05b351b289
Cab Guid: 0"
"21-04-2026 00:02:49","Microsoft-Windows-Security-SPP","Information","Offline downlevel migration succeeded."
"21-04-2026 00:02:21","ELAN/Service",,
"21-04-2026 00:02:20","ELAN/Service",,
"21-04-2026 00:02:20","ELAN/Service",,
"21-04-2026 00:02:14","ELAN/Service",,
"21-04-2026 00:02:13","ELAN/Service",,
"21-04-2026 00:02:13","ELAN/Service",,
"21-04-2026 00:02:13","ELAN/Service",,
"21-04-2026 00:02:13","ELAN/Service",,
"21-04-2026 00:02:13","ELAN/Service",,
"21-04-2026 00:02:13","ELAN/Service",,
"21-04-2026 00:02:13","ELAN/Service",,
"21-04-2026 00:02:13","HP Comm Recovery","Information","Resume from Connected Standby"
"21-04-2026 00:02:12","Microsoft-Windows-Kernel-Power","Information","The system session has transitioned from 121 to 123.

Reason PolicyChange 

BootId: 269"
"21-04-2026 00:02:12","Microsoft-Windows-Kernel-Power","Information","The system is exiting Modern Standby 

Reason: Lid."
"21-04-2026 00:02:12","ELAN/Service",,
"21-04-2026 00:02:12","ELAN/Service",,
"21-04-2026 00:02:12","ELAN/Service",,
"21-04-2026 00:02:12","ELAN/Service",,
"21-04-2026 00:02:12","ELAN/Service",,
"21-04-2026 00:02:12","ELAN/Service",,
"21-04-2026 00:02:12","Win32k","Warning","Power Manager has not requested suppression of all input (INPUT_SUPPRESS_REQUEST=0)"
"21-04-2026 00:02:12","Win32k","Warning","Power Manager has not requested suppression of all input (INPUT_SUPPRESS_REQUEST=0)"
"21-04-2026 00:01:46","HP Comm Recovery","Information","Resume from Connected Standby"
"21-04-2026 00:01:46","Microsoft-Windows-Kernel-Power","Information","The system is entering Modern Standby 

Reason: 16777220."
"21-04-2026 00:01:46","Microsoft-Windows-Kernel-Power","Information","The system session has transitioned from 120 to 121.

Reason 16777220 

BootId: 269"
"21-04-2026 00:01:46","Microsoft-Windows-Kernel-Power","Information","The system is exiting Modern Standby 

Reason: 16777220."
"21-04-2026 00:01:45","Microsoft-Windows-Kernel-Power","Information","The system session has transitioned from 119 to 120.

Reason InputMouse 

BootId: 269"
"21-04-2026 00:01:44","HP Comm Recovery","Information","Resume from Connected Standby"
"21-04-2026 00:01:43","Microsoft-Windows-Kernel-Power","Information","The system is entering Modern Standby 

Reason: 16777220."
"21-04-2026 00:01:43","Microsoft-Windows-Kernel-Power","Information","The system session has transitioned from 118 to 119.

Reason 16777220 

BootId: 269"
"21-04-2026 00:01:43","Microsoft-Windows-Kernel-Power","Information","The system is exiting Modern Standby 

Reason: 16777220."
"21-04-2026 00:01:42","Microsoft-Windows-Kernel-Power","Information","The system session has transitioned from 117 to 118.

Reason InputMouse 

BootId: 269"
"20-04-2026 23:59:53","BTHUSB","Error","The Bluetooth driver expected an HCI event with a certain size but did not receive it."
"20-04-2026 23:59:44","Microsoft-Windows-Security-SPP","Information","Successfully scheduled Software Protection service for re-start at 2126-03-27T18:29:44Z. Reason: RulesEngine."
"20-04-2026 23:59:32","HP Comm Recovery","Information","Resume from Connected Standby"
"20-04-2026 23:59:31","Microsoft-Windows-Kernel-Power","Information","The system is entering Modern Standby 

Reason: 16777220."
"20-04-2026 23:59:31","Microsoft-Windows-Kernel-Power","Information","The system session has transitioned from 116 to 117.

Reason 16777220 

BootId: 269"
"20-04-2026 23:59:31","Microsoft-Windows-Kernel-Power","Information","The system is exiting Modern Standby 

Reason: 16777220."
"20-04-2026 23:59:30","Microsoft-Windows-Kernel-Power","Information","The system session has transitioned from 115 to 116.

Reason InputMouse 

BootId: 269"
"20-04-2026 23:59:25","HP Comm Recovery","Information","PowerEvent handled successfully by the service."
"20-04-2026 23:59:25","igccservice","Information","PowerEvent handled successfully by the service."
"20-04-2026 23:59:16","Windows Error Reporting","Information","Fault bucket , type 0
Event Name: StoreAgentScanForUpdatesFailure0
Response: Not available
Cab Id: 0

Problem signature:
P1: Update;
P2: 8024402c
P3: 26200
P4: 8246
P5: Windows.Desktop
P6: 
P7: 
P8: 
P9: 
P10: 

Attached files:
\\?\C:\ProgramData\Microsoft\Windows\WER\Temp\WER.5b1865ad-f8c4-45cf-be01-324867445f8b.tmp.WERInternalMetadata.xml
\\?\C:\ProgramData\Microsoft\Windows\WER\ReportQueue\NonCritical_Update;_a6a270e74e74e43938701617548a88cbb8adac_00000000_cab_981a0adf-02d9-48e1-85e2-5be5d8ea7fa7\WPR_initiated_DiagTrackMiniLogger_OneTrace_User_Logger_20260418_1_EC_0_inject.etl
\\?\C:\ProgramData\Microsoft\Windows\WER\Temp\WER.fa7ebcb1-16a9-4724-a268-55a25203cb37.tmp.etl
\\?\C:\ProgramData\Microsoft\Windows\WER\ReportQueue\NonCritical_Update;_a6a270e74e74e43938701617548a88cbb8adac_00000000_cab_981a0adf-02d9-48e1-85e2-5be5d8ea7fa7\WPR_initiated_DiagTrackMiniLogger_WPR System Collector_inject.etl
\\?\C:\ProgramData\Microsoft\Windows\WER\Temp\WER.ca4048d0-d0c2-46cc-b799-6cec853b0f65.tmp.etl
\\?\C:\ProgramData\Microsoft\Windows\WER\Temp\WER.4ba5b699-b74a-4953-9c09-6bb709e0aa5e.tmp.csv
\\?\C:\ProgramData\Microsoft\Windows\WER\Temp\WER.b8f37efa-1180-4d8d-b809-9060f6920888.tmp.txt
\\?\C:\ProgramData\Microsoft\Windows\WER\Temp\WER.2d54d70b-54d5-4c12-8d2e-0a6f04f8f103.tmp.xml

These files may be available here:
\\?\C:\ProgramData\Microsoft\Windows\WER\ReportQueue\NonCritical_Update;_a6a270e74e74e43938701617548a88cbb8adac_00000000_cab_981a0adf-02d9-48e1-85e2-5be5d8ea7fa7

Analysis symbol: 
Rechecking for solution: 0
Report Id: 981a0adf-02d9-48e1-85e2-5be5d8ea7fa7
Report Status: 6
Hashed bucket: 
Cab Guid: 0"
"20-04-2026 23:59:15","Windows Error Reporting","Information","Fault bucket , type 0
Event Name: StoreAgentScanForUpdatesFailure0
Response: Not available
Cab Id: 0

Problem signature:
P1: Update;
P2: 80072efe
P3: 26200
P4: 8246
P5: Windows.Desktop
P6: 
P7: 
P8: 
P9: 
P10: 

Attached files:
\\?\C:\ProgramData\Microsoft\Windows\WER\Temp\WER.a0ecb898-5063-4879-9f13-35bfd9f9a301.tmp.WERInternalMetadata.xml
\\?\C:\ProgramData\Microsoft\Windows\WER\ReportQueue\NonCritical_Update;_ff92133d6a64beeb0c6871b8b4642f0a8cdc95f_00000000_cab_7553367b-83fa-411c-b8c3-4f4f2db99839\WPR_initiated_DiagTrackMiniLogger_OneTrace_User_Logger_20260418_1_EC_0_inject.etl
\\?\C:\ProgramData\Microsoft\Windows\WER\Temp\WER.23255868-6a71-41bd-9d21-89a5e70c172a.tmp.etl
\\?\C:\ProgramData\Microsoft\Windows\WER\ReportQueue\NonCritical_Update;_ff92133d6a64beeb0c6871b8b4642f0a8cdc95f_00000000_cab_7553367b-83fa-411c-b8c3-4f4f2db99839\WPR_initiated_DiagTrackMiniLogger_WPR System Collector_inject.etl
\\?\C:\ProgramData\Microsoft\Windows\WER\Temp\WER.c24e3cc3-dc31-4cbd-9851-70545b81bcdc.tmp.etl
\\?\C:\ProgramData\Microsoft\Windows\WER\Temp\WER.7a7ff035-7411-4f0f-93fb-5847e9e84482.tmp.csv
\\?\C:\ProgramData\Microsoft\Windows\WER\Temp\WER.e4f0968c-85aa-4652-908c-b2a086999cc2.tmp.txt
\\?\C:\ProgramData\Microsoft\Windows\WER\Temp\WER.247354b1-2069-4f25-9f36-08cf8315307a.tmp.xml

These files may be available here:
\\?\C:\ProgramData\Microsoft\Windows\WER\ReportQueue\NonCritical_Update;_ff92133d6a64beeb0c6871b8b4642f0a8cdc95f_00000000_cab_7553367b-83fa-411c-b8c3-4f4f2db99839

Analysis symbol: 
Rechecking for solution: 0
Report Id: 7553367b-83fa-411c-b8c3-4f4f2db99839
Report Status: 6
Hashed bucket: 
Cab Guid: 0"
"20-04-2026 23:59:14","HP Comm Recovery","Information","Resume from Connected Standby"
"20-04-2026 23:59:14","Service Control Manager","Information","The start type of the Background Intelligent Transfer Service service was changed from demand start to auto start."
"20-04-2026 23:59:13","Microsoft-Windows-Kernel-Power","Information","The system is entering Modern Standby 

Reason: 16777220."
"20-04-2026 23:59:13","Microsoft-Windows-Kernel-Power","Information","The system session has transitioned from 114 to 115.

Reason 16777220 

BootId: 269"
"20-04-2026 23:59:13","Microsoft-Windows-Kernel-Power","Information","The system is exiting Modern Standby 

Reason: 16777220."
"20-04-2026 23:56:16","HP Comm Recovery","Information","PowerEvent handled successfully by the service."
"20-04-2026 23:56:16","igccservice","Information","PowerEvent handled successfully by the service."
"20-04-2026 23:55:15","Microsoft-Windows-Security-SPP","Information","Offline downlevel migration succeeded."
"20-04-2026 23:51:03","Microsoft-Windows-USB-USBHUB3","Warning","USB device draining system power when system is idle.             
             
USB Device: VID: 0x13D3 PID: 0x3567 REV: 0x100             
Removal action failed: SkippedAsRecentIoObservered"
"20-04-2026 23:49:59","Microsoft-Windows-USB-USBHUB3","Warning","USB device draining system power when system is idle.             
             
USB Device: VID: 0x13D3 PID: 0x3567 REV: 0x100             
Removal action failed: SkippedAsRecentIoObservered"
"20-04-2026 23:46:55","Microsoft-Windows-USB-USBHUB3","Warning","USB device draining system power when system is idle.             
             
USB Device: VID: 0x13D3 PID: 0x3567 REV: 0x100             
Removal action failed: SkippedAsPersistentIoObserved"
"20-04-2026 23:46:20","Microsoft-Windows-USB-USBHUB3","Warning","USB device draining system power when system is idle.             
             
USB Device: VID: 0x13D3 PID: 0x3567 REV: 0x100             
Removal action failed: SkippedAsPersistentIoObserved"
"20-04-2026 23:44:00","Microsoft-Windows-USB-USBHUB3","Warning","USB device draining system power when system is idle.             
             
USB Device: VID: 0x13D3 PID: 0x3567 REV: 0x100             
Removal action failed: SkippedAsRecentIoObservered"
"20-04-2026 23:42:25","Microsoft-Windows-USB-USBHUB3","Warning","USB device draining system power when system is idle.             
             
USB Device: VID: 0x13D3 PID: 0x3567 REV: 0x100             
Removal action failed: SkippedAsPersistentIoObserved"
"20-04-2026 23:41:50","Microsoft-Windows-USB-USBHUB3","Warning","USB device draining system power when system is idle.             
             
USB Device: VID: 0x13D3 PID: 0x3567 REV: 0x100             
Removal action failed: SkippedAsPersistentIoObserved"
"20-04-2026 23:41:24","HP Comm Recovery","Information","PowerEvent handled successfully by the service."
"20-04-2026 23:41:24","igccservice","Information","PowerEvent handled successfully by the service."
"20-04-2026 23:40:45","Microsoft-Windows-USB-USBHUB3","Warning","USB device draining system power when system is idle.             
             
USB Device: VID: 0x13D3 PID: 0x3567 REV: 0x100             
Removal action failed: SkippedAsPersistentIoObserved"
"20-04-2026 23:40:10","Microsoft-Windows-USB-USBHUB3","Warning","USB device draining system power when system is idle.             
             
USB Device: VID: 0x13D3 PID: 0x3567 REV: 0x100             
Removal action failed: SkippedAsPersistentIoObserved"
"20-04-2026 23:39:35","Microsoft-Windows-USB-USBHUB3","Warning","USB device draining system power when system is idle.             
             
USB Device: VID: 0x13D3 PID: 0x3567 REV: 0x100             
Removal action failed: SkippedAsRecentIoObservered"
"20-04-2026 23:38:00","HP Comm Recovery","Information","PowerEvent handled successfully by the service."
"20-04-2026 23:38:00","igccservice","Information","PowerEvent handled successfully by the service."
"20-04-2026 23:36:10","Microsoft-Windows-USB-USBHUB3","Warning","USB device draining system power when system is idle.             
             
USB Device: VID: 0x13D3 PID: 0x3567 REV: 0x100             
Removal action failed: SkippedAsRecentIoObservered"
"20-04-2026 23:35:26","Microsoft-Windows-USB-USBHUB3","Warning","USB device draining system power when system is idle.             
             
USB Device: VID: 0x13D3 PID: 0x3567 REV: 0x100             
Removal action failed: SkippedAsRecentIoObservered"
"20-04-2026 23:34:16","VSS","Information","The VSS service is shutting down due to idle timeout. "
"20-04-2026 23:33:43","Microsoft-Windows-USB-USBHUB3","Warning","USB device draining system power when system is idle.             
             
USB Device: VID: 0x13D3 PID: 0x3567 REV: 0x100             
Removal action failed: SkippedAsPersistentIoObserved"
"20-04-2026 23:32:38","Microsoft-Windows-USB-USBHUB3","Warning","USB device draining system power when system is idle.             
             
USB Device: VID: 0x13D3 PID: 0x3567 REV: 0x100             
Removal action failed: SkippedAsRecentIoObservered"
"20-04-2026 23:30:46","HP Comm Recovery","Information","PowerEvent handled successfully by the service."
"20-04-2026 23:30:46","igccservice","Information","PowerEvent handled successfully by the service."
"20-04-2026 23:26:29","Microsoft-Windows-USB-USBHUB3","Warning","USB device draining system power when system is idle.             
             
USB Device: VID: 0x13D3 PID: 0x3567 REV: 0x100             
Removal action failed: SkippedAsRecentIoObservered"
"20-04-2026 23:19:49","Microsoft-Windows-USB-USBHUB3","Warning","USB device draining system power when system is idle.             
             
USB Device: VID: 0x13D3 PID: 0x3567 REV: 0x100             
Removal action failed: SkippedAsRecentIoObservered"
"20-04-2026 23:18:56","Microsoft-Windows-USB-USBHUB3","Warning","USB device draining system power when system is idle.             
             
USB Device: VID: 0x13D3 PID: 0x3567 REV: 0x100             
Removal action failed: SkippedAsRecentIoObservered"
"20-04-2026 23:16:18","Microsoft-Windows-Security-SPP","Information","Successfully scheduled Software Protection service for re-start at 2126-03-27T17:46:18Z. Reason: RulesEngine."
"20-04-2026 23:13:45","Microsoft-Windows-USB-USBHUB3","Information","Re-enumerating a DRIPS blocking device that was previously removed when exiting low power epoch.             
             
USB Device: VID: 0x18D1 PID: 0x4EE1 REV: 0x510             
IsPortCycle: false"
"20-04-2026 23:13:45","Microsoft-Windows-USB-USBHUB3","Warning","USB device draining system power when system is idle.             
             
USB Device: VID: 0x18D1 PID: 0x4EE1 REV: 0x510             
Removal action failed: QueryRemovalInitiated"
"20-04-2026 23:13:45","Microsoft-Windows-USB-USBHUB3","Warning","USB device draining system power when system is idle.             
             
USB Device: VID: 0x13D3 PID: 0x3567 REV: 0x100             
Removal action failed: SkippedAsRecentIoObservered"
"20-04-2026 23:10:15","Microsoft-Windows-USB-USBHUB3","Information","Re-enumerating a DRIPS blocking device that was previously removed when exiting low power epoch.             
             
USB Device: VID: 0x18D1 PID: 0x4EE1 REV: 0x510             
IsPortCycle: false"
"20-04-2026 23:10:15","Microsoft-Windows-USB-USBHUB3","Warning","USB device draining system power when system is idle.             
             
USB Device: VID: 0x18D1 PID: 0x4EE1 REV: 0x510             
Removal action failed: QueryRemovalInitiated"
"20-04-2026 23:10:15","Microsoft-Windows-USB-USBHUB3","Warning","USB device draining system power when system is idle.             
             
USB Device: VID: 0x13D3 PID: 0x3567 REV: 0x100             
Removal action failed: SkippedAsRecentIoObservered"
"20-04-2026 23:06:37","Microsoft-Windows-USB-USBHUB3","Warning","USB device draining system power when system is idle.             
             
USB Device: VID: 0x13D3 PID: 0x3567 REV: 0x100             
Removal action failed: SkippedAsRecentIoObservered"
"20-04-2026 23:05:13","Microsoft-Windows-USB-USBHUB3","Information","Re-enumerating a DRIPS blocking device that was previously removed when exiting low power epoch.             
             
USB Device: VID: 0x18D1 PID: 0x4EE1 REV: 0x510             
IsPortCycle: false"
"20-04-2026 23:05:13","Microsoft-Windows-USB-USBHUB3","Warning","USB device draining system power when system is idle.             
             
USB Device: VID: 0x18D1 PID: 0x4EE1 REV: 0x510             
Removal action failed: QueryRemovalInitiated"
"20-04-2026 23:05:13","Microsoft-Windows-USB-USBHUB3","Warning","USB device draining system power when system is idle.             
             
USB Device: VID: 0x13D3 PID: 0x3567 REV: 0x100             
Removal action failed: SkippedAsRecentIoObservered"
"20-04-2026 23:03:24","Microsoft-Windows-USB-USBHUB3","Warning","USB device draining system power when system is idle.             
             
USB Device: VID: 0x13D3 PID: 0x3567 REV: 0x100             
Removal action failed: SkippedAsRecentIoObservered"
"20-04-2026 23:02:48","Microsoft-Windows-Security-SPP","Information","Offline downlevel migration succeeded."
"20-04-2026 23:01:18","Microsoft-Windows-USB-USBHUB3","Information","Re-enumerating a DRIPS blocking device that was previously removed when exiting low power epoch.             
             
USB Device: VID: 0x18D1 PID: 0x4EE1 REV: 0x510             
IsPortCycle: false"
"20-04-2026 23:01:18","Microsoft-Windows-USB-USBHUB3","Warning","USB device draining system power when system is idle.             
             
USB Device: VID: 0x18D1 PID: 0x4EE1 REV: 0x510             
Removal action failed: QueryRemovalInitiated"
"20-04-2026 23:01:18","Microsoft-Windows-USB-USBHUB3","Warning","USB device draining system power when system is idle.             
             
USB Device: VID: 0x13D3 PID: 0x3567 REV: 0x100             
Removal action failed: SkippedAsRecentIoObservered"
"20-04-2026 22:58:24","Microsoft-Windows-USB-USBHUB3","Warning","USB device draining system power when system is idle.             
             
USB Device: VID: 0x13D3 PID: 0x3567 REV: 0x100             
Removal action failed: SkippedAsRecentIoObservered"
