"19-04-2026 00:36:05","Microsoft-Windows-Kernel-Power","Information","The system is entering sleep.

Sleep Reason: Hibernate from Sleep - Standby Battery Budget Exceeded"
"19-04-2026 00:36:04","BTHUSB","Information","Windows cannot store Bluetooth authentication codes (link keys) on the local adapter. Bluetooth keyboards might not work in the system BIOS during startup."
"19-04-2026 00:36:04","igccservice","Information","PowerEvent handled successfully by the service."
"19-04-2026 00:36:04","HP Comm Recovery","Information","PowerEvent handled successfully by the service."
"19-04-2026 00:36:04","HP Comm Recovery","Information","Resume from Connected Standby"
"19-04-2026 00:36:03","Microsoft-Windows-USB-USBHUB3","Information","Re-enumerating a DRIPS blocking device that was previously removed when exiting low power epoch.             
             
USB Device: VID: 0x18D1 PID: 0x4EE1 REV: 0x510             
IsPortCycle: true"
"19-04-2026 00:36:03","Microsoft-Windows-Kernel-Power","Information","The system session has transitioned from 12 to 13.

Reason SxTransition 

BootId: 269"
"19-04-2026 00:36:03","Microsoft-Windows-Kernel-Power","Information","The system is exiting Modern Standby 

Reason: Sleep, Hibernate, or Shutdown."
"19-04-2026 00:36:03","Microsoft-Windows-Kernel-Power","Information","Connectivity state in standby: Connected, Reason: None"
"19-04-2026 00:22:04","Microsoft-Windows-USB-USBHUB3","Information","Re-enumerating a DRIPS blocking device that was previously removed when exiting low power epoch.             
             
USB Device: VID: 0x18D1 PID: 0x4EE1 REV: 0x510             
IsPortCycle: false"
"19-04-2026 00:22:04","Microsoft-Windows-USB-USBHUB3","Warning","USB device draining system power when system is idle.             
             
USB Device: VID: 0x18D1 PID: 0x4EE1 REV: 0x510             
Removal action failed: QueryRemovalInitiated"
"19-04-2026 00:21:29","Microsoft-Windows-USB-USBHUB3","Warning","USB device draining system power when system is idle.             
             
USB Device: VID: 0x18D1 PID: 0x4EE1 REV: 0x510             
Removal action failed: SkippedAsRecentIoObservered"
"19-04-2026 00:20:44","BTHUSB","Information","Windows cannot store Bluetooth authentication codes (link keys) on the local adapter. Bluetooth keyboards might not work in the system BIOS during startup."
"19-04-2026 00:20:44","Microsoft-Windows-Kernel-Power","Information","Connectivity state in standby: Disconnected, Reason: Policy Setting"
"19-04-2026 00:20:38","edgeupdate","Information","Service stopped."
"19-04-2026 00:20:37","Microsoft-Windows-Kernel-Power","Information","The system session has transitioned from 11 to 12.

Reason 55 

BootId: 269"
"19-04-2026 00:20:33","HP Comm Recovery","Information","Resume from Connected Standby"
"19-04-2026 00:20:32","Microsoft-Windows-USB-USBHUB3","Information","Re-enumerating a DRIPS blocking device that was previously removed when exiting low power epoch.             
             
USB Device: VID: 0x18D1 PID: 0x4EE1 REV: 0x510             
IsPortCycle: true"
"19-04-2026 00:20:32","Microsoft-Windows-Kernel-Power","Information","The system is entering Modern Standby 

Reason: Austerity Battery Drain Budget Exceeded."
"19-04-2026 00:20:32","Microsoft-Windows-Kernel-Power","Information","The system session has transitioned from 10 to 11.

Reason 55 

BootId: 269"
"19-04-2026 00:20:32","Microsoft-Windows-Kernel-Power","Information","The system is exiting Modern Standby 

Reason: Austerity Battery Drain Budget Exceeded."
"19-04-2026 00:20:32","Microsoft-Windows-Kernel-Power","Information","Connectivity state in standby: Connected, Reason: None"
"19-04-2026 00:20:32","Service Control Manager","Error","A timeout (30000 milliseconds) was reached while waiting for a transaction response from the hp-one-agent-service service."
"19-04-2026 00:00:34","Microsoft-Windows-USB-USBHUB3","Information","Re-enumerating a DRIPS blocking device that was previously removed when exiting low power epoch.             
             
USB Device: VID: 0x18D1 PID: 0x4EE1 REV: 0x510             
IsPortCycle: false"
"19-04-2026 00:00:34","Microsoft-Windows-USB-USBHUB3","Warning","USB device draining system power when system is idle.             
             
USB Device: VID: 0x18D1 PID: 0x4EE1 REV: 0x510             
Removal action failed: QueryRemovalInitiated"
"18-04-2026 23:59:41","Service Control Manager","Information","The start type of the Background Intelligent Transfer Service service was changed from auto start to demand start."
"18-04-2026 23:59:19","Microsoft-Windows-USB-USBHUB3","Warning","USB device draining system power when system is idle.             
             
USB Device: VID: 0x18D1 PID: 0x4EE1 REV: 0x510             
Removal action failed: SkippedAsRecentIoObservered"
"18-04-2026 23:57:48","Microsoft-Windows-Kernel-Power","Information","Connectivity state in standby: Disconnected, Reason: Adaptive Connected Standby"
"18-04-2026 23:57:42","Microsoft-Windows-Kernel-Power","Information","The system session has transitioned from 9 to 10.

Reason InputMouse 

BootId: 269"
"18-04-2026 23:57:41","HP Comm Recovery","Information","PowerEvent handled successfully by the service."
"18-04-2026 23:57:41","igccservice","Information","PowerEvent handled successfully by the service."
"18-04-2026 23:57:38","HP Comm Recovery","Information","PowerEvent handled successfully by the service."
"18-04-2026 23:57:38","igccservice","Information","PowerEvent handled successfully by the service."
"18-04-2026 23:57:38","HP Comm Recovery","Information","Resume from Connected Standby"
"18-04-2026 23:57:37","Microsoft-Windows-Kernel-Power","Information","The system is entering Modern Standby 

Reason: AC/DC Display Burst Suppressed."
"18-04-2026 23:57:37","Microsoft-Windows-Kernel-Power","Information","The system session has transitioned from 8 to 9.

Reason InputMouse 

BootId: 269"
"18-04-2026 23:57:37","Microsoft-Windows-Kernel-Power","Information","The system is exiting Modern Standby 

Reason: AC/DC Display Burst Suppressed."
"18-04-2026 23:57:37","igccservice","Information","PowerEvent handled successfully by the service."
"18-04-2026 23:57:37","HP Comm Recovery","Information","PowerEvent handled successfully by the service."
"18-04-2026 23:57:37","Microsoft-Windows-Kernel-Power","Information","Power source change."
"18-04-2026 23:02:28","Microsoft-Windows-USB-USBHUB3","Information","Re-enumerating a DRIPS blocking device that was previously removed when exiting low power epoch.             
             
USB Device: VID: 0x22B8 PID: 0x2E82 REV: 0x504             
IsPortCycle: false"
"18-04-2026 23:02:28","Microsoft-Windows-USB-USBHUB3","Warning","USB device draining system power when system is idle.             
             
USB Device: VID: 0x22B8 PID: 0x2E82 REV: 0x504             
Removal action failed: QueryRemovalInitiated"
"18-04-2026 23:02:02","Microsoft-Windows-DistributedCOM","Error","The server {995C996E-D918-4A8C-A302-45719A6F4EA7} did not register with DCOM within the required timeout."
"18-04-2026 22:50:49","Microsoft-Windows-DistributedCOM","Error","The server {995C996E-D918-4A8C-A302-45719A6F4EA7} did not register with DCOM within the required timeout."
"18-04-2026 22:48:49","Microsoft-Windows-DistributedCOM","Error","The server {995C996E-D918-4A8C-A302-45719A6F4EA7} did not register with DCOM within the required timeout."
"18-04-2026 22:46:49","Microsoft-Windows-DistributedCOM","Error","The server {995C996E-D918-4A8C-A302-45719A6F4EA7} did not register with DCOM within the required timeout."
"18-04-2026 22:44:49","Microsoft-Windows-DistributedCOM","Error","The server {995C996E-D918-4A8C-A302-45719A6F4EA7} did not register with DCOM within the required timeout."
"18-04-2026 22:36:07","Microsoft-Windows-USB-USBHUB3","Information","Re-enumerating a DRIPS blocking device that was previously removed when exiting low power epoch.             
             
USB Device: VID: 0x22B8 PID: 0x2E82 REV: 0x504             
IsPortCycle: false"
"18-04-2026 22:36:07","Microsoft-Windows-USB-USBHUB3","Warning","USB device draining system power when system is idle.             
             
USB Device: VID: 0x22B8 PID: 0x2E82 REV: 0x504             
Removal action failed: QueryRemovalInitiated"
"18-04-2026 22:35:45","Microsoft-Windows-DistributedCOM","Error","The server {995C996E-D918-4A8C-A302-45719A6F4EA7} did not register with DCOM within the required timeout."
"18-04-2026 22:33:40","Microsoft-Windows-DistributedCOM","Error","The server {995C996E-D918-4A8C-A302-45719A6F4EA7} did not register with DCOM within the required timeout."
"18-04-2026 22:30:53","Microsoft-Windows-USB-USBHUB3","Information","Re-enumerating a DRIPS blocking device that was previously removed when exiting low power epoch.             
             
USB Device: VID: 0x22B8 PID: 0x2E82 REV: 0x504             
IsPortCycle: false"
"18-04-2026 22:30:53","Microsoft-Windows-USB-USBHUB3","Warning","USB device draining system power when system is idle.             
             
USB Device: VID: 0x22B8 PID: 0x2E82 REV: 0x504             
Removal action failed: QueryRemovalInitiated"
"18-04-2026 22:29:48","Service Control Manager","Error","A timeout (30000 milliseconds) was reached while waiting for a transaction response from the hp-one-agent-service service."
"18-04-2026 22:29:48","Microsoft-Windows-DistributedCOM","Error","The server {995C996E-D918-4A8C-A302-45719A6F4EA7} did not register with DCOM within the required timeout."
"18-04-2026 22:00:49","Microsoft-Windows-USB-USBHUB3","Information","Re-enumerating a DRIPS blocking device that was previously removed when exiting low power epoch.             
             
USB Device: VID: 0x22B8 PID: 0x2E82 REV: 0x504             
IsPortCycle: false"
"18-04-2026 22:00:49","Microsoft-Windows-USB-USBHUB3","Warning","USB device draining system power when system is idle.             
             
USB Device: VID: 0x22B8 PID: 0x2E82 REV: 0x504             
Removal action failed: QueryRemovalInitiated"
"18-04-2026 21:44:13","Microsoft-Windows-RestartManager","Information","Ending session 0 started ?2026?-?04?-?18T16:14:11.897729500Z."
"18-04-2026 21:44:13","Microsoft-Windows-RestartManager","Information","Ending session 0 started ?2026?-?04?-?18T16:14:10.585499700Z."
"18-04-2026 21:44:13","MsiInstaller","Information","Ending a Windows Installer transaction: C:\ProgramData\Package Cache\{C550BB7C-F9A6-4F36-9E77-BD4DEE98F5A2}v1.3.214.7339\HPOneAgentInstaller.msi. Client Process Id: 9268."
"18-04-2026 21:44:13","MsiInstaller","Information","Windows Installer reconfigured the product. Product Name: HP One Agent. Product Version: 1.3.214.7339. Product Language: 1033. Manufacturer: HP Inc.. Reconfiguration success or error status: 0."
"18-04-2026 21:44:13","MsiInstaller","Information","Product: HP One Agent -- Configuration completed successfully."
"18-04-2026 21:44:11","Microsoft-Windows-RestartManager","Information","Starting session 0 - ?2026?-?04?-?18T16:14:11.897729500Z."
"18-04-2026 21:44:10","Microsoft-Windows-RestartManager","Information","Starting session 0 - ?2026?-?04?-?18T16:14:10.585499700Z."
"18-04-2026 21:44:11","HP Comm Recovery","Information","PowerEvent handled successfully by the service."
"18-04-2026 21:44:11","igccservice","Information","PowerEvent handled successfully by the service."
"18-04-2026 21:44:10","MsiInstaller","Information","Beginning a Windows Installer transaction: C:\ProgramData\Package Cache\{C550BB7C-F9A6-4F36-9E77-BD4DEE98F5A2}v1.3.214.7339\HPOneAgentInstaller.msi. Client Process Id: 9268."
"18-04-2026 21:44:08","HP Comm Recovery","Information","Resume from Connected Standby"
"18-04-2026 21:44:08","Microsoft-Windows-Kernel-Power","Information","The system session has transitioned from 7 to 8.

Reason PolicyChange 

BootId: 269"
"18-04-2026 21:44:07","Microsoft-Windows-Kernel-Power","Information","The system is entering Modern Standby 

Reason: 16777220."
"18-04-2026 21:44:07","Microsoft-Windows-Kernel-Power","Information","The system session has transitioned from 6 to 7.

Reason 16777220 

BootId: 269"
"18-04-2026 21:44:07","Microsoft-Windows-Kernel-Power","Information","The system is exiting Modern Standby 

Reason: 16777220."
"18-04-2026 21:01:29","Microsoft-Windows-Security-SPP","Information","Successfully scheduled Software Protection service for re-start at 2126-03-25T15:31:29Z. Reason: RulesEngine."
"18-04-2026 21:01:13","Microsoft-Windows-USB-USBHUB3","Information","Re-enumerating a DRIPS blocking device that was previously removed when exiting low power epoch.             
             
USB Device: VID: 0x18D1 PID: 0x4EEB REV: 0x510             
IsPortCycle: false"
"18-04-2026 21:01:13","Microsoft-Windows-USB-USBHUB3","Warning","USB device draining system power when system is idle.             
             
USB Device: VID: 0x18D1 PID: 0x4EEB REV: 0x510             
Removal action failed: QueryRemovalInitiated"
"18-04-2026 21:01:13","BROWSER","Information","The browser has forced an election on network \Device\NetBT_Tcpip_{3110B839-1846-460E-B685-7A4E7917BBE1} because a master browser was stopped."
"18-04-2026 21:00:10","Microsoft-Windows-USB-USBHUB3","Warning","USB device draining system power when system is idle.             
             
USB Device: VID: 0x18D1 PID: 0x4EEB REV: 0x510             
Removal action failed: SkippedAsRecentIoObservered"
"18-04-2026 20:59:01","ESENT","Warning","taskhostw (1832,D,0,0) WebCacheLocal: A request to write to the file ""C:\Users\priya\AppData\Local\Microsoft\Windows\WebCache\V01.chk"" at offset 0 (0x0000000000000000) for 0 (0x00000000) bytes has not completed for 36 second(s). This problem is likely due to faulty hardware. Please contact your hardware vendor for further assistance diagnosing the problem."
"18-04-2026 20:59:01","ESENT","Warning","taskhostw C:\Users\priya\AppData\Local\Microsoft\Windows\WebCache\V01.chk (,,,10.0.26200.0) Tag: ASSERTTRACKTAG:HUNGIO_Low:COSFileSystem::ErrFileOpen. Internal trace: osfs.cxx(3915) ()."
"18-04-2026 20:57:48","HP Comm Recovery","Information","PowerEvent handled successfully by the service."
"18-04-2026 20:57:48","igccservice","Information","PowerEvent handled successfully by the service."
"18-04-2026 20:57:48","HP Comm Recovery","Information","PowerEvent handled successfully by the service."
"18-04-2026 20:57:48","igccservice","Information","PowerEvent handled successfully by the service."
"18-04-2026 20:57:13","Microsoft-Windows-USB-USBHUB3","Warning","USB device draining system power when system is idle.             
             
USB Device: VID: 0x18D1 PID: 0x4EEB REV: 0x510             
Removal action failed: SkippedAsRecentIoObservered"
"18-04-2026 20:56:34","HP Comm Recovery","Information","Resume from Connected Standby"
"18-04-2026 20:56:33","Microsoft-Windows-Kernel-Power","Information","The system session has transitioned from 5 to 6.

Reason PolicyChange 

BootId: 269"
"18-04-2026 20:56:33","Microsoft-Windows-Kernel-Power","Information","The system is entering Modern Standby 

Reason: 16777220."
"18-04-2026 20:56:33","Microsoft-Windows-Kernel-Power","Information","The system session has transitioned from 4 to 5.

Reason 16777220 

BootId: 269"
"18-04-2026 20:56:33","Microsoft-Windows-Kernel-Power","Information","The system is exiting Modern Standby 

Reason: 16777220."
"18-04-2026 20:56:05","Microsoft-Windows-USB-USBHUB3","Warning","USB device draining system power when system is idle.             
             
USB Device: VID: 0x18D1 PID: 0x4EEB REV: 0x510             
Removal action failed: SkippedAsPersistentIoObserved"
"18-04-2026 20:55:30","Microsoft-Windows-USB-USBHUB3","Warning","USB device draining system power when system is idle.             
             
USB Device: VID: 0x18D1 PID: 0x4EEB REV: 0x510             
Removal action failed: SkippedAsPersistentIoObserved"
"18-04-2026 20:55:24","HP Comm Recovery","Information","PowerEvent handled successfully by the service."
"18-04-2026 20:55:24","igccservice","Information","PowerEvent handled successfully by the service."
"18-04-2026 20:54:30","Microsoft-Windows-USB-USBHUB3","Warning","USB device draining system power when system is idle.             
             
USB Device: VID: 0x18D1 PID: 0x4EEB REV: 0x510             
Removal action failed: SkippedAsPersistentIoObserved"
"18-04-2026 20:53:55","Microsoft-Windows-USB-USBHUB3","Warning","USB device draining system power when system is idle.             
             
USB Device: VID: 0x18D1 PID: 0x4EEB REV: 0x510             
Removal action failed: SkippedAsRecentIoObservered"
"18-04-2026 20:53:16","Microsoft-Windows-TPM-WMI","Information","This device has updated Secure Boot CA/keys. This device signature information is included here.
DeviceAttributes: FirmwareManufacturer:AMI;FirmwareVersion:F.17;OEMModelBaseBoard:89F3;OEMManufacturerName:HP;OSArchitecture:amd64;
BucketId: 07f25a2b96458d1e79c7a41f56c3d189e8497eaf812ed9f69d3f6c84b727e339
BucketConfidenceLevel: Under Observation - More Data Needed
UpdateType: Windows UEFI CA 2023 (DB), Option ROM CA 2023 (DB), 3P UEFI CA 2023 (DB), KEK 2023, Boot Manager (2023)
For more information, please see https://go.microsoft.com/fwlink/?linkid=2301018."
"18-04-2026 20:53:16","Microsoft-Windows-TPM-WMI","Error","The Secure Boot update failed to update SBAT with error Unknown HResult Error code: 0x800700c1. For more information, please see https://go.microsoft.com/fwlink/?linkid=2169931"
"18-04-2026 20:53:15","Microsoft-Windows-Security-SPP","Information","Offline downlevel migration succeeded."
"18-04-2026 20:53:15","Microsoft-Windows-Kernel-Power","Information","The system session has transitioned from 3 to 4.

Reason PolicyChange 

BootId: 269"
"18-04-2026 20:53:14","Microsoft-Windows-Kernel-General","Information","The access history in hive \??\C:\ProgramData\Microsoft\Provisioning\Microsoft-Desktop-Provisioning-Sequence.dat was cleared updating 0 keys and creating 0 modified pages."
"18-04-2026 20:53:12","HP Comm Recovery","Information","Resume from Connected Standby"
"18-04-2026 20:53:12","Microsoft-Windows-Kernel-Power","Information","The system is entering Modern Standby 

Reason: 16777220."
"18-04-2026 20:53:12","Microsoft-Windows-Kernel-Power","Information","The system session has transitioned from 2 to 3.

Reason 16777220 

BootId: 269"
"18-04-2026 20:53:12","Microsoft-Windows-Kernel-Power","Information","The system is exiting Modern Standby 

Reason: 16777220."
"18-04-2026 20:53:08","Microsoft-Windows-USB-USBHUB3","Warning","USB device draining system power when system is idle.             
             
USB Device: VID: 0x18D1 PID: 0x4EEB REV: 0x510             
Removal action failed: SkippedAsRecentIoObservered"
"18-04-2026 20:52:07","Microsoft-Windows-USB-USBHUB3","Warning","USB device draining system power when system is idle.             
             
USB Device: VID: 0x18D1 PID: 0x4EEB REV: 0x510             
Removal action failed: SkippedAsRecentIoObservered"
"18-04-2026 20:50:03","Microsoft-Windows-Security-SPP","Information","Successfully scheduled Software Protection service for re-start at 2126-03-25T15:20:03Z. Reason: RulesEngine."
"18-04-2026 20:49:05","Microsoft-Windows-USB-USBHUB3","Warning","USB device draining system power when system is idle.             
             
USB Device: VID: 0x18D1 PID: 0x4EEB REV: 0x510             
Removal action failed: SkippedAsRecentIoObservered"
"18-04-2026 20:48:28","Microsoft-Windows-Security-SPP","Information","The Software Protection service has completed licensing status check.
Application Id=0ff1ce15-a989-479d-af46-f275c6370663
Licensing Status=
1: fb3540bc-a824-4c79-83da-6f6bd3ac6ccb, 1, 0 [(0 [0xC004F014, 0, 0], [(?)(?)(?)(?)(?)(?)(?)(?)])(1 )(2 )(3 )]

"
"18-04-2026 20:48:04","Microsoft-Windows-USB-USBHUB3","Warning","USB device draining system power when system is idle.             
             
USB Device: VID: 0x18D1 PID: 0x4EEB REV: 0x510             
Removal action failed: SkippedAsRecentIoObservered"
"18-04-2026 20:47:59","Microsoft-Windows-Security-SPP","Information","The Software Protection service has completed licensing status check.
Application Id=55c92734-d682-4d71-983e-d6ec3f16059f
Licensing Status=
1: ed799377-74b8-4989-a244-14d082e65972, 1, 0 [(0 [0xC004F014, 0, 0], [(?)(?)(?)(?)(?)(?)(?)(?)])(1 )(2 )(3 )]

"
"18-04-2026 20:47:59","Microsoft-Windows-Security-SPP","Information","The Software Protection service has completed licensing status check.
Application Id=55c92734-d682-4d71-983e-d6ec3f16059f
Licensing Status=
1: e371d89a-73e8-4b24-a7ff-23a3641dd18e, 1, 0 [(0 [0xC004F014, 0, 0], [(?)(?)(?)(?)(?)(?)(?)(?)])(1 )(2 )(3 )]

"
"18-04-2026 20:47:59","Microsoft-Windows-Security-SPP","Information","The Software Protection service has completed licensing status check.
Application Id=55c92734-d682-4d71-983e-d6ec3f16059f
Licensing Status=
1: da9621af-f086-4244-b563-18611e51aa1a, 1, 0 [(0 [0xC004F014, 0, 0], [(?)(?)(?)(?)(?)(?)(?)(?)])(1 )(2 )(3 )]

"
"18-04-2026 20:47:59","Microsoft-Windows-Security-SPP","Information","The Software Protection service has completed licensing status check.
Application Id=0ff1ce15-a989-479d-af46-f275c6370663
Licensing Status=
1: d7279dd0-e175-49fe-a623-8fc2fc00afc4, 1, 1 [(0 )(1 )(2 )(3 [0x00000000, 0, 0], [( 6 0xC004F009 5 0)( 1 0x00000000)( 6 0xC004F009 5 0)(?)(?)(?)( 10 0x00000000 msft:rm/algorithm/flags/1.0)( 11 0x00000000 0xC004F009)])]

"
"18-04-2026 20:47:59","Microsoft-Windows-Security-SPP","Information","The Software Protection service has completed licensing status check.
Application Id=55c92734-d682-4d71-983e-d6ec3f16059f
Licensing Status=
1: cd918a57-a41b-4c82-8dce-1a538e221a83, 1, 0 [(0 [0xC004F014, 0, 0], [(?)(?)(?)(?)(?)(?)(?)(?)])(1 )(2 )(3 )]

"
"18-04-2026 20:47:59","Microsoft-Windows-Security-SPP","Information","The Software Protection service has completed licensing status check.
Application Id=0ff1ce15-a989-479d-af46-f275c6370663
Licensing Status=
1: c85fe025-b033-4f41-936b-b121521ba1c1, 1, 0 [(0 [0xC004F014, 0, 0], [(?)(?)(?)(?)(?)(?)(?)(?)])(1 )(2 )(3 )]

"
"18-04-2026 20:47:58","Microsoft-Windows-Security-SPP","Information","The Software Protection service has completed licensing status check.
Application Id=0ff1ce15-a989-479d-af46-f275c6370663
Licensing Status=
1: b58a5943-16ea-420f-a611-7b230acd762c, 1, 0 [(0 [0xC004F014, 0, 0], [(?)(?)(?)(?)(?)(?)(?)(?)])(1 )(2 )(3 )]

"
"18-04-2026 20:47:29","Microsoft-Windows-Security-SPP","Information","The Software Protection service has completed licensing status check.
Application Id=0ff1ce15-a989-479d-af46-f275c6370663
Licensing Status=
1: b4af11be-5f94-4d8f-9844-ce0d5e0d8680, 1, 0 [(0 [0xC004F014, 0, 0], [(?)(?)(?)(?)(?)(?)(?)(?)])(1 )(2 )(3 )]

"
"18-04-2026 20:47:29","Microsoft-Windows-Security-SPP","Information","The Software Protection service has completed licensing status check.
Application Id=0ff1ce15-a989-479d-af46-f275c6370663
Licensing Status=
1: ae9d158f-9450-4a0c-8c80-dd973c58357c, 1, 0 [(0 [0xC004F014, 0, 0], [(?)(?)(?)(?)(?)(?)(?)(?)])(1 )(2 )(3 )]

"
"18-04-2026 20:47:18","Microsoft-Windows-USB-USBHUB3","Warning","USB device draining system power when system is idle.             
             
USB Device: VID: 0x18D1 PID: 0x4EEB REV: 0x510             
Removal action failed: SkippedAsRecentIoObservered"
"18-04-2026 20:46:42","Microsoft-Windows-Security-SPP","Information","The Software Protection service has completed licensing status check.
Application Id=0ff1ce15-a989-479d-af46-f275c6370663
Licensing Status=
1: a96f8dae-da54-4fad-bdc6-108da592707a, 1, 0 [(0 [0xC004F014, 0, 0], [(?)(?)(?)(?)(?)(?)(?)(?)])(1 )(2 )(3 )]

"
"18-04-2026 20:46:40","Microsoft-Windows-Security-SPP","Information","The Software Protection service has completed licensing status check.
Application Id=0ff1ce15-a989-479d-af46-f275c6370663
Licensing Status=
1: a570c5df-b1a3-485c-a8cd-b47e90787ba8, 1, 0 [(0 [0xC004F014, 0, 0], [(?)(?)(?)(?)(?)(?)(?)(?)])(1 )(2 )(3 )]

"
"18-04-2026 20:46:38","Microsoft-Windows-Security-SPP","Information","The Software Protection service has completed licensing status check.
Application Id=0ff1ce15-a989-479d-af46-f275c6370663
Licensing Status=
1: 9e7d5312-95fc-4443-a551-69c20624ec6b, 1, 0 [(0 [0xC004F014, 0, 0], [(?)(?)(?)(?)(?)(?)(?)(?)])(1 )(2 )(3 )]

"
"18-04-2026 20:46:37","ELAN/Service",,
"18-04-2026 20:46:37","Microsoft-Windows-Kernel-Power","Information","The system session has transitioned from 1 to 2.

Reason PolicyChange 

BootId: 269"
"18-04-2026 20:46:36","Microsoft-Windows-Security-SPP","Information","The Software Protection service has completed licensing status check.
Application Id=0ff1ce15-a989-479d-af46-f275c6370663
Licensing Status=
1: 96353198-443e-479d-9e80-9a6d72fd1a99, 1, 0 [(0 [0xC004F014, 0, 0], [(?)(?)(?)(?)(?)(?)(?)(?)])(1 )(2 )(3 )]

"
"18-04-2026 20:46:36","ELAN/Service",,
"18-04-2026 20:46:36","ELAN/Service",,
"18-04-2026 20:46:36","ELAN/Service",,
"18-04-2026 20:46:36","ELAN/Service",,
"18-04-2026 20:46:36","ELAN/Service",,
"18-04-2026 20:46:36","ELAN/Service",,
"18-04-2026 20:46:36","ELAN/Service",,
"18-04-2026 20:46:36","Win32k","Warning","Power Manager has requested suppression of all input (INPUT_SUPPRESS_REQUEST=1)"
"18-04-2026 20:46:36","Microsoft-Windows-Kernel-Power","Information","The system is entering Modern Standby 

Reason: Lid."
"18-04-2026 20:46:36","Microsoft-Windows-Kernel-Power","Information","The system session has transitioned from 0 to 1.

Reason PolicyChange 

BootId: 269"
"18-04-2026 20:46:36","Win32k","Warning","Power Manager has requested suppression of all input (INPUT_SUPPRESS_REQUEST=1)"
"18-04-2026 20:46:35","Microsoft-Windows-Security-SPP","Information","The Software Protection service has completed licensing status check.
Application Id=0ff1ce15-a989-479d-af46-f275c6370663
Licensing Status=
1: 95820f84-6e8c-4d22-b2ce-54953e9911bc, 1, 0 [(0 [0xC004F014, 0, 0], [(?)(?)(?)(?)(?)(?)(?)(?)])(1 )(2 )(3 )]

"
"18-04-2026 20:46:35","ELAN/Service",,
"18-04-2026 20:46:35","ELAN/Service",,
"18-04-2026 20:46:35","ELAN/Service",,
"18-04-2026 20:46:35","ELAN/Service",,
"18-04-2026 20:46:35","ELAN/Service",,
"18-04-2026 20:46:35","ELAN/Service",,
"18-04-2026 20:46:35","Microsoft-Windows-Security-SPP","Information","The Software Protection service has completed licensing status check.
Application Id=0ff1ce15-a989-479d-af46-f275c6370663
Licensing Status=
1: 951c0fe6-40a8-4400-8003-eec0686ffbc4, 1, 0 [(0 [0xC004F014, 0, 0], [(?)(?)(?)(?)(?)(?)(?)(?)])(1 )(2 )(3 )]

"
"18-04-2026 20:46:34","Microsoft-Windows-Security-SPP","Information","The Software Protection service has completed licensing status check.
Application Id=55c92734-d682-4d71-983e-d6ec3f16059f
Licensing Status=
1: 8db63db6-4f8f-46d6-a448-66444faaaa72, 1, 0 [(0 [0xC004F014, 0, 0], [(?)(?)(?)(?)(?)(?)(?)(?)])(1 )(2 )(3 )]

"
"18-04-2026 20:46:34","Microsoft-Windows-Security-SPP","Information","The Software Protection service has completed licensing status check.
Application Id=55c92734-d682-4d71-983e-d6ec3f16059f
Licensing Status=
1: 8a292df8-d653-4057-8133-a0701792f912, 1, 1 [(0 )(1 )(2 [0x00000000, 1, 0], [(?)( 1 0x00000000)(?)(?)(?)(?)( 10 0x00000000 msft:rm/algorithm/flags/1.0)(?)])(3 )]

"
"18-04-2026 20:46:34","ELAN/Service",,
"18-04-2026 20:46:33","Microsoft-Windows-Security-SPP","Information","The Software Protection service has completed licensing status check.
Application Id=0ff1ce15-a989-479d-af46-f275c6370663
Licensing Status=
1: 86af9220-9d6f-4575-bef0-619a9a6aa005, 1, 0 [(0 [0xC004F014, 0, 0], [(?)(?)(?)(?)(?)(?)(?)(?)])(1 )(2 )(3 )]

"
"18-04-2026 20:46:33","Microsoft-Windows-Security-SPP","Information","The Software Protection service has completed licensing status check.
Application Id=0ff1ce15-a989-479d-af46-f275c6370663
Licensing Status=
1: 7ab38a1c-a803-4ca5-8ebb-f8786c4b4faa, 1, 0 [(0 [0xC004F014, 0, 0], [(?)(?)(?)(?)(?)(?)(?)(?)])(1 )(2 )(3 )]

"
"18-04-2026 20:46:33","ELAN/Service",,
"18-04-2026 20:46:33","ELAN/Service",,
"18-04-2026 20:46:32","Microsoft-Windows-Security-SPP","Information","The Software Protection service has completed licensing status check.
Application Id=0ff1ce15-a989-479d-af46-f275c6370663
Licensing Status=
1: 77f47589-2212-4e3b-ad27-a900ce813837, 1, 0 [(0 [0xC004F014, 0, 0], [(?)(?)(?)(?)(?)(?)(?)(?)])(1 )(2 )(3 )]

"
"18-04-2026 20:46:32","Microsoft-Windows-Security-SPP","Information","The Software Protection service has completed licensing status check.
Application Id=55c92734-d682-4d71-983e-d6ec3f16059f
Licensing Status=
1: 74436dbb-cc17-46de-867f-14906ba4a938, 1, 0 [(0 [0xC004F014, 0, 0], [(?)(?)(?)(?)(?)(?)(?)(?)])(1 )(2 )(3 )]

"
"18-04-2026 20:46:32","Microsoft-Windows-Security-SPP","Information","The Software Protection service has completed licensing status check.
Application Id=55c92734-d682-4d71-983e-d6ec3f16059f
Licensing Status=
1: 653098ee-780d-4863-8cf2-d18399ce413b, 1, 0 [(0 [0xC004F014, 0, 0], [(?)(?)(?)(?)(?)(?)(?)(?)])(1 )(2 )(3 )]

"
"18-04-2026 20:46:32","Microsoft-Windows-Security-SPP","Information","The Software Protection service has completed licensing status check.
Application Id=0ff1ce15-a989-479d-af46-f275c6370663
Licensing Status=
1: 649fb593-1aea-4f3d-9ede-6d756561a2e5, 1, 0 [(0 [0xC004F014, 0, 0], [(?)(?)(?)(?)(?)(?)(?)(?)])(1 )(2 )(3 )]

"
"18-04-2026 20:46:32","Microsoft-Windows-Security-SPP","Information","The Software Protection service has completed licensing status check.
Application Id=55c92734-d682-4d71-983e-d6ec3f16059f
Licensing Status=
1: 58e97c99-f377-4ef1-81d5-4ad5522b5fd8, 1, 0 [(0 [0xC004F014, 0, 0], [(?)(?)(?)(?)(?)(?)(?)(?)])(1 )(2 )(3 )]

"
"18-04-2026 20:46:31","Microsoft-Windows-Security-SPP","Information","The Software Protection service has completed licensing status check.
Application Id=0ff1ce15-a989-479d-af46-f275c6370663
Licensing Status=
1: 537ea5b5-7d50-4876-bd38-a53a77caca32, 1, 0 [(0 [0xC004F014, 0, 0], [(?)(?)(?)(?)(?)(?)(?)(?)])(1 )(2 )(3 )]

"
"18-04-2026 20:46:31","Microsoft-Windows-Security-SPP","Information","The Software Protection service has completed licensing status check.
Application Id=0ff1ce15-a989-479d-af46-f275c6370663
Licensing Status=
1: 52287aa3-9945-44d1-9046-7a3373666821, 1, 0 [(0 [0xC004F014, 0, 0], [(?)(?)(?)(?)(?)(?)(?)(?)])(1 )(2 )(3 )]

"
"18-04-2026 20:46:31","Microsoft-Windows-Security-SPP","Information","The Software Protection service has completed licensing status check.
Application Id=0ff1ce15-a989-479d-af46-f275c6370663
Licensing Status=
1: 4c1d1588-3088-4796-b3b2-8935f3a0d886, 1, 0 [(0 [0xC004F014, 0, 0], [(?)(?)(?)(?)(?)(?)(?)(?)])(1 )(2 )(3 )]

"
"18-04-2026 20:46:30","Microsoft-Windows-Security-SPP","Information","The Software Protection service has completed licensing status check.
Application Id=0ff1ce15-a989-479d-af46-f275c6370663
Licensing Status=
1: 44f73ee6-d2f7-4502-97d5-046e8820662e, 1, 0 [(0 [0xC004F014, 0, 0], [(?)(?)(?)(?)(?)(?)(?)(?)])(1 )(2 )(3 )]

"
"18-04-2026 20:46:30","Microsoft-Windows-Security-SPP","Information","The Software Protection service has completed licensing status check.
Application Id=0ff1ce15-a989-479d-af46-f275c6370663
Licensing Status=
1: 436366de-5579-4f24-96db-3893e4400030, 1, 1 [(0 )(1 )(2 )(3 [0x00000000, 1, 0], [(?)( 1 0x00000000)(?)(?)(?)(?)( 10 0x00000000 msft:rm/algorithm/flags/1.0)(?)])]

"
"18-04-2026 20:46:29","Microsoft-Windows-Security-SPP","Information","The Software Protection service has completed licensing status check.
Application Id=55c92734-d682-4d71-983e-d6ec3f16059f
Licensing Status=
1: 411b3d4f-be6d-4a06-baaa-9cabfc256cae, 1, 0 [(0 [0xC004F014, 0, 0], [(?)(?)(?)(?)(?)(?)(?)(?)])(1 )(2 )(3 )]

"
"18-04-2026 20:46:29","Microsoft-Windows-Security-SPP","Information","The Software Protection service has completed licensing status check.
Application Id=55c92734-d682-4d71-983e-d6ec3f16059f
Licensing Status=
1: 4002e33a-524c-4100-8108-131a0d42c0ea, 1, 0 [(0 [0xC004F014, 0, 0], [(?)(?)(?)(?)(?)(?)(?)(?)])(1 )(2 )(3 )]

"
"18-04-2026 20:46:29","Microsoft-Windows-Security-SPP","Information","The Software Protection service has completed licensing status check.
Application Id=55c92734-d682-4d71-983e-d6ec3f16059f
Licensing Status=
1: 3ae2cc14-ab2d-41f4-972f-5e20142771dc, 1, 0 [(0 [0xC004F014, 0, 0], [(?)(?)(?)(?)(?)(?)(?)(?)])(1 )(2 )(3 )]

"
"18-04-2026 20:46:29","Microsoft-Windows-Security-SPP","Information","The Software Protection service has completed licensing status check.
Application Id=55c92734-d682-4d71-983e-d6ec3f16059f
Licensing Status=
1: 30d469c6-a78f-4476-b5c8-af78d5b6a5fb, 1, 0 [(0 [0xC004F014, 0, 0], [(?)(?)(?)(?)(?)(?)(?)(?)])(1 )(2 )(3 )]

"
"18-04-2026 20:46:28","Microsoft-Windows-Security-SPP","Information","The Software Protection service has completed licensing status check.
Application Id=0ff1ce15-a989-479d-af46-f275c6370663
Licensing Status=
1: 2fc0111c-bf0b-4bdd-900c-e3c713034746, 1, 0 [(0 [0xC004F014, 0, 0], [(?)(?)(?)(?)(?)(?)(?)(?)])(1 )(2 )(3 )]

"
"18-04-2026 20:46:28","Microsoft-Windows-Security-SPP","Information","The Software Protection service has completed licensing status check.
Application Id=0ff1ce15-a989-479d-af46-f275c6370663
Licensing Status=
1: 2f258377-738f-48dd-9397-287e43079958, 1, 0 [(0 [0xC004F014, 0, 0], [(?)(?)(?)(?)(?)(?)(?)(?)])(1 )(2 )(3 )]

"
"18-04-2026 20:46:28","Microsoft-Windows-Security-SPP","Information","The Software Protection service has completed licensing status check.
Application Id=55c92734-d682-4d71-983e-d6ec3f16059f
Licensing Status=
1: 2b1f36bb-c1cd-4306-bf5c-a0367c2d97d8, 1, 0 [(0 [0xC004F014, 0, 0], [(?)(?)(?)(?)(?)(?)(?)(?)])(1 )(2 )(3 )]

"
"18-04-2026 20:46:27","Microsoft-Windows-Security-SPP","Information","The Software Protection service has completed licensing status check.
Application Id=0ff1ce15-a989-479d-af46-f275c6370663
Licensing Status=
1: 28f64a3f-cf84-46da-b1e8-2dfa7750e491, 1, 0 [(0 [0xC004F014, 0, 0], [(?)(?)(?)(?)(?)(?)(?)(?)])(1 )(2 )(3 )]

"
"18-04-2026 20:46:27","Microsoft-Windows-Security-SPP","Information","The Software Protection service has completed licensing status check.
Application Id=55c92734-d682-4d71-983e-d6ec3f16059f
Licensing Status=
1: 1d873132-f09f-4eb2-bf5a-2e4fb48935e8, 1, 0 [(0 [0xC004F014, 0, 0], [(?)(?)(?)(?)(?)(?)(?)(?)])(1 )(2 )(3 )]

"
"18-04-2026 20:46:27","Microsoft-Windows-Security-SPP","Information","The Software Protection service has completed licensing status check.
Application Id=0ff1ce15-a989-479d-af46-f275c6370663
Licensing Status=
1: 1cac786a-7f16-4ede-b7fc-cfbce8fe24c7, 1, 0 [(0 [0xC004F014, 0, 0], [(?)(?)(?)(?)(?)(?)(?)(?)])(1 )(2 )(3 )]

"
"18-04-2026 20:46:26","Microsoft-Windows-Security-SPP","Information","The Software Protection service has completed licensing status check.
Application Id=55c92734-d682-4d71-983e-d6ec3f16059f
Licensing Status=
1: 1b750385-9fe2-49a8-ab55-149d0546395b, 1, 0 [(0 [0xC004F014, 0, 0], [(?)(?)(?)(?)(?)(?)(?)(?)])(1 )(2 )(3 )]

"
"18-04-2026 20:46:26","Microsoft-Windows-Security-SPP","Information","The Software Protection service has completed licensing status check.
Application Id=0ff1ce15-a989-479d-af46-f275c6370663
Licensing Status=
1: 112b0ed2-cf1a-42ce-a0c2-4ee20b59d267, 1, 0 [(0 [0xC004F014, 0, 0], [(?)(?)(?)(?)(?)(?)(?)(?)])(1 )(2 )(3 )]

"
"18-04-2026 20:46:25","Microsoft-Windows-Security-SPP","Information","The Software Protection service has completed licensing status check.
Application Id=0ff1ce15-a989-479d-af46-f275c6370663
Licensing Status=
1: 0cf5c9c4-62d8-42e7-8443-b2715ddae7ba, 1, 0 [(0 [0xC004F014, 0, 0], [(?)(?)(?)(?)(?)(?)(?)(?)])(1 )(2 )(3 )]

"
"18-04-2026 20:46:24","Microsoft-Windows-Security-SPP","Information","The Software Protection service has completed licensing status check.
Application Id=55c92734-d682-4d71-983e-d6ec3f16059f
Licensing Status=
1: 0567073a-7d74-403b-b2d5-6b35da372d8d, 1, 0 [(0 [0xC004F014, 0, 0], [(?)(?)(?)(?)(?)(?)(?)(?)])(1 )(2 )(3 )]

"
"18-04-2026 20:46:24","Microsoft-Windows-Security-SPP","Information","Offline downlevel migration succeeded."
"18-04-2026 20:46:18","Microsoft-Windows-Kernel-General","Information","The access history in hive \??\C:\ProgramData\Packages\Microsoft.MicrosoftPCManager_8wekyb3d8bbwe\S-1-5-21-1258550371-3975648611-2483462874-1001\SystemAppData\Helium\Cache\f0d7b8a6473e2440_COM15.dat was cleared updating 1 keys and creating 1 modified pages."
"18-04-2026 20:46:18","Microsoft-Windows-Kernel-General","Information","The access history in hive \??\C:\Users\priya\AppData\Local\Packages\Microsoft.MicrosoftPCManager_8wekyb3d8bbwe\SystemAppData\Helium\UserClasses.dat was cleared updating 42 keys and creating 10 modified pages."
"18-04-2026 20:46:18","Microsoft-Windows-Kernel-General","Information","The access history in hive \??\C:\Users\priya\AppData\Local\Packages\Microsoft.MicrosoftPCManager_8wekyb3d8bbwe\SystemAppData\Helium\User.dat was cleared updating 13 keys and creating 2 modified pages."
"18-04-2026 20:46:06","Microsoft-Windows-Kernel-General","Information","The access history in hive \??\C:\Users\priya\AppData\Local\Packages\AD2F1837.myHP_v10z8vjag6ke6\SystemAppData\Helium\UserClasses.dat was cleared updating 2 keys and creating 1 modified pages."
"18-04-2026 20:46:05","Microsoft-Windows-Kernel-General","Information","The access history in hive \??\C:\Users\priya\AppData\Local\Packages\AD2F1837.myHP_v10z8vjag6ke6\SystemAppData\Helium\User.dat was cleared updating 5 keys and creating 1 modified pages."
"18-04-2026 20:46:01","Microsoft-Windows-Perflib","Warning","The Open procedure for service ""WmiApRpl"" in DLL ""C:\WINDOWS\system32\wbem\wmiaprpl.dll"" failed with error code The device is not ready.. Performance data for this service will not be available."
"18-04-2026 20:46:01","Microsoft-Windows-Perflib","Warning","The Open procedure for service ""MSDTC"" in DLL ""C:\WINDOWS\system32\msdtcuiu.DLL"" failed with error code The system cannot find the file specified.. Performance data for this service will not be available."
"18-04-2026 20:46:01","Microsoft-Windows-Perflib","Warning","The Open procedure for service ""ESENT"" in DLL ""C:\WINDOWS\system32\esentprf.dll"" failed with error code Access is denied.. Performance data for this service will not be available."
"18-04-2026 20:46:00","Microsoft-Windows-Kernel-General","Information","The access history in hive \??\C:\Users\priya\AppData\Local\Packages\2845PeroSoftware.TransparentTaskbarforWindows_swvc1efjmfn5c\SystemAppData\Helium\UserClasses.dat was cleared updating 9 keys and creating 1 modified pages."
"18-04-2026 20:46:00","Microsoft-Windows-Kernel-General","Information","The access history in hive \??\C:\Users\priya\AppData\Local\Packages\2845PeroSoftware.TransparentTaskbarforWindows_swvc1efjmfn5c\SystemAppData\Helium\User.dat was cleared updating 8 keys and creating 1 modified pages."
"18-04-2026 20:45:58","Application","Information",
"18-04-2026 20:45:50",".NET Runtime","Error",".NET Runtime version 4.0.30319.0 - There was a failure initializing profiling API attach infrastructure.  This process will not allow a profiler to attach.  HRESULT: 0x80004005.  Process ID (decimal): 3852.  Message ID: [0x2509]."
"18-04-2026 20:45:48","Microsoft-Windows-Security-SPP","Information","The Software Protection service has stopped.
"
"18-04-2026 20:45:48","Microsoft-Windows-Security-SPP","Information","Successfully scheduled Software Protection service for re-start at 2126-03-25T15:15:48Z. Reason: RulesEngine."
"18-04-2026 20:45:11","Microsoft-Windows-Kernel-General","Information","The access history in hive \??\C:\Users\priya\AppData\Local\Packages\MicrosoftWindows.Client.WebExperience_cw5n1h2txyewy\Settings\settings.dat was cleared updating 6 keys and creating 1 modified pages."
"18-04-2026 20:45:10","Microsoft-Windows-Kernel-General","Information","The access history in hive \??\C:\ProgramData\Packages\Microsoft.WidgetsPlatformRuntime_8wekyb3d8bbwe\S-1-5-21-1258550371-3975648611-2483462874-1001\SystemAppData\Helium\Cache\81d060ca2aba6fa4_COM15.dat was cleared updating 1 keys and creating 1 modified pages."
"18-04-2026 20:45:10","Microsoft-Windows-Kernel-General","Information","The access history in hive \??\C:\Users\priya\AppData\Local\Packages\Microsoft.WidgetsPlatformRuntime_8wekyb3d8bbwe\SystemAppData\Helium\UserClasses.dat was cleared updating 21 keys and creating 5 modified pages."
"18-04-2026 20:45:10","Microsoft-Windows-Kernel-General","Information","The access history in hive \??\C:\Users\priya\AppData\Local\Packages\Microsoft.WidgetsPlatformRuntime_8wekyb3d8bbwe\SystemAppData\Helium\User.dat was cleared updating 1 keys and creating 1 modified pages."
"18-04-2026 20:45:03","SecurityCenter","Information","Updated Windows Defender status successfully to SECURITY_PRODUCT_STATE_ON."
"18-04-2026 20:45:01","SecurityCenter","Information","The Windows Security Center Service has started."
"18-04-2026 20:45:01","Microsoft-Windows-DistributedCOM","Warning","The application-specific permission settings do not grant Local Launch permission for the COM Server application with CLSID 
Windows.SecurityCenter.WscDataProtection
 and APPID 
Unavailable
 to the user NT AUTHORITY\SYSTEM SID (S-1-5-18) from address LocalHost (Using LRPC) running in the application container Unavailable SID (Unavailable). This security permission can be modified using the Component Services administrative tool."
"18-04-2026 20:45:01","Microsoft-Windows-DistributedCOM","Warning","The application-specific permission settings do not grant Local Launch permission for the COM Server application with CLSID 
Windows.SecurityCenter.WscBrokerManager
 and APPID 
Unavailable
 to the user NT AUTHORITY\SYSTEM SID (S-1-5-18) from address LocalHost (Using LRPC) running in the application container Unavailable SID (Unavailable). This security permission can be modified using the Component Services administrative tool."
"18-04-2026 20:45:01","Microsoft-Windows-DistributedCOM","Warning","The application-specific permission settings do not grant Local Launch permission for the COM Server application with CLSID 
Windows.SecurityCenter.SecurityAppBroker
 and APPID 
Unavailable
 to the user NT AUTHORITY\SYSTEM SID (S-1-5-18) from address LocalHost (Using LRPC) running in the application container Unavailable SID (Unavailable). This security permission can be modified using the Component Services administrative tool."
"18-04-2026 20:45:00","Microsoft-Windows-Security-SPP","Information","The Software Protection service has started.
10.0.26100.8246"
"18-04-2026 20:45:00","Microsoft-Windows-Security-SPP","Information","The Software Protection service has completed licensing status check.
Application Id=55c92734-d682-4d71-983e-d6ec3f16059f
Licensing Status=
1: 0567073a-7d74-403b-b2d5-6b35da372d8d, 1, 0 [(0 [0xC004F014, 0, 0], [(?)(?)(?)(?)(?)(?)(?)(?)])(1 )(2 )(3 )]
2: 1b750385-9fe2-49a8-ab55-149d0546395b, 1, 0 [(0 [0xC004F014, 0, 0], [(?)(?)(?)(?)(?)(?)(?)(?)])(1 )(2 )(3 )]
3: 1d873132-f09f-4eb2-bf5a-2e4fb48935e8, 1, 0 [(0 [0xC004F014, 0, 0], [(?)(?)(?)(?)(?)(?)(?)(?)])(1 )(2 )(3 )]
4: 2b1f36bb-c1cd-4306-bf5c-a0367c2d97d8, 1, 0 [(0 [0xC004F014, 0, 0], [(?)(?)(?)(?)(?)(?)(?)(?)])(1 )(2 )(3 )]
5: 30d469c6-a78f-4476-b5c8-af78d5b6a5fb, 1, 0 [(0 [0xC004F014, 0, 0], [(?)(?)(?)(?)(?)(?)(?)(?)])(1 )(2 )(3 )]
6: 3ae2cc14-ab2d-41f4-972f-5e20142771dc, 1, 0 [(0 [0xC004F014, 0, 0], [(?)(?)(?)(?)(?)(?)(?)(?)])(1 )(2 )(3 )]
7: 4002e33a-524c-4100-8108-131a0d42c0ea, 1, 0 [(0 [0xC004F014, 0, 0], [(?)(?)(?)(?)(?)(?)(?)(?)])(1 )(2 )(3 )]
8: 411b3d4f-be6d-4a06-baaa-9cabfc256cae, 1, 0 [(0 [0xC004F014, 0, 0], [(?)(?)(?)(?)(?)(?)(?)(?)])(1 )(2 )(3 )]
9: 58e97c99-f377-4ef1-81d5-4ad5522b5fd8, 1, 0 [(0 [0xC004F014, 0, 0], [(?)(?)(?)(?)(?)(?)(?)(?)])(1 )(2 )(3 )]
10: 653098ee-780d-4863-8cf2-d18399ce413b, 1, 0 [(0 [0xC004F014, 0, 0], [(?)(?)(?)(?)(?)(?)(?)(?)])(1 )(2 )(3 )]
11: 74436dbb-cc17-46de-867f-14906ba4a938, 1, 0 [(0 [0xC004F014, 0, 0], [(?)(?)(?)(?)(?)(?)(?)(?)])(1 )(2 )(3 )]
12: 8a292df8-d653-4057-8133-a0701792f912, 1, 1 [(0 )(1 )(2 [0x00000000, 1, 0], [(?)( 1 0x00000000)(?)(?)(?)(?)( 10 0x00000000 msft:rm/algorithm/flags/1.0)(?)])(3 )]
13: 8db63db6-4f8f-46d6-a448-66444faaaa72, 1, 0 [(0 [0xC004F014, 0, 0], [(?)(?)(?)(?)(?)(?)(?)(?)])(1 )(2 )(3 )]
14: cd918a57-a41b-4c82-8dce-1a538e221a83, 1, 0 [(0 [0xC004F014, 0, 0], [(?)(?)(?)(?)(?)(?)(?)(?)])(1 )(2 )(3 )]
15: da9621af-f086-4244-b563-18611e51aa1a, 1, 0 [(0 [0xC004F014, 0, 0], [(?)(?)(?)(?)(?)(?)(?)(?)])(1 )(2 )(3 )]
16: e371d89a-73e8-4b24-a7ff-23a3641dd18e, 1, 0 [(0 [0xC004F014, 0, 0], [(?)(?)(?)(?)(?)(?)(?)(?)])(1 )(2 )(3 )]
17: ed799377-74b8-4989-a244-14d082e65972, 1, 0 [(0 [0xC004F014, 0, 0], [(?)(?)(?)(?)(?)(?)(?)(?)])(1 )(2 )(3 )]

"
"18-04-2026 20:45:00","Microsoft-Windows-Security-SPP","Information","Initialization status for service objects.
C:\WINDOWS\system32\sppwinob.dll, msft:spp/windowsfunctionality/agent/7.0, 0x00000000, 0x00000000
C:\WINDOWS\system32\sppobjs.dll, msft:rm/algorithm/inherited/1.0, 0x00000000, 0x00000000
C:\WINDOWS\system32\sppobjs.dll, msft:rm/algorithm/phone/1.0, 0x00000000, 0x00000000
C:\WINDOWS\system32\sppobjs.dll, msft:rm/algorithm/pkey/detect, 0x00000000, 0x00000000
C:\WINDOWS\system32\sppobjs.dll, msft:spp/ActionScheduler/1.0, 0x00000000, 0x00000000
C:\WINDOWS\system32\sppobjs.dll, msft:spp/TaskScheduler/1.0, 0x00000000, 0x00000000
C:\WINDOWS\system32\sppobjs.dll, msft:spp/statecollector/pkey, 0x00000000, 0x00000000
C:\WINDOWS\system32\sppobjs.dll, msft:spp/volume/services/kms/1.0, 0x00000000, 0x00000000
C:\WINDOWS\system32\sppobjs.dll, msft:spp/volume/services/kms/activationinfo/1.0, 0x00000000, 0x00000000
"
"18-04-2026 20:45:00","Microsoft-Windows-Security-SPP","Information","Offline downlevel migration succeeded."
"18-04-2026 20:45:00","Microsoft-Windows-Security-SPP","Information","The Software Protection service is starting.
Parameters:<explicit>"
"18-04-2026 20:44:59","edgeupdate","Information","Service stopped."
"18-04-2026 20:44:59","Microsoft-Windows-DistributedCOM","Warning","The application-specific permission settings do not grant Local Activation permission for the COM Server application with CLSID 
{9EA82395-E31B-41CA-8DF7-EC1CEE7194DF}
 and APPID 
{2ED83BAA-B2FD-43B1-99BF-E6149C622692}
 to the user NT AUTHORITY\NETWORK SERVICE SID (S-1-5-20) from address LocalHost (Using LRPC) running in the application container Unavailable SID (Unavailable). This security permission can be modified using the Component Services administrative tool."
"18-04-2026 20:44:50","Universal Print","Information","Initialization Successful. Enabled=false, CloudPrintSolution=Unknown, DiscoveryEndpoint=, OAuthAuthority=, OAuthClientId=, DiscoveryResourceId=, PrintResourceId="
"18-04-2026 20:44:50","Universal Print","Information","Device is neither AAD/Domain Joined or Workplace Joined."
"18-04-2026 20:44:48","Edge","Information","[15240:14656:0418/204448.385:INFO:chrome\browser\extensions\extension_garbage_collector.cc:188] Garbage collection for extensions on file thread is complete."
"18-04-2026 20:44:32","Microsoft-Windows-Kernel-General","Information","The access history in hive \??\C:\Users\priya\AppData\Local\Packages\AD2F1837.myHP_v10z8vjag6ke6\Settings\settings.dat was cleared updating 2 keys and creating 1 modified pages."
"18-04-2026 20:44:23","Microsoft-Windows-Kernel-General","Information","The access history in hive \??\C:\Users\priya\AppData\Local\Packages\Microsoft.DesktopAppInstaller_8wekyb3d8bbwe\Settings\settings.dat was cleared updating 2 keys and creating 1 modified pages."
"18-04-2026 20:44:22","Microsoft-Windows-Kernel-General","Information","The access history in hive \??\C:\ProgramData\Packages\Microsoft.DesktopAppInstaller_8wekyb3d8bbwe\S-1-5-21-1258550371-3975648611-2483462874-1001\SystemAppData\Helium\Cache\9f130a8ebfd3bda7_COM15.dat was cleared updating 1 keys and creating 1 modified pages."
"18-04-2026 20:44:18","Microsoft-Windows-IsolatedUserMode","Information","Secure Trustlet NULL Id 0 and Pid 0 started with status STATUS_SUCCESS."
"18-04-2026 20:44:17","Microsoft-Windows-Kernel-General","Information","The access history in hive \??\C:\ProgramData\Packages\Microsoft.YourPhone_8wekyb3d8bbwe\S-1-5-21-1258550371-3975648611-2483462874-1001\SystemAppData\Helium\Cache\f320ed02fe951603_COM15.dat was cleared updating 1 keys and creating 1 modified pages."
"18-04-2026 20:44:17","Microsoft-Windows-Kernel-General","Information","The access history in hive \??\C:\Users\priya\AppData\Local\Packages\Microsoft.YourPhone_8wekyb3d8bbwe\SystemAppData\Helium\User.dat was cleared updating 17 keys and creating 5 modified pages."
"18-04-2026 20:44:17","Microsoft-Windows-Kernel-General","Information","The access history in hive \??\C:\ProgramData\Packages\Microsoft.MicrosoftEdge.Stable_8wekyb3d8bbwe\S-1-5-21-1258550371-3975648611-2483462874-1001\SystemAppData\Helium\Cache\257dd37e1a9293f3_COM15.dat was cleared updating 1 keys and creating 1 modified pages."
"18-04-2026 20:44:17","Microsoft-Windows-Kernel-General","Information","The access history in hive \??\C:\Users\priya\AppData\Local\Packages\Microsoft.MicrosoftEdge.Stable_8wekyb3d8bbwe\SystemAppData\Helium\UserClasses.dat was cleared updating 1 keys and creating 1 modified pages."
"18-04-2026 20:44:17","Microsoft-Windows-Kernel-General","Information","The access history in hive \??\C:\Users\priya\AppData\Local\Packages\Microsoft.MicrosoftEdge.Stable_8wekyb3d8bbwe\SystemAppData\Helium\User.dat was cleared updating 1 keys and creating 1 modified pages."
