"TimeCreated","ProviderName","LevelDisplayName","Message"
"24-04-2026 12:33:25","Microsoft-Windows-Security-SPP","Information","Successfully scheduled Software Protection service for re-start at 2126-03-31T07:03:25Z. Reason: RulesEngine."
"24-04-2026 12:32:55","Microsoft-Windows-Security-SPP","Information","Offline downlevel migration succeeded."
"24-04-2026 12:26:36","Microsoft-Windows-Kernel-General","Information","The access history in hive \??\C:\Users\priya\AppData\Local\Packages\Microsoft.ScreenSketch_8wekyb3d8bbwe\Settings\settings.dat was cleared updating 2 keys and creating 1 modified pages."
"24-04-2026 12:26:36","Microsoft-Windows-Kernel-General","Information","The access history in hive \??\C:\Users\priya\AppData\Local\Packages\Microsoft.ScreenSketch_8wekyb3d8bbwe\SystemAppData\Helium\UserClasses.dat was cleared updating 15 keys and creating 3 modified pages."
"24-04-2026 12:26:36","Microsoft-Windows-Kernel-General","Information","The access history in hive \??\C:\Users\priya\AppData\Local\Packages\Microsoft.ScreenSketch_8wekyb3d8bbwe\SystemAppData\Helium\User.dat was cleared updating 8 keys and creating 1 modified pages."
"24-04-2026 12:09:12","Microsoft-Windows-Security-SPP","Information","Successfully scheduled Software Protection service for re-start at 2126-03-31T06:39:12Z. Reason: RulesEngine."
"24-04-2026 12:08:41","Microsoft-Windows-Security-SPP","Information","Offline downlevel migration succeeded."
"24-04-2026 12:00:00","EventLog","Information","The system uptime is 4636 seconds."
"24-04-2026 11:44:45","Microsoft-Windows-Security-SPP","Information","Successfully scheduled Software Protection service for re-start at 2126-03-31T06:14:45Z. Reason: RulesEngine."
"24-04-2026 11:44:14","Microsoft-Windows-Security-SPP","Information","Offline downlevel migration succeeded."
"24-04-2026 11:43:08","Windows Error Reporting","Information","Fault bucket 1969946123267091352, type 5
Event Name: RADAR_PRE_LEAK_64
Response: Not available
Cab Id: 0

Problem signature:
P1: Grammarly.Desktop.exe
P2: 1.2.254.1880
P3: 10.0.26200.2.0.0
P4: 
P5: 
P6: 
P7: 
P8: 
P9: 
P10: 

Attached files:
\\?\C:\Users\priya\AppData\Local\Temp\RDR3B86.tmp\empty.txt
\\?\C:\ProgramData\Microsoft\Windows\WER\Temp\WER.6c3ef7ae-457d-4180-ae37-3d9a1f3e1a35.tmp.WERInternalMetadata.xml
WPR_initiated_DiagTrackMiniLogger_OneTrace_User_Logger_20260421_1_EC_0_inject.etl
\\?\C:\ProgramData\Microsoft\Windows\WER\Temp\WER.4aff9e2f-2542-4793-af26-9118cfd1d2f0.tmp.etl
WPR_initiated_DiagTrackMiniLogger_WPR System Collector_inject.etl
\\?\C:\ProgramData\Microsoft\Windows\WER\Temp\WER.2552582b-3857-4951-904d-987d927b389e.tmp.etl
\\?\C:\ProgramData\Microsoft\Windows\WER\Temp\WER.b18e2df2-6a11-4d01-82dc-e83342449542.tmp.csv
\\?\C:\ProgramData\Microsoft\Windows\WER\Temp\WER.347e4984-5d97-4e6e-b2a6-1eb5040c100a.tmp.txt
\\?\C:\ProgramData\Microsoft\Windows\WER\Temp\WER.adf9946a-3352-4821-a8b1-46fd5fc6f156.tmp.xml

These files may be available here:
NULL

Analysis symbol: 
Rechecking for solution: 0
Report Id: 0a9aed30-3625-4f20-ac9b-575a8fae919c
Report Status: 268435456
Hashed bucket: 0ab30d045b2cac8c8b56a78fd7fe2b98
Cab Guid: 0"
"24-04-2026 11:42:41","Microsoft-Windows-Security-SPP","Information","Successfully scheduled Software Protection service for re-start at 2126-03-31T06:12:41Z. Reason: RulesEngine."
"24-04-2026 11:42:19","Universal Print","Information","Initialization Successful. Enabled=false, CloudPrintSolution=Unknown, DiscoveryEndpoint=, OAuthAuthority=, OAuthClientId=, DiscoveryResourceId=, PrintResourceId="
"24-04-2026 11:42:19","Universal Print","Information","Device is neither AAD/Domain Joined or Workplace Joined."
"24-04-2026 11:42:11","Microsoft-Windows-Security-SPP","Information","Offline downlevel migration succeeded."
"24-04-2026 11:41:53","BROWSER","Information","The browser has forced an election on network \Device\NetBT_Tcpip_{6A15308C-4FD7-436D-B83D-274F0695A949} because a master browser was stopped."
"24-04-2026 11:41:45","Microsoft-Windows-DistributedCOM","Warning","The application-specific permission settings do not grant Local Activation permission for the COM Server application with CLSID 
{2593F8B9-4EAF-457C-B68A-50F6B8EA6B54}
 and APPID 
{15C20B67-12E7-4BB6-92BB-7AFF07997402}
 to the user Priyanshu\priya SID (S-1-5-21-1258550371-3975648611-2483462874-1001) from address LocalHost (Using LRPC) running in the application container Unavailable SID (Unavailable). This security permission can be modified using the Component Services administrative tool."
"24-04-2026 11:37:05","Universal Print","Information","Initialization Successful. Enabled=false, CloudPrintSolution=Unknown, DiscoveryEndpoint=, OAuthAuthority=, OAuthClientId=, DiscoveryResourceId=, PrintResourceId="
"24-04-2026 11:37:05","Universal Print","Information","Device is neither AAD/Domain Joined or Workplace Joined."
"24-04-2026 11:32:58","NetBT","Error","The name ""WORKGROUP      :1d"" could not be registered on the interface with IP address 172.17.46.36. The computer with the IP address 172.17.44.247 did not allow the name to be claimed by this computer."
"24-04-2026 11:27:47","NetBT","Error","The name ""WORKGROUP      :1d"" could not be registered on the interface with IP address 172.17.46.36. The computer with the IP address 172.17.44.247 did not allow the name to be claimed by this computer."
"24-04-2026 11:22:35","NetBT","Error","The name ""WORKGROUP      :1d"" could not be registered on the interface with IP address 172.17.46.36. The computer with the IP address 172.17.44.247 did not allow the name to be claimed by this computer."
"24-04-2026 11:22:31","Universal Print","Information","Initialization Successful. Enabled=false, CloudPrintSolution=Unknown, DiscoveryEndpoint=, OAuthAuthority=, OAuthClientId=, DiscoveryResourceId=, PrintResourceId="
"24-04-2026 11:22:31","Universal Print","Information","Device is neither AAD/Domain Joined or Workplace Joined."
"24-04-2026 11:22:08","BROWSER","Information","The browser has forced an election on network \Device\NetBT_Tcpip_{6A15308C-4FD7-436D-B83D-274F0695A949} because a master browser was stopped."
"24-04-2026 11:06:25","edgeupdate","Information","Service stopped."
"24-04-2026 11:06:06","Microsoft-Windows-AppXDeploymentServer/Operational",,
"24-04-2026 11:06:05","Microsoft-Windows-Kernel-General","Information","The access history in hive \??\C:\ProgramData\Microsoft\Windows\AppRepository\Packages\Microsoft.Copilot_147.0.3912.84_neutral__8wekyb3d8bbwe\ActivationStore.dat was cleared updating 0 keys and creating 0 modified pages."
"24-04-2026 11:05:38","BTHUSB","Error","The Bluetooth driver expected an HCI event with a certain size but did not receive it."
"24-04-2026 11:00:00","Microsoft-Windows-Security-SPP","Information","Successfully scheduled Software Protection service for re-start at 2126-03-31T05:30:00Z. Reason: RulesEngine."
"24-04-2026 10:59:30","Microsoft-Windows-Security-SPP","Information","Offline downlevel migration succeeded."
"24-04-2026 10:59:05","Microsoft-Windows-Security-SPP","Information","Successfully scheduled Software Protection service for re-start at 2126-03-31T05:29:05Z. Reason: RulesEngine."
"24-04-2026 10:58:27","ELAN/Service",,
"24-04-2026 10:58:27","ELAN/Service",,
"24-04-2026 10:58:27","Microsoft-Windows-Security-SPP","Information","Offline downlevel migration succeeded."
"24-04-2026 10:55:32","Microsoft-Windows-DistributedCOM","Warning","The application-specific permission settings do not grant Local Activation permission for the COM Server application with CLSID 
{2593F8B9-4EAF-457C-B68A-50F6B8EA6B54}
 and APPID 
{15C20B67-12E7-4BB6-92BB-7AFF07997402}
 to the user Priyanshu\priya SID (S-1-5-21-1258550371-3975648611-2483462874-1001) from address LocalHost (Using LRPC) running in the application container Unavailable SID (Unavailable). This security permission can be modified using the Component Services administrative tool."
"24-04-2026 10:55:03","Microsoft-Windows-DistributedCOM","Warning","The application-specific permission settings do not grant Local Activation permission for the COM Server application with CLSID 
{2593F8B9-4EAF-457C-B68A-50F6B8EA6B54}
 and APPID 
{15C20B67-12E7-4BB6-92BB-7AFF07997402}
 to the user Priyanshu\priya SID (S-1-5-21-1258550371-3975648611-2483462874-1001) from address LocalHost (Using LRPC) running in the application container Unavailable SID (Unavailable). This security permission can be modified using the Component Services administrative tool."
"24-04-2026 10:54:54","SecurityCenter","Information","Updated Windows Defender status successfully to SECURITY_PRODUCT_STATE_ON."
"24-04-2026 10:54:52","Microsoft-Windows-WindowsUpdateClient","Information","Installation Successful: Windows successfully installed the following update: Security Intelligence Update for Microsoft Defender Antivirus - KB2267602 (Version 1.449.266.0) - Current Channel (Broad)"
"24-04-2026 10:54:43","Microsoft-Windows-WindowsUpdateClient","Information","Installation Started: Windows has started installing the following update: Security Intelligence Update for Microsoft Defender Antivirus - KB2267602 (Version 1.449.266.0) - Current Channel (Broad)"
"24-04-2026 10:54:38","Microsoft-Windows-WindowsUpdateClient","Information","Windows Update started downloading an update."
"24-04-2026 10:50:50","Microsoft-Windows-Security-SPP","Information","Successfully scheduled Software Protection service for re-start at 2126-03-31T05:20:50Z. Reason: RulesEngine."
"24-04-2026 10:50:19","Microsoft-Windows-Security-SPP","Information","Offline downlevel migration succeeded."
"24-04-2026 10:49:51","Microsoft-Windows-Security-SPP","Information","Successfully scheduled Software Protection service for re-start at 2126-03-31T05:19:51Z. Reason: RulesEngine."
"24-04-2026 10:49:18","Microsoft-Windows-Kernel-General","Information","The access history in hive \??\C:\ProgramData\Packages\Microsoft.XboxGamingOverlay_8wekyb3d8bbwe\S-1-5-21-1258550371-3975648611-2483462874-1001\SystemAppData\Helium\Cache\5784e26766524a4_COM15.dat was cleared updating 1 keys and creating 1 modified pages."
"24-04-2026 10:49:18","Microsoft-Windows-Kernel-General","Information","The access history in hive \??\C:\Users\priya\AppData\Local\Packages\Microsoft.XboxGamingOverlay_8wekyb3d8bbwe\Settings\settings.dat was cleared updating 5 keys and creating 1 modified pages."
"24-04-2026 10:49:14","Microsoft-Windows-Security-SPP","Information","Offline downlevel migration succeeded."
"24-04-2026 10:48:16","Service Control Manager","Information","The start type of the Background Intelligent Transfer Service service was changed from auto start to demand start."
"24-04-2026 10:48:02","Microsoft-Windows-TPM-WMI","Information","This device has updated Secure Boot CA/keys. This device signature information is included here.
DeviceAttributes: FirmwareManufacturer:AMI;FirmwareVersion:F.17;OEMModelBaseBoard:89F3;OEMManufacturerName:HP;OSArchitecture:amd64;
BucketId: 07f25a2b96458d1e79c7a41f56c3d189e8497eaf812ed9f69d3f6c84b727e339
BucketConfidenceLevel: Under Observation - More Data Needed
UpdateType: Windows UEFI CA 2023 (DB), Option ROM CA 2023 (DB), 3P UEFI CA 2023 (DB), KEK 2023, Boot Manager (2023)
For more information, please see https://go.microsoft.com/fwlink/?linkid=2301018."
"24-04-2026 10:48:02","Microsoft-Windows-TPM-WMI","Error","The Secure Boot update failed to update SBAT with error Unknown HResult Error code: 0x800700c1. For more information, please see https://go.microsoft.com/fwlink/?linkid=2169931"
"24-04-2026 10:46:35","Microsoft-Windows-Kernel-General","Information","The access history in hive \??\C:\ProgramData\Packages\gemini.google.com-D0A8E439_vn3jms8s81tkg\S-1-5-21-1258550371-3975648611-2483462874-1001\SystemAppData\Helium\Cache\10bcca71d19459a3_COM15.dat was cleared updating 1 keys and creating 1 modified pages."
"24-04-2026 10:46:35","Microsoft-Windows-Kernel-General","Information","The access history in hive \??\C:\Users\priya\AppData\Local\Packages\gemini.google.com-D0A8E439_vn3jms8s81tkg\SystemAppData\Helium\UserClasses.dat was cleared updating 1 keys and creating 1 modified pages."
"24-04-2026 10:46:35","Microsoft-Windows-Kernel-General","Information","The access history in hive \??\C:\Users\priya\AppData\Local\Packages\gemini.google.com-D0A8E439_vn3jms8s81tkg\SystemAppData\Helium\User.dat was cleared updating 1 keys and creating 1 modified pages."
"24-04-2026 10:46:15","Microsoft-Windows-Perflib","Warning","The Open procedure for service ""aspnet_state"" in DLL ""C:\Windows\System32\aspnet_counters.dll"" failed with error code The parameter is incorrect.. Performance data for this service will not be available."
"24-04-2026 10:46:15","Microsoft-Windows-Perflib","Warning","The Open procedure for service ""ASP.NET_4.0.30319"" in DLL ""C:\Windows\System32\aspnet_counters.dll"" failed with error code The parameter is incorrect.. Performance data for this service will not be available."
"24-04-2026 10:46:15","Microsoft-Windows-Perflib","Warning","The Open procedure for service ""ASP.NET"" in DLL ""C:\Windows\System32\aspnet_counters.dll"" failed with error code The parameter is incorrect.. Performance data for this service will not be available."
"24-04-2026 10:46:04","Microsoft-Windows-Security-SPP","Information","Successfully scheduled Software Protection service for re-start at 2126-03-31T05:16:04Z. Reason: RulesEngine."
"24-04-2026 10:45:58","Microsoft-Windows-DistributedCOM","Warning","The application-specific permission settings do not grant Local Activation permission for the COM Server application with CLSID 
{2593F8B9-4EAF-457C-B68A-50F6B8EA6B54}
 and APPID 
{15C20B67-12E7-4BB6-92BB-7AFF07997402}
 to the user Priyanshu\priya SID (S-1-5-21-1258550371-3975648611-2483462874-1001) from address LocalHost (Using LRPC) running in the application container Unavailable SID (Unavailable). This security permission can be modified using the Component Services administrative tool."
"24-04-2026 10:45:34","Microsoft-Windows-Security-SPP","Information","The Software Protection service has completed licensing status check.
Application Id=0ff1ce15-a989-479d-af46-f275c6370663
Licensing Status=
1: fb3540bc-a824-4c79-83da-6f6bd3ac6ccb, 1, 0 [(0 [0xC004F014, 0, 0], [(?)(?)(?)(?)(?)(?)(?)(?)])(1 )(2 )(3 )]

"
"24-04-2026 10:45:34","Microsoft-Windows-Security-SPP","Information","The Software Protection service has completed licensing status check.
Application Id=55c92734-d682-4d71-983e-d6ec3f16059f
Licensing Status=
1: ed799377-74b8-4989-a244-14d082e65972, 1, 0 [(0 [0xC004F014, 0, 0], [(?)(?)(?)(?)(?)(?)(?)(?)])(1 )(2 )(3 )]

"
"24-04-2026 10:45:34","Microsoft-Windows-Security-SPP","Information","The Software Protection service has completed licensing status check.
Application Id=55c92734-d682-4d71-983e-d6ec3f16059f
Licensing Status=
1: e371d89a-73e8-4b24-a7ff-23a3641dd18e, 1, 0 [(0 [0xC004F014, 0, 0], [(?)(?)(?)(?)(?)(?)(?)(?)])(1 )(2 )(3 )]

"
"24-04-2026 10:45:33","Microsoft-Windows-Security-SPP","Information","The Software Protection service has completed licensing status check.
Application Id=55c92734-d682-4d71-983e-d6ec3f16059f
Licensing Status=
1: da9621af-f086-4244-b563-18611e51aa1a, 1, 0 [(0 [0xC004F014, 0, 0], [(?)(?)(?)(?)(?)(?)(?)(?)])(1 )(2 )(3 )]

"
"24-04-2026 10:45:33","Microsoft-Windows-Security-SPP","Information","The Software Protection service has completed licensing status check.
Application Id=0ff1ce15-a989-479d-af46-f275c6370663
Licensing Status=
1: d7279dd0-e175-49fe-a623-8fc2fc00afc4, 1, 1 [(0 )(1 )(2 )(3 [0x00000000, 0, 0], [( 6 0xC004F009 5 0)( 1 0x00000000)( 6 0xC004F009 5 0)(?)(?)(?)( 10 0x00000000 msft:rm/algorithm/flags/1.0)( 11 0x00000000 0xC004F009)])]

"
"24-04-2026 10:45:33","Microsoft-Windows-Security-SPP","Information","The Software Protection service has completed licensing status check.
Application Id=55c92734-d682-4d71-983e-d6ec3f16059f
Licensing Status=
1: cd918a57-a41b-4c82-8dce-1a538e221a83, 1, 0 [(0 [0xC004F014, 0, 0], [(?)(?)(?)(?)(?)(?)(?)(?)])(1 )(2 )(3 )]

"
"24-04-2026 10:45:33","Application","Information",
"24-04-2026 10:45:33","Microsoft-Windows-Security-SPP","Information","The Software Protection service has completed licensing status check.
Application Id=0ff1ce15-a989-479d-af46-f275c6370663
Licensing Status=
1: c85fe025-b033-4f41-936b-b121521ba1c1, 1, 0 [(0 [0xC004F014, 0, 0], [(?)(?)(?)(?)(?)(?)(?)(?)])(1 )(2 )(3 )]

"
"24-04-2026 10:45:32","Microsoft-Windows-Security-SPP","Information","The Software Protection service has completed licensing status check.
Application Id=0ff1ce15-a989-479d-af46-f275c6370663
Licensing Status=
1: b58a5943-16ea-420f-a611-7b230acd762c, 1, 0 [(0 [0xC004F014, 0, 0], [(?)(?)(?)(?)(?)(?)(?)(?)])(1 )(2 )(3 )]

"
"24-04-2026 10:45:32","Microsoft-Windows-Security-SPP","Information","The Software Protection service has completed licensing status check.
Application Id=0ff1ce15-a989-479d-af46-f275c6370663
Licensing Status=
1: b4af11be-5f94-4d8f-9844-ce0d5e0d8680, 1, 0 [(0 [0xC004F014, 0, 0], [(?)(?)(?)(?)(?)(?)(?)(?)])(1 )(2 )(3 )]

"
"24-04-2026 10:45:32","Microsoft-Windows-Security-SPP","Information","The Software Protection service has completed licensing status check.
Application Id=0ff1ce15-a989-479d-af46-f275c6370663
Licensing Status=
1: ae9d158f-9450-4a0c-8c80-dd973c58357c, 1, 0 [(0 [0xC004F014, 0, 0], [(?)(?)(?)(?)(?)(?)(?)(?)])(1 )(2 )(3 )]

"
"24-04-2026 10:45:31","Microsoft-Windows-Security-SPP","Information","The Software Protection service has completed licensing status check.
Application Id=0ff1ce15-a989-479d-af46-f275c6370663
Licensing Status=
1: a96f8dae-da54-4fad-bdc6-108da592707a, 1, 0 [(0 [0xC004F014, 0, 0], [(?)(?)(?)(?)(?)(?)(?)(?)])(1 )(2 )(3 )]

"
"24-04-2026 10:45:31","Microsoft-Windows-Security-SPP","Information","The Software Protection service has completed licensing status check.
Application Id=0ff1ce15-a989-479d-af46-f275c6370663
Licensing Status=
1: a570c5df-b1a3-485c-a8cd-b47e90787ba8, 1, 0 [(0 [0xC004F014, 0, 0], [(?)(?)(?)(?)(?)(?)(?)(?)])(1 )(2 )(3 )]

"
"24-04-2026 10:45:30","Microsoft-Windows-Security-SPP","Information","The Software Protection service has completed licensing status check.
Application Id=0ff1ce15-a989-479d-af46-f275c6370663
Licensing Status=
1: 9e7d5312-95fc-4443-a551-69c20624ec6b, 1, 0 [(0 [0xC004F014, 0, 0], [(?)(?)(?)(?)(?)(?)(?)(?)])(1 )(2 )(3 )]

"
"24-04-2026 10:45:30","Microsoft-Windows-Security-SPP","Information","The Software Protection service has completed licensing status check.
Application Id=0ff1ce15-a989-479d-af46-f275c6370663
Licensing Status=
1: 96353198-443e-479d-9e80-9a6d72fd1a99, 1, 0 [(0 [0xC004F014, 0, 0], [(?)(?)(?)(?)(?)(?)(?)(?)])(1 )(2 )(3 )]

"
"24-04-2026 10:45:30","Microsoft-Windows-Security-SPP","Information","The Software Protection service has completed licensing status check.
Application Id=0ff1ce15-a989-479d-af46-f275c6370663
Licensing Status=
1: 95820f84-6e8c-4d22-b2ce-54953e9911bc, 1, 0 [(0 [0xC004F014, 0, 0], [(?)(?)(?)(?)(?)(?)(?)(?)])(1 )(2 )(3 )]

"
"24-04-2026 10:45:29","Microsoft-Windows-Security-SPP","Information","The Software Protection service has completed licensing status check.
Application Id=0ff1ce15-a989-479d-af46-f275c6370663
Licensing Status=
1: 951c0fe6-40a8-4400-8003-eec0686ffbc4, 1, 0 [(0 [0xC004F014, 0, 0], [(?)(?)(?)(?)(?)(?)(?)(?)])(1 )(2 )(3 )]

"
"24-04-2026 10:45:29","Microsoft-Windows-Security-SPP","Information","The Software Protection service has completed licensing status check.
Application Id=55c92734-d682-4d71-983e-d6ec3f16059f
Licensing Status=
1: 8db63db6-4f8f-46d6-a448-66444faaaa72, 1, 0 [(0 [0xC004F014, 0, 0], [(?)(?)(?)(?)(?)(?)(?)(?)])(1 )(2 )(3 )]

"
"24-04-2026 10:45:29","Microsoft-Windows-Security-SPP","Information","The Software Protection service has completed licensing status check.
Application Id=55c92734-d682-4d71-983e-d6ec3f16059f
Licensing Status=
1: 8a292df8-d653-4057-8133-a0701792f912, 1, 1 [(0 )(1 )(2 [0x00000000, 1, 0], [(?)( 1 0x00000000)(?)(?)(?)(?)( 10 0x00000000 msft:rm/algorithm/flags/1.0)(?)])(3 )]

"
"24-04-2026 10:45:28","Microsoft-Windows-Security-SPP","Information","The Software Protection service has completed licensing status check.
Application Id=0ff1ce15-a989-479d-af46-f275c6370663
Licensing Status=
1: 86af9220-9d6f-4575-bef0-619a9a6aa005, 1, 0 [(0 [0xC004F014, 0, 0], [(?)(?)(?)(?)(?)(?)(?)(?)])(1 )(2 )(3 )]

"
"24-04-2026 10:45:28","Microsoft-Windows-Security-SPP","Information","The Software Protection service has completed licensing status check.
Application Id=0ff1ce15-a989-479d-af46-f275c6370663
Licensing Status=
1: 7ab38a1c-a803-4ca5-8ebb-f8786c4b4faa, 1, 0 [(0 [0xC004F014, 0, 0], [(?)(?)(?)(?)(?)(?)(?)(?)])(1 )(2 )(3 )]

"
"24-04-2026 10:45:28","Microsoft-Windows-Security-SPP","Information","The Software Protection service has completed licensing status check.
Application Id=0ff1ce15-a989-479d-af46-f275c6370663
Licensing Status=
1: 77f47589-2212-4e3b-ad27-a900ce813837, 1, 0 [(0 [0xC004F014, 0, 0], [(?)(?)(?)(?)(?)(?)(?)(?)])(1 )(2 )(3 )]

"
"24-04-2026 10:45:28","Microsoft-Windows-Security-SPP","Information","The Software Protection service has completed licensing status check.
Application Id=55c92734-d682-4d71-983e-d6ec3f16059f
Licensing Status=
1: 74436dbb-cc17-46de-867f-14906ba4a938, 1, 0 [(0 [0xC004F014, 0, 0], [(?)(?)(?)(?)(?)(?)(?)(?)])(1 )(2 )(3 )]

"
"24-04-2026 10:45:27","Microsoft-Windows-Security-SPP","Information","The Software Protection service has completed licensing status check.
Application Id=55c92734-d682-4d71-983e-d6ec3f16059f
Licensing Status=
1: 653098ee-780d-4863-8cf2-d18399ce413b, 1, 0 [(0 [0xC004F014, 0, 0], [(?)(?)(?)(?)(?)(?)(?)(?)])(1 )(2 )(3 )]

"
"24-04-2026 10:45:27","Microsoft-Windows-Security-SPP","Information","The Software Protection service has completed licensing status check.
Application Id=0ff1ce15-a989-479d-af46-f275c6370663
Licensing Status=
1: 649fb593-1aea-4f3d-9ede-6d756561a2e5, 1, 0 [(0 [0xC004F014, 0, 0], [(?)(?)(?)(?)(?)(?)(?)(?)])(1 )(2 )(3 )]

"
"24-04-2026 10:45:27","Microsoft-Windows-Security-SPP","Information","The Software Protection service has completed licensing status check.
Application Id=55c92734-d682-4d71-983e-d6ec3f16059f
Licensing Status=
1: 58e97c99-f377-4ef1-81d5-4ad5522b5fd8, 1, 0 [(0 [0xC004F014, 0, 0], [(?)(?)(?)(?)(?)(?)(?)(?)])(1 )(2 )(3 )]

"
"24-04-2026 10:45:27","Microsoft-Windows-Security-SPP","Information","The Software Protection service has completed licensing status check.
Application Id=0ff1ce15-a989-479d-af46-f275c6370663
Licensing Status=
1: 537ea5b5-7d50-4876-bd38-a53a77caca32, 1, 0 [(0 [0xC004F014, 0, 0], [(?)(?)(?)(?)(?)(?)(?)(?)])(1 )(2 )(3 )]

"
"24-04-2026 10:45:26","Microsoft-Windows-Security-SPP","Information","The Software Protection service has completed licensing status check.
Application Id=0ff1ce15-a989-479d-af46-f275c6370663
Licensing Status=
1: 52287aa3-9945-44d1-9046-7a3373666821, 1, 0 [(0 [0xC004F014, 0, 0], [(?)(?)(?)(?)(?)(?)(?)(?)])(1 )(2 )(3 )]

"
"24-04-2026 10:45:26","Microsoft-Windows-Security-SPP","Information","The Software Protection service has completed licensing status check.
Application Id=0ff1ce15-a989-479d-af46-f275c6370663
Licensing Status=
1: 4c1d1588-3088-4796-b3b2-8935f3a0d886, 1, 0 [(0 [0xC004F014, 0, 0], [(?)(?)(?)(?)(?)(?)(?)(?)])(1 )(2 )(3 )]

"
"24-04-2026 10:45:26","Microsoft-Windows-Security-SPP","Information","The Software Protection service has completed licensing status check.
Application Id=0ff1ce15-a989-479d-af46-f275c6370663
Licensing Status=
1: 44f73ee6-d2f7-4502-97d5-046e8820662e, 1, 0 [(0 [0xC004F014, 0, 0], [(?)(?)(?)(?)(?)(?)(?)(?)])(1 )(2 )(3 )]

"
"24-04-2026 10:45:26","Microsoft-Windows-Security-SPP","Information","The Software Protection service has completed licensing status check.
Application Id=0ff1ce15-a989-479d-af46-f275c6370663
Licensing Status=
1: 436366de-5579-4f24-96db-3893e4400030, 1, 1 [(0 )(1 )(2 )(3 [0x00000000, 1, 0], [(?)( 1 0x00000000)(?)(?)(?)(?)( 10 0x00000000 msft:rm/algorithm/flags/1.0)(?)])]

"
"24-04-2026 10:45:25","Microsoft-Windows-Security-SPP","Information","The Software Protection service has completed licensing status check.
Application Id=55c92734-d682-4d71-983e-d6ec3f16059f
Licensing Status=
1: 411b3d4f-be6d-4a06-baaa-9cabfc256cae, 1, 0 [(0 [0xC004F014, 0, 0], [(?)(?)(?)(?)(?)(?)(?)(?)])(1 )(2 )(3 )]

"
"24-04-2026 10:45:25","Microsoft-Windows-Security-SPP","Information","The Software Protection service has completed licensing status check.
Application Id=55c92734-d682-4d71-983e-d6ec3f16059f
Licensing Status=
1: 4002e33a-524c-4100-8108-131a0d42c0ea, 1, 0 [(0 [0xC004F014, 0, 0], [(?)(?)(?)(?)(?)(?)(?)(?)])(1 )(2 )(3 )]

"
"24-04-2026 10:45:25","Microsoft-Windows-Security-SPP","Information","The Software Protection service has completed licensing status check.
Application Id=55c92734-d682-4d71-983e-d6ec3f16059f
Licensing Status=
1: 3ae2cc14-ab2d-41f4-972f-5e20142771dc, 1, 0 [(0 [0xC004F014, 0, 0], [(?)(?)(?)(?)(?)(?)(?)(?)])(1 )(2 )(3 )]

"
"24-04-2026 10:45:25","Microsoft-Windows-Security-SPP","Information","The Software Protection service has completed licensing status check.
Application Id=55c92734-d682-4d71-983e-d6ec3f16059f
Licensing Status=
1: 30d469c6-a78f-4476-b5c8-af78d5b6a5fb, 1, 0 [(0 [0xC004F014, 0, 0], [(?)(?)(?)(?)(?)(?)(?)(?)])(1 )(2 )(3 )]

"
"24-04-2026 10:45:25","Microsoft-Windows-Security-SPP","Information","The Software Protection service has completed licensing status check.
Application Id=0ff1ce15-a989-479d-af46-f275c6370663
Licensing Status=
1: 2fc0111c-bf0b-4bdd-900c-e3c713034746, 1, 0 [(0 [0xC004F014, 0, 0], [(?)(?)(?)(?)(?)(?)(?)(?)])(1 )(2 )(3 )]

"
"24-04-2026 10:45:24","Microsoft-Windows-Security-SPP","Information","The Software Protection service has completed licensing status check.
Application Id=0ff1ce15-a989-479d-af46-f275c6370663
Licensing Status=
1: 2f258377-738f-48dd-9397-287e43079958, 1, 0 [(0 [0xC004F014, 0, 0], [(?)(?)(?)(?)(?)(?)(?)(?)])(1 )(2 )(3 )]

"
"24-04-2026 10:45:24","Microsoft-Windows-Security-SPP","Information","The Software Protection service has completed licensing status check.
Application Id=55c92734-d682-4d71-983e-d6ec3f16059f
Licensing Status=
1: 2b1f36bb-c1cd-4306-bf5c-a0367c2d97d8, 1, 0 [(0 [0xC004F014, 0, 0], [(?)(?)(?)(?)(?)(?)(?)(?)])(1 )(2 )(3 )]

"
"24-04-2026 10:45:24","Microsoft-Windows-Security-SPP","Information","The Software Protection service has completed licensing status check.
Application Id=0ff1ce15-a989-479d-af46-f275c6370663
Licensing Status=
1: 28f64a3f-cf84-46da-b1e8-2dfa7750e491, 1, 0 [(0 [0xC004F014, 0, 0], [(?)(?)(?)(?)(?)(?)(?)(?)])(1 )(2 )(3 )]

"
"24-04-2026 10:45:24","Microsoft-Windows-Security-SPP","Information","The Software Protection service has completed licensing status check.
Application Id=55c92734-d682-4d71-983e-d6ec3f16059f
Licensing Status=
1: 1d873132-f09f-4eb2-bf5a-2e4fb48935e8, 1, 0 [(0 [0xC004F014, 0, 0], [(?)(?)(?)(?)(?)(?)(?)(?)])(1 )(2 )(3 )]

"
"24-04-2026 10:45:23","Microsoft-Windows-Security-SPP","Information","The Software Protection service has completed licensing status check.
Application Id=0ff1ce15-a989-479d-af46-f275c6370663
Licensing Status=
1: 1cac786a-7f16-4ede-b7fc-cfbce8fe24c7, 1, 0 [(0 [0xC004F014, 0, 0], [(?)(?)(?)(?)(?)(?)(?)(?)])(1 )(2 )(3 )]

"
"24-04-2026 10:45:23","Microsoft-Windows-Security-SPP","Information","The Software Protection service has completed licensing status check.
Application Id=55c92734-d682-4d71-983e-d6ec3f16059f
Licensing Status=
1: 1b750385-9fe2-49a8-ab55-149d0546395b, 1, 0 [(0 [0xC004F014, 0, 0], [(?)(?)(?)(?)(?)(?)(?)(?)])(1 )(2 )(3 )]

"
"24-04-2026 10:45:23","Microsoft-Windows-Security-SPP","Information","The Software Protection service has completed licensing status check.
Application Id=0ff1ce15-a989-479d-af46-f275c6370663
Licensing Status=
1: 112b0ed2-cf1a-42ce-a0c2-4ee20b59d267, 1, 0 [(0 [0xC004F014, 0, 0], [(?)(?)(?)(?)(?)(?)(?)(?)])(1 )(2 )(3 )]

"
"24-04-2026 10:45:22","Microsoft-Windows-Security-SPP","Information","The Software Protection service has completed licensing status check.
Application Id=0ff1ce15-a989-479d-af46-f275c6370663
Licensing Status=
1: 0cf5c9c4-62d8-42e7-8443-b2715ddae7ba, 1, 0 [(0 [0xC004F014, 0, 0], [(?)(?)(?)(?)(?)(?)(?)(?)])(1 )(2 )(3 )]

"
"24-04-2026 10:45:21","Microsoft-Windows-Security-SPP","Information","The Software Protection service has completed licensing status check.
Application Id=55c92734-d682-4d71-983e-d6ec3f16059f
Licensing Status=
1: 0567073a-7d74-403b-b2d5-6b35da372d8d, 1, 0 [(0 [0xC004F014, 0, 0], [(?)(?)(?)(?)(?)(?)(?)(?)])(1 )(2 )(3 )]

"
"24-04-2026 10:45:21","Microsoft-Windows-Security-SPP","Information","Offline downlevel migration succeeded."
"24-04-2026 10:45:11","SecurityCenter","Information","Updated Windows Defender status successfully to SECURITY_PRODUCT_STATE_ON."
"24-04-2026 10:45:10","Microsoft-Windows-DistributedCOM","Warning","The application-specific permission settings do not grant Local Activation permission for the COM Server application with CLSID 
{8BC3F05E-D86B-11D0-A075-00C04FB68820}
 and APPID 
{8BC3F05E-D86B-11D0-A075-00C04FB68820}
 to the user Priyanshu\priya SID (S-1-5-21-1258550371-3975648611-2483462874-1001) from address LocalHost (Using LRPC) running in the application container Unavailable SID (S-1-15-2-3006064148-4080734719-2411410045-2514817804-89367383-2899296059-3882658772). This security permission can be modified using the Component Services administrative tool."
"24-04-2026 10:45:09","SecurityCenter","Information","The Windows Security Center Service has started."
"24-04-2026 10:45:09","Microsoft-Windows-DistributedCOM","Warning","The application-specific permission settings do not grant Local Launch permission for the COM Server application with CLSID 
Windows.SecurityCenter.WscDataProtection
 and APPID 
Unavailable
 to the user NT AUTHORITY\SYSTEM SID (S-1-5-18) from address LocalHost (Using LRPC) running in the application container Unavailable SID (Unavailable). This security permission can be modified using the Component Services administrative tool."
"24-04-2026 10:45:09","Microsoft-Windows-DistributedCOM","Warning","The application-specific permission settings do not grant Local Launch permission for the COM Server application with CLSID 
Windows.SecurityCenter.SecurityAppBroker
 and APPID 
Unavailable
 to the user NT AUTHORITY\SYSTEM SID (S-1-5-18) from address LocalHost (Using LRPC) running in the application container Unavailable SID (Unavailable). This security permission can be modified using the Component Services administrative tool."
"24-04-2026 10:45:09","Microsoft-Windows-DistributedCOM","Warning","The application-specific permission settings do not grant Local Launch permission for the COM Server application with CLSID 
Windows.SecurityCenter.WscBrokerManager
 and APPID 
Unavailable
 to the user NT AUTHORITY\SYSTEM SID (S-1-5-18) from address LocalHost (Using LRPC) running in the application container Unavailable SID (Unavailable). This security permission can be modified using the Component Services administrative tool."
"24-04-2026 10:45:09","Microsoft-Windows-Security-SPP","Information","Successfully scheduled Software Protection service for re-start at 2126-03-31T05:15:09Z. Reason: RulesEngine."
"24-04-2026 10:45:05","edgeupdate","Information","Service stopped."
"24-04-2026 10:45:05","Microsoft-Windows-Kernel-General","Information","The access history in hive \??\C:\WINDOWS\ServiceProfiles\NetworkService\AppData\Local\Microsoft\Windows\DeliveryOptimization\State\dosvcState.dat was cleared updating 43 keys and creating 11 modified pages."
"24-04-2026 10:45:05","Microsoft-Windows-DistributedCOM","Warning","The application-specific permission settings do not grant Local Activation permission for the COM Server application with CLSID 
{9EA82395-E31B-41CA-8DF7-EC1CEE7194DF}
 and APPID 
{2ED83BAA-B2FD-43B1-99BF-E6149C622692}
 to the user NT AUTHORITY\NETWORK SERVICE SID (S-1-5-20) from address LocalHost (Using LRPC) running in the application container Unavailable SID (Unavailable). This security permission can be modified using the Component Services administrative tool."
"24-04-2026 10:44:44","Service Control Manager","Information","The start type of the Background Intelligent Transfer Service service was changed from demand start to auto start."
"24-04-2026 10:44:42","Microsoft-Windows-DistributedCOM","Warning","The application-specific permission settings do not grant Local Launch permission for the COM Server application with CLSID 
Windows.SecurityCenter.WscCloudBackupProvider
 and APPID 
Unavailable
 to the user Priyanshu\priya SID (S-1-5-21-1258550371-3975648611-2483462874-1001) from address LocalHost (Using LRPC) running in the application container Unavailable SID (Unavailable). This security permission can be modified using the Component Services administrative tool."
"24-04-2026 10:44:41","Microsoft-Windows-DistributedCOM","Warning","The application-specific permission settings do not grant Local Launch permission for the COM Server application with CLSID 
Windows.SecurityCenter.WscCloudBackupProvider
 and APPID 
Unavailable
 to the user Priyanshu\priya SID (S-1-5-21-1258550371-3975648611-2483462874-1001) from address LocalHost (Using LRPC) running in the application container Unavailable SID (Unavailable). This security permission can be modified using the Component Services administrative tool."
"24-04-2026 10:44:24",".NET Runtime","Error",".NET Runtime version 4.0.30319.0 - There was a failure initializing profiling API attach infrastructure.  This process will not allow a profiler to attach.  HRESULT: 0x80004005.  Process ID (decimal): 12796.  Message ID: [0x2509]."
"24-04-2026 10:44:23",".NET Runtime","Error",".NET Runtime version 4.0.30319.0 - There was a failure initializing profiling API attach infrastructure.  This process will not allow a profiler to attach.  HRESULT: 0x80004005.  Process ID (decimal): 18240.  Message ID: [0x2509]."
"24-04-2026 10:44:14","Microsoft-Windows-Security-SPP","Information","Offline downlevel migration succeeded."
"24-04-2026 10:44:06","Edge","Information","[15844:15960:0424/104406.038:INFO:chrome\browser\extensions\extension_garbage_collector.cc:188] Garbage collection for extensions on file thread is complete."
"24-04-2026 10:43:59","Microsoft-Windows-Security-SPP","Information","The Software Protection service has stopped.
"
"24-04-2026 10:43:59","Microsoft-Windows-Security-SPP","Information","Successfully scheduled Software Protection service for re-start at 2126-03-31T05:13:59Z. Reason: RulesEngine."
"24-04-2026 10:43:58","Microsoft-Windows-Kernel-General","Information","The access history in hive \??\C:\Users\priya\AppData\Local\Packages\aimgr_8wekyb3d8bbwe\Settings\settings.dat was cleared updating 1 keys and creating 1 modified pages."
"24-04-2026 10:43:35","Microsoft-Windows-IsolatedUserMode","Information","Secure Trustlet NULL Id 0 and Pid 0 started with status STATUS_SUCCESS."
"24-04-2026 10:43:30","Microsoft-Windows-Search","Information","The Windows Search Service started.
"
"24-04-2026 10:43:30","HP Comm Recovery","Information","Version : 2.0.19.0"
"24-04-2026 10:43:26","ELAN/Service",,
"24-04-2026 10:43:25","Microsoft-Windows-DistributedCOM","Warning","The application-specific permission settings do not grant Local Activation permission for the COM Server application with CLSID 
{6B3B8D23-FA8D-40B9-8DBD-B950333E2C52}
 and APPID 
{4839DDB7-58C2-48F5-8283-E1D1807D0D7D}
 to the user NT AUTHORITY\LOCAL SERVICE SID (S-1-5-19) from address LocalHost (Using LRPC) running in the application container Unavailable SID (Unavailable). This security permission can be modified using the Component Services administrative tool."
"24-04-2026 10:43:25","Microsoft-Windows-DistributedCOM","Warning","The application-specific permission settings do not grant Local Activation permission for the COM Server application with CLSID 
{6B3B8D23-FA8D-40B9-8DBD-B950333E2C52}
 and APPID 
{4839DDB7-58C2-48F5-8283-E1D1807D0D7D}
 to the user NT AUTHORITY\LOCAL SERVICE SID (S-1-5-19) from address LocalHost (Using LRPC) running in the application container Unavailable SID (Unavailable). This security permission can be modified using the Component Services administrative tool."
"24-04-2026 10:43:25","Microsoft-Windows-Winlogon","Information","The winlogon notification subscriber <SessionEnv> was unavailable to handle a notification event."
"24-04-2026 10:43:25","ELAN/Service",,
"24-04-2026 10:43:25","ELAN/Service",,
"24-04-2026 10:43:25","Microsoft-Windows-Winlogon","Information","The winlogon notification subscriber <SessionEnv> was unavailable to handle a critical notification event."
"24-04-2026 10:43:25","Microsoft-Windows-Winlogon","Information","User Logon Notification for Customer Experience Improvement Program"
"24-04-2026 10:43:07","Microsoft-Windows-TPM-WMI","Information","The TPM was successfully provisioned and is now ready for use."
"24-04-2026 10:43:06","Microsoft-Windows-TPM-WMI","Information","The TBS device identifier has been generated."
"24-04-2026 10:43:05","TPM","Information","This event triggers the Trusted Platform Module (TPM) provisioning/status check to run."
"24-04-2026 10:43:04","Microsoft-Windows-AppModel-State","Warning","Repair for operation InitializeDataChangedSignaler against package Microsoft.MicrosoftPCManager_8wekyb3d8bbwe with error -2147024894 returned Error Code: -2147024891"
"24-04-2026 10:43:04","Microsoft-Windows-AppModel-State","Warning","Triggered repair because operation InitializeDataChangedSignaler against package Microsoft.MicrosoftPCManager_8wekyb3d8bbwe hit error -2147024894."
"24-04-2026 10:43:04","Microsoft-Windows-AppModel-State","Warning","Repair of state locations for operation InitializeDataChangedSignaler against package Microsoft.MicrosoftPCManager_8wekyb3d8bbwe with error -2147024894 returned Error Code: -2147023584"
"24-04-2026 10:43:04","Microsoft-Windows-AppModel-State","Warning","Triggered repair of state locations because operation InitializeDataChangedSignaler against package Microsoft.MicrosoftPCManager_8wekyb3d8bbwe hit error -2147024894."
"24-04-2026 10:43:04","Service Control Manager","Information","The following boot-start or system-start driver(s) did not load: 
aehd"
"24-04-2026 10:43:04","Microsoft-Windows-WMI","Warning","A provider, IntelMEProv, has been registered in the Windows Management Instrumentation namespace root\Intel_ME to use the LocalSystem account. This account is privileged and the provider may cause a security violation if it does not correctly impersonate user requests."
"24-04-2026 10:43:04","Microsoft-Windows-WMI","Warning","A provider, IntelMEProv, has been registered in the Windows Management Instrumentation namespace root\Intel_ME to use the LocalSystem account. This account is privileged and the provider may cause a security violation if it does not correctly impersonate user requests."
"24-04-2026 10:43:04","Microsoft-Windows-WMI","Warning","A provider, IntelMEProv, has been registered in the Windows Management Instrumentation namespace root\Intel_ME to use the LocalSystem account. This account is privileged and the provider may cause a security violation if it does not correctly impersonate user requests."
"24-04-2026 10:43:04","Microsoft PC Manager Service","Information","Service started successfully."
"24-04-2026 10:43:04","WMIRegistrationService","Information","Intel(R) WMI Registration Service has successfully finished WMI Registration."
"24-04-2026 10:43:03","Microsoft-Windows-Kernel-General","Information","The access history in hive \??\C:\WINDOWS\AppCompat\Programs\Amcache.hve.tmp was cleared updating 3396 keys and creating 1235 modified pages."
"24-04-2026 10:43:03","Microsoft-Windows-WLAN-AutoConfig","Information","WLAN Extensibility Module has successfully started.

Module Path: C:\WINDOWS\system32\mtkihvx.dll
"
"24-04-2026 10:43:03","Microsoft-Windows-WLAN-AutoConfig","Information","WLAN AutoConfig service has successfully started.
"
"24-04-2026 10:43:03","XTUService","Information","Service started successfully."
"24-04-2026 10:43:02","Microsoft-Windows-Security-SPP","Information","The Software Protection service has started.
10.0.26100.8246"
"24-04-2026 10:43:02","Microsoft-Windows-Security-SPP","Information","The Software Protection service has completed licensing status check.
Application Id=55c92734-d682-4d71-983e-d6ec3f16059f
Licensing Status=
1: 0567073a-7d74-403b-b2d5-6b35da372d8d, 1, 0 [(0 [0xC004F014, 0, 0], [(?)(?)(?)(?)(?)(?)(?)(?)])(1 )(2 )(3 )]
2: 1b750385-9fe2-49a8-ab55-149d0546395b, 1, 0 [(0 [0xC004F014, 0, 0], [(?)(?)(?)(?)(?)(?)(?)(?)])(1 )(2 )(3 )]
3: 1d873132-f09f-4eb2-bf5a-2e4fb48935e8, 1, 0 [(0 [0xC004F014, 0, 0], [(?)(?)(?)(?)(?)(?)(?)(?)])(1 )(2 )(3 )]
4: 2b1f36bb-c1cd-4306-bf5c-a0367c2d97d8, 1, 0 [(0 [0xC004F014, 0, 0], [(?)(?)(?)(?)(?)(?)(?)(?)])(1 )(2 )(3 )]
5: 30d469c6-a78f-4476-b5c8-af78d5b6a5fb, 1, 0 [(0 [0xC004F014, 0, 0], [(?)(?)(?)(?)(?)(?)(?)(?)])(1 )(2 )(3 )]
6: 3ae2cc14-ab2d-41f4-972f-5e20142771dc, 1, 0 [(0 [0xC004F014, 0, 0], [(?)(?)(?)(?)(?)(?)(?)(?)])(1 )(2 )(3 )]
7: 4002e33a-524c-4100-8108-131a0d42c0ea, 1, 0 [(0 [0xC004F014, 0, 0], [(?)(?)(?)(?)(?)(?)(?)(?)])(1 )(2 )(3 )]
8: 411b3d4f-be6d-4a06-baaa-9cabfc256cae, 1, 0 [(0 [0xC004F014, 0, 0], [(?)(?)(?)(?)(?)(?)(?)(?)])(1 )(2 )(3 )]
9: 58e97c99-f377-4ef1-81d5-4ad5522b5fd8, 1, 0 [(0 [0xC004F014, 0, 0], [(?)(?)(?)(?)(?)(?)(?)(?)])(1 )(2 )(3 )]
10: 653098ee-780d-4863-8cf2-d18399ce413b, 1, 0 [(0 [0xC004F014, 0, 0], [(?)(?)(?)(?)(?)(?)(?)(?)])(1 )(2 )(3 )]
11: 74436dbb-cc17-46de-867f-14906ba4a938, 1, 0 [(0 [0xC004F014, 0, 0], [(?)(?)(?)(?)(?)(?)(?)(?)])(1 )(2 )(3 )]
12: 8a292df8-d653-4057-8133-a0701792f912, 1, 1 [(0 )(1 )(2 [0x00000000, 1, 0], [(?)( 1 0x00000000)(?)(?)(?)(?)( 10 0x00000000 msft:rm/algorithm/flags/1.0)(?)])(3 )]
13: 8db63db6-4f8f-46d6-a448-66444faaaa72, 1, 0 [(0 [0xC004F014, 0, 0], [(?)(?)(?)(?)(?)(?)(?)(?)])(1 )(2 )(3 )]
14: cd918a57-a41b-4c82-8dce-1a538e221a83, 1, 0 [(0 [0xC004F014, 0, 0], [(?)(?)(?)(?)(?)(?)(?)(?)])(1 )(2 )(3 )]
15: da9621af-f086-4244-b563-18611e51aa1a, 1, 0 [(0 [0xC004F014, 0, 0], [(?)(?)(?)(?)(?)(?)(?)(?)])(1 )(2 )(3 )]
16: e371d89a-73e8-4b24-a7ff-23a3641dd18e, 1, 0 [(0 [0xC004F014, 0, 0], [(?)(?)(?)(?)(?)(?)(?)(?)])(1 )(2 )(3 )]
17: ed799377-74b8-4989-a244-14d082e65972, 1, 0 [(0 [0xC004F014, 0, 0], [(?)(?)(?)(?)(?)(?)(?)(?)])(1 )(2 )(3 )]

"
"24-04-2026 10:43:02","Microsoft-Windows-Security-SPP","Information","Initialization status for service objects.
C:\WINDOWS\system32\sppwinob.dll, msft:spp/windowsfunctionality/agent/7.0, 0x00000000, 0x00000000
C:\WINDOWS\system32\sppobjs.dll, msft:rm/algorithm/inherited/1.0, 0x00000000, 0x00000000
C:\WINDOWS\system32\sppobjs.dll, msft:rm/algorithm/phone/1.0, 0x00000000, 0x00000000
C:\WINDOWS\system32\sppobjs.dll, msft:rm/algorithm/pkey/detect, 0x00000000, 0x00000000
C:\WINDOWS\system32\sppobjs.dll, msft:spp/ActionScheduler/1.0, 0x00000000, 0x00000000
C:\WINDOWS\system32\sppobjs.dll, msft:spp/TaskScheduler/1.0, 0x00000000, 0x00000000
C:\WINDOWS\system32\sppobjs.dll, msft:spp/statecollector/pkey, 0x00000000, 0x00000000
C:\WINDOWS\system32\sppobjs.dll, msft:spp/volume/services/kms/1.0, 0x00000000, 0x00000000
C:\WINDOWS\system32\sppobjs.dll, msft:spp/volume/services/kms/activationinfo/1.0, 0x00000000, 0x00000000
"
"24-04-2026 10:43:02","Microsoft-Windows-Security-SPP","Information","Offline downlevel migration succeeded."
"24-04-2026 10:43:02","Microsoft-Windows-Security-SPP","Information","The Software Protection service is starting.
Parameters:TriggerStarted:6"
"24-04-2026 10:43:01","Microsoft-Windows-TPM-WMI","Information","Pre-attestation health checks confirm that the device is expected to pass attestation.
 Please see C:\WINDOWS\Logs\MeasuredBoot\0000000316-0000000000.json for detailed information on what checks were made."
"24-04-2026 10:43:01","Microsoft-Windows-TPM-WMI","Information","Pre-attestation health check detailed information: {""Version"":1,""HealthStatus"":""Attestable"",""Required"":[{""Field"":""TpmPresent"",""Value"":true,""DesiredValue"":true},{""Field"":""TpmMeetsMinimumVersion"",""Value"":true,""DesiredValue"":true},{""Field"":""TpmIsResponsive"",""Value"":true,""DesiredValue"":true},{""Field"":""EkCertIsAvailable"",""Value"":true,""DesiredValue"":true},{""Field"":""TcgLogFound"",""Value"":true,""DesiredValue"":true}],""Expected"":[{""Field"":""PcrsMatchTcgLog"",""Value"":true,""DesiredValue"":true}],""Informational"":[{""Field"":""SecureBootEnabled"",""ValueFromComputer"":true,""ValueFromTcgLog"":true,""DesiredValue"":true,""TcgValueIsVerifiable"":true},{""Field"":""VirtualSecureMemory"",""ValueFromComputer"":false,""ValueFromTcgLog"":false,""DesiredValue"":true,""TcgValueIsVerifiable"":true},{""Field"":""SecureCorePCCompliant"",""ValueFromComputer"":false,""ValueFromTcgLog"":false,""DesiredValue"":true,""TcgValueIsVerifiable"":true}{""Field"":""BootTcgLogFoundInFileSystem"",""Value"":true,""DesiredValue"":true},{""Field"":""CurrentTcgLogFoundInFileSystem"",""Value"":true,""DesiredValue"":true}]}"
"24-04-2026 10:43:01","ELAN/Service",,
"24-04-2026 10:43:00","Microsoft-Windows-WMI","Information","Windows Management Instrumentation Service subsystems initialized successfully"
"24-04-2026 10:43:00","igccservice","Information","Service started successfully."
"24-04-2026 10:43:00","ELAN/Service",,
"24-04-2026 10:43:00","ELAN/Service",,
"24-04-2026 10:43:00","ELAN/Service",,
"24-04-2026 10:43:00","ELAN/Service",,
"24-04-2026 10:43:00","ELAN/Service",,
"24-04-2026 10:43:00","ELAN/Service",,
"24-04-2026 10:43:00","ELAN/Service",,
"24-04-2026 10:43:00","Microsoft-Windows-UserModePowerService","Information","Process C:\Windows\System32\DriverStore\FileRepository\ipf_cpu.inf_amd64_cf5beef3831571d4\ipf_uf.exe (process ID:5824) reset policy scheme from {8c5e7fda-e8bf-4a96-9a85-a6e23a8c635c} to {8c5e7fda-e8bf-4a96-9a85-a6e23a8c635c}"
"24-04-2026 10:42:59","Microsoft-Windows-UserModePowerService","Information","Process C:\Windows\System32\DriverStore\FileRepository\ipf_cpu.inf_amd64_cf5beef3831571d4\ipf_uf.exe (process ID:5824) reset policy scheme from {8c5e7fda-e8bf-4a96-9a85-a6e23a8c635c} to {8c5e7fda-e8bf-4a96-9a85-a6e23a8c635c}"
"24-04-2026 10:42:59","Microsoft-Windows-WMI","Information","Windows Management Instrumentation Service started sucessfully"
"24-04-2026 10:42:59","jenkins","Information","Service started successfully."
"24-04-2026 10:42:59","WMIRegistrationService","Information","Intel(R) WMI Registration Service started."
"24-04-2026 10:42:59","jenkins","Information","Starting C:\Program Files\Java\jdk-25.0.2\\bin\java.exe -Xrs -Xmx256m -Dhudson.lifecycle=hudson.lifecycle.WindowsServiceLifecycle -jar ""C:\Program Files\Jenkins\jenkins.war"" --httpPort=8080 --webroot=""C:\ProgramData\Jenkins\war"""
"24-04-2026 10:42:59","RtkAudioUniversalService",,
"24-04-2026 10:42:59","HP Comm Recovery","Information","Service started successfully."
"24-04-2026 10:42:59","ELAN/Service",,
"24-04-2026 10:42:59","ELAN/Service",,
"24-04-2026 10:42:59","ELAN/Service",,
"24-04-2026 10:42:59","ELAN/Service",,
"24-04-2026 10:42:59","ELAN/Service",,
"24-04-2026 10:42:59","ELAN/Service",,
"24-04-2026 10:42:59","ELAN/Service",,
"24-04-2026 10:42:59","ELAN/Service",,
"24-04-2026 10:42:59","ELAN/Service",,
"24-04-2026 10:42:59","ELAN/Service",,
"24-04-2026 10:42:59","ELAN/Service",,
"24-04-2026 10:42:59","ELAN/Service",,
"24-04-2026 10:42:59","ELAN/Service",,
"24-04-2026 10:42:59","ELAN/Service",,
"24-04-2026 10:42:59","ELAN/Service",,
"24-04-2026 10:42:59","IntelDalJhi","Information","Intel(R) Dynamic Application Loader Host Interface Service started."
"24-04-2026 10:42:59","ELAN/Service",,
"24-04-2026 10:42:59","ELAN/Service",,
"24-04-2026 10:42:59","ELAN/Service",,
"24-04-2026 10:42:59","ELAN/Service",,
"24-04-2026 10:42:59","ELAN/Service",,
"24-04-2026 10:42:59","ELAN/Service",,
"24-04-2026 10:42:59","ELAN/Service",,
"24-04-2026 10:42:59","Microsoft-Windows-IsolatedUserMode","Information","Secure Trustlet \??\C:\WINDOWS\System32\NgcIso.exe Id 6 and Pid 4956 started with status STATUS_SUCCESS."
"24-04-2026 10:42:59","Microsoft-Windows-IsolatedUserMode","Information","Secure Trustlet NULL Id 0 and Pid 0 started with status STATUS_SUCCESS."
"24-04-2026 10:42:59","Microsoft-Windows-HttpService","Information","Attempted to reserve URL http://+:10247/apps/. Status 0x0. Process Id 0x4 Executable path , User S-1-5-18"
"24-04-2026 10:42:59","Microsoft-Windows-HttpService","Information","Attempted to reserve URL http://+:10246/MDEServer/. Status 0x0. Process Id 0x4 Executable path , User S-1-5-18"
"24-04-2026 10:42:59","Microsoft-Windows-HttpService","Information","Attempted to reserve URL https://+:443/sra_{BA195980-CD49-458b-9E23-C84EE0ADCD75}/. Status 0x0. Process Id 0x4 Executable path , User S-1-5-18"
"24-04-2026 10:42:59","Microsoft-Windows-HttpService","Information","Attempted to reserve URL https://+:3392/rdp/. Status 0x0. Process Id 0x4 Executable path , User S-1-5-18"
"24-04-2026 10:42:59","Microsoft-Windows-HttpService","Information","Attempted to reserve URL http://+:10243/WMPNSSv4/. Status 0x0. Process Id 0x4 Executable path , User S-1-5-18"
"24-04-2026 10:42:59","Microsoft-Windows-HttpService","Information","Attempted to reserve URL https://+:10245/WMPNSSv4/. Status 0x0. Process Id 0x4 Executable path , User S-1-5-18"
"24-04-2026 10:42:59","Microsoft-Windows-HttpService","Information","Attempted to reserve URL http://+:5985/wsman/. Status 0x0. Process Id 0x4 Executable path , User S-1-5-18"
"24-04-2026 10:42:59","Microsoft-Windows-HttpService","Information","Attempted to reserve URL http://+:47001/wsman/. Status 0x0. Process Id 0x4 Executable path , User S-1-5-18"
